"File: DC_Motor_with_Sensor_v2.c  Assembler  Version HGASM0202      Page 1


   1  0000              ; Generated by holtek-gcc v3.19, Tue Jul 26 12:31:40 2022
   2  0000              ; 
   3  0000              ; Configuration:
   4  0000              ;       with long instruction
   5  0000              ;       Multi-ROM, Multi-RAM
   6  0000              ;       bits_per_rom_unit:16
   7  0000              ;       with mp1
   8  0000              ;       with tbhp, address(0x9)
   9  0000              ;          Use tabrd-const
  10  0000              ;       
  11  0000              ; SFR address of long-instruction arch:
  12  0000              ;    mp0 = -1,1,0
  13  0000              ;    mp1 = 4,3,2
  14  0000              ;    mp2 = 14,13,12
  15  0000              ;    tbp = 9,7,8
  16  0000              ;    acc = 5
  17  0000              ;    pcl = 6
  18  0000              ;    status = 10
  19  0000              ;    bp = 11
  20  0000              ;    intc = 16
  21  0000              ;       
  22  0000              ;       
  23  0000              ; use 'tabrdc' instead of 'tabrd'
  24  0000              ;       
  25  0000              
  26  0000              #pragma translator "holtek-gcc 4.6.4" "3.19" "build 20130711"
  27  0000              ; Rebuild 718
  28  0000              
  29  0000              ir equ [2]
  30  0000              mp equ [3]
  31  0000              sbp equ [4]
  32  0000              acc equ [5]
  33  0000              bp equ [11]
  34  0000              tblp equ [7]
  35  0000              tbhp equ [9]
  36  0000              status equ [10]
  37  0000              c equ [10].0
  38  0000              ac equ [10].1
  39  0000              z equ [10].2
  40  0000              ov equ [10].3
  41  0000              cz equ [10].6
  42  0000              sc equ [10].7
  43  0000              intc equ [16]
  44  0000              mduwr0 equ [59h]
  45  0000              mduwr1 equ [5ah]
  46  0000              mduwr2 equ [5bh]
  47  0000              mduwr3 equ [5ch]
  48  0000              mduwr4 equ [5dh]
  49  0000              mduwr5 equ [5eh]
  50  0000              mduwrctrl equ [5fh]
  51  0000              
  52  0000              extern ra:byte
  53  0000              extern rb:byte
  54  0000              extern rc:byte
  55  0000              extern rd:byte
  56  0000              extern re:byte
  57  0000              extern rf:byte
  58  0000              extern rg:byte
  59  0000              extern rh:byte
"File: DC_Motor_with_Sensor_v2.ASM  Assembler  Version HGASM0202      Page 2

  60  0000              extern _Crom2Prom:near
  61  0000              extern _Crom2PromNext:near
  62  0000              
  63  0000              RAMBANK 0 @BITDATASEC, @BITDATASEC1
  64  0000              @HCCINIT	.section 'data'
  65  0000              @HCCINIT0	.section 'data'
  66  0000              @BITDATASEC	 .section 'data'
  67  0000              @BITDATASEC1	 .section 'data'
  68  0000              
  69  0000              #pragma debug scope 1 1
  70  0000              	extern __DELAY3:near
  71  0000              	extern __DELAYX3:near
  72  0000              	extern __DELAYX6:near
  73  0000              	extern __DELAYY5:near
  74  0000              	extern __DELAYY3:near
  75  0000              	extern _builtin_holtek_delay_2:byte
  76  0000              ___stm0c0 equ [78]
  77  0000              ___stm0c1 equ [79]
  78  0000              ___stm0rp equ [84]
  79  0000              ___stm0al equ [82]
  80  0000              ___stm0ah equ [83]
  81  0000              ___pcs1 equ [338]
  82  0000              ___stm2c0 equ [313]
  83  0000              ___stm2c1 equ [314]
  84  0000              ___stm2rp equ [319]
  85  0000              ___stm2al equ [317]
  86  0000              ___stm2ah equ [318]
  87  0000              ___pfs1 equ [344]
  88  0000              public _stm_setup
  89  0000              #pragma debug scope 2 1

  75  0000              #line 75 "D:\Wade\Project\Tennis_Ball_Machine\Firmware\DC_Motor_with_Sensor_v2\DC_Motor_with_Sensor_v2.c"
  75  0000              _stm_setup .section 'code'
  75  0000              _stm_setup proc
  77  0000              #line 77 "D:\Wade\Project\Tennis_Ball_Machine\Firmware\DC_Motor_with_Sensor_v2\DC_Motor_with_Sensor_v2.c"
  77  0000  0F20        	mov a,32
  77  0001  00CE        	mov [78],a
  78  0002              #line 78 "D:\Wade\Project\Tennis_Ball_Machine\Firmware\DC_Motor_with_Sensor_v2\DC_Motor_with_Sensor_v2.c"
  78  0002  0FA8        	mov a,168
  78  0003  00CF        	mov [79],a
  79  0004              #line 79 "D:\Wade\Project\Tennis_Ball_Machine\Firmware\DC_Motor_with_Sensor_v2\DC_Motor_with_Sensor_v2.c"
  79  0004  0F02        	mov a,2
  79  0005  00D4        	mov [84],a
  80  0006              #line 80 "D:\Wade\Project\Tennis_Ball_Machine\Firmware\DC_Motor_with_Sensor_v2\DC_Motor_with_Sensor_v2.c"
  80  0006  1F52        	clr [82]
  80  0007  1F53        	clr [83]
  82  0008              #line 82 "D:\Wade\Project\Tennis_Ball_Machine\Firmware\DC_Motor_with_Sensor_v2\DC_Motor_with_Sensor_v2.c"
  82  0008  0F20        	mov a,32
  82  0009  80D2 0001   	lmov [338],a
  85  000B              #line 85 "D:\Wade\Project\Tennis_Ball_Machine\Firmware\DC_Motor_with_Sensor_v2\DC_Motor_with_Sensor_v2.c"
  85  000B  0F20        	mov a,32
  85  000C  80B9 0001   	lmov [313],a
  86  000E              #line 86 "D:\Wade\Project\Tennis_Ball_Machine\Firmware\DC_Motor_with_Sensor_v2\DC_Motor_with_Sensor_v2.c"
  86  000E  0FA8        	mov a,168
  86  000F  80BA 0001   	lmov [314],a
  87  0011              #line 87 "D:\Wade\Project\Tennis_Ball_Machine\Firmware\DC_Motor_with_Sensor_v2\DC_Motor_with_Sensor_v2.c"
  87  0011  0F02        	mov a,2
  87  0012  80BF 0001   	lmov [319],a
  88  0014              #line 88 "D:\Wade\Project\Tennis_Ball_Machine\Firmware\DC_Motor_with_Sensor_v2\DC_Motor_with_Sensor_v2.c"
  88  0014  9F3D 0001   	lclr [317]
"File: DC_Motor_with_Sensor_v2.c  Assembler  Version HGASM0202      Page 3

  88  0016  9F3E 0001   	lclr [318]
  90  0018              #line 90 "D:\Wade\Project\Tennis_Ball_Machine\Firmware\DC_Motor_with_Sensor_v2\DC_Motor_with_Sensor_v2.c"
  90  0018  0F80        	mov a,128
  90  0019  80D8 0001   	lmov [344],a
  90  001B  0003        	ret
  90  001C              _stm_setup endp
  90  001C              #line 90 "D:\Wade\Project\Tennis_Ball_Machine\Firmware\DC_Motor_with_Sensor_v2\DC_Motor_with_Sensor_v2.c"
  90  001C              #pragma debug scope 1 1
  90  001C              ___pas1 equ [334]
  90  001C              ___u0cr1 equ [273]
  90  001C              ___u0cr2 equ [274]
  90  001C              ___brg0 equ [276]
  90  001C              ___mfi5 equ [56]
  90  001C              ___intc3 equ [19]
  90  001C              ___intc0 equ [16]
  90  001C              public _UART_Setup
  90  001C              #pragma debug scope 3 1
 100  001C              #line 100 "D:\Wade\Project\Tennis_Ball_Machine\Firmware\DC_Motor_with_Sensor_v2\DC_Motor_with_Sensor_v2.c"
 100  0000              _UART_Setup .section 'code'
 100  0000              _UART_Setup proc
 101  0000              #line 101 "D:\Wade\Project\Tennis_Ball_Machine\Firmware\DC_Motor_with_Sensor_v2\DC_Motor_with_Sensor_v2.c"
 101  0000  0FF0        	mov a,240
 101  0001  80CE 0001   	lmov [334],a
 102  0003              #line 102 "D:\Wade\Project\Tennis_Ball_Machine\Firmware\DC_Motor_with_Sensor_v2\DC_Motor_with_Sensor_v2.c"
 102  0003  0F80        	mov a,128
 102  0004  8091 0001   	lmov [273],a
 103  0006              #line 103 "D:\Wade\Project\Tennis_Ball_Machine\Firmware\DC_Motor_with_Sensor_v2\DC_Motor_with_Sensor_v2.c"
 103  0006  0FC4        	mov a,196
 103  0007  8092 0001   	lmov [274],a
 104  0009              #line 104 "D:\Wade\Project\Tennis_Ball_Machine\Firmware\DC_Motor_with_Sensor_v2\DC_Motor_with_Sensor_v2.c"
 104  0009  0F0C        	mov a,12
 104  000A  8094 0001   	lmov [276],a
 105  000C              #line 105 "D:\Wade\Project\Tennis_Ball_Machine\Firmware\DC_Motor_with_Sensor_v2\DC_Motor_with_Sensor_v2.c"
 105  000C  3038        	set [56].0
 106  000D              #line 106 "D:\Wade\Project\Tennis_Ball_Machine\Firmware\DC_Motor_with_Sensor_v2\DC_Motor_with_Sensor_v2.c"
 106  000D  3638        	clr [56].4
 107  000E              #line 107 "D:\Wade\Project\Tennis_Ball_Machine\Firmware\DC_Motor_with_Sensor_v2\DC_Motor_with_Sensor_v2.c"
 107  000E  3193        	set [19].3
 108  000F              #line 108 "D:\Wade\Project\Tennis_Ball_Machine\Firmware\DC_Motor_with_Sensor_v2\DC_Motor_with_Sensor_v2.c"
 108  000F  3010        	set [16].0
 108  0010  0003        	ret
 108  0011              _UART_Setup endp
 108  0011              #line 108 "D:\Wade\Project\Tennis_Ball_Machine\Firmware\DC_Motor_with_Sensor_v2\DC_Motor_with_Sensor_v2.c"
 108  0011              #pragma debug scope 1 1
 108  0011              ___u0sr equ [272]
 108  0011              ___txr_rxr0 equ [275]
 108  0011              public _Read_Data
 108  0011              #pragma debug scope 4 1
 112  0011              #line 112 "D:\Wade\Project\Tennis_Ball_Machine\Firmware\DC_Motor_with_Sensor_v2\DC_Motor_with_Sensor_v2.c"
 112  0000              _Read_Data .section 'code'
 112  0000              _Read_Data proc
 112  0000              _L5:
 113  0000              #line 113 "D:\Wade\Project\Tennis_Ball_Machine\Firmware\DC_Motor_with_Sensor_v2\DC_Motor_with_Sensor_v2.c"
 113  0000  B990 0001   	lsnz [272].3
 113  0002  2800     R  	jmp _L5
 114  0003              #line 114 "D:\Wade\Project\Tennis_Ball_Machine\Firmware\DC_Motor_with_Sensor_v2\DC_Motor_with_Sensor_v2.c"
 114  0003  0700     R  	mov a,_kn[0]
 114  0004  0080     E  	mov rb,a
 114  0005  0700     R  	mov a,_kn[1]
 114  0006  0080     E  	mov rc,a
"File: DC_Motor_with_Sensor_v2.c  Assembler  Version HGASM0202      Page 4

 114  0007  8713 0001   	lmov a,[275]
 114  0009  0080     E  	mov ra,a
 114  000A  0F00     R  	mov a,low offset _R_Data
 114  000B  0300     E  	add a,rb
 114  000C  0083        	mov mp,a
 114  000D  0F00     R  	mov a,high offset _R_Data
 114  000E  1300     E  	adc a,rc
 114  000F  0084        	mov sbp,a
 114  0010  0700     E  	mov a,ra
 114  0011  0082        	mov ir,a
 115  0012              #line 115 "D:\Wade\Project\Tennis_Ball_Machine\Firmware\DC_Motor_with_Sensor_v2\DC_Motor_with_Sensor_v2.c"
 115  0012  0700     E  	mov a,ra
 115  0013  0A2F        	sub a,47
 115  0014  3D0A        	sz z
 115  0015  2800     R  	jmp _L6
 115  0016  0F09        	mov a,9
 115  0017  0200     E  	sub a,rb
 115  0018  0F00        	mov a,0
 115  0019  1200     E  	sbc a,rc
 115  001A  3C0A        	sz c
 115  001B  2800     R  	jmp _L7
 115  001C              _L6:
 115  001C  1F00     R  	clr _kn[0]
 115  001D  1F00     R  	clr _kn[1]
 115  001E  2800     R  	jmp _L3
 115  001F              _L7:
 116  001F              #line 116 "D:\Wade\Project\Tennis_Ball_Machine\Firmware\DC_Motor_with_Sensor_v2\DC_Motor_with_Sensor_v2.c"
 116  001F  0F01        	mov a,1
 116  0020  0300     E  	add a,rb
 116  0021  0080     R  	mov _kn[0],a
 116  0022  0F00        	mov a,0
 116  0023  1300     E  	adc a,rc
 116  0024  0080     R  	mov _kn[1],a
 116  0025              _L3:
 116  0025  0003        	ret
 116  0026              _Read_Data endp
 116  0026              #line 116 "D:\Wade\Project\Tennis_Ball_Machine\Firmware\DC_Motor_with_Sensor_v2\DC_Motor_with_Sensor_v2.c"
 116  0026              #pragma debug scope 1 1
 116  0026              public _delay
 116  0026              #pragma debug scope 5 1
 120  0026              #line 120 "D:\Wade\Project\Tennis_Ball_Machine\Firmware\DC_Motor_with_Sensor_v2\DC_Motor_with_Sensor_v2.c"
 120  0000              _delay .section 'code'
 120  0000              _delay proc
 120  0000              public _delay_2
 120  0000  0002[           local _delay_2 db 2 dup(?)	; 2,0
            00
            ]
 120  0002              #pragma debug variable 10 5 _delay_2+0 "dev"
 122  0002              #line 122 "D:\Wade\Project\Tennis_Ball_Machine\Firmware\DC_Motor_with_Sensor_v2\DC_Motor_with_Sensor_v2.c"
 122  0000  1F00     E  	clr rb
 122  0001  1F00     E  	clr rc
 122  0002              _L14:
 122  0002              #line 122 "D:\Wade\Project\Tennis_Ball_Machine\Firmware\DC_Motor_with_Sensor_v2\DC_Motor_with_Sensor_v2.c"
 122  0002  0700     E  	mov a,rb
 122  0003  0200     R  	sub a,_delay_2[0]
 122  0004  0700     E  	mov a,rc
 122  0005  1200     R  	sbc a,_delay_2[1]
 122  0006  3F0A        	sz cz
 122  0007  2800     R  	jmp _L13
 122  0008  1F00     E  	clr ra
"File: DC_Motor_with_Sensor_v2.c  Assembler  Version HGASM0202      Page 5

 122  0009              _L17:
 124  0009              #line 124 "D:\Wade\Project\Tennis_Ball_Machine\Firmware\DC_Motor_with_Sensor_v2\DC_Motor_with_Sensor_v2.c"
 124  0009              ;# 124 "D:\Wade\Project\Tennis_Ball_Machine\Firmware\DC_Motor_with_Sensor_v2\DC_Motor_with_Sensor_v2.c" 1
 124  0009  0000        	nop
 124  000A  1480     E  	inc ra
 123  000B              #line 123 "D:\Wade\Project\Tennis_Ball_Machine\Firmware\DC_Motor_with_Sensor_v2\DC_Motor_with_Sensor_v2.c"
 123  000B  0700     E  	mov a,ra
 123  000C  0A19        	sub a,25
 123  000D  390A        	snz z
 123  000E  2800     R  	jmp _L17
 122  000F              #line 122 "D:\Wade\Project\Tennis_Ball_Machine\Firmware\DC_Motor_with_Sensor_v2\DC_Motor_with_Sensor_v2.c"
 122  000F  1480     E  	inc rb
 122  0010  3D0A        	sz z
 122  0011  1480     E  	inc rc
 122  0012  2800     R  	jmp _L14
 122  0013              _L13:
 122  0013  0003        	ret
 122  0014              _delay endp
 122  0014              #line 122 "D:\Wade\Project\Tennis_Ball_Machine\Firmware\DC_Motor_with_Sensor_v2\DC_Motor_with_Sensor_v2.c"
 122  0014              #pragma debug scope 1 1
 122  0014              ___wdtc equ [62]
 122  0014              ___scc equ [58]
 122  0014              ___hircc equ [59]
 122  0014              ___pgc equ [40]
 122  0014              ___pg equ [39]
 122  0014              ___pdc equ [31]
 122  0014              ___pdpu equ [32]
 122  0014              ___pd equ [30]
 122  0014              public _main
 122  0014              #pragma debug scope 6 1
  22  0014              #line 22 "D:\Wade\Project\Tennis_Ball_Machine\Firmware\DC_Motor_with_Sensor_v2\DC_Motor_with_Sensor_v2.c"
  22  0014              IFDEF WITH_DEFAULT_STARTUP
  22  0014              extern _main_initial0:near
  22  0014              extern _main_startup:near
  22  0014              ENDIF
  22  0014              
  22  0014              ROMBANK 0 @start
  22  0000              @start .section com_l 'code'
  22  0000              _main_startup1:
  22  0000              @start .section com_e 'code'
  22  0000  0F00     R  	mov a,bank _main
  22  0001  008B        	mov bp,a
  22  0002  2800     R  	jmp _main
  22  0003              
  22  0000              _main .section 'code'
  22  0000              _main proc
  23  0000              #line 23 "D:\Wade\Project\Tennis_Ball_Machine\Firmware\DC_Motor_with_Sensor_v2\DC_Motor_with_Sensor_v2.c"
  23  0000  0FAB        	mov a,171
  23  0001  00BE        	mov [62],a
  24  0002              #line 24 "D:\Wade\Project\Tennis_Ball_Machine\Firmware\DC_Motor_with_Sensor_v2\DC_Motor_with_Sensor_v2.c"
  24  0002  0F01        	mov a,1
  24  0003  00BA        	mov [58],a
  25  0004              #line 25 "D:\Wade\Project\Tennis_Ball_Machine\Firmware\DC_Motor_with_Sensor_v2\DC_Motor_with_Sensor_v2.c"
  25  0004  0F03        	mov a,3
  25  0005  00BB        	mov [59],a
  27  0006              #line 27 "D:\Wade\Project\Tennis_Ball_Machine\Firmware\DC_Motor_with_Sensor_v2\DC_Motor_with_Sensor_v2.c"
  27  0006              	fcall _UART_Setup
  29  000D              #line 29 "D:\Wade\Project\Tennis_Ball_Machine\Firmware\DC_Motor_with_Sensor_v2\DC_Motor_with_Sensor_v2.c"
  29  000D              	fcall _stm_setup
  30  0014              #line 30 "D:\Wade\Project\Tennis_Ball_Machine\Firmware\DC_Motor_with_Sensor_v2\DC_Motor_with_Sensor_v2.c"
"File: DC_Motor_with_Sensor_v2.c  Assembler  Version HGASM0202      Page 6

  30  0014  B1B9 0001   	lset [313].3
  32  0016              #line 32 "D:\Wade\Project\Tennis_Ball_Machine\Firmware\DC_Motor_with_Sensor_v2\DC_Motor_with_Sensor_v2.c"
  32  0016  1F28        	clr [40]
  33  0017              #line 33 "D:\Wade\Project\Tennis_Ball_Machine\Firmware\DC_Motor_with_Sensor_v2\DC_Motor_with_Sensor_v2.c"
  33  0017  1F27        	clr [39]
  35  0018              #line 35 "D:\Wade\Project\Tennis_Ball_Machine\Firmware\DC_Motor_with_Sensor_v2\DC_Motor_with_Sensor_v2.c"
  35  0018  321F        	set [31].4
  36  0019              #line 36 "D:\Wade\Project\Tennis_Ball_Machine\Firmware\DC_Motor_with_Sensor_v2\DC_Motor_with_Sensor_v2.c"
  36  0019  3220        	set [32].4
  40  001A              #line 40 "D:\Wade\Project\Tennis_Ball_Machine\Firmware\DC_Motor_with_Sensor_v2\DC_Motor_with_Sensor_v2.c"
  40  001A  0FE6        	mov a,230
  40  001B  80BD 0001   	lmov [317],a
  40  001D  9F3E 0001   	lclr [318]
  40  001F              _L19:
  44  001F              #line 44 "D:\Wade\Project\Tennis_Ball_Machine\Firmware\DC_Motor_with_Sensor_v2\DC_Motor_with_Sensor_v2.c"
  44  001F  3E1E        	sz [30].4
  44  0020  2800     R  	jmp _L24
  46  0021              #line 46 "D:\Wade\Project\Tennis_Ball_Machine\Firmware\DC_Motor_with_Sensor_v2\DC_Motor_with_Sensor_v2.c"
  46  0021  3327        	set [39].6
  46  0022  2800     R  	jmp _L19
  46  0023              _L24:
  49  0023              #line 49 "D:\Wade\Project\Tennis_Ball_Machine\Firmware\DC_Motor_with_Sensor_v2\DC_Motor_with_Sensor_v2.c"
  49  0023  0F3F        	mov a,63
  49  0024  06A7        	andm a,[39]
  50  0025              #line 50 "D:\Wade\Project\Tennis_Ball_Machine\Firmware\DC_Motor_with_Sensor_v2\DC_Motor_with_Sensor_v2.c"
  50  0025  0F10        	mov a,16
  50  0026  0080     R  	mov _delay_2[0],a
  50  0027  0F27        	mov a,39
  50  0028  0080     R  	mov _delay_2[1],a
  50  0029              	fcall _delay
  52  0030              #line 52 "D:\Wade\Project\Tennis_Ball_Machine\Firmware\DC_Motor_with_Sensor_v2\DC_Motor_with_Sensor_v2.c"
  52  0030  3327        	set [39].6
  53  0031              #line 53 "D:\Wade\Project\Tennis_Ball_Machine\Firmware\DC_Motor_with_Sensor_v2\DC_Motor_with_Sensor_v2.c"
  53  0031  0F88        	mov a,-120
  53  0032  0080     R  	mov _delay_2[0],a
  53  0033  0F13        	mov a,19
  53  0034  0080     R  	mov _delay_2[1],a
  53  0035              	fcall _delay
  55  003C              #line 55 "D:\Wade\Project\Tennis_Ball_Machine\Firmware\DC_Motor_with_Sensor_v2\DC_Motor_with_Sensor_v2.c"
  55  003C  0F3F        	mov a,63
  55  003D  06A7        	andm a,[39]
  56  003E              #line 56 "D:\Wade\Project\Tennis_Ball_Machine\Firmware\DC_Motor_with_Sensor_v2\DC_Motor_with_Sensor_v2.c"
  56  003E  0F88        	mov a,-120
  56  003F  0080     R  	mov _delay_2[0],a
  56  0040  0F13        	mov a,19
  56  0041  0080     R  	mov _delay_2[1],a
  56  0042              	fcall _delay
  56  0049              _L21:
  58  0049              #line 58 "D:\Wade\Project\Tennis_Ball_Machine\Firmware\DC_Motor_with_Sensor_v2\DC_Motor_with_Sensor_v2.c"
  58  0049  3E1E        	sz [30].4
  58  004A  2800     R  	jmp _L25
  60  004B              #line 60 "D:\Wade\Project\Tennis_Ball_Machine\Firmware\DC_Motor_with_Sensor_v2\DC_Motor_with_Sensor_v2.c"
  60  004B  33A7        	set [39].7
  60  004C  2800     R  	jmp _L21
  60  004D              _L25:
  63  004D              #line 63 "D:\Wade\Project\Tennis_Ball_Machine\Firmware\DC_Motor_with_Sensor_v2\DC_Motor_with_Sensor_v2.c"
  63  004D  0F3F        	mov a,63
  63  004E  06A7        	andm a,[39]
  64  004F              #line 64 "D:\Wade\Project\Tennis_Ball_Machine\Firmware\DC_Motor_with_Sensor_v2\DC_Motor_with_Sensor_v2.c"
  64  004F  0F10        	mov a,16
"File: DC_Motor_with_Sensor_v2.c  Assembler  Version HGASM0202      Page 7

  64  0050  0080     R  	mov _delay_2[0],a
  64  0051  0F27        	mov a,39
  64  0052  0080     R  	mov _delay_2[1],a
  64  0053              	fcall _delay
  66  005A              #line 66 "D:\Wade\Project\Tennis_Ball_Machine\Firmware\DC_Motor_with_Sensor_v2\DC_Motor_with_Sensor_v2.c"
  66  005A  33A7        	set [39].7
  67  005B              #line 67 "D:\Wade\Project\Tennis_Ball_Machine\Firmware\DC_Motor_with_Sensor_v2\DC_Motor_with_Sensor_v2.c"
  67  005B  0F88        	mov a,-120
  67  005C  0080     R  	mov _delay_2[0],a
  67  005D  0F13        	mov a,19
  67  005E  0080     R  	mov _delay_2[1],a
  67  005F              	fcall _delay
  69  0066              #line 69 "D:\Wade\Project\Tennis_Ball_Machine\Firmware\DC_Motor_with_Sensor_v2\DC_Motor_with_Sensor_v2.c"
  69  0066  0F3F        	mov a,63
  69  0067  06A7        	andm a,[39]
  70  0068              #line 70 "D:\Wade\Project\Tennis_Ball_Machine\Firmware\DC_Motor_with_Sensor_v2\DC_Motor_with_Sensor_v2.c"
  70  0068  0F88        	mov a,-120
  70  0069  0080     R  	mov _delay_2[0],a
  70  006A  0F13        	mov a,19
  70  006B  0080     R  	mov _delay_2[1],a
  70  006C              	fcall _delay
  71  0073              #line 71 "D:\Wade\Project\Tennis_Ball_Machine\Firmware\DC_Motor_with_Sensor_v2\DC_Motor_with_Sensor_v2.c"
  71  0073  2800     R  	jmp _L19
  71  0074  2800     R  	jmp $
  71  0075              _main endp
  71  0075              
  71  0075              @dummy endp
  71  0075              
  71  0075              #line 71 "D:\Wade\Project\Tennis_Ball_Machine\Firmware\DC_Motor_with_Sensor_v2\DC_Motor_with_Sensor_v2.c"
  71  0075              #pragma debug scope 1 1
  71  0075              public _kn
  71  0000              @HCCINIT	.section 'data'
   7  0000              #line 7 "D:\Wade\Project\Tennis_Ball_Machine\Firmware\DC_Motor_with_Sensor_v2\DC_Motor_with_Sensor_v2.c"
   7  0000              @HCCINIT_kn .section 'data'
   7  0000              _kn label byte
   7  0000              #pragma debug variable 10 1 _kn "kn"
   7  0000              	db 0
   7  0000              @ROMDATA_BASE .section inpage 'code'
   7  0000              	db 0
   7  0001              @HCCINIT_kn .section 'data'
   7  0001              	db 0
   7  0001              @ROMDATA_BASE .section inpage 'code'
   7  0001              	db 0
   7  0002              @HCCINIT_kn .section 'data'
   6  0002              #line 6 "D:\Wade\Project\Tennis_Ball_Machine\Firmware\DC_Motor_with_Sensor_v2\DC_Motor_with_Sensor_v2.c"
   6  0002              public _Data
   6  0000              @HCCINIT0_Data .section 'data'
   6  0000  000A[       _Data	db 10 dup(0)
            00
            ]
   6  000A              #pragma debug array 42 8 10 1
   6  000A              #pragma debug array 42 8 10 1
   6  000A              #pragma debug variable 42 1 _Data "Data"
   6  000A              
   6  0000              @HCCINIT .section 'data'
   5  0000              #line 5 "D:\Wade\Project\Tennis_Ball_Machine\Firmware\DC_Motor_with_Sensor_v2\DC_Motor_with_Sensor_v2.c"
   5  0000              public _R_Data
   5  0000              @HCCINIT0_R_Data .section 'data'
   5  0000  000A[       _R_Data	db 10 dup(0)
            00
"File: DC_Motor_with_Sensor_v2.c  Assembler  Version HGASM0202      Page 8

            ]
   5  000A              #pragma debug variable 42 1 _R_Data "R_Data"
   5  000A              
   5  0000              @HCCINIT .section 'data'
   5  0000              #pragma debug struct_end
   5  0000              #pragma debug struct_end
   5  0000              #pragma debug union_end
   5  0000              #pragma debug union_end
   5  0000              #pragma debug variable 44 1 ___intc0 "__intc0" 1
   5  0000              #pragma debug struct_end
   5  0000              #pragma debug struct_end
   5  0000              #pragma debug union_end
   5  0000              #pragma debug union_end
   5  0000              #pragma debug variable 46 1 ___intc3 "__intc3" 1
   5  0000              #pragma debug struct_end
   5  0000              #pragma debug struct_end
   5  0000              #pragma debug union_end
   5  0000              #pragma debug union_end
   5  0000              #pragma debug variable 48 1 ___pd "__pd" 1
   5  0000              #pragma debug struct_end
   5  0000              #pragma debug struct_end
   5  0000              #pragma debug union_end
   5  0000              #pragma debug union_end
   5  0000              #pragma debug variable 50 1 ___pdc "__pdc" 1
   5  0000              #pragma debug struct_end
   5  0000              #pragma debug struct_end
   5  0000              #pragma debug union_end
   5  0000              #pragma debug union_end
   5  0000              #pragma debug variable 52 1 ___pdpu "__pdpu" 1
   5  0000              #pragma debug struct_end
   5  0000              #pragma debug struct_end
   5  0000              #pragma debug union_end
   5  0000              #pragma debug union_end
   5  0000              #pragma debug variable 54 1 ___pg "__pg" 1
   5  0000              #pragma debug struct_end
   5  0000              #pragma debug struct_end
   5  0000              #pragma debug union_end
   5  0000              #pragma debug union_end
   5  0000              #pragma debug variable 56 1 ___pgc "__pgc" 1
   5  0000              #pragma debug struct_end
   5  0000              #pragma debug struct_end
   5  0000              #pragma debug union_end
   5  0000              #pragma debug union_end
   5  0000              #pragma debug variable 58 1 ___mfi5 "__mfi5" 1
   5  0000              #pragma debug struct_end
   5  0000              #pragma debug struct_end
   5  0000              #pragma debug union_end
   5  0000              #pragma debug union_end
   5  0000              #pragma debug variable 60 1 ___scc "__scc" 1
   5  0000              #pragma debug struct_end
   5  0000              #pragma debug struct_end
   5  0000              #pragma debug union_end
   5  0000              #pragma debug union_end
   5  0000              #pragma debug variable 62 1 ___hircc "__hircc" 1
   5  0000              #pragma debug struct_end
   5  0000              #pragma debug struct_end
   5  0000              #pragma debug union_end
   5  0000              #pragma debug union_end
   5  0000              #pragma debug variable 64 1 ___wdtc "__wdtc" 1
   5  0000              #pragma debug struct_end
"File: DC_Motor_with_Sensor_v2.c  Assembler  Version HGASM0202      Page 9

   5  0000              #pragma debug struct_end
   5  0000              #pragma debug union_end
   5  0000              #pragma debug union_end
   5  0000              #pragma debug variable 66 1 ___stm0c0 "__stm0c0" 1
   5  0000              #pragma debug struct_end
   5  0000              #pragma debug struct_end
   5  0000              #pragma debug union_end
   5  0000              #pragma debug union_end
   5  0000              #pragma debug variable 68 1 ___stm0c1 "__stm0c1" 1
   5  0000              #pragma debug variable 8 1 ___stm0al "__stm0al" 1
   5  0000              #pragma debug variable 8 1 ___stm0ah "__stm0ah" 1
   5  0000              #pragma debug struct_end
   5  0000              #pragma debug struct_end
   5  0000              #pragma debug union_end
   5  0000              #pragma debug union_end
   5  0000              #pragma debug variable 70 1 ___stm0rp "__stm0rp" 1
   5  0000              #pragma debug struct_end
   5  0000              #pragma debug struct_end
   5  0000              #pragma debug union_end
   5  0000              #pragma debug union_end
   5  0000              #pragma debug variable 72 1 ___u0sr "__u0sr" 1
   5  0000              #pragma debug struct_end
   5  0000              #pragma debug struct_end
   5  0000              #pragma debug union_end
   5  0000              #pragma debug union_end
   5  0000              #pragma debug variable 74 1 ___u0cr1 "__u0cr1" 1
   5  0000              #pragma debug struct_end
   5  0000              #pragma debug struct_end
   5  0000              #pragma debug union_end
   5  0000              #pragma debug union_end
   5  0000              #pragma debug variable 76 1 ___u0cr2 "__u0cr2" 1
   5  0000              #pragma debug variable 8 1 ___txr_rxr0 "__txr_rxr0" 1
   5  0000              #pragma debug variable 8 1 ___brg0 "__brg0" 1
   5  0000              #pragma debug struct_end
   5  0000              #pragma debug struct_end
   5  0000              #pragma debug union_end
   5  0000              #pragma debug union_end
   5  0000              #pragma debug variable 78 1 ___stm2c0 "__stm2c0" 1
   5  0000              #pragma debug struct_end
   5  0000              #pragma debug struct_end
   5  0000              #pragma debug union_end
   5  0000              #pragma debug union_end
   5  0000              #pragma debug variable 80 1 ___stm2c1 "__stm2c1" 1
   5  0000              #pragma debug variable 8 1 ___stm2al "__stm2al" 1
   5  0000              #pragma debug variable 8 1 ___stm2ah "__stm2ah" 1
   5  0000              #pragma debug struct_end
   5  0000              #pragma debug struct_end
   5  0000              #pragma debug union_end
   5  0000              #pragma debug union_end
   5  0000              #pragma debug variable 82 1 ___stm2rp "__stm2rp" 1
   5  0000              #pragma debug struct_end
   5  0000              #pragma debug struct_end
   5  0000              #pragma debug union_end
   5  0000              #pragma debug union_end
   5  0000              #pragma debug variable 84 1 ___pas1 "__pas1" 1
   5  0000              #pragma debug struct_end
   5  0000              #pragma debug struct_end
   5  0000              #pragma debug union_end
   5  0000              #pragma debug union_end
   5  0000              #pragma debug variable 86 1 ___pcs1 "__pcs1" 1
"File: DC_Motor_with_Sensor_v2.c  Assembler  Version HGASM0202      Page 10

   5  0000              #pragma debug struct_end
   5  0000              #pragma debug struct_end
   5  0000              #pragma debug union_end
   5  0000              #pragma debug union_end
   5  0000              #pragma debug variable 88 1 ___pfs1 "__pfs1" 1
  22  0000              #line 22 "D:\Wade\Project\Tennis_Ball_Machine\Firmware\DC_Motor_with_Sensor_v2\DC_Motor_with_Sensor_v2.c"
  22  0000              @code .section at 0 'code'
  22  0000  1F0B        	clr bp
  22  0001  2800     R  	jmp _main_startup1
  22  0002              
  22  0002              
  22  0002              ; 
  22  0002              ; Generated by holtek-gcc v3.19, Tue Jul 26 12:31:40 2022
  22  0002              ; Rebuild 718
  22  0002              ; end of file


        0 Errors, 0