"File: Ball_Machine_Main_v2.c  Assembler  Version HGASM0202      Page 1


   1  0000              ; Generated by holtek-gcc v3.19, Tue Apr 26 16:46:27 2022
   2  0000              ; 
   3  0000              ; Configuration:
   4  0000              ;       with long instruction
   5  0000              ;       Multi-ROM, Multi-RAM
   6  0000              ;       bits_per_rom_unit:16
   7  0000              ;       with mp1
   8  0000              ;       with tbhp, address(0x9)
   9  0000              ;          Use tabrd-const
  10  0000              ;       
  11  0000              ; SFR address of long-instruction arch:
  12  0000              ;    mp0 = -1,1,0
  13  0000              ;    mp1 = 4,3,2
  14  0000              ;    mp2 = 14,13,12
  15  0000              ;    tbp = 9,7,8
  16  0000              ;    acc = 5
  17  0000              ;    pcl = 6
  18  0000              ;    status = 10
  19  0000              ;    bp = 11
  20  0000              ;    intc = 16
  21  0000              ;       
  22  0000              ;       
  23  0000              ; use 'tabrdc' instead of 'tabrd'
  24  0000              ;       
  25  0000              
  26  0000              #pragma translator "holtek-gcc 4.6.4" "3.19" "build 20130711"
  27  0000              ; Rebuild 718
  28  0000              
  29  0000              ir equ [2]
  30  0000              mp equ [3]
  31  0000              sbp equ [4]
  32  0000              acc equ [5]
  33  0000              bp equ [11]
  34  0000              tblp equ [7]
  35  0000              tbhp equ [9]
  36  0000              status equ [10]
  37  0000              c equ [10].0
  38  0000              ac equ [10].1
  39  0000              z equ [10].2
  40  0000              ov equ [10].3
  41  0000              cz equ [10].6
  42  0000              sc equ [10].7
  43  0000              intc equ [16]
  44  0000              mduwr0 equ [59h]
  45  0000              mduwr1 equ [5ah]
  46  0000              mduwr2 equ [5bh]
  47  0000              mduwr3 equ [5ch]
  48  0000              mduwr4 equ [5dh]
  49  0000              mduwr5 equ [5eh]
  50  0000              mduwrctrl equ [5fh]
  51  0000              
  52  0000              extern ra:byte
  53  0000              extern rb:byte
  54  0000              extern rc:byte
  55  0000              extern rd:byte
  56  0000              extern re:byte
  57  0000              extern rf:byte
  58  0000              extern rg:byte
  59  0000              extern rh:byte
"File: Ball_Machine_Main_v2.ASM  Assembler  Version HGASM0202      Page 2

  60  0000              extern _Crom2Prom:near
  61  0000              extern _Crom2PromNext:near
  62  0000              
  63  0000              RAMBANK 0 @BITDATASEC, @BITDATASEC1
  64  0000              @HCCINIT	.section 'data'
  65  0000              @HCCINIT0	.section 'data'
  66  0000              @BITDATASEC	 .section 'data'
  67  0000              @BITDATASEC1	 .section 'data'
  68  0000              
  69  0000              #pragma debug scope 1 1
  70  0000              	extern __DELAY3:near
  71  0000              	extern __DELAYX3:near
  72  0000              	extern __DELAYX6:near
  73  0000              	extern __DELAYY5:near
  74  0000              	extern __DELAYY3:near
  75  0000              	extern _builtin_holtek_delay_2:byte
  76  0000              ___stm0c0 equ [78]
  77  0000              ___stm0c1 equ [79]
  78  0000              ___stm0rp equ [84]
  79  0000              ___stm0al equ [82]
  80  0000              ___stm0ah equ [83]
  81  0000              ___stm1c0 equ [306]
  82  0000              ___stm1c1 equ [307]
  83  0000              ___stm1rp equ [312]
  84  0000              ___stm1al equ [310]
  85  0000              ___stm1ah equ [311]
  86  0000              ___stm2c0 equ [313]
  87  0000              ___stm2c1 equ [314]
  88  0000              ___stm2rp equ [319]
  89  0000              ___stm2al equ [317]
  90  0000              ___stm2ah equ [318]
  91  0000              ___pcs1 equ [338]
  92  0000              ___pds0 equ [339]
  93  0000              ___pfs1 equ [344]
  94  0000              public _stm_setup
  95  0000              #pragma debug scope 2 1

  94  0000              #line 94 "D:\Wade\Project\Tennis_Ball_Machine\Firmware\Ball_Machine_Main_v2\Ball_Machine_Main_v2.c"
  94  0000              _stm_setup .section 'code'
  94  0000              _stm_setup proc
  96  0000              #line 96 "D:\Wade\Project\Tennis_Ball_Machine\Firmware\Ball_Machine_Main_v2\Ball_Machine_Main_v2.c"
  96  0000  0F20        	mov a,32
  96  0001  00CE        	mov [78],a
  97  0002              #line 97 "D:\Wade\Project\Tennis_Ball_Machine\Firmware\Ball_Machine_Main_v2\Ball_Machine_Main_v2.c"
  97  0002  0FA8        	mov a,168
  97  0003  00CF        	mov [79],a
  98  0004              #line 98 "D:\Wade\Project\Tennis_Ball_Machine\Firmware\Ball_Machine_Main_v2\Ball_Machine_Main_v2.c"
  98  0004  0F02        	mov a,2
  98  0005  00D4        	mov [84],a
  99  0006              #line 99 "D:\Wade\Project\Tennis_Ball_Machine\Firmware\Ball_Machine_Main_v2\Ball_Machine_Main_v2.c"
  99  0006  1F52        	clr [82]
  99  0007  1F53        	clr [83]
 102  0008              #line 102 "D:\Wade\Project\Tennis_Ball_Machine\Firmware\Ball_Machine_Main_v2\Ball_Machine_Main_v2.c"
 102  0008  0F20        	mov a,32
 102  0009  80B2 0001   	lmov [306],a
 103  000B              #line 103 "D:\Wade\Project\Tennis_Ball_Machine\Firmware\Ball_Machine_Main_v2\Ball_Machine_Main_v2.c"
 103  000B  0FA8        	mov a,168
 103  000C  80B3 0001   	lmov [307],a
 104  000E              #line 104 "D:\Wade\Project\Tennis_Ball_Machine\Firmware\Ball_Machine_Main_v2\Ball_Machine_Main_v2.c"
 104  000E  0F02        	mov a,2
"File: Ball_Machine_Main_v2.c  Assembler  Version HGASM0202      Page 3

 104  000F  80B8 0001   	lmov [312],a
 105  0011              #line 105 "D:\Wade\Project\Tennis_Ball_Machine\Firmware\Ball_Machine_Main_v2\Ball_Machine_Main_v2.c"
 105  0011  9F36 0001   	lclr [310]
 105  0013  9F37 0001   	lclr [311]
 108  0015              #line 108 "D:\Wade\Project\Tennis_Ball_Machine\Firmware\Ball_Machine_Main_v2\Ball_Machine_Main_v2.c"
 108  0015  0F20        	mov a,32
 108  0016  80B9 0001   	lmov [313],a
 109  0018              #line 109 "D:\Wade\Project\Tennis_Ball_Machine\Firmware\Ball_Machine_Main_v2\Ball_Machine_Main_v2.c"
 109  0018  0FA8        	mov a,168
 109  0019  80BA 0001   	lmov [314],a
 110  001B              #line 110 "D:\Wade\Project\Tennis_Ball_Machine\Firmware\Ball_Machine_Main_v2\Ball_Machine_Main_v2.c"
 110  001B  0F02        	mov a,2
 110  001C  80BF 0001   	lmov [319],a
 111  001E              #line 111 "D:\Wade\Project\Tennis_Ball_Machine\Firmware\Ball_Machine_Main_v2\Ball_Machine_Main_v2.c"
 111  001E  9F3D 0001   	lclr [317]
 111  0020  9F3E 0001   	lclr [318]
 113  0022              #line 113 "D:\Wade\Project\Tennis_Ball_Machine\Firmware\Ball_Machine_Main_v2\Ball_Machine_Main_v2.c"
 113  0022  0F20        	mov a,32
 113  0023  80D2 0001   	lmov [338],a
 114  0025              #line 114 "D:\Wade\Project\Tennis_Ball_Machine\Firmware\Ball_Machine_Main_v2\Ball_Machine_Main_v2.c"
 114  0025  0F02        	mov a,2
 114  0026  80D3 0001   	lmov [339],a
 115  0028              #line 115 "D:\Wade\Project\Tennis_Ball_Machine\Firmware\Ball_Machine_Main_v2\Ball_Machine_Main_v2.c"
 115  0028  0F80        	mov a,128
 115  0029  80D8 0001   	lmov [344],a
 115  002B  0003        	ret
 115  002C              _stm_setup endp
 115  002C              #line 115 "D:\Wade\Project\Tennis_Ball_Machine\Firmware\Ball_Machine_Main_v2\Ball_Machine_Main_v2.c"
 115  002C              #pragma debug scope 1 1
 115  002C              ___pas1 equ [334]
 115  002C              ___u0cr1 equ [273]
 115  002C              ___u0cr2 equ [274]
 115  002C              ___brg0 equ [276]
 115  002C              ___mfi5 equ [56]
 115  002C              ___intc3 equ [19]
 115  002C              ___intc0 equ [16]
 115  002C              public _UART_Setup
 115  002C              #pragma debug scope 3 1
 125  002C              #line 125 "D:\Wade\Project\Tennis_Ball_Machine\Firmware\Ball_Machine_Main_v2\Ball_Machine_Main_v2.c"
 125  0000              _UART_Setup .section 'code'
 125  0000              _UART_Setup proc
 126  0000              #line 126 "D:\Wade\Project\Tennis_Ball_Machine\Firmware\Ball_Machine_Main_v2\Ball_Machine_Main_v2.c"
 126  0000  0FF0        	mov a,240
 126  0001  80CE 0001   	lmov [334],a
 127  0003              #line 127 "D:\Wade\Project\Tennis_Ball_Machine\Firmware\Ball_Machine_Main_v2\Ball_Machine_Main_v2.c"
 127  0003  0F80        	mov a,128
 127  0004  8091 0001   	lmov [273],a
 128  0006              #line 128 "D:\Wade\Project\Tennis_Ball_Machine\Firmware\Ball_Machine_Main_v2\Ball_Machine_Main_v2.c"
 128  0006  0FC4        	mov a,196
 128  0007  8092 0001   	lmov [274],a
 129  0009              #line 129 "D:\Wade\Project\Tennis_Ball_Machine\Firmware\Ball_Machine_Main_v2\Ball_Machine_Main_v2.c"
 129  0009  0F0C        	mov a,12
 129  000A  8094 0001   	lmov [276],a
 130  000C              #line 130 "D:\Wade\Project\Tennis_Ball_Machine\Firmware\Ball_Machine_Main_v2\Ball_Machine_Main_v2.c"
 130  000C  3038        	set [56].0
 131  000D              #line 131 "D:\Wade\Project\Tennis_Ball_Machine\Firmware\Ball_Machine_Main_v2\Ball_Machine_Main_v2.c"
 131  000D  3638        	clr [56].4
 132  000E              #line 132 "D:\Wade\Project\Tennis_Ball_Machine\Firmware\Ball_Machine_Main_v2\Ball_Machine_Main_v2.c"
 132  000E  3193        	set [19].3
 133  000F              #line 133 "D:\Wade\Project\Tennis_Ball_Machine\Firmware\Ball_Machine_Main_v2\Ball_Machine_Main_v2.c"
"File: Ball_Machine_Main_v2.c  Assembler  Version HGASM0202      Page 4

 133  000F  3010        	set [16].0
 133  0010  0003        	ret
 133  0011              _UART_Setup endp
 133  0011              #line 133 "D:\Wade\Project\Tennis_Ball_Machine\Firmware\Ball_Machine_Main_v2\Ball_Machine_Main_v2.c"
 133  0011              #pragma debug scope 1 1
 133  0011              ___u0sr equ [272]
 133  0011              ___txr_rxr0 equ [275]
 133  0011              public _Read_Data
 133  0011              #pragma debug scope 4 1
 137  0011              #line 137 "D:\Wade\Project\Tennis_Ball_Machine\Firmware\Ball_Machine_Main_v2\Ball_Machine_Main_v2.c"
 137  0000              _Read_Data .section 'code'
 137  0000              _Read_Data proc
 137  0000              _L5:
 138  0000              #line 138 "D:\Wade\Project\Tennis_Ball_Machine\Firmware\Ball_Machine_Main_v2\Ball_Machine_Main_v2.c"
 138  0000  B990 0001   	lsnz [272].3
 138  0002  2800     R  	jmp _L5
 139  0003              #line 139 "D:\Wade\Project\Tennis_Ball_Machine\Firmware\Ball_Machine_Main_v2\Ball_Machine_Main_v2.c"
 139  0003  0700     R  	mov a,_kn[0]
 139  0004  0080     E  	mov rb,a
 139  0005  0700     R  	mov a,_kn[1]
 139  0006  0080     E  	mov rc,a
 139  0007  8713 0001   	lmov a,[275]
 139  0009  0080     E  	mov ra,a
 139  000A  0F00     R  	mov a,low offset _R_Data
 139  000B  0300     E  	add a,rb
 139  000C  0083        	mov mp,a
 139  000D  0F00     R  	mov a,high offset _R_Data
 139  000E  1300     E  	adc a,rc
 139  000F  0084        	mov sbp,a
 139  0010  0700     E  	mov a,ra
 139  0011  0082        	mov ir,a
 140  0012              #line 140 "D:\Wade\Project\Tennis_Ball_Machine\Firmware\Ball_Machine_Main_v2\Ball_Machine_Main_v2.c"
 140  0012  0700     E  	mov a,ra
 140  0013  0A2F        	sub a,47
 140  0014  3D0A        	sz z
 140  0015  2800     R  	jmp _L6
 140  0016  0F09        	mov a,9
 140  0017  0200     E  	sub a,rb
 140  0018  0F00        	mov a,0
 140  0019  1200     E  	sbc a,rc
 140  001A  3C0A        	sz c
 140  001B  2800     R  	jmp _L7
 140  001C              _L6:
 140  001C  1F00     R  	clr _kn[0]
 140  001D  1F00     R  	clr _kn[1]
 140  001E  2800     R  	jmp _L3
 140  001F              _L7:
 141  001F              #line 141 "D:\Wade\Project\Tennis_Ball_Machine\Firmware\Ball_Machine_Main_v2\Ball_Machine_Main_v2.c"
 141  001F  0F01        	mov a,1
 141  0020  0300     E  	add a,rb
 141  0021  0080     R  	mov _kn[0],a
 141  0022  0F00        	mov a,0
 141  0023  1300     E  	adc a,rc
 141  0024  0080     R  	mov _kn[1],a
 141  0025              _L3:
 141  0025  0003        	ret
 141  0026              _Read_Data endp
 141  0026              #line 141 "D:\Wade\Project\Tennis_Ball_Machine\Firmware\Ball_Machine_Main_v2\Ball_Machine_Main_v2.c"
 141  0026              #pragma debug scope 1 1
 141  0026              public _Uart_R
"File: Ball_Machine_Main_v2.c  Assembler  Version HGASM0202      Page 5

 141  0026              #pragma debug scope 5 1
 119  0026              #line 119 "D:\Wade\Project\Tennis_Ball_Machine\Firmware\Ball_Machine_Main_v2\Ball_Machine_Main_v2.c"
 119  0026              rombank 0 @Uart_R_code
 119  0000              @Uart_R_code .section at 60 'code'
 119  0000  0080     E  	mov r1,a
 119  0001  070B        	mov a,bp
 119  0002  1F0B        	clr bp
 119  0003  2800     R  	jmp _Uart_R
 119  0004              ROMBANK 0 _Uart_R
 119  0004              #pragma debug scope 1 1
 119  0004              @dummy60 endp
 119  0004              #pragma debug scope 6 1
 119  0000              _Uart_R .section 'code'
 119  0000              _Uart_R proc
 119  0000  0080     E  	mov r2,a
 119  0001  070A        	mov a, status
 119  0002  0080     E  	mov r3,a
 119  0003  0703        	mov a,mp
 119  0004  0080     E  	mov r4,a
 119  0005  0704        	mov a,sbp
 119  0006  0080     E  	mov r5,a
 119  0007  0707        	mov a,tblp
 119  0008  0080     E  	mov r6,a
 119  0009  0709        	mov a,tbhp
 119  000A  0080     E  	mov r7,a
 120  000B              #line 120 "D:\Wade\Project\Tennis_Ball_Machine\Firmware\Ball_Machine_Main_v2\Ball_Machine_Main_v2.c"
 120  000B              	fcall _Read_Data
 121  0012              #line 121 "D:\Wade\Project\Tennis_Ball_Machine\Firmware\Ball_Machine_Main_v2\Ball_Machine_Main_v2.c"
 121  0012  3638        	clr [56].4
 121  0013  0700     E  	mov a,r2
 121  0014  008B        	mov bp,a
 121  0015  0700     E  	mov a,r3
 121  0016  008A        	mov status,a
 121  0017  0700     E  	mov a,r4
 121  0018  0083        	mov mp,a
 121  0019  0700     E  	mov a,r5
 121  001A  0084        	mov sbp,a
 121  001B  0700     E  	mov a,r6
 121  001C  0087        	mov tblp,a
 121  001D  0700     E  	mov a,r7
 121  001E  0089        	mov tbhp,a
 121  001F  1D05        	tabrdc acc
 121  0020  0700     E  	mov a,r1
 121  0021  0004        	reti
 121  0022              _Uart_R endp
 121  0022              
 121  0022              #line 121 "D:\Wade\Project\Tennis_Ball_Machine\Firmware\Ball_Machine_Main_v2\Ball_Machine_Main_v2.c"
 121  0022              #pragma debug scope 1 1
 121  0022              public _delay
 121  0022              #pragma debug scope 7 1
 145  0022              #line 145 "D:\Wade\Project\Tennis_Ball_Machine\Firmware\Ball_Machine_Main_v2\Ball_Machine_Main_v2.c"
 145  0000              _delay .section 'code'
 145  0000              _delay proc
 145  0000              public _delay_2
 145  0000  0002[           local _delay_2 db 2 dup(?)	; 2,0
            00
            ]
 145  0002              #pragma debug variable 10 7 _delay_2+0 "dev"
 147  0002              #line 147 "D:\Wade\Project\Tennis_Ball_Machine\Firmware\Ball_Machine_Main_v2\Ball_Machine_Main_v2.c"
 147  0000  1F00     E  	clr rb
"File: Ball_Machine_Main_v2.c  Assembler  Version HGASM0202      Page 6

 147  0001  1F00     E  	clr rc
 147  0002              _L15:
 147  0002              #line 147 "D:\Wade\Project\Tennis_Ball_Machine\Firmware\Ball_Machine_Main_v2\Ball_Machine_Main_v2.c"
 147  0002  0700     E  	mov a,rb
 147  0003  0200     R  	sub a,_delay_2[0]
 147  0004  0700     E  	mov a,rc
 147  0005  1200     R  	sbc a,_delay_2[1]
 147  0006  3F0A        	sz cz
 147  0007  2800     R  	jmp _L14
 147  0008  1F00     E  	clr ra
 147  0009              _L18:
 149  0009              #line 149 "D:\Wade\Project\Tennis_Ball_Machine\Firmware\Ball_Machine_Main_v2\Ball_Machine_Main_v2.c"
 149  0009              ;# 149 "D:\Wade\Project\Tennis_Ball_Machine\Firmware\Ball_Machine_Main_v2\Ball_Machine_Main_v2.c" 1
 149  0009  0000        	nop
 149  000A  1480     E  	inc ra
 148  000B              #line 148 "D:\Wade\Project\Tennis_Ball_Machine\Firmware\Ball_Machine_Main_v2\Ball_Machine_Main_v2.c"
 148  000B  0700     E  	mov a,ra
 148  000C  0A19        	sub a,25
 148  000D  390A        	snz z
 148  000E  2800     R  	jmp _L18
 147  000F              #line 147 "D:\Wade\Project\Tennis_Ball_Machine\Firmware\Ball_Machine_Main_v2\Ball_Machine_Main_v2.c"
 147  000F  1480     E  	inc rb
 147  0010  3D0A        	sz z
 147  0011  1480     E  	inc rc
 147  0012  2800     R  	jmp _L15
 147  0013              _L14:
 147  0013  0003        	ret
 147  0014              _delay endp
 147  0014              #line 147 "D:\Wade\Project\Tennis_Ball_Machine\Firmware\Ball_Machine_Main_v2\Ball_Machine_Main_v2.c"
 147  0014              #pragma debug scope 1 1
 147  0014              ___wdtc equ [62]
 147  0014              ___pgc equ [40]
 147  0014              ___pg equ [39]
 147  0014              public _main
 147  0014              #pragma debug scope 8 1
  18  0014              #line 18 "D:\Wade\Project\Tennis_Ball_Machine\Firmware\Ball_Machine_Main_v2\Ball_Machine_Main_v2.c"
  18  0014              IFDEF WITH_DEFAULT_STARTUP
  18  0014              extern _main_initial0:near
  18  0014              extern _main_startup:near
  18  0014              ENDIF
  18  0014              
  18  0014              ROMBANK 0 @start
  18  0000              @start .section com_l 'code'
  18  0000              _main_startup1:
  18  0000              @start .section com_e 'code'
  18  0000  0F00     R  	mov a,bank _main
  18  0001  008B        	mov bp,a
  18  0002  2800     R  	jmp _main
  18  0003              
  18  0000              _main .section 'code'
  18  0000              _main proc
  18  0000  00              local _main_2 db 1 dup(?)
  19  0001              #line 19 "D:\Wade\Project\Tennis_Ball_Machine\Firmware\Ball_Machine_Main_v2\Ball_Machine_Main_v2.c"
  19  0000  0FAB        	mov a,171
  19  0001  00BE        	mov [62],a
  21  0002              #line 21 "D:\Wade\Project\Tennis_Ball_Machine\Firmware\Ball_Machine_Main_v2\Ball_Machine_Main_v2.c"
  21  0002              	fcall _UART_Setup
  23  0009              #line 23 "D:\Wade\Project\Tennis_Ball_Machine\Firmware\Ball_Machine_Main_v2\Ball_Machine_Main_v2.c"
  23  0009              	fcall _stm_setup
  24  0010              #line 24 "D:\Wade\Project\Tennis_Ball_Machine\Firmware\Ball_Machine_Main_v2\Ball_Machine_Main_v2.c"
"File: Ball_Machine_Main_v2.c  Assembler  Version HGASM0202      Page 7

  24  0010  31CE        	set [78].3
  25  0011              #line 25 "D:\Wade\Project\Tennis_Ball_Machine\Firmware\Ball_Machine_Main_v2\Ball_Machine_Main_v2.c"
  25  0011  B1B2 0001   	lset [306].3
  26  0013              #line 26 "D:\Wade\Project\Tennis_Ball_Machine\Firmware\Ball_Machine_Main_v2\Ball_Machine_Main_v2.c"
  26  0013  B1B9 0001   	lset [313].3
  28  0015              #line 28 "D:\Wade\Project\Tennis_Ball_Machine\Firmware\Ball_Machine_Main_v2\Ball_Machine_Main_v2.c"
  28  0015  1F28        	clr [40]
  29  0016              #line 29 "D:\Wade\Project\Tennis_Ball_Machine\Firmware\Ball_Machine_Main_v2\Ball_Machine_Main_v2.c"
  29  0016  1F27        	clr [39]
  31  0017              #line 31 "D:\Wade\Project\Tennis_Ball_Machine\Firmware\Ball_Machine_Main_v2\Ball_Machine_Main_v2.c"
  31  0017  0FF4        	mov a,244
  31  0018  00D2        	mov [82],a
  31  0019  0F01        	mov a,1
  31  001A  00D3        	mov [83],a
  32  001B              #line 32 "D:\Wade\Project\Tennis_Ball_Machine\Firmware\Ball_Machine_Main_v2\Ball_Machine_Main_v2.c"
  32  001B  0FF4        	mov a,244
  32  001C  80B6 0001   	lmov [310],a
  32  001E  0F01        	mov a,1
  32  001F  80B7 0001   	lmov [311],a
  33  0021              #line 33 "D:\Wade\Project\Tennis_Ball_Machine\Firmware\Ball_Machine_Main_v2\Ball_Machine_Main_v2.c"
  33  0021  0FC8        	mov a,200
  33  0022  80BD 0001   	lmov [317],a
  33  0024  9F3E 0001   	lclr [318]
  33  0026              _L20:
  39  0026              #line 39 "D:\Wade\Project\Tennis_Ball_Machine\Firmware\Ball_Machine_Main_v2\Ball_Machine_Main_v2.c"
  39  0026  0700     R  	mov a,_R_Data[0]
  39  0027  0080     R  	mov _main_2[0],a
  39  0028  0700     R  	mov a,_main_2[0]
  39  0029  0A46        	sub a,70
  39  002A  390A        	snz z
  39  002B  2800     R  	jmp _L21
  41  002C              #line 41 "D:\Wade\Project\Tennis_Ball_Machine\Firmware\Ball_Machine_Main_v2\Ball_Machine_Main_v2.c"
  41  002C  0F30        	mov a,48
  41  002D  0300     R  	add a,_R_Data[3]
  41  002E  0080     E  	mov rf,a
  41  002F  0FEB        	mov a,235
  41  0030  1F00     E  	clr rg
  41  0031  1380     E  	adcm a,rg
  41  0032  1B10        	rrca intc
  41  0033  3410        	clr intc.0
  41  0034  0700     R  	mov a,_R_Data[1]
  41  0035  00D9        	mov mduwr0,a
  41  0036  0F64        	mov a,100
  41  0037  00DD        	mov mduwr4,a
  41  0038  1F5A        	clr mduwr1
  41  0039  0F00        	mov a,0
  41  003A  00DE        	mov mduwr5,a
  41  003B  0F06        	mov a,6
  41  003C              _LI1:
  41  003C  1785        	sdz acc
  41  003D  2800     R  	jmp _LI1
  41  003E  0759        	mov a,mduwr0
  41  003F  0080     E  	mov rb,a
  41  0040  075A        	mov a,mduwr1
  41  0041  0080     E  	mov rc,a
  41  0042  3C0A        	sz c
  41  0043  3010        	set intc.0
  41  0044  0700     E  	mov a,rb
  41  0045  0380     E  	addm a,rf
  41  0046  0700     E  	mov a,rc
"File: Ball_Machine_Main_v2.c  Assembler  Version HGASM0202      Page 8

  41  0047  1380     E  	adcm a,rg
  41  0048  0700     R  	mov a,_R_Data[2]
  41  0049  0080     E  	mov rd,a
  41  004A  1F00     E  	clr re
  41  004B  340A        	clr c
  41  004C  1A00     E  	rlca rd
  41  004D  0080     E  	mov rb,a
  41  004E  1A00     E  	rlca re
  41  004F  0080     E  	mov rc,a
  41  0050  340A        	clr c
  41  0051  1A80     E  	rlc rb
  41  0052  1A80     E  	rlc rc
  41  0053  0700     E  	mov a,rb
  41  0054  0380     E  	addm a,rd
  41  0055  0700     E  	mov a,rc
  41  0056  1380     E  	adcm a,re
  41  0057  340A        	clr c
  41  0058  1A80     E  	rlc rd
  41  0059  1A80     E  	rlc re
  41  005A  0700     E  	mov a,rd
  41  005B  0300     E  	add a,rf
  41  005C  0080     E  	mov rb,a
  41  005D  0700     E  	mov a,re
  41  005E  1300     E  	adc a,rg
  41  005F  0080     E  	mov rc,a
  42  0060              #line 42 "D:\Wade\Project\Tennis_Ball_Machine\Firmware\Ball_Machine_Main_v2\Ball_Machine_Main_v2.c"
  42  0060  0700     E  	mov a,rb
  42  0061  00D2        	mov [82],a
  42  0062  0700     E  	mov a,rc
  42  0063  00D3        	mov [83],a
  43  0064              #line 43 "D:\Wade\Project\Tennis_Ball_Machine\Firmware\Ball_Machine_Main_v2\Ball_Machine_Main_v2.c"
  43  0064  0700     E  	mov a,rb
  43  0065  80B6 0001   	lmov [310],a
  43  0067  0700     E  	mov a,rc
  43  0068  80B7 0001   	lmov [311],a
  45  006A              #line 45 "D:\Wade\Project\Tennis_Ball_Machine\Firmware\Ball_Machine_Main_v2\Ball_Machine_Main_v2.c"
  45  006A  0F06        	mov a,6
  45  006B  05A7        	orm a,[39]
  45  006C  2800     R  	jmp _L29
  45  006D              _L21:
  49  006D              #line 49 "D:\Wade\Project\Tennis_Ball_Machine\Firmware\Ball_Machine_Main_v2\Ball_Machine_Main_v2.c"
  49  006D  0700     R  	mov a,_main_2[0]
  49  006E  0A53        	sub a,83
  49  006F  390A        	snz z
  49  0070  2800     R  	jmp _L23
  51  0071              #line 51 "D:\Wade\Project\Tennis_Ball_Machine\Firmware\Ball_Machine_Main_v2\Ball_Machine_Main_v2.c"
  51  0071  0FF0        	mov a,240
  51  0072  06A7        	andm a,[39]
  51  0073  2800     R  	jmp _L29
  51  0074              _L23:
  55  0074              #line 55 "D:\Wade\Project\Tennis_Ball_Machine\Firmware\Ball_Machine_Main_v2\Ball_Machine_Main_v2.c"
  55  0074  0700     R  	mov a,_main_2[0]
  55  0075  0A52        	sub a,82
  55  0076  390A        	snz z
  55  0077  2800     R  	jmp _L24
  57  0078              #line 57 "D:\Wade\Project\Tennis_Ball_Machine\Firmware\Ball_Machine_Main_v2\Ball_Machine_Main_v2.c"
  57  0078  0F30        	mov a,48
  57  0079  0300     R  	add a,_R_Data[3]
  57  007A  0080     E  	mov rf,a
  57  007B  0FEB        	mov a,235
"File: Ball_Machine_Main_v2.c  Assembler  Version HGASM0202      Page 9

  57  007C  1F00     E  	clr rg
  57  007D  1380     E  	adcm a,rg
  57  007E  1B10        	rrca intc
  57  007F  3410        	clr intc.0
  57  0080  0700     R  	mov a,_R_Data[1]
  57  0081  00D9        	mov mduwr0,a
  57  0082  0F64        	mov a,100
  57  0083  00DD        	mov mduwr4,a
  57  0084  1F5A        	clr mduwr1
  57  0085  0F00        	mov a,0
  57  0086  00DE        	mov mduwr5,a
  57  0087  0F06        	mov a,6
  57  0088              _LI2:
  57  0088  1785        	sdz acc
  57  0089  2800     R  	jmp _LI2
  57  008A  0759        	mov a,mduwr0
  57  008B  0080     E  	mov rb,a
  57  008C  075A        	mov a,mduwr1
  57  008D  0080     E  	mov rc,a
  57  008E  3C0A        	sz c
  57  008F  3010        	set intc.0
  57  0090  0700     E  	mov a,rb
  57  0091  0380     E  	addm a,rf
  57  0092  0700     E  	mov a,rc
  57  0093  1380     E  	adcm a,rg
  57  0094  0700     R  	mov a,_R_Data[2]
  57  0095  0080     E  	mov rd,a
  57  0096  1F00     E  	clr re
  57  0097  340A        	clr c
  57  0098  1A00     E  	rlca rd
  57  0099  0080     E  	mov rb,a
  57  009A  1A00     E  	rlca re
  57  009B  0080     E  	mov rc,a
  57  009C  340A        	clr c
  57  009D  1A80     E  	rlc rb
  57  009E  1A80     E  	rlc rc
  57  009F  0700     E  	mov a,rb
  57  00A0  0380     E  	addm a,rd
  57  00A1  0700     E  	mov a,rc
  57  00A2  1380     E  	adcm a,re
  57  00A3  340A        	clr c
  57  00A4  1A80     E  	rlc rd
  57  00A5  1A80     E  	rlc re
  57  00A6  0700     E  	mov a,rd
  57  00A7  0300     E  	add a,rf
  57  00A8  0080     E  	mov rb,a
  57  00A9  0700     E  	mov a,re
  57  00AA  1300     E  	adc a,rg
  57  00AB  0080     E  	mov rc,a
  58  00AC              #line 58 "D:\Wade\Project\Tennis_Ball_Machine\Firmware\Ball_Machine_Main_v2\Ball_Machine_Main_v2.c"
  58  00AC  0700     E  	mov a,rb
  58  00AD  80BD 0001   	lmov [317],a
  58  00AF  0700     E  	mov a,rc
  58  00B0  80BE 0001   	lmov [318],a
  60  00B2              #line 60 "D:\Wade\Project\Tennis_Ball_Machine\Firmware\Ball_Machine_Main_v2\Ball_Machine_Main_v2.c"
  60  00B2  33A7        	set [39].7
  60  00B3  2800     R  	jmp _L29
  60  00B4              _L24:
  63  00B4              #line 63 "D:\Wade\Project\Tennis_Ball_Machine\Firmware\Ball_Machine_Main_v2\Ball_Machine_Main_v2.c"
  63  00B4  0700     R  	mov a,_main_2[0]
"File: Ball_Machine_Main_v2.c  Assembler  Version HGASM0202      Page 10

  63  00B5  0A4C        	sub a,76
  63  00B6  390A        	snz z
  63  00B7  2800     R  	jmp _L25
  65  00B8              #line 65 "D:\Wade\Project\Tennis_Ball_Machine\Firmware\Ball_Machine_Main_v2\Ball_Machine_Main_v2.c"
  65  00B8  0F30        	mov a,48
  65  00B9  0300     R  	add a,_R_Data[3]
  65  00BA  0080     E  	mov rf,a
  65  00BB  0FEB        	mov a,235
  65  00BC  1F00     E  	clr rg
  65  00BD  1380     E  	adcm a,rg
  65  00BE  1B10        	rrca intc
  65  00BF  3410        	clr intc.0
  65  00C0  0700     R  	mov a,_R_Data[1]
  65  00C1  00D9        	mov mduwr0,a
  65  00C2  0F64        	mov a,100
  65  00C3  00DD        	mov mduwr4,a
  65  00C4  1F5A        	clr mduwr1
  65  00C5  0F00        	mov a,0
  65  00C6  00DE        	mov mduwr5,a
  65  00C7  0F06        	mov a,6
  65  00C8              _LI3:
  65  00C8  1785        	sdz acc
  65  00C9  2800     R  	jmp _LI3
  65  00CA  0759        	mov a,mduwr0
  65  00CB  0080     E  	mov rb,a
  65  00CC  075A        	mov a,mduwr1
  65  00CD  0080     E  	mov rc,a
  65  00CE  3C0A        	sz c
  65  00CF  3010        	set intc.0
  65  00D0  0700     E  	mov a,rb
  65  00D1  0380     E  	addm a,rf
  65  00D2  0700     E  	mov a,rc
  65  00D3  1380     E  	adcm a,rg
  65  00D4  0700     R  	mov a,_R_Data[2]
  65  00D5  0080     E  	mov rd,a
  65  00D6  1F00     E  	clr re
  65  00D7  340A        	clr c
  65  00D8  1A00     E  	rlca rd
  65  00D9  0080     E  	mov rb,a
  65  00DA  1A00     E  	rlca re
  65  00DB  0080     E  	mov rc,a
  65  00DC  340A        	clr c
  65  00DD  1A80     E  	rlc rb
  65  00DE  1A80     E  	rlc rc
  65  00DF  0700     E  	mov a,rb
  65  00E0  0380     E  	addm a,rd
  65  00E1  0700     E  	mov a,rc
  65  00E2  1380     E  	adcm a,re
  65  00E3  340A        	clr c
  65  00E4  1A80     E  	rlc rd
  65  00E5  1A80     E  	rlc re
  65  00E6  0700     E  	mov a,rd
  65  00E7  0300     E  	add a,rf
  65  00E8  0080     E  	mov rb,a
  65  00E9  0700     E  	mov a,re
  65  00EA  1300     E  	adc a,rg
  65  00EB  0080     E  	mov rc,a
  66  00EC              #line 66 "D:\Wade\Project\Tennis_Ball_Machine\Firmware\Ball_Machine_Main_v2\Ball_Machine_Main_v2.c"
  66  00EC  0700     E  	mov a,rb
  66  00ED  80BD 0001   	lmov [317],a
"File: Ball_Machine_Main_v2.c  Assembler  Version HGASM0202      Page 11

  66  00EF  0700     E  	mov a,rc
  66  00F0  80BE 0001   	lmov [318],a
  67  00F2              #line 67 "D:\Wade\Project\Tennis_Ball_Machine\Firmware\Ball_Machine_Main_v2\Ball_Machine_Main_v2.c"
  67  00F2  3327        	set [39].6
  67  00F3  2800     R  	jmp _L29
  67  00F4              _L25:
  70  00F4              #line 70 "D:\Wade\Project\Tennis_Ball_Machine\Firmware\Ball_Machine_Main_v2\Ball_Machine_Main_v2.c"
  70  00F4  0700     R  	mov a,_main_2[0]
  70  00F5  0A6D        	sub a,109
  70  00F6  390A        	snz z
  70  00F7  2800     R  	jmp _L26
  72  00F8              #line 72 "D:\Wade\Project\Tennis_Ball_Machine\Firmware\Ball_Machine_Main_v2\Ball_Machine_Main_v2.c"
  72  00F8  0F3F        	mov a,63
  72  00F9  06A7        	andm a,[39]
  72  00FA  2800     R  	jmp _L29
  72  00FB              _L26:
  75  00FB              #line 75 "D:\Wade\Project\Tennis_Ball_Machine\Firmware\Ball_Machine_Main_v2\Ball_Machine_Main_v2.c"
  75  00FB  0700     R  	mov a,_main_2[0]
  75  00FC  0A55        	sub a,85
  75  00FD  390A        	snz z
  75  00FE  2800     R  	jmp _L27
  77  00FF              #line 77 "D:\Wade\Project\Tennis_Ball_Machine\Firmware\Ball_Machine_Main_v2\Ball_Machine_Main_v2.c"
  77  00FF  32A7        	set [39].5
  77  0100  2800     R  	jmp _L29
  77  0101              _L27:
  80  0101              #line 80 "D:\Wade\Project\Tennis_Ball_Machine\Firmware\Ball_Machine_Main_v2\Ball_Machine_Main_v2.c"
  80  0101  0700     R  	mov a,_main_2[0]
  80  0102  0A44        	sub a,68
  80  0103  390A        	snz z
  80  0104  2800     R  	jmp _L28
  82  0105              #line 82 "D:\Wade\Project\Tennis_Ball_Machine\Firmware\Ball_Machine_Main_v2\Ball_Machine_Main_v2.c"
  82  0105  3227        	set [39].4
  82  0106  2800     R  	jmp _L29
  82  0107              _L28:
  85  0107              #line 85 "D:\Wade\Project\Tennis_Ball_Machine\Firmware\Ball_Machine_Main_v2\Ball_Machine_Main_v2.c"
  85  0107  0700     R  	mov a,_main_2[0]
  85  0108  0A6B        	sub a,107
  85  0109  390A        	snz z
  85  010A  2800     R  	jmp _L20
  87  010B              #line 87 "D:\Wade\Project\Tennis_Ball_Machine\Firmware\Ball_Machine_Main_v2\Ball_Machine_Main_v2.c"
  87  010B  0FCF        	mov a,207
  87  010C  06A7        	andm a,[39]
  87  010D              _L29:
  88  010D              #line 88 "D:\Wade\Project\Tennis_Ball_Machine\Firmware\Ball_Machine_Main_v2\Ball_Machine_Main_v2.c"
  88  010D  0F01        	mov a,1
  88  010E  0080     R  	mov _delay_2[0],a
  88  010F  1F00     R  	clr _delay_2[1]
  88  0110              	fcall _delay
  88  0117  2800     R  	jmp _L20
  88  0118  2800     R  	jmp $
  88  0119              _main endp
  88  0119              
  88  0119              @dummy endp
  88  0119              
  88  0119              #line 88 "D:\Wade\Project\Tennis_Ball_Machine\Firmware\Ball_Machine_Main_v2\Ball_Machine_Main_v2.c"
  88  0119              #pragma debug scope 1 1
  88  0119              public _kn
  88  0000              @HCCINIT	.section 'data'
   7  0000              #line 7 "D:\Wade\Project\Tennis_Ball_Machine\Firmware\Ball_Machine_Main_v2\Ball_Machine_Main_v2.c"
   7  0000              @HCCINIT_kn .section 'data'
"File: Ball_Machine_Main_v2.c  Assembler  Version HGASM0202      Page 12

   7  0000              _kn label byte
   7  0000              #pragma debug variable 10 1 _kn "kn"
   7  0000              	db 0
   7  0000              @ROMDATA_BASE .section inpage 'code'
   7  0000              	db 0
   7  0001              @HCCINIT_kn .section 'data'
   7  0001              	db 0
   7  0001              @ROMDATA_BASE .section inpage 'code'
   7  0001              	db 0
   7  0002              @HCCINIT_kn .section 'data'
   6  0002              #line 6 "D:\Wade\Project\Tennis_Ball_Machine\Firmware\Ball_Machine_Main_v2\Ball_Machine_Main_v2.c"
   6  0002              public _Data
   6  0000              @HCCINIT0_Data .section 'data'
   6  0000  000A[       _Data	db 10 dup(0)
            00
            ]
   6  000A              #pragma debug array 42 8 10 1
   6  000A              #pragma debug array 42 8 10 1
   6  000A              #pragma debug variable 42 1 _Data "Data"
   6  000A              
   6  0000              @HCCINIT .section 'data'
   5  0000              #line 5 "D:\Wade\Project\Tennis_Ball_Machine\Firmware\Ball_Machine_Main_v2\Ball_Machine_Main_v2.c"
   5  0000              public _R_Data
   5  0000              @HCCINIT0_R_Data .section 'data'
   5  0000  000A[       _R_Data	db 10 dup(0)
            00
            ]
   5  000A              #pragma debug variable 42 1 _R_Data "R_Data"
   5  000A              
   5  0000              @HCCINIT .section 'data'
   5  0000              #pragma debug struct_end
   5  0000              #pragma debug struct_end
   5  0000              #pragma debug union_end
   5  0000              #pragma debug union_end
   5  0000              #pragma debug variable 44 1 ___intc0 "__intc0" 1
   5  0000              #pragma debug struct_end
   5  0000              #pragma debug struct_end
   5  0000              #pragma debug union_end
   5  0000              #pragma debug union_end
   5  0000              #pragma debug variable 46 1 ___intc3 "__intc3" 1
   5  0000              #pragma debug struct_end
   5  0000              #pragma debug struct_end
   5  0000              #pragma debug union_end
   5  0000              #pragma debug union_end
   5  0000              #pragma debug variable 48 1 ___pg "__pg" 1
   5  0000              #pragma debug struct_end
   5  0000              #pragma debug struct_end
   5  0000              #pragma debug union_end
   5  0000              #pragma debug union_end
   5  0000              #pragma debug variable 50 1 ___pgc "__pgc" 1
   5  0000              #pragma debug struct_end
   5  0000              #pragma debug struct_end
   5  0000              #pragma debug union_end
   5  0000              #pragma debug union_end
   5  0000              #pragma debug variable 52 1 ___mfi5 "__mfi5" 1
   5  0000              #pragma debug struct_end
   5  0000              #pragma debug struct_end
   5  0000              #pragma debug union_end
   5  0000              #pragma debug union_end
   5  0000              #pragma debug variable 54 1 ___wdtc "__wdtc" 1
"File: Ball_Machine_Main_v2.c  Assembler  Version HGASM0202      Page 13

   5  0000              #pragma debug struct_end
   5  0000              #pragma debug struct_end
   5  0000              #pragma debug union_end
   5  0000              #pragma debug union_end
   5  0000              #pragma debug variable 56 1 ___stm0c0 "__stm0c0" 1
   5  0000              #pragma debug struct_end
   5  0000              #pragma debug struct_end
   5  0000              #pragma debug union_end
   5  0000              #pragma debug union_end
   5  0000              #pragma debug variable 58 1 ___stm0c1 "__stm0c1" 1
   5  0000              #pragma debug variable 8 1 ___stm0al "__stm0al" 1
   5  0000              #pragma debug variable 8 1 ___stm0ah "__stm0ah" 1
   5  0000              #pragma debug struct_end
   5  0000              #pragma debug struct_end
   5  0000              #pragma debug union_end
   5  0000              #pragma debug union_end
   5  0000              #pragma debug variable 60 1 ___stm0rp "__stm0rp" 1
   5  0000              #pragma debug struct_end
   5  0000              #pragma debug struct_end
   5  0000              #pragma debug union_end
   5  0000              #pragma debug union_end
   5  0000              #pragma debug variable 62 1 ___u0sr "__u0sr" 1
   5  0000              #pragma debug struct_end
   5  0000              #pragma debug struct_end
   5  0000              #pragma debug union_end
   5  0000              #pragma debug union_end
   5  0000              #pragma debug variable 64 1 ___u0cr1 "__u0cr1" 1
   5  0000              #pragma debug struct_end
   5  0000              #pragma debug struct_end
   5  0000              #pragma debug union_end
   5  0000              #pragma debug union_end
   5  0000              #pragma debug variable 66 1 ___u0cr2 "__u0cr2" 1
   5  0000              #pragma debug variable 8 1 ___txr_rxr0 "__txr_rxr0" 1
   5  0000              #pragma debug variable 8 1 ___brg0 "__brg0" 1
   5  0000              #pragma debug struct_end
   5  0000              #pragma debug struct_end
   5  0000              #pragma debug union_end
   5  0000              #pragma debug union_end
   5  0000              #pragma debug variable 68 1 ___stm1c0 "__stm1c0" 1
   5  0000              #pragma debug struct_end
   5  0000              #pragma debug struct_end
   5  0000              #pragma debug union_end
   5  0000              #pragma debug union_end
   5  0000              #pragma debug variable 70 1 ___stm1c1 "__stm1c1" 1
   5  0000              #pragma debug variable 8 1 ___stm1al "__stm1al" 1
   5  0000              #pragma debug variable 8 1 ___stm1ah "__stm1ah" 1
   5  0000              #pragma debug struct_end
   5  0000              #pragma debug struct_end
   5  0000              #pragma debug union_end
   5  0000              #pragma debug union_end
   5  0000              #pragma debug variable 72 1 ___stm1rp "__stm1rp" 1
   5  0000              #pragma debug struct_end
   5  0000              #pragma debug struct_end
   5  0000              #pragma debug union_end
   5  0000              #pragma debug union_end
   5  0000              #pragma debug variable 74 1 ___stm2c0 "__stm2c0" 1
   5  0000              #pragma debug struct_end
   5  0000              #pragma debug struct_end
   5  0000              #pragma debug union_end
   5  0000              #pragma debug union_end
"File: Ball_Machine_Main_v2.c  Assembler  Version HGASM0202      Page 14

   5  0000              #pragma debug variable 76 1 ___stm2c1 "__stm2c1" 1
   5  0000              #pragma debug variable 8 1 ___stm2al "__stm2al" 1
   5  0000              #pragma debug variable 8 1 ___stm2ah "__stm2ah" 1
   5  0000              #pragma debug struct_end
   5  0000              #pragma debug struct_end
   5  0000              #pragma debug union_end
   5  0000              #pragma debug union_end
   5  0000              #pragma debug variable 78 1 ___stm2rp "__stm2rp" 1
   5  0000              #pragma debug struct_end
   5  0000              #pragma debug struct_end
   5  0000              #pragma debug union_end
   5  0000              #pragma debug union_end
   5  0000              #pragma debug variable 80 1 ___pas1 "__pas1" 1
   5  0000              #pragma debug struct_end
   5  0000              #pragma debug struct_end
   5  0000              #pragma debug union_end
   5  0000              #pragma debug union_end
   5  0000              #pragma debug variable 82 1 ___pcs1 "__pcs1" 1
   5  0000              #pragma debug struct_end
   5  0000              #pragma debug struct_end
   5  0000              #pragma debug union_end
   5  0000              #pragma debug union_end
   5  0000              #pragma debug variable 84 1 ___pds0 "__pds0" 1
   5  0000              #pragma debug struct_end
   5  0000              #pragma debug struct_end
   5  0000              #pragma debug union_end
   5  0000              #pragma debug union_end
   5  0000              #pragma debug variable 86 1 ___pfs1 "__pfs1" 1
   5  0000              extern r1:byte
   5  0000              extern r2:byte
   5  0000              extern r3:byte
   5  0000              extern r4:byte
   5  0000              extern r5:byte
   5  0000              extern r6:byte
   5  0000              extern r7:byte
  18  0000              #line 18 "D:\Wade\Project\Tennis_Ball_Machine\Firmware\Ball_Machine_Main_v2\Ball_Machine_Main_v2.c"
  18  0000              @code .section at 0 'code'
  18  0000  1F0B        	clr bp
  18  0001  2800     R  	jmp _main_startup1
  18  0002              
  18  0002              
  18  0002              ; 
  18  0002              ; Generated by holtek-gcc v3.19, Tue Apr 26 16:46:27 2022
  18  0002              ; Rebuild 718
  18  0002              ; end of file


        0 Errors, 0