"File: Shoot_with_Sensor_v1.c  Assembler  Version HGASM0202      Page 1


   1  0000              ; Generated by holtek-gcc v3.19, Tue Oct 25 10:56:35 2022
   2  0000              ; 
   3  0000              ; Configuration:
   4  0000              ;       with long instruction
   5  0000              ;       Multi-ROM, Multi-RAM
   6  0000              ;       bits_per_rom_unit:16
   7  0000              ;       with mp1
   8  0000              ;       with tbhp, address(0x9)
   9  0000              ;          Use tabrd-const
  10  0000              ;       
  11  0000              ; SFR address of long-instruction arch:
  12  0000              ;    mp0 = -1,1,0
  13  0000              ;    mp1 = 4,3,2
  14  0000              ;    mp2 = 14,13,12
  15  0000              ;    tbp = 9,7,8
  16  0000              ;    acc = 5
  17  0000              ;    pcl = 6
  18  0000              ;    status = 10
  19  0000              ;    bp = 11
  20  0000              ;    intc = 16
  21  0000              ;       
  22  0000              ;       
  23  0000              ; use 'tabrdc' instead of 'tabrd'
  24  0000              ;       
  25  0000              
  26  0000              #pragma translator "holtek-gcc 4.6.4" "3.19" "build 20130711"
  27  0000              ; Rebuild 718
  28  0000              
  29  0000              ir equ [2]
  30  0000              mp equ [3]
  31  0000              sbp equ [4]
  32  0000              acc equ [5]
  33  0000              bp equ [11]
  34  0000              tblp equ [7]
  35  0000              tbhp equ [9]
  36  0000              status equ [10]
  37  0000              c equ [10].0
  38  0000              ac equ [10].1
  39  0000              z equ [10].2
  40  0000              ov equ [10].3
  41  0000              cz equ [10].6
  42  0000              sc equ [10].7
  43  0000              intc equ [16]
  44  0000              mduwr0 equ [59h]
  45  0000              mduwr1 equ [5ah]
  46  0000              mduwr2 equ [5bh]
  47  0000              mduwr3 equ [5ch]
  48  0000              mduwr4 equ [5dh]
  49  0000              mduwr5 equ [5eh]
  50  0000              mduwrctrl equ [5fh]
  51  0000              
  52  0000              extern ra:byte
  53  0000              extern rb:byte
  54  0000              extern rc:byte
  55  0000              extern rd:byte
  56  0000              extern re:byte
  57  0000              extern rf:byte
  58  0000              extern rg:byte
  59  0000              extern rh:byte
"File: Shoot_with_Sensor_v1.ASM  Assembler  Version HGASM0202      Page 2

  60  0000              extern _Crom2Prom:near
  61  0000              extern _Crom2PromNext:near
  62  0000              
  63  0000              RAMBANK 0 @BITDATASEC, @BITDATASEC1
  64  0000              @HCCINIT	.section 'data'
  65  0000              @HCCINIT0	.section 'data'
  66  0000              @BITDATASEC	 .section 'data'
  67  0000              @BITDATASEC1	 .section 'data'
  68  0000              
  69  0000              #pragma debug scope 1 1
  70  0000              	extern __DELAY3:near
  71  0000              	extern __DELAYX3:near
  72  0000              	extern __DELAYX6:near
  73  0000              	extern __DELAYY5:near
  74  0000              	extern __DELAYY3:near
  75  0000              	extern _builtin_holtek_delay_2:byte
  76  0000              ___stm2c0 equ [313]
  77  0000              ___stm2c1 equ [314]
  78  0000              ___stm2rp equ [319]
  79  0000              ___stm2al equ [317]
  80  0000              ___stm2ah equ [318]
  81  0000              ___pfs1 equ [344]
  82  0000              public _Timer_setup
  83  0000              #pragma debug scope 2 1

  37  0000              #line 37 "D:\Wade\Project\Tennis_Ball_Machine\Firmware\Shoot_with_Sensor_v1\Shoot_with_Sensor_v1.c"
  37  0000              _Timer_setup .section 'code'
  37  0000              _Timer_setup proc
  39  0000              #line 39 "D:\Wade\Project\Tennis_Ball_Machine\Firmware\Shoot_with_Sensor_v1\Shoot_with_Sensor_v1.c"
  39  0000  0F30        	mov a,48
  39  0001  80B9 0001   	lmov [313],a
  40  0003              #line 40 "D:\Wade\Project\Tennis_Ball_Machine\Firmware\Shoot_with_Sensor_v1\Shoot_with_Sensor_v1.c"
  40  0003  0FA8        	mov a,168
  40  0004  80BA 0001   	lmov [314],a
  41  0006              #line 41 "D:\Wade\Project\Tennis_Ball_Machine\Firmware\Shoot_with_Sensor_v1\Shoot_with_Sensor_v1.c"
  41  0006  0F0A        	mov a,10
  41  0007  80BF 0001   	lmov [319],a
  42  0009              #line 42 "D:\Wade\Project\Tennis_Ball_Machine\Firmware\Shoot_with_Sensor_v1\Shoot_with_Sensor_v1.c"
  42  0009  9F3D 0001   	lclr [317]
  42  000B  9F3E 0001   	lclr [318]
  44  000D              #line 44 "D:\Wade\Project\Tennis_Ball_Machine\Firmware\Shoot_with_Sensor_v1\Shoot_with_Sensor_v1.c"
  44  000D  0F80        	mov a,128
  44  000E  80D8 0001   	lmov [344],a
  44  0010  0003        	ret
  44  0011              _Timer_setup endp
  44  0011              #line 44 "D:\Wade\Project\Tennis_Ball_Machine\Firmware\Shoot_with_Sensor_v1\Shoot_with_Sensor_v1.c"
  44  0011              #pragma debug scope 1 1
  44  0011              public _delay
  44  0011              #pragma debug scope 3 1
  48  0011              #line 48 "D:\Wade\Project\Tennis_Ball_Machine\Firmware\Shoot_with_Sensor_v1\Shoot_with_Sensor_v1.c"
  48  0000              _delay .section 'code'
  48  0000              _delay proc
  48  0000              public _delay_2
  48  0000  0002[           local _delay_2 db 2 dup(?)	; 2,0
            00
            ]
  48  0002              #pragma debug variable 10 3 _delay_2+0 "dev"
  50  0002              #line 50 "D:\Wade\Project\Tennis_Ball_Machine\Firmware\Shoot_with_Sensor_v1\Shoot_with_Sensor_v1.c"
  50  0000  1F00     E  	clr rb
  50  0001  1F00     E  	clr rc
"File: Shoot_with_Sensor_v1.c  Assembler  Version HGASM0202      Page 3

  50  0002              _L3:
  50  0002              #line 50 "D:\Wade\Project\Tennis_Ball_Machine\Firmware\Shoot_with_Sensor_v1\Shoot_with_Sensor_v1.c"
  50  0002  0700     E  	mov a,rb
  50  0003  0200     R  	sub a,_delay_2[0]
  50  0004  0700     E  	mov a,rc
  50  0005  1200     R  	sbc a,_delay_2[1]
  50  0006  3F0A        	sz cz
  50  0007  2800     R  	jmp _L2
  50  0008  1F00     E  	clr ra
  50  0009              _L6:
  52  0009              #line 52 "D:\Wade\Project\Tennis_Ball_Machine\Firmware\Shoot_with_Sensor_v1\Shoot_with_Sensor_v1.c"
  52  0009              ;# 52 "D:\Wade\Project\Tennis_Ball_Machine\Firmware\Shoot_with_Sensor_v1\Shoot_with_Sensor_v1.c" 1
  52  0009  0000        	nop
  52  000A  1480     E  	inc ra
  51  000B              #line 51 "D:\Wade\Project\Tennis_Ball_Machine\Firmware\Shoot_with_Sensor_v1\Shoot_with_Sensor_v1.c"
  51  000B  0700     E  	mov a,ra
  51  000C  0A19        	sub a,25
  51  000D  390A        	snz z
  51  000E  2800     R  	jmp _L6
  50  000F              #line 50 "D:\Wade\Project\Tennis_Ball_Machine\Firmware\Shoot_with_Sensor_v1\Shoot_with_Sensor_v1.c"
  50  000F  1480     E  	inc rb
  50  0010  3D0A        	sz z
  50  0011  1480     E  	inc rc
  50  0012  2800     R  	jmp _L3
  50  0013              _L2:
  50  0013  0003        	ret
  50  0014              _delay endp
  50  0014              #line 50 "D:\Wade\Project\Tennis_Ball_Machine\Firmware\Shoot_with_Sensor_v1\Shoot_with_Sensor_v1.c"
  50  0014              #pragma debug scope 1 1
  50  0014              ___wdtc equ [62]
  50  0014              ___scc equ [58]
  50  0014              ___hircc equ [59]
  50  0014              ___pac equ [21]
  50  0014              ___papu equ [22]
  50  0014              ___pa equ [20]
  50  0014              public _main
  50  0014              #pragma debug scope 4 1
  11  0014              #line 11 "D:\Wade\Project\Tennis_Ball_Machine\Firmware\Shoot_with_Sensor_v1\Shoot_with_Sensor_v1.c"
  11  0014              IFDEF WITH_DEFAULT_STARTUP
  11  0014              extern _main_initial0:near
  11  0014              extern _main_startup:near
  11  0014              ENDIF
  11  0014              
  11  0014              ROMBANK 0 @start
  11  0000              @start .section com_l 'code'
  11  0000              _main_startup1:
  11  0000              @start .section com_e 'code'
  11  0000  0F00     R  	mov a,bank _main
  11  0001  008B        	mov bp,a
  11  0002  2800     R  	jmp _main
  11  0003              
  11  0000              _main .section 'code'
  11  0000              _main proc
  12  0000              #line 12 "D:\Wade\Project\Tennis_Ball_Machine\Firmware\Shoot_with_Sensor_v1\Shoot_with_Sensor_v1.c"
  12  0000  0FAB        	mov a,171
  12  0001  00BE        	mov [62],a
  13  0002              #line 13 "D:\Wade\Project\Tennis_Ball_Machine\Firmware\Shoot_with_Sensor_v1\Shoot_with_Sensor_v1.c"
  13  0002  0F01        	mov a,1
  13  0003  00BA        	mov [58],a
  14  0004              #line 14 "D:\Wade\Project\Tennis_Ball_Machine\Firmware\Shoot_with_Sensor_v1\Shoot_with_Sensor_v1.c"
"File: Shoot_with_Sensor_v1.c  Assembler  Version HGASM0202      Page 4

  14  0004  0F03        	mov a,3
  14  0005  00BB        	mov [59],a
  16  0006              #line 16 "D:\Wade\Project\Tennis_Ball_Machine\Firmware\Shoot_with_Sensor_v1\Shoot_with_Sensor_v1.c"
  16  0006              	fcall _Timer_setup
  17  000D              #line 17 "D:\Wade\Project\Tennis_Ball_Machine\Firmware\Shoot_with_Sensor_v1\Shoot_with_Sensor_v1.c"
  17  000D  B1B9 0001   	lset [313].3
  19  000F              #line 19 "D:\Wade\Project\Tennis_Ball_Machine\Firmware\Shoot_with_Sensor_v1\Shoot_with_Sensor_v1.c"
  19  000F  3215        	set [21].4
  20  0010              #line 20 "D:\Wade\Project\Tennis_Ball_Machine\Firmware\Shoot_with_Sensor_v1\Shoot_with_Sensor_v1.c"
  20  0010  3216        	set [22].4
  22  0011              #line 22 "D:\Wade\Project\Tennis_Ball_Machine\Firmware\Shoot_with_Sensor_v1\Shoot_with_Sensor_v1.c"
  22  0011  0FD2        	mov a,210
  22  0012  80BD 0001   	lmov [317],a
  22  0014  9F3E 0001   	lclr [318]
  22  0016              _L10:
  26  0016              #line 26 "D:\Wade\Project\Tennis_Ball_Machine\Firmware\Shoot_with_Sensor_v1\Shoot_with_Sensor_v1.c"
  26  0016  3E14        	sz [20].4
  26  0017  2800     R  	jmp _L10
  28  0018              #line 28 "D:\Wade\Project\Tennis_Ball_Machine\Firmware\Shoot_with_Sensor_v1\Shoot_with_Sensor_v1.c"
  28  0018  0FBE        	mov a,190
  28  0019  80BD 0001   	lmov [317],a
  28  001B  9F3E 0001   	lclr [318]
  29  001D              #line 29 "D:\Wade\Project\Tennis_Ball_Machine\Firmware\Shoot_with_Sensor_v1\Shoot_with_Sensor_v1.c"
  29  001D  0F10        	mov a,16
  29  001E  0080     R  	mov _delay_2[0],a
  29  001F  0F27        	mov a,39
  29  0020  0080     R  	mov _delay_2[1],a
  29  0021              	fcall _delay
  30  0028              #line 30 "D:\Wade\Project\Tennis_Ball_Machine\Firmware\Shoot_with_Sensor_v1\Shoot_with_Sensor_v1.c"
  30  0028  0FD2        	mov a,210
  30  0029  80BD 0001   	lmov [317],a
  30  002B  9F3E 0001   	lclr [318]
  31  002D              #line 31 "D:\Wade\Project\Tennis_Ball_Machine\Firmware\Shoot_with_Sensor_v1\Shoot_with_Sensor_v1.c"
  31  002D  0FB8        	mov a,-72
  31  002E  0080     R  	mov _delay_2[0],a
  31  002F  0F0B        	mov a,11
  31  0030  0080     R  	mov _delay_2[1],a
  31  0031              	fcall _delay
  31  0038  2800     R  	jmp _L10
  31  0039  2800     R  	jmp $
  31  003A              _main endp
  31  003A              
  31  003A              @dummy endp
  31  003A              
  31  003A              #line 31 "D:\Wade\Project\Tennis_Ball_Machine\Firmware\Shoot_with_Sensor_v1\Shoot_with_Sensor_v1.c"
  31  003A              #pragma debug scope 1 1
  31  003A              #pragma debug struct_end
  31  003A              #pragma debug struct_end
  31  003A              #pragma debug union_end
  31  003A              #pragma debug union_end
  31  003A              #pragma debug variable 43 1 ___pa "__pa" 1
  31  003A              #pragma debug struct_end
  31  003A              #pragma debug struct_end
  31  003A              #pragma debug union_end
  31  003A              #pragma debug union_end
  31  003A              #pragma debug variable 45 1 ___pac "__pac" 1
  31  003A              #pragma debug struct_end
  31  003A              #pragma debug struct_end
  31  003A              #pragma debug union_end
  31  003A              #pragma debug union_end
"File: Shoot_with_Sensor_v1.c  Assembler  Version HGASM0202      Page 5

  31  003A              #pragma debug variable 47 1 ___papu "__papu" 1
  31  003A              #pragma debug struct_end
  31  003A              #pragma debug struct_end
  31  003A              #pragma debug union_end
  31  003A              #pragma debug union_end
  31  003A              #pragma debug variable 49 1 ___scc "__scc" 1
  31  003A              #pragma debug struct_end
  31  003A              #pragma debug struct_end
  31  003A              #pragma debug union_end
  31  003A              #pragma debug union_end
  31  003A              #pragma debug variable 51 1 ___hircc "__hircc" 1
  31  003A              #pragma debug struct_end
  31  003A              #pragma debug struct_end
  31  003A              #pragma debug union_end
  31  003A              #pragma debug union_end
  31  003A              #pragma debug variable 53 1 ___wdtc "__wdtc" 1
  31  003A              #pragma debug struct_end
  31  003A              #pragma debug struct_end
  31  003A              #pragma debug union_end
  31  003A              #pragma debug union_end
  31  003A              #pragma debug variable 55 1 ___stm2c0 "__stm2c0" 1
  31  003A              #pragma debug struct_end
  31  003A              #pragma debug struct_end
  31  003A              #pragma debug union_end
  31  003A              #pragma debug union_end
  31  003A              #pragma debug variable 57 1 ___stm2c1 "__stm2c1" 1
  31  003A              #pragma debug variable 8 1 ___stm2al "__stm2al" 1
  31  003A              #pragma debug variable 8 1 ___stm2ah "__stm2ah" 1
  31  003A              #pragma debug struct_end
  31  003A              #pragma debug struct_end
  31  003A              #pragma debug union_end
  31  003A              #pragma debug union_end
  31  003A              #pragma debug variable 59 1 ___stm2rp "__stm2rp" 1
  31  003A              #pragma debug struct_end
  31  003A              #pragma debug struct_end
  31  003A              #pragma debug union_end
  31  003A              #pragma debug union_end
  31  003A              #pragma debug variable 61 1 ___pfs1 "__pfs1" 1
  11  003A              #line 11 "D:\Wade\Project\Tennis_Ball_Machine\Firmware\Shoot_with_Sensor_v1\Shoot_with_Sensor_v1.c"
  11  0000              @code .section at 0 'code'
  11  0000  1F0B        	clr bp
  11  0001  2800     R  	jmp _main_startup1
  11  0002              
  11  0002              
  11  0002              ; 
  11  0002              ; Generated by holtek-gcc v3.19, Tue Oct 25 10:56:35 2022
  11  0002              ; Rebuild 718
  11  0002              ; end of file


        0 Errors, 0