"File: Shot_Motor_v1.c  Assembler  Version HGASM0202      Page 1


   1  0000              ; Generated by holtek-gcc v3.19, Wed Apr 20 12:33:31 2022
   2  0000              ; 
   3  0000              ; Configuration:
   4  0000              ;       with long instruction
   5  0000              ;       Multi-ROM, Multi-RAM
   6  0000              ;       bits_per_rom_unit:16
   7  0000              ;       with mp1
   8  0000              ;       with tbhp, address(0x9)
   9  0000              ;          Use tabrd-const
  10  0000              ;       
  11  0000              ; SFR address of long-instruction arch:
  12  0000              ;    mp0 = -1,1,0
  13  0000              ;    mp1 = 4,3,2
  14  0000              ;    mp2 = 14,13,12
  15  0000              ;    tbp = 9,7,8
  16  0000              ;    acc = 5
  17  0000              ;    pcl = 6
  18  0000              ;    status = 10
  19  0000              ;    bp = 11
  20  0000              ;    intc = 16
  21  0000              ;       
  22  0000              ;       
  23  0000              ; use 'tabrdc' instead of 'tabrd'
  24  0000              ;       
  25  0000              
  26  0000              #pragma translator "holtek-gcc 4.6.4" "3.19" "build 20130711"
  27  0000              ; Rebuild 718
  28  0000              
  29  0000              ir equ [2]
  30  0000              mp equ [3]
  31  0000              sbp equ [4]
  32  0000              acc equ [5]
  33  0000              bp equ [11]
  34  0000              tblp equ [7]
  35  0000              tbhp equ [9]
  36  0000              status equ [10]
  37  0000              c equ [10].0
  38  0000              ac equ [10].1
  39  0000              z equ [10].2
  40  0000              ov equ [10].3
  41  0000              cz equ [10].6
  42  0000              sc equ [10].7
  43  0000              intc equ [16]
  44  0000              mduwr0 equ [59h]
  45  0000              mduwr1 equ [5ah]
  46  0000              mduwr2 equ [5bh]
  47  0000              mduwr3 equ [5ch]
  48  0000              mduwr4 equ [5dh]
  49  0000              mduwr5 equ [5eh]
  50  0000              mduwrctrl equ [5fh]
  51  0000              
  52  0000              extern ra:byte
  53  0000              extern rb:byte
  54  0000              extern rc:byte
  55  0000              extern rd:byte
  56  0000              extern re:byte
  57  0000              extern rf:byte
  58  0000              extern rg:byte
  59  0000              extern rh:byte
"File: Shot_Motor_v1.ASM  Assembler  Version HGASM0202      Page 2

  60  0000              extern _Crom2Prom:near
  61  0000              extern _Crom2PromNext:near
  62  0000              
  63  0000              RAMBANK 0 @BITDATASEC, @BITDATASEC1
  64  0000              @HCCINIT	.section 'data'
  65  0000              @HCCINIT0	.section 'data'
  66  0000              @BITDATASEC	 .section 'data'
  67  0000              @BITDATASEC1	 .section 'data'
  68  0000              
  69  0000              #pragma debug scope 1 1
  70  0000              	extern __DELAY3:near
  71  0000              	extern __DELAYX3:near
  72  0000              	extern __DELAYX6:near
  73  0000              	extern __DELAYY5:near
  74  0000              	extern __DELAYY3:near
  75  0000              	extern _builtin_holtek_delay_2:byte
  76  0000              ___stm0c0 equ [78]
  77  0000              ___stm0c1 equ [79]
  78  0000              ___stm0rp equ [84]
  79  0000              ___stm0al equ [82]
  80  0000              ___stm0ah equ [83]
  81  0000              ___stm1c0 equ [306]
  82  0000              ___stm1c1 equ [307]
  83  0000              ___stm1rp equ [312]
  84  0000              ___stm1al equ [310]
  85  0000              ___stm1ah equ [311]
  86  0000              ___pcs1 equ [338]
  87  0000              ___pds0 equ [339]
  88  0000              public _stm_setup
  89  0000              #pragma debug scope 2 1

  75  0000              #line 75 "D:\Wade\Project\Tennis_Ball_Machine\Firmware\Shot_Motor_v1\Shot_Motor_v1.c"
  75  0000              _stm_setup .section 'code'
  75  0000              _stm_setup proc
  77  0000              #line 77 "D:\Wade\Project\Tennis_Ball_Machine\Firmware\Shot_Motor_v1\Shot_Motor_v1.c"
  77  0000  0F20        	mov a,32
  77  0001  00CE        	mov [78],a
  78  0002              #line 78 "D:\Wade\Project\Tennis_Ball_Machine\Firmware\Shot_Motor_v1\Shot_Motor_v1.c"
  78  0002  0FA8        	mov a,168
  78  0003  00CF        	mov [79],a
  79  0004              #line 79 "D:\Wade\Project\Tennis_Ball_Machine\Firmware\Shot_Motor_v1\Shot_Motor_v1.c"
  79  0004  0F02        	mov a,2
  79  0005  00D4        	mov [84],a
  80  0006              #line 80 "D:\Wade\Project\Tennis_Ball_Machine\Firmware\Shot_Motor_v1\Shot_Motor_v1.c"
  80  0006  1F52        	clr [82]
  80  0007  1F53        	clr [83]
  83  0008              #line 83 "D:\Wade\Project\Tennis_Ball_Machine\Firmware\Shot_Motor_v1\Shot_Motor_v1.c"
  83  0008  0F20        	mov a,32
  83  0009  80B2 0001   	lmov [306],a
  84  000B              #line 84 "D:\Wade\Project\Tennis_Ball_Machine\Firmware\Shot_Motor_v1\Shot_Motor_v1.c"
  84  000B  0FA8        	mov a,168
  84  000C  80B3 0001   	lmov [307],a
  85  000E              #line 85 "D:\Wade\Project\Tennis_Ball_Machine\Firmware\Shot_Motor_v1\Shot_Motor_v1.c"
  85  000E  0F02        	mov a,2
  85  000F  80B8 0001   	lmov [312],a
  86  0011              #line 86 "D:\Wade\Project\Tennis_Ball_Machine\Firmware\Shot_Motor_v1\Shot_Motor_v1.c"
  86  0011  9F36 0001   	lclr [310]
  86  0013  9F37 0001   	lclr [311]
  88  0015              #line 88 "D:\Wade\Project\Tennis_Ball_Machine\Firmware\Shot_Motor_v1\Shot_Motor_v1.c"
  88  0015  0F20        	mov a,32
"File: Shot_Motor_v1.c  Assembler  Version HGASM0202      Page 3

  88  0016  80D2 0001   	lmov [338],a
  89  0018              #line 89 "D:\Wade\Project\Tennis_Ball_Machine\Firmware\Shot_Motor_v1\Shot_Motor_v1.c"
  89  0018  0F02        	mov a,2
  89  0019  80D3 0001   	lmov [339],a
  89  001B  0003        	ret
  89  001C              _stm_setup endp
  89  001C              #line 89 "D:\Wade\Project\Tennis_Ball_Machine\Firmware\Shot_Motor_v1\Shot_Motor_v1.c"
  89  001C              #pragma debug scope 1 1
  89  001C              ___pas1 equ [334]
  89  001C              ___u0cr1 equ [273]
  89  001C              ___u0cr2 equ [274]
  89  001C              ___brg0 equ [276]
  89  001C              ___mfi5 equ [56]
  89  001C              ___intc3 equ [19]
  89  001C              ___intc0 equ [16]
  89  001C              public _UART_Setup
  89  001C              #pragma debug scope 3 1
  99  001C              #line 99 "D:\Wade\Project\Tennis_Ball_Machine\Firmware\Shot_Motor_v1\Shot_Motor_v1.c"
  99  0000              _UART_Setup .section 'code'
  99  0000              _UART_Setup proc
 100  0000              #line 100 "D:\Wade\Project\Tennis_Ball_Machine\Firmware\Shot_Motor_v1\Shot_Motor_v1.c"
 100  0000  0FF0        	mov a,240
 100  0001  80CE 0001   	lmov [334],a
 101  0003              #line 101 "D:\Wade\Project\Tennis_Ball_Machine\Firmware\Shot_Motor_v1\Shot_Motor_v1.c"
 101  0003  0F80        	mov a,128
 101  0004  8091 0001   	lmov [273],a
 102  0006              #line 102 "D:\Wade\Project\Tennis_Ball_Machine\Firmware\Shot_Motor_v1\Shot_Motor_v1.c"
 102  0006  0FC4        	mov a,196
 102  0007  8092 0001   	lmov [274],a
 103  0009              #line 103 "D:\Wade\Project\Tennis_Ball_Machine\Firmware\Shot_Motor_v1\Shot_Motor_v1.c"
 103  0009  0F0C        	mov a,12
 103  000A  8094 0001   	lmov [276],a
 104  000C              #line 104 "D:\Wade\Project\Tennis_Ball_Machine\Firmware\Shot_Motor_v1\Shot_Motor_v1.c"
 104  000C  3038        	set [56].0
 105  000D              #line 105 "D:\Wade\Project\Tennis_Ball_Machine\Firmware\Shot_Motor_v1\Shot_Motor_v1.c"
 105  000D  3638        	clr [56].4
 106  000E              #line 106 "D:\Wade\Project\Tennis_Ball_Machine\Firmware\Shot_Motor_v1\Shot_Motor_v1.c"
 106  000E  3193        	set [19].3
 107  000F              #line 107 "D:\Wade\Project\Tennis_Ball_Machine\Firmware\Shot_Motor_v1\Shot_Motor_v1.c"
 107  000F  3010        	set [16].0
 107  0010  0003        	ret
 107  0011              _UART_Setup endp
 107  0011              #line 107 "D:\Wade\Project\Tennis_Ball_Machine\Firmware\Shot_Motor_v1\Shot_Motor_v1.c"
 107  0011              #pragma debug scope 1 1
 107  0011              ___u0sr equ [272]
 107  0011              ___txr_rxr0 equ [275]
 107  0011              public _Read_Data
 107  0011              #pragma debug scope 4 1
 111  0011              #line 111 "D:\Wade\Project\Tennis_Ball_Machine\Firmware\Shot_Motor_v1\Shot_Motor_v1.c"
 111  0000              _Read_Data .section 'code'
 111  0000              _Read_Data proc
 111  0000              _L5:
 112  0000              #line 112 "D:\Wade\Project\Tennis_Ball_Machine\Firmware\Shot_Motor_v1\Shot_Motor_v1.c"
 112  0000  B990 0001   	lsnz [272].3
 112  0002  2800     R  	jmp _L5
 113  0003              #line 113 "D:\Wade\Project\Tennis_Ball_Machine\Firmware\Shot_Motor_v1\Shot_Motor_v1.c"
 113  0003  0700     R  	mov a,_kn[0]
 113  0004  0080     E  	mov rb,a
 113  0005  0700     R  	mov a,_kn[1]
 113  0006  0080     E  	mov rc,a
"File: Shot_Motor_v1.c  Assembler  Version HGASM0202      Page 4

 113  0007  8713 0001   	lmov a,[275]
 113  0009  0080     E  	mov ra,a
 113  000A  0F00     R  	mov a,low offset _R_Data
 113  000B  0300     E  	add a,rb
 113  000C  0083        	mov mp,a
 113  000D  0F00     R  	mov a,high offset _R_Data
 113  000E  1300     E  	adc a,rc
 113  000F  0084        	mov sbp,a
 113  0010  0700     E  	mov a,ra
 113  0011  0082        	mov ir,a
 114  0012              #line 114 "D:\Wade\Project\Tennis_Ball_Machine\Firmware\Shot_Motor_v1\Shot_Motor_v1.c"
 114  0012  0700     E  	mov a,ra
 114  0013  0A2F        	sub a,47
 114  0014  3D0A        	sz z
 114  0015  2800     R  	jmp _L6
 114  0016  0F09        	mov a,9
 114  0017  0200     E  	sub a,rb
 114  0018  0F00        	mov a,0
 114  0019  1200     E  	sbc a,rc
 114  001A  3C0A        	sz c
 114  001B  2800     R  	jmp _L7
 114  001C              _L6:
 114  001C  1F00     R  	clr _kn[0]
 114  001D  1F00     R  	clr _kn[1]
 114  001E  2800     R  	jmp _L3
 114  001F              _L7:
 115  001F              #line 115 "D:\Wade\Project\Tennis_Ball_Machine\Firmware\Shot_Motor_v1\Shot_Motor_v1.c"
 115  001F  0F01        	mov a,1
 115  0020  0300     E  	add a,rb
 115  0021  0080     R  	mov _kn[0],a
 115  0022  0F00        	mov a,0
 115  0023  1300     E  	adc a,rc
 115  0024  0080     R  	mov _kn[1],a
 115  0025              _L3:
 115  0025  0003        	ret
 115  0026              _Read_Data endp
 115  0026              #line 115 "D:\Wade\Project\Tennis_Ball_Machine\Firmware\Shot_Motor_v1\Shot_Motor_v1.c"
 115  0026              #pragma debug scope 1 1
 115  0026              public _Uart_R
 115  0026              #pragma debug scope 5 1
  93  0026              #line 93 "D:\Wade\Project\Tennis_Ball_Machine\Firmware\Shot_Motor_v1\Shot_Motor_v1.c"
  93  0026              rombank 0 @Uart_R_code
  93  0000              @Uart_R_code .section at 60 'code'
  93  0000  0080     E  	mov r1,a
  93  0001  070B        	mov a,bp
  93  0002  1F0B        	clr bp
  93  0003  2800     R  	jmp _Uart_R
  93  0004              ROMBANK 0 _Uart_R
  93  0004              #pragma debug scope 1 1
  93  0004              @dummy60 endp
  93  0004              #pragma debug scope 6 1
  93  0000              _Uart_R .section 'code'
  93  0000              _Uart_R proc
  93  0000  0080     E  	mov r2,a
  93  0001  070A        	mov a, status
  93  0002  0080     E  	mov r3,a
  93  0003  0703        	mov a,mp
  93  0004  0080     E  	mov r4,a
  93  0005  0704        	mov a,sbp
  93  0006  0080     E  	mov r5,a
"File: Shot_Motor_v1.c  Assembler  Version HGASM0202      Page 5

  93  0007  0707        	mov a,tblp
  93  0008  0080     E  	mov r6,a
  93  0009  0709        	mov a,tbhp
  93  000A  0080     E  	mov r7,a
  94  000B              #line 94 "D:\Wade\Project\Tennis_Ball_Machine\Firmware\Shot_Motor_v1\Shot_Motor_v1.c"
  94  000B              	fcall _Read_Data
  95  0012              #line 95 "D:\Wade\Project\Tennis_Ball_Machine\Firmware\Shot_Motor_v1\Shot_Motor_v1.c"
  95  0012  3638        	clr [56].4
  95  0013  0700     E  	mov a,r2
  95  0014  008B        	mov bp,a
  95  0015  0700     E  	mov a,r3
  95  0016  008A        	mov status,a
  95  0017  0700     E  	mov a,r4
  95  0018  0083        	mov mp,a
  95  0019  0700     E  	mov a,r5
  95  001A  0084        	mov sbp,a
  95  001B  0700     E  	mov a,r6
  95  001C  0087        	mov tblp,a
  95  001D  0700     E  	mov a,r7
  95  001E  0089        	mov tbhp,a
  95  001F  1D05        	tabrdc acc
  95  0020  0700     E  	mov a,r1
  95  0021  0004        	reti
  95  0022              _Uart_R endp
  95  0022              
  95  0022              #line 95 "D:\Wade\Project\Tennis_Ball_Machine\Firmware\Shot_Motor_v1\Shot_Motor_v1.c"
  95  0022              #pragma debug scope 1 1
  95  0022              public _delay
  95  0022              #pragma debug scope 7 1
 119  0022              #line 119 "D:\Wade\Project\Tennis_Ball_Machine\Firmware\Shot_Motor_v1\Shot_Motor_v1.c"
 119  0000              _delay .section 'code'
 119  0000              _delay proc
 119  0000              public _delay_2
 119  0000  0002[           local _delay_2 db 2 dup(?)	; 2,0
            00
            ]
 119  0002              #pragma debug variable 10 7 _delay_2+0 "dev"
 121  0002              #line 121 "D:\Wade\Project\Tennis_Ball_Machine\Firmware\Shot_Motor_v1\Shot_Motor_v1.c"
 121  0000  1F00     E  	clr rb
 121  0001  1F00     E  	clr rc
 121  0002              _L15:
 121  0002              #line 121 "D:\Wade\Project\Tennis_Ball_Machine\Firmware\Shot_Motor_v1\Shot_Motor_v1.c"
 121  0002  0700     E  	mov a,rb
 121  0003  0200     R  	sub a,_delay_2[0]
 121  0004  0700     E  	mov a,rc
 121  0005  1200     R  	sbc a,_delay_2[1]
 121  0006  3F0A        	sz cz
 121  0007  2800     R  	jmp _L14
 121  0008  1F00     E  	clr ra
 121  0009              _L18:
 123  0009              #line 123 "D:\Wade\Project\Tennis_Ball_Machine\Firmware\Shot_Motor_v1\Shot_Motor_v1.c"
 123  0009              ;# 123 "D:\Wade\Project\Tennis_Ball_Machine\Firmware\Shot_Motor_v1\Shot_Motor_v1.c" 1
 123  0009  0000        	nop
 123  000A  1480     E  	inc ra
 122  000B              #line 122 "D:\Wade\Project\Tennis_Ball_Machine\Firmware\Shot_Motor_v1\Shot_Motor_v1.c"
 122  000B  0700     E  	mov a,ra
 122  000C  0A19        	sub a,25
 122  000D  390A        	snz z
 122  000E  2800     R  	jmp _L18
 121  000F              #line 121 "D:\Wade\Project\Tennis_Ball_Machine\Firmware\Shot_Motor_v1\Shot_Motor_v1.c"
"File: Shot_Motor_v1.c  Assembler  Version HGASM0202      Page 6

 121  000F  1480     E  	inc rb
 121  0010  3D0A        	sz z
 121  0011  1480     E  	inc rc
 121  0012  2800     R  	jmp _L15
 121  0013              _L14:
 121  0013  0003        	ret
 121  0014              _delay endp
 121  0014              #line 121 "D:\Wade\Project\Tennis_Ball_Machine\Firmware\Shot_Motor_v1\Shot_Motor_v1.c"
 121  0014              #pragma debug scope 1 1
 121  0014              ___wdtc equ [62]
 121  0014              ___pcc equ [28]
 121  0014              ___pc equ [27]
 121  0014              public _main
 121  0014              #pragma debug scope 8 1
  25  0014              #line 25 "D:\Wade\Project\Tennis_Ball_Machine\Firmware\Shot_Motor_v1\Shot_Motor_v1.c"
  25  0014              IFDEF WITH_DEFAULT_STARTUP
  25  0014              extern _main_initial0:near
  25  0014              extern _main_startup:near
  25  0014              ENDIF
  25  0014              
  25  0014              ROMBANK 0 @start
  25  0000              @start .section com_l 'code'
  25  0000              _main_startup1:
  25  0000              @start .section com_e 'code'
  25  0000  0F00     R  	mov a,bank _main
  25  0001  008B        	mov bp,a
  25  0002  2800     R  	jmp _main
  25  0003              
  25  0000              _main .section 'code'
  25  0000              _main proc
  25  0000  00              local _main_2 db 1 dup(?)
  26  0001              #line 26 "D:\Wade\Project\Tennis_Ball_Machine\Firmware\Shot_Motor_v1\Shot_Motor_v1.c"
  26  0000  0FAB        	mov a,171
  26  0001  00BE        	mov [62],a
  28  0002              #line 28 "D:\Wade\Project\Tennis_Ball_Machine\Firmware\Shot_Motor_v1\Shot_Motor_v1.c"
  28  0002              	fcall _UART_Setup
  30  0009              #line 30 "D:\Wade\Project\Tennis_Ball_Machine\Firmware\Shot_Motor_v1\Shot_Motor_v1.c"
  30  0009              	fcall _stm_setup
  31  0010              #line 31 "D:\Wade\Project\Tennis_Ball_Machine\Firmware\Shot_Motor_v1\Shot_Motor_v1.c"
  31  0010  31CE        	set [78].3
  32  0011              #line 32 "D:\Wade\Project\Tennis_Ball_Machine\Firmware\Shot_Motor_v1\Shot_Motor_v1.c"
  32  0011  B1B2 0001   	lset [306].3
  34  0013              #line 34 "D:\Wade\Project\Tennis_Ball_Machine\Firmware\Shot_Motor_v1\Shot_Motor_v1.c"
  34  0013  341C        	clr [28].0
  35  0014              #line 35 "D:\Wade\Project\Tennis_Ball_Machine\Firmware\Shot_Motor_v1\Shot_Motor_v1.c"
  35  0014  349C        	clr [28].1
  36  0015              #line 36 "D:\Wade\Project\Tennis_Ball_Machine\Firmware\Shot_Motor_v1\Shot_Motor_v1.c"
  36  0015  341B        	clr [27].0
  37  0016              #line 37 "D:\Wade\Project\Tennis_Ball_Machine\Firmware\Shot_Motor_v1\Shot_Motor_v1.c"
  37  0016  349B        	clr [27].1
  39  0017              #line 39 "D:\Wade\Project\Tennis_Ball_Machine\Firmware\Shot_Motor_v1\Shot_Motor_v1.c"
  39  0017  351C        	clr [28].2
  40  0018              #line 40 "D:\Wade\Project\Tennis_Ball_Machine\Firmware\Shot_Motor_v1\Shot_Motor_v1.c"
  40  0018  359C        	clr [28].3
  41  0019              #line 41 "D:\Wade\Project\Tennis_Ball_Machine\Firmware\Shot_Motor_v1\Shot_Motor_v1.c"
  41  0019  351B        	clr [27].2
  42  001A              #line 42 "D:\Wade\Project\Tennis_Ball_Machine\Firmware\Shot_Motor_v1\Shot_Motor_v1.c"
  42  001A  359B        	clr [27].3
  44  001B              #line 44 "D:\Wade\Project\Tennis_Ball_Machine\Firmware\Shot_Motor_v1\Shot_Motor_v1.c"
  44  001B  0F2C        	mov a,44
"File: Shot_Motor_v1.c  Assembler  Version HGASM0202      Page 7

  44  001C  00D2        	mov [82],a
  44  001D  0F01        	mov a,1
  44  001E  00D3        	mov [83],a
  45  001F              #line 45 "D:\Wade\Project\Tennis_Ball_Machine\Firmware\Shot_Motor_v1\Shot_Motor_v1.c"
  45  001F  0F2C        	mov a,44
  45  0020  80B6 0001   	lmov [310],a
  45  0022  0F01        	mov a,1
  45  0023  80B7 0001   	lmov [311],a
  45  0025              _L20:
  51  0025              #line 51 "D:\Wade\Project\Tennis_Ball_Machine\Firmware\Shot_Motor_v1\Shot_Motor_v1.c"
  51  0025  0700     R  	mov a,_R_Data[0]
  51  0026  0080     R  	mov _main_2[0],a
  51  0027  0700     R  	mov a,_main_2[0]
  51  0028  0A46        	sub a,70
  51  0029  390A        	snz z
  51  002A  2800     R  	jmp _L21
  53  002B              #line 53 "D:\Wade\Project\Tennis_Ball_Machine\Firmware\Shot_Motor_v1\Shot_Motor_v1.c"
  53  002B  0F30        	mov a,48
  53  002C  0300     R  	add a,_R_Data[3]
  53  002D  0080     E  	mov rf,a
  53  002E  0FEB        	mov a,235
  53  002F  1F00     E  	clr rg
  53  0030  1380     E  	adcm a,rg
  53  0031  1B10        	rrca intc
  53  0032  3410        	clr intc.0
  53  0033  0700     R  	mov a,_R_Data[1]
  53  0034  00D9        	mov mduwr0,a
  53  0035  0F64        	mov a,100
  53  0036  00DD        	mov mduwr4,a
  53  0037  1F5A        	clr mduwr1
  53  0038  0F00        	mov a,0
  53  0039  00DE        	mov mduwr5,a
  53  003A  0F06        	mov a,6
  53  003B              _LI1:
  53  003B  1785        	sdz acc
  53  003C  2800     R  	jmp _LI1
  53  003D  0759        	mov a,mduwr0
  53  003E  0080     E  	mov rb,a
  53  003F  075A        	mov a,mduwr1
  53  0040  0080     E  	mov rc,a
  53  0041  3C0A        	sz c
  53  0042  3010        	set intc.0
  53  0043  0700     E  	mov a,rb
  53  0044  0380     E  	addm a,rf
  53  0045  0700     E  	mov a,rc
  53  0046  1380     E  	adcm a,rg
  53  0047  0700     R  	mov a,_R_Data[2]
  53  0048  0080     E  	mov rd,a
  53  0049  1F00     E  	clr re
  53  004A  340A        	clr c
  53  004B  1A00     E  	rlca rd
  53  004C  0080     E  	mov rb,a
  53  004D  1A00     E  	rlca re
  53  004E  0080     E  	mov rc,a
  53  004F  340A        	clr c
  53  0050  1A80     E  	rlc rb
  53  0051  1A80     E  	rlc rc
  53  0052  0700     E  	mov a,rb
  53  0053  0380     E  	addm a,rd
  53  0054  0700     E  	mov a,rc
"File: Shot_Motor_v1.c  Assembler  Version HGASM0202      Page 8

  53  0055  1380     E  	adcm a,re
  53  0056  340A        	clr c
  53  0057  1A80     E  	rlc rd
  53  0058  1A80     E  	rlc re
  53  0059  0700     E  	mov a,rd
  53  005A  0300     E  	add a,rf
  53  005B  0080     E  	mov rb,a
  53  005C  0700     E  	mov a,re
  53  005D  1300     E  	adc a,rg
  53  005E  0080     E  	mov rc,a
  54  005F              #line 54 "D:\Wade\Project\Tennis_Ball_Machine\Firmware\Shot_Motor_v1\Shot_Motor_v1.c"
  54  005F  0700     E  	mov a,rb
  54  0060  00D2        	mov [82],a
  54  0061  0700     E  	mov a,rc
  54  0062  00D3        	mov [83],a
  55  0063              #line 55 "D:\Wade\Project\Tennis_Ball_Machine\Firmware\Shot_Motor_v1\Shot_Motor_v1.c"
  55  0063  0700     E  	mov a,rb
  55  0064  80B6 0001   	lmov [310],a
  55  0066  0700     E  	mov a,rc
  55  0067  80B7 0001   	lmov [311],a
  57  0069              #line 57 "D:\Wade\Project\Tennis_Ball_Machine\Firmware\Shot_Motor_v1\Shot_Motor_v1.c"
  57  0069  341B        	clr [27].0
  58  006A              #line 58 "D:\Wade\Project\Tennis_Ball_Machine\Firmware\Shot_Motor_v1\Shot_Motor_v1.c"
  58  006A  309B        	set [27].1
  59  006B              #line 59 "D:\Wade\Project\Tennis_Ball_Machine\Firmware\Shot_Motor_v1\Shot_Motor_v1.c"
  59  006B  311B        	set [27].2
  59  006C  2800     R  	jmp _L23
  59  006D              _L21:
  63  006D              #line 63 "D:\Wade\Project\Tennis_Ball_Machine\Firmware\Shot_Motor_v1\Shot_Motor_v1.c"
  63  006D  0700     R  	mov a,_main_2[0]
  63  006E  0A53        	sub a,83
  63  006F  390A        	snz z
  63  0070  2800     R  	jmp _L20
  65  0071              #line 65 "D:\Wade\Project\Tennis_Ball_Machine\Firmware\Shot_Motor_v1\Shot_Motor_v1.c"
  65  0071  341B        	clr [27].0
  66  0072              #line 66 "D:\Wade\Project\Tennis_Ball_Machine\Firmware\Shot_Motor_v1\Shot_Motor_v1.c"
  66  0072  349B        	clr [27].1
  67  0073              #line 67 "D:\Wade\Project\Tennis_Ball_Machine\Firmware\Shot_Motor_v1\Shot_Motor_v1.c"
  67  0073  351B        	clr [27].2
  67  0074              _L23:
  68  0074              #line 68 "D:\Wade\Project\Tennis_Ball_Machine\Firmware\Shot_Motor_v1\Shot_Motor_v1.c"
  68  0074  359B        	clr [27].3
  69  0075              #line 69 "D:\Wade\Project\Tennis_Ball_Machine\Firmware\Shot_Motor_v1\Shot_Motor_v1.c"
  69  0075  0F01        	mov a,1
  69  0076  0080     R  	mov _delay_2[0],a
  69  0077  1F00     R  	clr _delay_2[1]
  69  0078              	fcall _delay
  69  007F  2800     R  	jmp _L20
  69  0080  2800     R  	jmp $
  69  0081              _main endp
  69  0081              
  69  0081              @dummy endp
  69  0081              
  69  0081              #line 69 "D:\Wade\Project\Tennis_Ball_Machine\Firmware\Shot_Motor_v1\Shot_Motor_v1.c"
  69  0081              #pragma debug scope 1 1
  69  0081              public _kn
  69  0000              @HCCINIT	.section 'data'
   7  0000              #line 7 "D:\Wade\Project\Tennis_Ball_Machine\Firmware\Shot_Motor_v1\Shot_Motor_v1.c"
   7  0000              @HCCINIT_kn .section 'data'
   7  0000              _kn label byte
"File: Shot_Motor_v1.c  Assembler  Version HGASM0202      Page 9

   7  0000              #pragma debug variable 10 1 _kn "kn"
   7  0000              	db 0
   7  0000              @ROMDATA_BASE .section inpage 'code'
   7  0000              	db 0
   7  0001              @HCCINIT_kn .section 'data'
   7  0001              	db 0
   7  0001              @ROMDATA_BASE .section inpage 'code'
   7  0001              	db 0
   7  0002              @HCCINIT_kn .section 'data'
   6  0002              #line 6 "D:\Wade\Project\Tennis_Ball_Machine\Firmware\Shot_Motor_v1\Shot_Motor_v1.c"
   6  0002              public _Data
   6  0000              @HCCINIT0_Data .section 'data'
   6  0000  000A[       _Data	db 10 dup(0)
            00
            ]
   6  000A              #pragma debug array 42 8 10 1
   6  000A              #pragma debug array 42 8 10 1
   6  000A              #pragma debug variable 42 1 _Data "Data"
   6  000A              
   6  0000              @HCCINIT .section 'data'
   5  0000              #line 5 "D:\Wade\Project\Tennis_Ball_Machine\Firmware\Shot_Motor_v1\Shot_Motor_v1.c"
   5  0000              public _R_Data
   5  0000              @HCCINIT0_R_Data .section 'data'
   5  0000  000A[       _R_Data	db 10 dup(0)
            00
            ]
   5  000A              #pragma debug variable 42 1 _R_Data "R_Data"
   5  000A              
   5  0000              @HCCINIT .section 'data'
   5  0000              #pragma debug struct_end
   5  0000              #pragma debug struct_end
   5  0000              #pragma debug union_end
   5  0000              #pragma debug union_end
   5  0000              #pragma debug variable 44 1 ___intc0 "__intc0" 1
   5  0000              #pragma debug struct_end
   5  0000              #pragma debug struct_end
   5  0000              #pragma debug union_end
   5  0000              #pragma debug union_end
   5  0000              #pragma debug variable 46 1 ___intc3 "__intc3" 1
   5  0000              #pragma debug struct_end
   5  0000              #pragma debug struct_end
   5  0000              #pragma debug union_end
   5  0000              #pragma debug union_end
   5  0000              #pragma debug variable 48 1 ___pc "__pc" 1
   5  0000              #pragma debug struct_end
   5  0000              #pragma debug struct_end
   5  0000              #pragma debug union_end
   5  0000              #pragma debug union_end
   5  0000              #pragma debug variable 50 1 ___pcc "__pcc" 1
   5  0000              #pragma debug struct_end
   5  0000              #pragma debug struct_end
   5  0000              #pragma debug union_end
   5  0000              #pragma debug union_end
   5  0000              #pragma debug variable 52 1 ___mfi5 "__mfi5" 1
   5  0000              #pragma debug struct_end
   5  0000              #pragma debug struct_end
   5  0000              #pragma debug union_end
   5  0000              #pragma debug union_end
   5  0000              #pragma debug variable 54 1 ___wdtc "__wdtc" 1
   5  0000              #pragma debug struct_end
"File: Shot_Motor_v1.c  Assembler  Version HGASM0202      Page 10

   5  0000              #pragma debug struct_end
   5  0000              #pragma debug union_end
   5  0000              #pragma debug union_end
   5  0000              #pragma debug variable 56 1 ___stm0c0 "__stm0c0" 1
   5  0000              #pragma debug struct_end
   5  0000              #pragma debug struct_end
   5  0000              #pragma debug union_end
   5  0000              #pragma debug union_end
   5  0000              #pragma debug variable 58 1 ___stm0c1 "__stm0c1" 1
   5  0000              #pragma debug variable 8 1 ___stm0al "__stm0al" 1
   5  0000              #pragma debug variable 8 1 ___stm0ah "__stm0ah" 1
   5  0000              #pragma debug struct_end
   5  0000              #pragma debug struct_end
   5  0000              #pragma debug union_end
   5  0000              #pragma debug union_end
   5  0000              #pragma debug variable 60 1 ___stm0rp "__stm0rp" 1
   5  0000              #pragma debug struct_end
   5  0000              #pragma debug struct_end
   5  0000              #pragma debug union_end
   5  0000              #pragma debug union_end
   5  0000              #pragma debug variable 62 1 ___u0sr "__u0sr" 1
   5  0000              #pragma debug struct_end
   5  0000              #pragma debug struct_end
   5  0000              #pragma debug union_end
   5  0000              #pragma debug union_end
   5  0000              #pragma debug variable 64 1 ___u0cr1 "__u0cr1" 1
   5  0000              #pragma debug struct_end
   5  0000              #pragma debug struct_end
   5  0000              #pragma debug union_end
   5  0000              #pragma debug union_end
   5  0000              #pragma debug variable 66 1 ___u0cr2 "__u0cr2" 1
   5  0000              #pragma debug variable 8 1 ___txr_rxr0 "__txr_rxr0" 1
   5  0000              #pragma debug variable 8 1 ___brg0 "__brg0" 1
   5  0000              #pragma debug struct_end
   5  0000              #pragma debug struct_end
   5  0000              #pragma debug union_end
   5  0000              #pragma debug union_end
   5  0000              #pragma debug variable 68 1 ___stm1c0 "__stm1c0" 1
   5  0000              #pragma debug struct_end
   5  0000              #pragma debug struct_end
   5  0000              #pragma debug union_end
   5  0000              #pragma debug union_end
   5  0000              #pragma debug variable 70 1 ___stm1c1 "__stm1c1" 1
   5  0000              #pragma debug variable 8 1 ___stm1al "__stm1al" 1
   5  0000              #pragma debug variable 8 1 ___stm1ah "__stm1ah" 1
   5  0000              #pragma debug struct_end
   5  0000              #pragma debug struct_end
   5  0000              #pragma debug union_end
   5  0000              #pragma debug union_end
   5  0000              #pragma debug variable 72 1 ___stm1rp "__stm1rp" 1
   5  0000              #pragma debug struct_end
   5  0000              #pragma debug struct_end
   5  0000              #pragma debug union_end
   5  0000              #pragma debug union_end
   5  0000              #pragma debug variable 74 1 ___pas1 "__pas1" 1
   5  0000              #pragma debug struct_end
   5  0000              #pragma debug struct_end
   5  0000              #pragma debug union_end
   5  0000              #pragma debug union_end
   5  0000              #pragma debug variable 76 1 ___pcs1 "__pcs1" 1
"File: Shot_Motor_v1.c  Assembler  Version HGASM0202      Page 11

   5  0000              #pragma debug struct_end
   5  0000              #pragma debug struct_end
   5  0000              #pragma debug union_end
   5  0000              #pragma debug union_end
   5  0000              #pragma debug variable 78 1 ___pds0 "__pds0" 1
   5  0000              extern r1:byte
   5  0000              extern r2:byte
   5  0000              extern r3:byte
   5  0000              extern r4:byte
   5  0000              extern r5:byte
   5  0000              extern r6:byte
   5  0000              extern r7:byte
  25  0000              #line 25 "D:\Wade\Project\Tennis_Ball_Machine\Firmware\Shot_Motor_v1\Shot_Motor_v1.c"
  25  0000              @code .section at 0 'code'
  25  0000  1F0B        	clr bp
  25  0001  2800     R  	jmp _main_startup1
  25  0002              
  25  0002              
  25  0002              ; 
  25  0002              ; Generated by holtek-gcc v3.19, Wed Apr 20 12:33:31 2022
  25  0002              ; Rebuild 718
  25  0002              ; end of file


        0 Errors, 0