"File: DC_Motor_v1.c  Assembler  Version HGASM0202      Page 1


   1  0000              ; Generated by holtek-gcc v3.19, Tue Apr 12 17:37:48 2022
   2  0000              ; 
   3  0000              ; Configuration:
   4  0000              ;       with long instruction
   5  0000              ;       Multi-ROM, Multi-RAM
   6  0000              ;       bits_per_rom_unit:16
   7  0000              ;       with mp1
   8  0000              ;       with tbhp, address(0x9)
   9  0000              ;          Use tabrd-const
  10  0000              ;       
  11  0000              ; SFR address of long-instruction arch:
  12  0000              ;    mp0 = -1,1,0
  13  0000              ;    mp1 = 4,3,2
  14  0000              ;    mp2 = 14,13,12
  15  0000              ;    tbp = 9,7,8
  16  0000              ;    acc = 5
  17  0000              ;    pcl = 6
  18  0000              ;    status = 10
  19  0000              ;    bp = 11
  20  0000              ;    intc = 16
  21  0000              ;       
  22  0000              ;       
  23  0000              ; use 'tabrdc' instead of 'tabrd'
  24  0000              ;       
  25  0000              
  26  0000              #pragma translator "holtek-gcc 4.6.4" "3.19" "build 20130711"
  27  0000              ; Rebuild 718
  28  0000              
  29  0000              ir equ [2]
  30  0000              mp equ [3]
  31  0000              sbp equ [4]
  32  0000              acc equ [5]
  33  0000              bp equ [11]
  34  0000              tblp equ [7]
  35  0000              tbhp equ [9]
  36  0000              status equ [10]
  37  0000              c equ [10].0
  38  0000              ac equ [10].1
  39  0000              z equ [10].2
  40  0000              ov equ [10].3
  41  0000              cz equ [10].6
  42  0000              sc equ [10].7
  43  0000              intc equ [16]
  44  0000              mduwr0 equ [59h]
  45  0000              mduwr1 equ [5ah]
  46  0000              mduwr2 equ [5bh]
  47  0000              mduwr3 equ [5ch]
  48  0000              mduwr4 equ [5dh]
  49  0000              mduwr5 equ [5eh]
  50  0000              mduwrctrl equ [5fh]
  51  0000              
  52  0000              extern ra:byte
  53  0000              extern rb:byte
  54  0000              extern rc:byte
  55  0000              extern rd:byte
  56  0000              extern re:byte
  57  0000              extern rf:byte
  58  0000              extern rg:byte
  59  0000              extern rh:byte
"File: DC_Motor_v1.ASM  Assembler  Version HGASM0202      Page 2

  60  0000              extern _Crom2Prom:near
  61  0000              extern _Crom2PromNext:near
  62  0000              
  63  0000              RAMBANK 0 @BITDATASEC, @BITDATASEC1
  64  0000              @HCCINIT	.section 'data'
  65  0000              @HCCINIT0	.section 'data'
  66  0000              @BITDATASEC	 .section 'data'
  67  0000              @BITDATASEC1	 .section 'data'
  68  0000              
  69  0000              #pragma debug scope 1 1
  70  0000              	extern __DELAY3:near
  71  0000              	extern __DELAYX3:near
  72  0000              	extern __DELAYX6:near
  73  0000              	extern __DELAYY5:near
  74  0000              	extern __DELAYY3:near
  75  0000              	extern _builtin_holtek_delay_2:byte
  76  0000              ___stm0c0 equ [78]
  77  0000              ___stm0c1 equ [79]
  78  0000              ___stm0rp equ [84]
  79  0000              ___stm0al equ [82]
  80  0000              ___stm0ah equ [83]
  81  0000              ___pcs1 equ [338]
  82  0000              public _stm_setup
  83  0000              #pragma debug scope 2 1

  92  0000              #line 92 "D:\Wade\Project\Tennis_Ball_Machine\Firmware\DC_Motor_v1\DC_Motor_v1.c"
  92  0000              _stm_setup .section 'code'
  92  0000              _stm_setup proc
  94  0000              #line 94 "D:\Wade\Project\Tennis_Ball_Machine\Firmware\DC_Motor_v1\DC_Motor_v1.c"
  94  0000  0F20        	mov a,32
  94  0001  00CE        	mov [78],a
  95  0002              #line 95 "D:\Wade\Project\Tennis_Ball_Machine\Firmware\DC_Motor_v1\DC_Motor_v1.c"
  95  0002  0FA8        	mov a,168
  95  0003  00CF        	mov [79],a
  96  0004              #line 96 "D:\Wade\Project\Tennis_Ball_Machine\Firmware\DC_Motor_v1\DC_Motor_v1.c"
  96  0004  0F02        	mov a,2
  96  0005  00D4        	mov [84],a
  97  0006              #line 97 "D:\Wade\Project\Tennis_Ball_Machine\Firmware\DC_Motor_v1\DC_Motor_v1.c"
  97  0006  1F52        	clr [82]
  97  0007  1F53        	clr [83]
  99  0008              #line 99 "D:\Wade\Project\Tennis_Ball_Machine\Firmware\DC_Motor_v1\DC_Motor_v1.c"
  99  0008  0F20        	mov a,32
  99  0009  80D2 0001   	lmov [338],a
  99  000B  0003        	ret
  99  000C              _stm_setup endp
  99  000C              #line 99 "D:\Wade\Project\Tennis_Ball_Machine\Firmware\DC_Motor_v1\DC_Motor_v1.c"
  99  000C              #pragma debug scope 1 1
  99  000C              ___pas1 equ [334]
  99  000C              ___u0cr1 equ [273]
  99  000C              ___u0cr2 equ [274]
  99  000C              ___brg0 equ [276]
  99  000C              ___mfi5 equ [56]
  99  000C              ___intc3 equ [19]
  99  000C              ___intc0 equ [16]
  99  000C              public _UART_Setup
  99  000C              #pragma debug scope 3 1
 109  000C              #line 109 "D:\Wade\Project\Tennis_Ball_Machine\Firmware\DC_Motor_v1\DC_Motor_v1.c"
 109  0000              _UART_Setup .section 'code'
 109  0000              _UART_Setup proc
 110  0000              #line 110 "D:\Wade\Project\Tennis_Ball_Machine\Firmware\DC_Motor_v1\DC_Motor_v1.c"
"File: DC_Motor_v1.c  Assembler  Version HGASM0202      Page 3

 110  0000  0FF0        	mov a,240
 110  0001  80CE 0001   	lmov [334],a
 111  0003              #line 111 "D:\Wade\Project\Tennis_Ball_Machine\Firmware\DC_Motor_v1\DC_Motor_v1.c"
 111  0003  0F80        	mov a,128
 111  0004  8091 0001   	lmov [273],a
 112  0006              #line 112 "D:\Wade\Project\Tennis_Ball_Machine\Firmware\DC_Motor_v1\DC_Motor_v1.c"
 112  0006  0FC4        	mov a,196
 112  0007  8092 0001   	lmov [274],a
 113  0009              #line 113 "D:\Wade\Project\Tennis_Ball_Machine\Firmware\DC_Motor_v1\DC_Motor_v1.c"
 113  0009  0F0C        	mov a,12
 113  000A  8094 0001   	lmov [276],a
 114  000C              #line 114 "D:\Wade\Project\Tennis_Ball_Machine\Firmware\DC_Motor_v1\DC_Motor_v1.c"
 114  000C  3038        	set [56].0
 115  000D              #line 115 "D:\Wade\Project\Tennis_Ball_Machine\Firmware\DC_Motor_v1\DC_Motor_v1.c"
 115  000D  3638        	clr [56].4
 116  000E              #line 116 "D:\Wade\Project\Tennis_Ball_Machine\Firmware\DC_Motor_v1\DC_Motor_v1.c"
 116  000E  3193        	set [19].3
 117  000F              #line 117 "D:\Wade\Project\Tennis_Ball_Machine\Firmware\DC_Motor_v1\DC_Motor_v1.c"
 117  000F  3010        	set [16].0
 117  0010  0003        	ret
 117  0011              _UART_Setup endp
 117  0011              #line 117 "D:\Wade\Project\Tennis_Ball_Machine\Firmware\DC_Motor_v1\DC_Motor_v1.c"
 117  0011              #pragma debug scope 1 1
 117  0011              ___u0sr equ [272]
 117  0011              ___txr_rxr0 equ [275]
 117  0011              public _Read_Data
 117  0011              #pragma debug scope 4 1
 121  0011              #line 121 "D:\Wade\Project\Tennis_Ball_Machine\Firmware\DC_Motor_v1\DC_Motor_v1.c"
 121  0000              _Read_Data .section 'code'
 121  0000              _Read_Data proc
 121  0000              _L5:
 122  0000              #line 122 "D:\Wade\Project\Tennis_Ball_Machine\Firmware\DC_Motor_v1\DC_Motor_v1.c"
 122  0000  B990 0001   	lsnz [272].3
 122  0002  2800     R  	jmp _L5
 123  0003              #line 123 "D:\Wade\Project\Tennis_Ball_Machine\Firmware\DC_Motor_v1\DC_Motor_v1.c"
 123  0003  0700     R  	mov a,_kn[0]
 123  0004  0080     E  	mov rb,a
 123  0005  0700     R  	mov a,_kn[1]
 123  0006  0080     E  	mov rc,a
 123  0007  8713 0001   	lmov a,[275]
 123  0009  0080     E  	mov ra,a
 123  000A  0F00     R  	mov a,low offset _R_Data
 123  000B  0300     E  	add a,rb
 123  000C  0083        	mov mp,a
 123  000D  0F00     R  	mov a,high offset _R_Data
 123  000E  1300     E  	adc a,rc
 123  000F  0084        	mov sbp,a
 123  0010  0700     E  	mov a,ra
 123  0011  0082        	mov ir,a
 124  0012              #line 124 "D:\Wade\Project\Tennis_Ball_Machine\Firmware\DC_Motor_v1\DC_Motor_v1.c"
 124  0012  0700     E  	mov a,ra
 124  0013  0A2F        	sub a,47
 124  0014  3D0A        	sz z
 124  0015  2800     R  	jmp _L6
 124  0016  0F09        	mov a,9
 124  0017  0200     E  	sub a,rb
 124  0018  0F00        	mov a,0
 124  0019  1200     E  	sbc a,rc
 124  001A  3C0A        	sz c
 124  001B  2800     R  	jmp _L7
"File: DC_Motor_v1.c  Assembler  Version HGASM0202      Page 4

 124  001C              _L6:
 124  001C  1F00     R  	clr _kn[0]
 124  001D  1F00     R  	clr _kn[1]
 124  001E  2800     R  	jmp _L3
 124  001F              _L7:
 125  001F              #line 125 "D:\Wade\Project\Tennis_Ball_Machine\Firmware\DC_Motor_v1\DC_Motor_v1.c"
 125  001F  0F01        	mov a,1
 125  0020  0300     E  	add a,rb
 125  0021  0080     R  	mov _kn[0],a
 125  0022  0F00        	mov a,0
 125  0023  1300     E  	adc a,rc
 125  0024  0080     R  	mov _kn[1],a
 125  0025              _L3:
 125  0025  0003        	ret
 125  0026              _Read_Data endp
 125  0026              #line 125 "D:\Wade\Project\Tennis_Ball_Machine\Firmware\DC_Motor_v1\DC_Motor_v1.c"
 125  0026              #pragma debug scope 1 1
 125  0026              public _Uart_R
 125  0026              #pragma debug scope 5 1
 103  0026              #line 103 "D:\Wade\Project\Tennis_Ball_Machine\Firmware\DC_Motor_v1\DC_Motor_v1.c"
 103  0026              rombank 0 @Uart_R_code
 103  0000              @Uart_R_code .section at 60 'code'
 103  0000  0080     E  	mov r1,a
 103  0001  070B        	mov a,bp
 103  0002  1F0B        	clr bp
 103  0003  2800     R  	jmp _Uart_R
 103  0004              ROMBANK 0 _Uart_R
 103  0004              #pragma debug scope 1 1
 103  0004              @dummy60 endp
 103  0004              #pragma debug scope 6 1
 103  0000              _Uart_R .section 'code'
 103  0000              _Uart_R proc
 103  0000  0080     E  	mov r2,a
 103  0001  070A        	mov a, status
 103  0002  0080     E  	mov r3,a
 103  0003  0703        	mov a,mp
 103  0004  0080     E  	mov r4,a
 103  0005  0704        	mov a,sbp
 103  0006  0080     E  	mov r5,a
 103  0007  0707        	mov a,tblp
 103  0008  0080     E  	mov r6,a
 103  0009  0709        	mov a,tbhp
 103  000A  0080     E  	mov r7,a
 104  000B              #line 104 "D:\Wade\Project\Tennis_Ball_Machine\Firmware\DC_Motor_v1\DC_Motor_v1.c"
 104  000B              	fcall _Read_Data
 105  0012              #line 105 "D:\Wade\Project\Tennis_Ball_Machine\Firmware\DC_Motor_v1\DC_Motor_v1.c"
 105  0012  3638        	clr [56].4
 105  0013  0700     E  	mov a,r2
 105  0014  008B        	mov bp,a
 105  0015  0700     E  	mov a,r3
 105  0016  008A        	mov status,a
 105  0017  0700     E  	mov a,r4
 105  0018  0083        	mov mp,a
 105  0019  0700     E  	mov a,r5
 105  001A  0084        	mov sbp,a
 105  001B  0700     E  	mov a,r6
 105  001C  0087        	mov tblp,a
 105  001D  0700     E  	mov a,r7
 105  001E  0089        	mov tbhp,a
 105  001F  1D05        	tabrdc acc
"File: DC_Motor_v1.c  Assembler  Version HGASM0202      Page 5

 105  0020  0700     E  	mov a,r1
 105  0021  0004        	reti
 105  0022              _Uart_R endp
 105  0022              
 105  0022              #line 105 "D:\Wade\Project\Tennis_Ball_Machine\Firmware\DC_Motor_v1\DC_Motor_v1.c"
 105  0022              #pragma debug scope 1 1
 105  0022              public _delay
 105  0022              #pragma debug scope 7 1
 129  0022              #line 129 "D:\Wade\Project\Tennis_Ball_Machine\Firmware\DC_Motor_v1\DC_Motor_v1.c"
 129  0000              _delay .section 'code'
 129  0000              _delay proc
 129  0000              public _delay_2
 129  0000  0002[           local _delay_2 db 2 dup(?)	; 2,0
            00
            ]
 129  0002              #pragma debug variable 10 7 _delay_2+0 "dev"
 131  0002              #line 131 "D:\Wade\Project\Tennis_Ball_Machine\Firmware\DC_Motor_v1\DC_Motor_v1.c"
 131  0000  1F00     E  	clr rb
 131  0001  1F00     E  	clr rc
 131  0002              _L15:
 131  0002              #line 131 "D:\Wade\Project\Tennis_Ball_Machine\Firmware\DC_Motor_v1\DC_Motor_v1.c"
 131  0002  0700     E  	mov a,rb
 131  0003  0200     R  	sub a,_delay_2[0]
 131  0004  0700     E  	mov a,rc
 131  0005  1200     R  	sbc a,_delay_2[1]
 131  0006  3F0A        	sz cz
 131  0007  2800     R  	jmp _L14
 131  0008  1F00     E  	clr ra
 131  0009              _L18:
 133  0009              #line 133 "D:\Wade\Project\Tennis_Ball_Machine\Firmware\DC_Motor_v1\DC_Motor_v1.c"
 133  0009              ;# 133 "D:\Wade\Project\Tennis_Ball_Machine\Firmware\DC_Motor_v1\DC_Motor_v1.c" 1
 133  0009  0000        	nop
 133  000A  1480     E  	inc ra
 132  000B              #line 132 "D:\Wade\Project\Tennis_Ball_Machine\Firmware\DC_Motor_v1\DC_Motor_v1.c"
 132  000B  0700     E  	mov a,ra
 132  000C  0A19        	sub a,25
 132  000D  390A        	snz z
 132  000E  2800     R  	jmp _L18
 131  000F              #line 131 "D:\Wade\Project\Tennis_Ball_Machine\Firmware\DC_Motor_v1\DC_Motor_v1.c"
 131  000F  1480     E  	inc rb
 131  0010  3D0A        	sz z
 131  0011  1480     E  	inc rc
 131  0012  2800     R  	jmp _L15
 131  0013              _L14:
 131  0013  0003        	ret
 131  0014              _delay endp
 131  0014              #line 131 "D:\Wade\Project\Tennis_Ball_Machine\Firmware\DC_Motor_v1\DC_Motor_v1.c"
 131  0014              #pragma debug scope 1 1
 131  0014              ___wdtc equ [62]
 131  0014              ___pcc equ [28]
 131  0014              ___pc equ [27]
 131  0014              public _main
 131  0014              #pragma debug scope 8 1
  25  0014              #line 25 "D:\Wade\Project\Tennis_Ball_Machine\Firmware\DC_Motor_v1\DC_Motor_v1.c"
  25  0014              IFDEF WITH_DEFAULT_STARTUP
  25  0014              extern _main_initial0:near
  25  0014              extern _main_startup:near
  25  0014              ENDIF
  25  0014              
  25  0014              ROMBANK 0 @start
"File: DC_Motor_v1.c  Assembler  Version HGASM0202      Page 6

  25  0000              @start .section com_l 'code'
  25  0000              _main_startup1:
  25  0000              @start .section com_e 'code'
  25  0000  0F00     R  	mov a,bank _main
  25  0001  008B        	mov bp,a
  25  0002  2800     R  	jmp _main
  25  0003              
  25  0000              _main .section 'code'
  25  0000              _main proc
  25  0000  00              local _main_2 db 1 dup(?)
  26  0001              #line 26 "D:\Wade\Project\Tennis_Ball_Machine\Firmware\DC_Motor_v1\DC_Motor_v1.c"
  26  0000  0FAB        	mov a,171
  26  0001  00BE        	mov [62],a
  28  0002              #line 28 "D:\Wade\Project\Tennis_Ball_Machine\Firmware\DC_Motor_v1\DC_Motor_v1.c"
  28  0002              	fcall _UART_Setup
  30  0009              #line 30 "D:\Wade\Project\Tennis_Ball_Machine\Firmware\DC_Motor_v1\DC_Motor_v1.c"
  30  0009              	fcall _stm_setup
  31  0010              #line 31 "D:\Wade\Project\Tennis_Ball_Machine\Firmware\DC_Motor_v1\DC_Motor_v1.c"
  31  0010  31CE        	set [78].3
  33  0011              #line 33 "D:\Wade\Project\Tennis_Ball_Machine\Firmware\DC_Motor_v1\DC_Motor_v1.c"
  33  0011  341C        	clr [28].0
  34  0012              #line 34 "D:\Wade\Project\Tennis_Ball_Machine\Firmware\DC_Motor_v1\DC_Motor_v1.c"
  34  0012  349C        	clr [28].1
  35  0013              #line 35 "D:\Wade\Project\Tennis_Ball_Machine\Firmware\DC_Motor_v1\DC_Motor_v1.c"
  35  0013  341B        	clr [27].0
  36  0014              #line 36 "D:\Wade\Project\Tennis_Ball_Machine\Firmware\DC_Motor_v1\DC_Motor_v1.c"
  36  0014  349B        	clr [27].1
  38  0015              #line 38 "D:\Wade\Project\Tennis_Ball_Machine\Firmware\DC_Motor_v1\DC_Motor_v1.c"
  38  0015  351C        	clr [28].2
  39  0016              #line 39 "D:\Wade\Project\Tennis_Ball_Machine\Firmware\DC_Motor_v1\DC_Motor_v1.c"
  39  0016  359C        	clr [28].3
  40  0017              #line 40 "D:\Wade\Project\Tennis_Ball_Machine\Firmware\DC_Motor_v1\DC_Motor_v1.c"
  40  0017  351B        	clr [27].2
  41  0018              #line 41 "D:\Wade\Project\Tennis_Ball_Machine\Firmware\DC_Motor_v1\DC_Motor_v1.c"
  41  0018  359B        	clr [27].3
  44  0019              #line 44 "D:\Wade\Project\Tennis_Ball_Machine\Firmware\DC_Motor_v1\DC_Motor_v1.c"
  44  0019  0F2C        	mov a,44
  44  001A  00D2        	mov [82],a
  44  001B  0F01        	mov a,1
  44  001C  00D3        	mov [83],a
  44  001D              _L20:
  48  001D              #line 48 "D:\Wade\Project\Tennis_Ball_Machine\Firmware\DC_Motor_v1\DC_Motor_v1.c"
  48  001D  0700     R  	mov a,_R_Data[0]
  48  001E  0080     R  	mov _main_2[0],a
  48  001F  0700     R  	mov a,_main_2[0]
  48  0020  0A52        	sub a,82
  48  0021  390A        	snz z
  48  0022  2800     R  	jmp _L21
  50  0023              #line 50 "D:\Wade\Project\Tennis_Ball_Machine\Firmware\DC_Motor_v1\DC_Motor_v1.c"
  50  0023  0F30        	mov a,48
  50  0024  0300     R  	add a,_R_Data[3]
  50  0025  0080     E  	mov rf,a
  50  0026  0FEB        	mov a,235
  50  0027  1F00     E  	clr rg
  50  0028  1380     E  	adcm a,rg
  50  0029  1B10        	rrca intc
  50  002A  3410        	clr intc.0
  50  002B  0700     R  	mov a,_R_Data[1]
  50  002C  00D9        	mov mduwr0,a
  50  002D  0F64        	mov a,100
"File: DC_Motor_v1.c  Assembler  Version HGASM0202      Page 7

  50  002E  00DD        	mov mduwr4,a
  50  002F  1F5A        	clr mduwr1
  50  0030  0F00        	mov a,0
  50  0031  00DE        	mov mduwr5,a
  50  0032  0F06        	mov a,6
  50  0033              _LI1:
  50  0033  1785        	sdz acc
  50  0034  2800     R  	jmp _LI1
  50  0035  0759        	mov a,mduwr0
  50  0036  0080     E  	mov rb,a
  50  0037  075A        	mov a,mduwr1
  50  0038  0080     E  	mov rc,a
  50  0039  3C0A        	sz c
  50  003A  3010        	set intc.0
  50  003B  0700     E  	mov a,rb
  50  003C  0380     E  	addm a,rf
  50  003D  0700     E  	mov a,rc
  50  003E  1380     E  	adcm a,rg
  50  003F  0700     R  	mov a,_R_Data[2]
  50  0040  0080     E  	mov rd,a
  50  0041  1F00     E  	clr re
  50  0042  340A        	clr c
  50  0043  1A00     E  	rlca rd
  50  0044  0080     E  	mov rb,a
  50  0045  1A00     E  	rlca re
  50  0046  0080     E  	mov rc,a
  50  0047  340A        	clr c
  50  0048  1A80     E  	rlc rb
  50  0049  1A80     E  	rlc rc
  50  004A  0700     E  	mov a,rb
  50  004B  0380     E  	addm a,rd
  50  004C  0700     E  	mov a,rc
  50  004D  1380     E  	adcm a,re
  50  004E  340A        	clr c
  50  004F  1A80     E  	rlc rd
  50  0050  1A80     E  	rlc re
  50  0051  0700     E  	mov a,rd
  50  0052  0300     E  	add a,rf
  50  0053  0080     E  	mov rb,a
  50  0054  0700     E  	mov a,re
  50  0055  1300     E  	adc a,rg
  50  0056  0080     E  	mov rc,a
  51  0057              #line 51 "D:\Wade\Project\Tennis_Ball_Machine\Firmware\DC_Motor_v1\DC_Motor_v1.c"
  51  0057  0700     E  	mov a,rb
  51  0058  00D2        	mov [82],a
  51  0059  0700     E  	mov a,rc
  51  005A  00D3        	mov [83],a
  52  005B              #line 52 "D:\Wade\Project\Tennis_Ball_Machine\Firmware\DC_Motor_v1\DC_Motor_v1.c"
  52  005B  301B        	set [27].0
  52  005C  2800     R  	jmp _L29
  52  005D              _L21:
  56  005D              #line 56 "D:\Wade\Project\Tennis_Ball_Machine\Firmware\DC_Motor_v1\DC_Motor_v1.c"
  56  005D  0700     R  	mov a,_main_2[0]
  56  005E  0A4C        	sub a,76
  56  005F  390A        	snz z
  56  0060  2800     R  	jmp _L23
  58  0061              #line 58 "D:\Wade\Project\Tennis_Ball_Machine\Firmware\DC_Motor_v1\DC_Motor_v1.c"
  58  0061  0F30        	mov a,48
  58  0062  0300     R  	add a,_R_Data[3]
  58  0063  0080     E  	mov rf,a
"File: DC_Motor_v1.c  Assembler  Version HGASM0202      Page 8

  58  0064  0FEB        	mov a,235
  58  0065  1F00     E  	clr rg
  58  0066  1380     E  	adcm a,rg
  58  0067  1B10        	rrca intc
  58  0068  3410        	clr intc.0
  58  0069  0700     R  	mov a,_R_Data[1]
  58  006A  00D9        	mov mduwr0,a
  58  006B  0F64        	mov a,100
  58  006C  00DD        	mov mduwr4,a
  58  006D  1F5A        	clr mduwr1
  58  006E  0F00        	mov a,0
  58  006F  00DE        	mov mduwr5,a
  58  0070  0F06        	mov a,6
  58  0071              _LI2:
  58  0071  1785        	sdz acc
  58  0072  2800     R  	jmp _LI2
  58  0073  0759        	mov a,mduwr0
  58  0074  0080     E  	mov rb,a
  58  0075  075A        	mov a,mduwr1
  58  0076  0080     E  	mov rc,a
  58  0077  3C0A        	sz c
  58  0078  3010        	set intc.0
  58  0079  0700     E  	mov a,rb
  58  007A  0380     E  	addm a,rf
  58  007B  0700     E  	mov a,rc
  58  007C  1380     E  	adcm a,rg
  58  007D  0700     R  	mov a,_R_Data[2]
  58  007E  0080     E  	mov rd,a
  58  007F  1F00     E  	clr re
  58  0080  340A        	clr c
  58  0081  1A00     E  	rlca rd
  58  0082  0080     E  	mov rb,a
  58  0083  1A00     E  	rlca re
  58  0084  0080     E  	mov rc,a
  58  0085  340A        	clr c
  58  0086  1A80     E  	rlc rb
  58  0087  1A80     E  	rlc rc
  58  0088  0700     E  	mov a,rb
  58  0089  0380     E  	addm a,rd
  58  008A  0700     E  	mov a,rc
  58  008B  1380     E  	adcm a,re
  58  008C  340A        	clr c
  58  008D  1A80     E  	rlc rd
  58  008E  1A80     E  	rlc re
  58  008F  0700     E  	mov a,rd
  58  0090  0300     E  	add a,rf
  58  0091  0080     E  	mov rb,a
  58  0092  0700     E  	mov a,re
  58  0093  1300     E  	adc a,rg
  58  0094  0080     E  	mov rc,a
  59  0095              #line 59 "D:\Wade\Project\Tennis_Ball_Machine\Firmware\DC_Motor_v1\DC_Motor_v1.c"
  59  0095  0700     E  	mov a,rb
  59  0096  00D2        	mov [82],a
  59  0097  0700     E  	mov a,rc
  59  0098  00D3        	mov [83],a
  60  0099              #line 60 "D:\Wade\Project\Tennis_Ball_Machine\Firmware\DC_Motor_v1\DC_Motor_v1.c"
  60  0099  341B        	clr [27].0
  61  009A              #line 61 "D:\Wade\Project\Tennis_Ball_Machine\Firmware\DC_Motor_v1\DC_Motor_v1.c"
  61  009A  309B        	set [27].1
  61  009B  2800     R  	jmp _L27
"File: DC_Motor_v1.c  Assembler  Version HGASM0202      Page 9

  61  009C              _L23:
  64  009C              #line 64 "D:\Wade\Project\Tennis_Ball_Machine\Firmware\DC_Motor_v1\DC_Motor_v1.c"
  64  009C  0700     R  	mov a,_main_2[0]
  64  009D  0A53        	sub a,83
  64  009E  390A        	snz z
  64  009F  2800     R  	jmp _L24
  66  00A0              #line 66 "D:\Wade\Project\Tennis_Ball_Machine\Firmware\DC_Motor_v1\DC_Motor_v1.c"
  66  00A0  341B        	clr [27].0
  66  00A1              _L29:
  67  00A1              #line 67 "D:\Wade\Project\Tennis_Ball_Machine\Firmware\DC_Motor_v1\DC_Motor_v1.c"
  67  00A1  349B        	clr [27].1
  67  00A2  2800     R  	jmp _L27
  67  00A3              _L24:
  70  00A3              #line 70 "D:\Wade\Project\Tennis_Ball_Machine\Firmware\DC_Motor_v1\DC_Motor_v1.c"
  70  00A3  0700     R  	mov a,_main_2[0]
  70  00A4  0A55        	sub a,85
  70  00A5  390A        	snz z
  70  00A6  2800     R  	jmp _L25
  72  00A7              #line 72 "D:\Wade\Project\Tennis_Ball_Machine\Firmware\DC_Motor_v1\DC_Motor_v1.c"
  72  00A7  311B        	set [27].2
  72  00A8  2800     R  	jmp _L28
  72  00A9              _L25:
  76  00A9              #line 76 "D:\Wade\Project\Tennis_Ball_Machine\Firmware\DC_Motor_v1\DC_Motor_v1.c"
  76  00A9  0700     R  	mov a,_main_2[0]
  76  00AA  0A44        	sub a,68
  76  00AB  390A        	snz z
  76  00AC  2800     R  	jmp _L26
  78  00AD              #line 78 "D:\Wade\Project\Tennis_Ball_Machine\Firmware\DC_Motor_v1\DC_Motor_v1.c"
  78  00AD  351B        	clr [27].2
  79  00AE              #line 79 "D:\Wade\Project\Tennis_Ball_Machine\Firmware\DC_Motor_v1\DC_Motor_v1.c"
  79  00AE  319B        	set [27].3
  79  00AF  2800     R  	jmp _L27
  79  00B0              _L26:
  82  00B0              #line 82 "D:\Wade\Project\Tennis_Ball_Machine\Firmware\DC_Motor_v1\DC_Motor_v1.c"
  82  00B0  0700     R  	mov a,_main_2[0]
  82  00B1  0A48        	sub a,72
  82  00B2  390A        	snz z
  82  00B3  2800     R  	jmp _L20
  84  00B4              #line 84 "D:\Wade\Project\Tennis_Ball_Machine\Firmware\DC_Motor_v1\DC_Motor_v1.c"
  84  00B4  351B        	clr [27].2
  84  00B5              _L28:
  85  00B5              #line 85 "D:\Wade\Project\Tennis_Ball_Machine\Firmware\DC_Motor_v1\DC_Motor_v1.c"
  85  00B5  359B        	clr [27].3
  85  00B6              _L27:
  86  00B6              #line 86 "D:\Wade\Project\Tennis_Ball_Machine\Firmware\DC_Motor_v1\DC_Motor_v1.c"
  86  00B6  0F01        	mov a,1
  86  00B7  0080     R  	mov _delay_2[0],a
  86  00B8  1F00     R  	clr _delay_2[1]
  86  00B9              	fcall _delay
  86  00C0  2800     R  	jmp _L20
  86  00C1  2800     R  	jmp $
  86  00C2              _main endp
  86  00C2              
  86  00C2              @dummy endp
  86  00C2              
  86  00C2              #line 86 "D:\Wade\Project\Tennis_Ball_Machine\Firmware\DC_Motor_v1\DC_Motor_v1.c"
  86  00C2              #pragma debug scope 1 1
  86  00C2              public _kn
  86  0000              @HCCINIT	.section 'data'
   7  0000              #line 7 "D:\Wade\Project\Tennis_Ball_Machine\Firmware\DC_Motor_v1\DC_Motor_v1.c"
"File: DC_Motor_v1.c  Assembler  Version HGASM0202      Page 10

   7  0000              @HCCINIT_kn .section 'data'
   7  0000              _kn label byte
   7  0000              #pragma debug variable 10 1 _kn "kn"
   7  0000              	db 0
   7  0000              @ROMDATA_BASE .section inpage 'code'
   7  0000              	db 0
   7  0001              @HCCINIT_kn .section 'data'
   7  0001              	db 0
   7  0001              @ROMDATA_BASE .section inpage 'code'
   7  0001              	db 0
   7  0002              @HCCINIT_kn .section 'data'
   6  0002              #line 6 "D:\Wade\Project\Tennis_Ball_Machine\Firmware\DC_Motor_v1\DC_Motor_v1.c"
   6  0002              public _Data
   6  0000              @HCCINIT0_Data .section 'data'
   6  0000  000A[       _Data	db 10 dup(0)
            00
            ]
   6  000A              #pragma debug array 42 8 10 1
   6  000A              #pragma debug array 42 8 10 1
   6  000A              #pragma debug variable 42 1 _Data "Data"
   6  000A              
   6  0000              @HCCINIT .section 'data'
   5  0000              #line 5 "D:\Wade\Project\Tennis_Ball_Machine\Firmware\DC_Motor_v1\DC_Motor_v1.c"
   5  0000              public _R_Data
   5  0000              @HCCINIT0_R_Data .section 'data'
   5  0000  000A[       _R_Data	db 10 dup(0)
            00
            ]
   5  000A              #pragma debug variable 42 1 _R_Data "R_Data"
   5  000A              
   5  0000              @HCCINIT .section 'data'
   5  0000              #pragma debug struct_end
   5  0000              #pragma debug struct_end
   5  0000              #pragma debug union_end
   5  0000              #pragma debug union_end
   5  0000              #pragma debug variable 44 1 ___intc0 "__intc0" 1
   5  0000              #pragma debug struct_end
   5  0000              #pragma debug struct_end
   5  0000              #pragma debug union_end
   5  0000              #pragma debug union_end
   5  0000              #pragma debug variable 46 1 ___intc3 "__intc3" 1
   5  0000              #pragma debug struct_end
   5  0000              #pragma debug struct_end
   5  0000              #pragma debug union_end
   5  0000              #pragma debug union_end
   5  0000              #pragma debug variable 48 1 ___pc "__pc" 1
   5  0000              #pragma debug struct_end
   5  0000              #pragma debug struct_end
   5  0000              #pragma debug union_end
   5  0000              #pragma debug union_end
   5  0000              #pragma debug variable 50 1 ___pcc "__pcc" 1
   5  0000              #pragma debug struct_end
   5  0000              #pragma debug struct_end
   5  0000              #pragma debug union_end
   5  0000              #pragma debug union_end
   5  0000              #pragma debug variable 52 1 ___mfi5 "__mfi5" 1
   5  0000              #pragma debug struct_end
   5  0000              #pragma debug struct_end
   5  0000              #pragma debug union_end
   5  0000              #pragma debug union_end
"File: DC_Motor_v1.c  Assembler  Version HGASM0202      Page 11

   5  0000              #pragma debug variable 54 1 ___wdtc "__wdtc" 1
   5  0000              #pragma debug struct_end
   5  0000              #pragma debug struct_end
   5  0000              #pragma debug union_end
   5  0000              #pragma debug union_end
   5  0000              #pragma debug variable 56 1 ___stm0c0 "__stm0c0" 1
   5  0000              #pragma debug struct_end
   5  0000              #pragma debug struct_end
   5  0000              #pragma debug union_end
   5  0000              #pragma debug union_end
   5  0000              #pragma debug variable 58 1 ___stm0c1 "__stm0c1" 1
   5  0000              #pragma debug variable 8 1 ___stm0al "__stm0al" 1
   5  0000              #pragma debug variable 8 1 ___stm0ah "__stm0ah" 1
   5  0000              #pragma debug struct_end
   5  0000              #pragma debug struct_end
   5  0000              #pragma debug union_end
   5  0000              #pragma debug union_end
   5  0000              #pragma debug variable 60 1 ___stm0rp "__stm0rp" 1
   5  0000              #pragma debug struct_end
   5  0000              #pragma debug struct_end
   5  0000              #pragma debug union_end
   5  0000              #pragma debug union_end
   5  0000              #pragma debug variable 62 1 ___u0sr "__u0sr" 1
   5  0000              #pragma debug struct_end
   5  0000              #pragma debug struct_end
   5  0000              #pragma debug union_end
   5  0000              #pragma debug union_end
   5  0000              #pragma debug variable 64 1 ___u0cr1 "__u0cr1" 1
   5  0000              #pragma debug struct_end
   5  0000              #pragma debug struct_end
   5  0000              #pragma debug union_end
   5  0000              #pragma debug union_end
   5  0000              #pragma debug variable 66 1 ___u0cr2 "__u0cr2" 1
   5  0000              #pragma debug variable 8 1 ___txr_rxr0 "__txr_rxr0" 1
   5  0000              #pragma debug variable 8 1 ___brg0 "__brg0" 1
   5  0000              #pragma debug struct_end
   5  0000              #pragma debug struct_end
   5  0000              #pragma debug union_end
   5  0000              #pragma debug union_end
   5  0000              #pragma debug variable 68 1 ___pas1 "__pas1" 1
   5  0000              #pragma debug struct_end
   5  0000              #pragma debug struct_end
   5  0000              #pragma debug union_end
   5  0000              #pragma debug union_end
   5  0000              #pragma debug variable 70 1 ___pcs1 "__pcs1" 1
   5  0000              extern r1:byte
   5  0000              extern r2:byte
   5  0000              extern r3:byte
   5  0000              extern r4:byte
   5  0000              extern r5:byte
   5  0000              extern r6:byte
   5  0000              extern r7:byte
  25  0000              #line 25 "D:\Wade\Project\Tennis_Ball_Machine\Firmware\DC_Motor_v1\DC_Motor_v1.c"
  25  0000              @code .section at 0 'code'
  25  0000  1F0B        	clr bp
  25  0001  2800     R  	jmp _main_startup1
  25  0002              
  25  0002              
  25  0002              ; 
  25  0002              ; Generated by holtek-gcc v3.19, Tue Apr 12 17:37:48 2022
"File: DC_Motor_v1.c  Assembler  Version HGASM0202      Page 12

  25  0002              ; Rebuild 718
  25  0002              ; end of file


        0 Errors, 0