Removed Pin From Net: NetName=PH0 Pin=J4-2
Removed Pin From Net: NetName=PH1 Pin=J4-3
Removed Pin From Net: NetName=PG4 Pin=J4-4
Removed Pin From Net: NetName=PG5 Pin=J4-5
Removed Pin From Net: NetName=PG6 Pin=J4-6
Removed Pin From Net: NetName=PG7 Pin=J4-7
Removed Pin From Net: NetName=PG0 Pin=J4-8
Removed Pin From Net: NetName=PG1 Pin=J4-9
Removed Pin From Net: NetName=PG2 Pin=J4-10
Removed Pin From Net: NetName=PG3 Pin=J4-11
Added Pin To Net: NetName=PG4 Pin=J4-2
Added Pin To Net: NetName=PG5 Pin=J4-3
Added Pin To Net: NetName=PG6 Pin=J4-4
Added Pin To Net: NetName=PG7 Pin=J4-5
Added Pin To Net: NetName=PH0 Pin=J4-6
Added Pin To Net: NetName=PH1 Pin=J4-7
Added Pin To Net: NetName=PG3 Pin=J4-8
Added Pin To Net: NetName=PG2 Pin=J4-9
Added Pin To Net: NetName=PG1 Pin=J4-10
Added Pin To Net: NetName=PG0 Pin=J4-11
Added Room: Name=Layout_v1
