Removed Pin From Net: NetName=VCC Pin=J4-0
Removed Pin From Net: NetName=VCC Pin=J4-1
Removed Pin From Net: NetName=PH0 Pin=J4-2
Removed Pin From Net: NetName=PH1 Pin=J4-3
Removed Pin From Net: NetName=PG4 Pin=J4-4
Removed Pin From Net: NetName=PG5 Pin=J4-5
Removed Pin From Net: NetName=PG6 Pin=J4-6
Removed Pin From Net: NetName=PG7 Pin=J4-7
Removed Pin From Net: NetName=PG0 Pin=J4-8
Removed Pin From Net: NetName=PG1 Pin=J4-9
Removed Pin From Net: NetName=PG2 Pin=J4-10
Removed Pin From Net: NetName=PG3 Pin=J4-11
Removed Pin From Net: NetName=PG3 Pin=J4-11
Removed Pin From Net: NetName=PC6 Pin=J4-12
Removed Pin From Net: NetName=PD0 Pin=J4-13
Removed Pin From Net: NetName=PF7 Pin=J4-14
Removed Pin From Net: NetName=PA7 Pin=J4-15
Removed Pin From Net: NetName=PA6 Pin=J4-16
Removed Pin From Net: NetName=PA4 Pin=J4-17
Removed Pin From Net: NetName=PA3 Pin=J4-18
Removed Pin From Net: NetName=PA1 Pin=J4-19
Removed Pin From Net: NetName=GND Pin=J4-22
Removed Pin From Net: NetName=GND Pin=J4-23
Removed Member From Class: ClassName=Layout_v1 Member=J4
Added Component: Designator=*(IC_Port_24P)
Added Pin To Net: NetName=VCC Pin=*-0
Added Pin To Net: NetName=VCC Pin=*-1
Added Pin To Net: NetName=PH0 Pin=*-2
Added Pin To Net: NetName=PH1 Pin=*-3
Added Pin To Net: NetName=PG4 Pin=*-4
Added Pin To Net: NetName=PG5 Pin=*-5
Added Pin To Net: NetName=PG6 Pin=*-6
Added Pin To Net: NetName=PG7 Pin=*-7
Added Pin To Net: NetName=PG0 Pin=*-8
Added Pin To Net: NetName=PG1 Pin=*-9
Added Pin To Net: NetName=PG2 Pin=*-10
Added Pin To Net: NetName=PG3 Pin=*-11
Added Pin To Net: NetName=PC6 Pin=*-12
Added Pin To Net: NetName=PD0 Pin=*-13
Added Pin To Net: NetName=PF7 Pin=*-14
Added Pin To Net: NetName=PA7 Pin=*-15
Added Pin To Net: NetName=PA6 Pin=*-16
Added Pin To Net: NetName=PA4 Pin=*-17
Added Pin To Net: NetName=PA3 Pin=*-18
Added Pin To Net: NetName=PA1 Pin=*-19
Added Pin To Net: NetName=GND Pin=*-22
Added Pin To Net: NetName=GND Pin=*-23
Added Member To Class: ClassName=Layout_v1 Member=Component * IN_Port
