Removed Pin From Net: NetName=PF7 Pin=J4-1
Removed Pin From Net: NetName=VCC Pin=J4-2
Removed Pin From Net: NetName=GND Pin=J4-3
Removed Pin From Net: NetName=PA1 Pin=J5-1
Removed Pin From Net: NetName=VCC Pin=J5-2
Removed Pin From Net: NetName=GND Pin=J5-3
Removed Pin From Net: NetName=PA3 Pin=J6-1
Removed Pin From Net: NetName=VCC Pin=J6-2
Removed Pin From Net: NetName=GND Pin=J6-3
Removed Pin From Net: NetName=PA4 Pin=J7-1
Removed Pin From Net: NetName=VCC Pin=J7-2
Removed Pin From Net: NetName=GND Pin=J7-3
Removed Pin From Net: NetName=VCC Pin=J8-1
Removed Pin From Net: NetName=PA6 Pin=J8-2
Removed Pin From Net: NetName=GND Pin=J8-3
Removed Pin From Net: NetName=PA7 Pin=J8-4
Removed Pin From Net: NetName=PC6 Pin=J9-1
Removed Pin From Net: NetName=PG0 Pin=J9-2
Removed Pin From Net: NetName=PG1 Pin=J9-3
Removed Pin From Net: NetName=PG2 Pin=J9-4
Removed Pin From Net: NetName=PG3 Pin=J9-5
Removed Pin From Net: NetName=PC6 Pin=J9-6
Removed Pin From Net: NetName=PD0 Pin=J10-1
Removed Pin From Net: NetName=PG4 Pin=J10-2
Removed Pin From Net: NetName=PG5 Pin=J10-3
Removed Pin From Net: NetName=PG6 Pin=J10-4
Removed Pin From Net: NetName=PG7 Pin=J10-5
Removed Member From Class: ClassName=Layout_v1 Member=J5
Removed Member From Class: ClassName=Layout_v1 Member=J6
Removed Member From Class: ClassName=Layout_v1 Member=J7
Removed Member From Class: ClassName=Layout_v1 Member=J8
Removed Member From Class: ClassName=Layout_v1 Member=J9
Removed Member From Class: ClassName=Layout_v1 Member=J10
Removed Member From Class: ClassName=Layout_v1 Member=J11
Change Component DesignItemId : Designator=J4 Old DesignItemId=Servo New DesignItemId=IN_Port
Change Component Footprint: Designator=J4 Old Footprint=Servo_3P New Footprint=IC_Port_24P
Change Component Comment : Designator=J4 Old Comment=Servo New Comment=IN_Port
Added Pin To Net: NetName=PC6 Pin=J4-12
Added Pin To Net: NetName=PD0 Pin=J4-13
Added Pin To Net: NetName=PF7 Pin=J4-14
Added Pin To Net: NetName=PA7 Pin=J4-15
Added Pin To Net: NetName=PA6 Pin=J4-16
Added Pin To Net: NetName=PA4 Pin=J4-17
Added Pin To Net: NetName=PA3 Pin=J4-18
Added Pin To Net: NetName=PA1 Pin=J4-19
Added Pin To Net: NetName=GND Pin=J4-22
Added Pin To Net: NetName=GND Pin=J4-23
Added Pin To Net: NetName=PH0 Pin=MCU-24
Added Net: Name=PH0
Added Pin To Net: NetName=PH1 Pin=MCU-25
Added Net: Name=PH1
Added Room: Name=Layout_v1
