Added Component: Designator=J1(Power_2P)
Added Component: Designator=J2(Switch_3P)
Added Component: Designator=J3(ICP_4P)
Added Component: Designator=J4(IC_Port_24P)
Added Component: Designator=MCU(HT66F2390_64P)
Added Pin To Net: NetName=GND Pin=J1-2
Added Pin To Net: NetName=GND Pin=J3-3
Added Pin To Net: NetName=GND Pin=J4-22
Added Pin To Net: NetName=GND Pin=J4-23
Added Pin To Net: NetName=GND Pin=MCU-7
Added Pin To Net: NetName=GND Pin=MCU-23
Added Net: Name=GND
Added Pin To Net: NetName=PA0 Pin=J3-4
Added Pin To Net: NetName=PA0 Pin=MCU-19
Added Net: Name=PA0
Added Pin To Net: NetName=PA1 Pin=J4-19
Added Pin To Net: NetName=PA1 Pin=MCU-15
Added Net: Name=PA1
Added Pin To Net: NetName=PA2 Pin=J3-2
Added Pin To Net: NetName=PA2 Pin=MCU-16
Added Net: Name=PA2
Added Pin To Net: NetName=PA3 Pin=J4-18
Added Pin To Net: NetName=PA3 Pin=MCU-17
Added Net: Name=PA3
Added Pin To Net: NetName=PA4 Pin=J4-17
Added Pin To Net: NetName=PA4 Pin=MCU-18
Added Net: Name=PA4
Added Pin To Net: NetName=PA6 Pin=J4-16
Added Pin To Net: NetName=PA6 Pin=MCU-20
Added Net: Name=PA6
Added Pin To Net: NetName=PA7 Pin=J4-15
Added Pin To Net: NetName=PA7 Pin=MCU-21
Added Net: Name=PA7
Added Pin To Net: NetName=PC6 Pin=J4-12
Added Pin To Net: NetName=PC6 Pin=MCU-49
Added Net: Name=PC6
Added Pin To Net: NetName=PD0 Pin=J4-13
Added Pin To Net: NetName=PD0 Pin=MCU-51
Added Net: Name=PD0
Added Pin To Net: NetName=PF7 Pin=J4-14
Added Pin To Net: NetName=PF7 Pin=MCU-63
Added Net: Name=PF7
Added Pin To Net: NetName=PG0 Pin=MCU-38
Added Net: Name=PG0
Added Pin To Net: NetName=PG1 Pin=MCU-37
Added Net: Name=PG1
Added Pin To Net: NetName=PG2 Pin=MCU-36
Added Net: Name=PG2
Added Pin To Net: NetName=PG3 Pin=MCU-35
Added Net: Name=PG3
Added Pin To Net: NetName=PG4 Pin=MCU-10
Added Net: Name=PG4
Added Pin To Net: NetName=PG5 Pin=MCU-11
Added Net: Name=PG5
Added Pin To Net: NetName=PG6 Pin=MCU-12
Added Net: Name=PG6
Added Pin To Net: NetName=PG7 Pin=MCU-13
Added Net: Name=PG7
Added Pin To Net: NetName=PH0 Pin=MCU-24
Added Net: Name=PH0
Added Pin To Net: NetName=PH1 Pin=MCU-25
Added Net: Name=PH1
Added Pin To Net: NetName=VCC_2 Pin=J2-3
Added Pin To Net: NetName=VCC_2 Pin=J2-3
Added Pin To Net: NetName=VCC_2 Pin=J3-1
Added Net: Name=VCC_2
Added Pin To Net: NetName=VCC Pin=J1-1
Added Pin To Net: NetName=VCC Pin=J2-1
Added Pin To Net: NetName=VCC Pin=J2-1
Added Net: Name=VCC
Added Pin To Net: NetName=VDD Pin=J2-2
Added Pin To Net: NetName=VDD Pin=J2-2
Added Pin To Net: NetName=VDD Pin=MCU-6
Added Net: Name=VDD
Added Class: Name=Layout_v1
Added Room: Name=Layout_v1
