Added Component: Designator=J4(IC_Port_24P)
Added Component: Designator=MCU(HT66F2390_64P)
Added Pin To Net: NetName=VCC Pin=J4-0
Added Pin To Net: NetName=VCC Pin=J4-1
Added Pin To Net: NetName=PG4 Pin=J4-2
Added Pin To Net: NetName=PG5 Pin=J4-3
Added Pin To Net: NetName=PG6 Pin=J4-4
Added Pin To Net: NetName=PG7 Pin=J4-5
Added Pin To Net: NetName=PH0 Pin=J4-6
Added Pin To Net: NetName=PH1 Pin=J4-7
Added Pin To Net: NetName=PG3 Pin=J4-8
Added Pin To Net: NetName=PG2 Pin=J4-9
Added Pin To Net: NetName=PG1 Pin=J4-10
Added Pin To Net: NetName=PG0 Pin=J4-11
Added Pin To Net: NetName=PC6 Pin=J4-12
Added Pin To Net: NetName=PD0 Pin=J4-13
Added Pin To Net: NetName=PF7 Pin=J4-14
Added Pin To Net: NetName=PA3 Pin=J4-15
Added Pin To Net: NetName=PA4 Pin=J4-16
Added Pin To Net: NetName=PA6 Pin=J4-17
Added Pin To Net: NetName=PA7 Pin=J4-18
Added Pin To Net: NetName=PA1 Pin=J4-19
Added Pin To Net: NetName=GND Pin=J4-22
Added Pin To Net: NetName=GND Pin=J4-23
Added Pin To Net: NetName=VDD Pin=MCU-6
Added Pin To Net: NetName=GND Pin=MCU-7
Added Pin To Net: NetName=PG4 Pin=MCU-10
Added Pin To Net: NetName=PG5 Pin=MCU-11
Added Pin To Net: NetName=PG6 Pin=MCU-12
Added Pin To Net: NetName=PG7 Pin=MCU-13
Added Pin To Net: NetName=PA1 Pin=MCU-15
Added Pin To Net: NetName=PA2 Pin=MCU-16
Added Pin To Net: NetName=PA3 Pin=MCU-17
Added Pin To Net: NetName=PA4 Pin=MCU-18
Added Pin To Net: NetName=PA0 Pin=MCU-19
Added Pin To Net: NetName=PA6 Pin=MCU-20
Added Pin To Net: NetName=PA7 Pin=MCU-21
Added Pin To Net: NetName=GND Pin=MCU-23
Added Pin To Net: NetName=PH0 Pin=MCU-24
Added Pin To Net: NetName=PH1 Pin=MCU-25
Added Pin To Net: NetName=PG3 Pin=MCU-35
Added Pin To Net: NetName=PG2 Pin=MCU-36
Added Pin To Net: NetName=PG1 Pin=MCU-37
Added Pin To Net: NetName=PG0 Pin=MCU-38
Added Pin To Net: NetName=PC6 Pin=MCU-49
Added Pin To Net: NetName=PD0 Pin=MCU-51
Added Pin To Net: NetName=PF7 Pin=MCU-63
Added Member To Class: ClassName=Layout_v1 Member=Component J4 IN_Port
Added Member To Class: ClassName=Layout_v1 Member=Component MCU HT66F2390
Added Room: Name=Layout_v1
