"File: Servo_Motor_v1.c  Assembler  Version HGASM0202      Page 1


   1  0000              ; Generated by holtek-gcc v3.19, Sat Sep 10 10:56:52 2022
   2  0000              ; 
   3  0000              ; Configuration:
   4  0000              ;       with long instruction
   5  0000              ;       Multi-ROM, Multi-RAM
   6  0000              ;       bits_per_rom_unit:16
   7  0000              ;       with mp1
   8  0000              ;       with tbhp, address(0x9)
   9  0000              ;          Use tabrd-const
  10  0000              ;       
  11  0000              ; SFR address of long-instruction arch:
  12  0000              ;    mp0 = -1,1,0
  13  0000              ;    mp1 = 4,3,2
  14  0000              ;    mp2 = 14,13,12
  15  0000              ;    tbp = 9,7,8
  16  0000              ;    acc = 5
  17  0000              ;    pcl = 6
  18  0000              ;    status = 10
  19  0000              ;    bp = 11
  20  0000              ;    intc = 16
  21  0000              ;       
  22  0000              ;       
  23  0000              ; use 'tabrdc' instead of 'tabrd'
  24  0000              ;       
  25  0000              
  26  0000              #pragma translator "holtek-gcc 4.6.4" "3.19" "build 20130711"
  27  0000              ; Rebuild 718
  28  0000              
  29  0000              ir equ [2]
  30  0000              mp equ [3]
  31  0000              sbp equ [4]
  32  0000              acc equ [5]
  33  0000              bp equ [11]
  34  0000              tblp equ [7]
  35  0000              tbhp equ [9]
  36  0000              status equ [10]
  37  0000              c equ [10].0
  38  0000              ac equ [10].1
  39  0000              z equ [10].2
  40  0000              ov equ [10].3
  41  0000              cz equ [10].6
  42  0000              sc equ [10].7
  43  0000              intc equ [16]
  44  0000              mduwr0 equ [59h]
  45  0000              mduwr1 equ [5ah]
  46  0000              mduwr2 equ [5bh]
  47  0000              mduwr3 equ [5ch]
  48  0000              mduwr4 equ [5dh]
  49  0000              mduwr5 equ [5eh]
  50  0000              mduwrctrl equ [5fh]
  51  0000              
  52  0000              extern ra:byte
  53  0000              extern rb:byte
  54  0000              extern rc:byte
  55  0000              extern rd:byte
  56  0000              extern re:byte
  57  0000              extern rf:byte
  58  0000              extern rg:byte
  59  0000              extern rh:byte
"File: Servo_Motor_v1.ASM  Assembler  Version HGASM0202      Page 2

  60  0000              extern _Crom2Prom:near
  61  0000              extern _Crom2PromNext:near
  62  0000              
  63  0000              RAMBANK 0 @BITDATASEC, @BITDATASEC1
  64  0000              @HCCINIT	.section 'data'
  65  0000              @HCCINIT0	.section 'data'
  66  0000              @BITDATASEC	 .section 'data'
  67  0000              @BITDATASEC1	 .section 'data'
  68  0000              
  69  0000              #pragma debug scope 1 1
  70  0000              	extern __DELAY3:near
  71  0000              	extern __DELAYX3:near
  72  0000              	extern __DELAYX6:near
  73  0000              	extern __DELAYY5:near
  74  0000              	extern __DELAYY3:near
  75  0000              	extern _builtin_holtek_delay_2:byte
  76  0000              ___stm0c0 equ [78]
  77  0000              ___stm0c1 equ [79]
  78  0000              ___stm0rp equ [84]
  79  0000              ___stm1c0 equ [306]
  80  0000              ___stm1c1 equ [307]
  81  0000              ___stm1rp equ [312]
  82  0000              ___stm2c0 equ [313]
  83  0000              ___stm2c1 equ [314]
  84  0000              ___stm2rp equ [319]
  85  0000              public _timer_setup
  86  0000              #pragma debug scope 2 1

  56  0000              #line 56 "D:\Wade\Project\Tennis_Ball_Machine\Firmware\Servo_Motor_v1\Servo_Motor_v1.c"
  56  0000              _timer_setup .section 'code'
  56  0000              _timer_setup proc
  57  0000              #line 57 "D:\Wade\Project\Tennis_Ball_Machine\Firmware\Servo_Motor_v1\Servo_Motor_v1.c"
  57  0000  0F30        	mov a,48
  57  0001  00CE        	mov [78],a
  58  0002              #line 58 "D:\Wade\Project\Tennis_Ball_Machine\Firmware\Servo_Motor_v1\Servo_Motor_v1.c"
  58  0002  0FA8        	mov a,168
  58  0003  00CF        	mov [79],a
  59  0004              #line 59 "D:\Wade\Project\Tennis_Ball_Machine\Firmware\Servo_Motor_v1\Servo_Motor_v1.c"
  59  0004  0F0A        	mov a,10
  59  0005  00D4        	mov [84],a
  62  0006              #line 62 "D:\Wade\Project\Tennis_Ball_Machine\Firmware\Servo_Motor_v1\Servo_Motor_v1.c"
  62  0006  0F20        	mov a,32
  62  0007  80B2 0001   	lmov [306],a
  63  0009              #line 63 "D:\Wade\Project\Tennis_Ball_Machine\Firmware\Servo_Motor_v1\Servo_Motor_v1.c"
  63  0009  0FA8        	mov a,168
  63  000A  80B3 0001   	lmov [307],a
  64  000C              #line 64 "D:\Wade\Project\Tennis_Ball_Machine\Firmware\Servo_Motor_v1\Servo_Motor_v1.c"
  64  000C  0F02        	mov a,2
  64  000D  80B8 0001   	lmov [312],a
  67  000F              #line 67 "D:\Wade\Project\Tennis_Ball_Machine\Firmware\Servo_Motor_v1\Servo_Motor_v1.c"
  67  000F  0F30        	mov a,48
  67  0010  80B9 0001   	lmov [313],a
  68  0012              #line 68 "D:\Wade\Project\Tennis_Ball_Machine\Firmware\Servo_Motor_v1\Servo_Motor_v1.c"
  68  0012  0FA8        	mov a,168
  68  0013  80BA 0001   	lmov [314],a
  69  0015              #line 69 "D:\Wade\Project\Tennis_Ball_Machine\Firmware\Servo_Motor_v1\Servo_Motor_v1.c"
  69  0015  0F0A        	mov a,10
  69  0016  80BF 0001   	lmov [319],a
  69  0018  0003        	ret
  69  0019              _timer_setup endp
"File: Servo_Motor_v1.c  Assembler  Version HGASM0202      Page 3

  69  0019              #line 69 "D:\Wade\Project\Tennis_Ball_Machine\Firmware\Servo_Motor_v1\Servo_Motor_v1.c"
  69  0019              #pragma debug scope 1 1
  69  0019              ___pcs1 equ [338]
  69  0019              ___pds0 equ [339]
  69  0019              ___pfs1 equ [344]
  69  0019              ___stm0al equ [82]
  69  0019              ___stm0ah equ [83]
  69  0019              ___stm1al equ [310]
  69  0019              ___stm1ah equ [311]
  69  0019              ___stm2al equ [317]
  69  0019              ___stm2ah equ [318]
  69  0019              public _servo_setup
  69  0019              #pragma debug scope 3 1
  73  0019              #line 73 "D:\Wade\Project\Tennis_Ball_Machine\Firmware\Servo_Motor_v1\Servo_Motor_v1.c"
  73  0000              _servo_setup .section 'code'
  73  0000              _servo_setup proc
  74  0000              #line 74 "D:\Wade\Project\Tennis_Ball_Machine\Firmware\Servo_Motor_v1\Servo_Motor_v1.c"
  74  0000              	fcall _timer_setup
  75  0007              #line 75 "D:\Wade\Project\Tennis_Ball_Machine\Firmware\Servo_Motor_v1\Servo_Motor_v1.c"
  75  0007  0F22        	mov a,34
  75  0008  80D2 0001   	lmov [338],a
  76  000A              #line 76 "D:\Wade\Project\Tennis_Ball_Machine\Firmware\Servo_Motor_v1\Servo_Motor_v1.c"
  76  000A  0F02        	mov a,2
  76  000B  80D3 0001   	lmov [339],a
  77  000D              #line 77 "D:\Wade\Project\Tennis_Ball_Machine\Firmware\Servo_Motor_v1\Servo_Motor_v1.c"
  77  000D  0F80        	mov a,128
  77  000E  80D8 0001   	lmov [344],a
  79  0010              #line 79 "D:\Wade\Project\Tennis_Ball_Machine\Firmware\Servo_Motor_v1\Servo_Motor_v1.c"
  79  0010  31CE        	set [78].3
  79  0011  1F52        	clr [82]
  79  0012  0F01        	mov a,1
  79  0013  00D3        	mov [83],a
  80  0014              #line 80 "D:\Wade\Project\Tennis_Ball_Machine\Firmware\Servo_Motor_v1\Servo_Motor_v1.c"
  80  0014  B1B2 0001   	lset [306].3
  80  0016  0F2C        	mov a,44
  80  0017  80B6 0001   	lmov [310],a
  80  0019  0F01        	mov a,1
  80  001A  80B7 0001   	lmov [311],a
  81  001C              #line 81 "D:\Wade\Project\Tennis_Ball_Machine\Firmware\Servo_Motor_v1\Servo_Motor_v1.c"
  81  001C  B1B9 0001   	lset [313].3
  81  001E  0FB4        	mov a,180
  81  001F  80BD 0001   	lmov [317],a
  81  0021  9F3E 0001   	lclr [318]
  81  0023  0003        	ret
  81  0024              _servo_setup endp
  81  0024              #line 81 "D:\Wade\Project\Tennis_Ball_Machine\Firmware\Servo_Motor_v1\Servo_Motor_v1.c"
  81  0024              #pragma debug scope 1 1
  81  0024              public _delay
  81  0024              #pragma debug scope 4 1
  85  0024              #line 85 "D:\Wade\Project\Tennis_Ball_Machine\Firmware\Servo_Motor_v1\Servo_Motor_v1.c"
  85  0000              _delay .section 'code'
  85  0000              _delay proc
  85  0000              public _delay_2
  85  0000  0002[           local _delay_2 db 2 dup(?)	; 2,0
            00
            ]
  85  0002              #pragma debug variable 10 4 _delay_2+0 "var"
  87  0002              #line 87 "D:\Wade\Project\Tennis_Ball_Machine\Firmware\Servo_Motor_v1\Servo_Motor_v1.c"
  87  0000  1F00     E  	clr rb
  87  0001  1F00     E  	clr rc
"File: Servo_Motor_v1.c  Assembler  Version HGASM0202      Page 4

  87  0002              _L4:
  87  0002              #line 87 "D:\Wade\Project\Tennis_Ball_Machine\Firmware\Servo_Motor_v1\Servo_Motor_v1.c"
  87  0002  0700     E  	mov a,rb
  87  0003  0200     R  	sub a,_delay_2[0]
  87  0004  0700     E  	mov a,rc
  87  0005  1200     R  	sbc a,_delay_2[1]
  87  0006  3F0A        	sz cz
  87  0007  2800     R  	jmp _L3
  87  0008  1F00     E  	clr ra
  87  0009              _L7:
  89  0009              #line 89 "D:\Wade\Project\Tennis_Ball_Machine\Firmware\Servo_Motor_v1\Servo_Motor_v1.c"
  89  0009              ;# 89 "D:\Wade\Project\Tennis_Ball_Machine\Firmware\Servo_Motor_v1\Servo_Motor_v1.c" 1
  89  0009  0000        	nop
  89  000A  1480     E  	inc ra
  88  000B              #line 88 "D:\Wade\Project\Tennis_Ball_Machine\Firmware\Servo_Motor_v1\Servo_Motor_v1.c"
  88  000B  0700     E  	mov a,ra
  88  000C  0A19        	sub a,25
  88  000D  390A        	snz z
  88  000E  2800     R  	jmp _L7
  87  000F              #line 87 "D:\Wade\Project\Tennis_Ball_Machine\Firmware\Servo_Motor_v1\Servo_Motor_v1.c"
  87  000F  1480     E  	inc rb
  87  0010  3D0A        	sz z
  87  0011  1480     E  	inc rc
  87  0012  2800     R  	jmp _L4
  87  0013              _L3:
  87  0013  0003        	ret
  87  0014              _delay endp
  87  0014              #line 87 "D:\Wade\Project\Tennis_Ball_Machine\Firmware\Servo_Motor_v1\Servo_Motor_v1.c"
  87  0014              #pragma debug scope 1 1
  87  0014              ___wdtc equ [62]
  87  0014              ___scc equ [58]
  87  0014              ___hircc equ [59]
  87  0014              ___phc equ [43]
  87  0014              ___phpu equ [44]
  87  0014              ___pgc equ [40]
  87  0014              ___pg equ [39]
  87  0014              public _main
  87  0014              #pragma debug scope 5 1
  18  0014              #line 18 "D:\Wade\Project\Tennis_Ball_Machine\Firmware\Servo_Motor_v1\Servo_Motor_v1.c"
  18  0014              IFDEF WITH_DEFAULT_STARTUP
  18  0014              extern _main_initial0:near
  18  0014              extern _main_startup:near
  18  0014              ENDIF
  18  0014              
  18  0014              ROMBANK 0 @start
  18  0000              @start .section com_l 'code'
  18  0000              _main_startup1:
  18  0000              @start .section com_e 'code'
  18  0000  0F00     R  	mov a,bank _main
  18  0001  008B        	mov bp,a
  18  0002  2800     R  	jmp _main
  18  0003              
  18  0000              _main .section 'code'
  18  0000              _main proc
  19  0000              #line 19 "D:\Wade\Project\Tennis_Ball_Machine\Firmware\Servo_Motor_v1\Servo_Motor_v1.c"
  19  0000  0FAB        	mov a,171
  19  0001  00BE        	mov [62],a
  21  0002              #line 21 "D:\Wade\Project\Tennis_Ball_Machine\Firmware\Servo_Motor_v1\Servo_Motor_v1.c"
  21  0002  0F01        	mov a,1
  21  0003  00BA        	mov [58],a
"File: Servo_Motor_v1.c  Assembler  Version HGASM0202      Page 5

  22  0004              #line 22 "D:\Wade\Project\Tennis_Ball_Machine\Firmware\Servo_Motor_v1\Servo_Motor_v1.c"
  22  0004  0F0F        	mov a,15
  22  0005  00BB        	mov [59],a
  24  0006              #line 24 "D:\Wade\Project\Tennis_Ball_Machine\Firmware\Servo_Motor_v1\Servo_Motor_v1.c"
  24  0006  30AB        	set [43].1
  25  0007              #line 25 "D:\Wade\Project\Tennis_Ball_Machine\Firmware\Servo_Motor_v1\Servo_Motor_v1.c"
  25  0007  30AC        	set [44].1
  26  0008              #line 26 "D:\Wade\Project\Tennis_Ball_Machine\Firmware\Servo_Motor_v1\Servo_Motor_v1.c"
  26  0008  1F28        	clr [40]
  28  0009              #line 28 "D:\Wade\Project\Tennis_Ball_Machine\Firmware\Servo_Motor_v1\Servo_Motor_v1.c"
  28  0009  0F06        	mov a,6
  28  000A  00A7        	mov [39],a
  31  000B              #line 31 "D:\Wade\Project\Tennis_Ball_Machine\Firmware\Servo_Motor_v1\Servo_Motor_v1.c"
  31  000B              	fcall _servo_setup
  31  0012              _L10:
  34  0012              #line 34 "D:\Wade\Project\Tennis_Ball_Machine\Firmware\Servo_Motor_v1\Servo_Motor_v1.c"
  34  0012  0FD2        	mov a,210
  34  0013  80BD 0001   	lmov [317],a
  34  0015  9F3E 0001   	lclr [318]
  35  0017              #line 35 "D:\Wade\Project\Tennis_Ball_Machine\Firmware\Servo_Motor_v1\Servo_Motor_v1.c"
  35  0017  0F20        	mov a,32
  35  0018  0080     R  	mov _delay_2[0],a
  35  0019  0F4E        	mov a,78
  35  001A  0080     R  	mov _delay_2[1],a
  35  001B              	fcall _delay
  37  0022              #line 37 "D:\Wade\Project\Tennis_Ball_Machine\Firmware\Servo_Motor_v1\Servo_Motor_v1.c"
  37  0022  0FB4        	mov a,180
  37  0023  80BD 0001   	lmov [317],a
  37  0025  9F3E 0001   	lclr [318]
  38  0027              #line 38 "D:\Wade\Project\Tennis_Ball_Machine\Firmware\Servo_Motor_v1\Servo_Motor_v1.c"
  38  0027  0F10        	mov a,16
  38  0028  0080     R  	mov _delay_2[0],a
  38  0029  0F27        	mov a,39
  38  002A  0080     R  	mov _delay_2[1],a
  38  002B              	fcall _delay
  40  0032              #line 40 "D:\Wade\Project\Tennis_Ball_Machine\Firmware\Servo_Motor_v1\Servo_Motor_v1.c"
  40  0032  0F50        	mov a,80
  40  0033  80BD 0001   	lmov [317],a
  40  0035  9F3E 0001   	lclr [318]
  41  0037              #line 41 "D:\Wade\Project\Tennis_Ball_Machine\Firmware\Servo_Motor_v1\Servo_Motor_v1.c"
  41  0037  0F20        	mov a,32
  41  0038  0080     R  	mov _delay_2[0],a
  41  0039  0F4E        	mov a,78
  41  003A  0080     R  	mov _delay_2[1],a
  41  003B              	fcall _delay
  43  0042              #line 43 "D:\Wade\Project\Tennis_Ball_Machine\Firmware\Servo_Motor_v1\Servo_Motor_v1.c"
  43  0042  0FB4        	mov a,180
  43  0043  80BD 0001   	lmov [317],a
  43  0045  9F3E 0001   	lclr [318]
  44  0047              #line 44 "D:\Wade\Project\Tennis_Ball_Machine\Firmware\Servo_Motor_v1\Servo_Motor_v1.c"
  44  0047  0F10        	mov a,16
  44  0048  0080     R  	mov _delay_2[0],a
  44  0049  0F27        	mov a,39
  44  004A  0080     R  	mov _delay_2[1],a
  44  004B              	fcall _delay
  44  0052  2800     R  	jmp _L10
  44  0053  2800     R  	jmp $
  44  0054              _main endp
  44  0054              
  44  0054              @dummy endp
"File: Servo_Motor_v1.c  Assembler  Version HGASM0202      Page 6

  44  0054              
  44  0054              #line 44 "D:\Wade\Project\Tennis_Ball_Machine\Firmware\Servo_Motor_v1\Servo_Motor_v1.c"
  44  0054              #pragma debug scope 1 1
  44  0054              #pragma debug struct_end
  44  0054              #pragma debug struct_end
  44  0054              #pragma debug union_end
  44  0054              #pragma debug union_end
  44  0054              #pragma debug variable 43 1 ___pg "__pg" 1
  44  0054              #pragma debug struct_end
  44  0054              #pragma debug struct_end
  44  0054              #pragma debug union_end
  44  0054              #pragma debug union_end
  44  0054              #pragma debug variable 45 1 ___pgc "__pgc" 1
  44  0054              #pragma debug struct_end
  44  0054              #pragma debug struct_end
  44  0054              #pragma debug union_end
  44  0054              #pragma debug union_end
  44  0054              #pragma debug variable 47 1 ___phc "__phc" 1
  44  0054              #pragma debug struct_end
  44  0054              #pragma debug struct_end
  44  0054              #pragma debug union_end
  44  0054              #pragma debug union_end
  44  0054              #pragma debug variable 49 1 ___phpu "__phpu" 1
  44  0054              #pragma debug struct_end
  44  0054              #pragma debug struct_end
  44  0054              #pragma debug union_end
  44  0054              #pragma debug union_end
  44  0054              #pragma debug variable 51 1 ___scc "__scc" 1
  44  0054              #pragma debug struct_end
  44  0054              #pragma debug struct_end
  44  0054              #pragma debug union_end
  44  0054              #pragma debug union_end
  44  0054              #pragma debug variable 53 1 ___hircc "__hircc" 1
  44  0054              #pragma debug struct_end
  44  0054              #pragma debug struct_end
  44  0054              #pragma debug union_end
  44  0054              #pragma debug union_end
  44  0054              #pragma debug variable 55 1 ___wdtc "__wdtc" 1
  44  0054              #pragma debug struct_end
  44  0054              #pragma debug struct_end
  44  0054              #pragma debug union_end
  44  0054              #pragma debug union_end
  44  0054              #pragma debug variable 57 1 ___stm0c0 "__stm0c0" 1
  44  0054              #pragma debug struct_end
  44  0054              #pragma debug struct_end
  44  0054              #pragma debug union_end
  44  0054              #pragma debug union_end
  44  0054              #pragma debug variable 59 1 ___stm0c1 "__stm0c1" 1
  44  0054              #pragma debug variable 8 1 ___stm0al "__stm0al" 1
  44  0054              #pragma debug variable 8 1 ___stm0ah "__stm0ah" 1
  44  0054              #pragma debug struct_end
  44  0054              #pragma debug struct_end
  44  0054              #pragma debug union_end
  44  0054              #pragma debug union_end
  44  0054              #pragma debug variable 61 1 ___stm0rp "__stm0rp" 1
  44  0054              #pragma debug struct_end
  44  0054              #pragma debug struct_end
  44  0054              #pragma debug union_end
  44  0054              #pragma debug union_end
  44  0054              #pragma debug variable 63 1 ___stm1c0 "__stm1c0" 1
"File: Servo_Motor_v1.c  Assembler  Version HGASM0202      Page 7

  44  0054              #pragma debug struct_end
  44  0054              #pragma debug struct_end
  44  0054              #pragma debug union_end
  44  0054              #pragma debug union_end
  44  0054              #pragma debug variable 65 1 ___stm1c1 "__stm1c1" 1
  44  0054              #pragma debug variable 8 1 ___stm1al "__stm1al" 1
  44  0054              #pragma debug variable 8 1 ___stm1ah "__stm1ah" 1
  44  0054              #pragma debug struct_end
  44  0054              #pragma debug struct_end
  44  0054              #pragma debug union_end
  44  0054              #pragma debug union_end
  44  0054              #pragma debug variable 67 1 ___stm1rp "__stm1rp" 1
  44  0054              #pragma debug struct_end
  44  0054              #pragma debug struct_end
  44  0054              #pragma debug union_end
  44  0054              #pragma debug union_end
  44  0054              #pragma debug variable 69 1 ___stm2c0 "__stm2c0" 1
  44  0054              #pragma debug struct_end
  44  0054              #pragma debug struct_end
  44  0054              #pragma debug union_end
  44  0054              #pragma debug union_end
  44  0054              #pragma debug variable 71 1 ___stm2c1 "__stm2c1" 1
  44  0054              #pragma debug variable 8 1 ___stm2al "__stm2al" 1
  44  0054              #pragma debug variable 8 1 ___stm2ah "__stm2ah" 1
  44  0054              #pragma debug struct_end
  44  0054              #pragma debug struct_end
  44  0054              #pragma debug union_end
  44  0054              #pragma debug union_end
  44  0054              #pragma debug variable 73 1 ___stm2rp "__stm2rp" 1
  44  0054              #pragma debug struct_end
  44  0054              #pragma debug struct_end
  44  0054              #pragma debug union_end
  44  0054              #pragma debug union_end
  44  0054              #pragma debug variable 75 1 ___pcs1 "__pcs1" 1
  44  0054              #pragma debug struct_end
  44  0054              #pragma debug struct_end
  44  0054              #pragma debug union_end
  44  0054              #pragma debug union_end
  44  0054              #pragma debug variable 77 1 ___pds0 "__pds0" 1
  44  0054              #pragma debug struct_end
  44  0054              #pragma debug struct_end
  44  0054              #pragma debug union_end
  44  0054              #pragma debug union_end
  44  0054              #pragma debug variable 79 1 ___pfs1 "__pfs1" 1
  18  0054              #line 18 "D:\Wade\Project\Tennis_Ball_Machine\Firmware\Servo_Motor_v1\Servo_Motor_v1.c"
  18  0000              @code .section at 0 'code'
  18  0000  1F0B        	clr bp
  18  0001  2800     R  	jmp _main_startup1
  18  0002              
  18  0002              
  18  0002              ; 
  18  0002              ; Generated by holtek-gcc v3.19, Sat Sep 10 10:56:52 2022
  18  0002              ; Rebuild 718
  18  0002              ; end of file


        0 Errors, 0