"File: DC_Motor_with_sensor_v1.c  Assembler  Version HGASM0202      Page 1


   1  0000              ; Generated by holtek-gcc v3.19, Tue Apr 12 19:16:37 2022
   2  0000              ; 
   3  0000              ; Configuration:
   4  0000              ;       with long instruction
   5  0000              ;       Multi-ROM, Multi-RAM
   6  0000              ;       bits_per_rom_unit:16
   7  0000              ;       with mp1
   8  0000              ;       with tbhp, address(0x9)
   9  0000              ;          Use tabrd-const
  10  0000              ;       
  11  0000              ; SFR address of long-instruction arch:
  12  0000              ;    mp0 = -1,1,0
  13  0000              ;    mp1 = 4,3,2
  14  0000              ;    mp2 = 14,13,12
  15  0000              ;    tbp = 9,7,8
  16  0000              ;    acc = 5
  17  0000              ;    pcl = 6
  18  0000              ;    status = 10
  19  0000              ;    bp = 11
  20  0000              ;    intc = 16
  21  0000              ;       
  22  0000              ;       
  23  0000              ; use 'tabrdc' instead of 'tabrd'
  24  0000              ;       
  25  0000              
  26  0000              #pragma translator "holtek-gcc 4.6.4" "3.19" "build 20130711"
  27  0000              ; Rebuild 718
  28  0000              
  29  0000              ir equ [2]
  30  0000              mp equ [3]
  31  0000              sbp equ [4]
  32  0000              acc equ [5]
  33  0000              bp equ [11]
  34  0000              tblp equ [7]
  35  0000              tbhp equ [9]
  36  0000              status equ [10]
  37  0000              c equ [10].0
  38  0000              ac equ [10].1
  39  0000              z equ [10].2
  40  0000              ov equ [10].3
  41  0000              cz equ [10].6
  42  0000              sc equ [10].7
  43  0000              intc equ [16]
  44  0000              mduwr0 equ [59h]
  45  0000              mduwr1 equ [5ah]
  46  0000              mduwr2 equ [5bh]
  47  0000              mduwr3 equ [5ch]
  48  0000              mduwr4 equ [5dh]
  49  0000              mduwr5 equ [5eh]
  50  0000              mduwrctrl equ [5fh]
  51  0000              
  52  0000              extern ra:byte
  53  0000              extern rb:byte
  54  0000              extern rc:byte
  55  0000              extern rd:byte
  56  0000              extern re:byte
  57  0000              extern rf:byte
  58  0000              extern rg:byte
  59  0000              extern rh:byte
"File: DC_Motor_with_sensor_v1.ASM  Assembler  Version HGASM0202      Page 2

  60  0000              extern _Crom2Prom:near
  61  0000              extern _Crom2PromNext:near
  62  0000              
  63  0000              RAMBANK 0 @BITDATASEC, @BITDATASEC1
  64  0000              @HCCINIT	.section 'data'
  65  0000              @HCCINIT0	.section 'data'
  66  0000              @BITDATASEC	 .section 'data'
  67  0000              @BITDATASEC1	 .section 'data'
  68  0000              
  69  0000              #pragma debug scope 1 1
  70  0000              	extern __DELAY3:near
  71  0000              	extern __DELAYX3:near
  72  0000              	extern __DELAYX6:near
  73  0000              	extern __DELAYY5:near
  74  0000              	extern __DELAYY3:near
  75  0000              	extern _builtin_holtek_delay_2:byte
  76  0000              ___stm0c0 equ [78]
  77  0000              ___stm0c1 equ [79]
  78  0000              ___stm0rp equ [84]
  79  0000              ___stm0al equ [82]
  80  0000              ___stm0ah equ [83]
  81  0000              ___pcs1 equ [338]
  82  0000              public _stm_setup
  83  0000              #pragma debug scope 2 1

 142  0000              #line 142 "D:\Wade\Project\Tennis_Ball_Machine\Firmware\DC_Motor_with_sensor_v1\DC_Motor_with_sensor_v1.c"
 142  0000              _stm_setup .section 'code'
 142  0000              _stm_setup proc
 144  0000              #line 144 "D:\Wade\Project\Tennis_Ball_Machine\Firmware\DC_Motor_with_sensor_v1\DC_Motor_with_sensor_v1.c"
 144  0000  0F20        	mov a,32
 144  0001  00CE        	mov [78],a
 145  0002              #line 145 "D:\Wade\Project\Tennis_Ball_Machine\Firmware\DC_Motor_with_sensor_v1\DC_Motor_with_sensor_v1.c"
 145  0002  0FA8        	mov a,168
 145  0003  00CF        	mov [79],a
 146  0004              #line 146 "D:\Wade\Project\Tennis_Ball_Machine\Firmware\DC_Motor_with_sensor_v1\DC_Motor_with_sensor_v1.c"
 146  0004  0F02        	mov a,2
 146  0005  00D4        	mov [84],a
 147  0006              #line 147 "D:\Wade\Project\Tennis_Ball_Machine\Firmware\DC_Motor_with_sensor_v1\DC_Motor_with_sensor_v1.c"
 147  0006  1F52        	clr [82]
 147  0007  1F53        	clr [83]
 149  0008              #line 149 "D:\Wade\Project\Tennis_Ball_Machine\Firmware\DC_Motor_with_sensor_v1\DC_Motor_with_sensor_v1.c"
 149  0008  0F20        	mov a,32
 149  0009  80D2 0001   	lmov [338],a
 149  000B  0003        	ret
 149  000C              _stm_setup endp
 149  000C              #line 149 "D:\Wade\Project\Tennis_Ball_Machine\Firmware\DC_Motor_with_sensor_v1\DC_Motor_with_sensor_v1.c"
 149  000C              #pragma debug scope 1 1
 149  000C              ___pas1 equ [334]
 149  000C              ___u0cr1 equ [273]
 149  000C              ___u0cr2 equ [274]
 149  000C              ___brg0 equ [276]
 149  000C              ___mfi5 equ [56]
 149  000C              ___intc3 equ [19]
 149  000C              ___intc0 equ [16]
 149  000C              public _UART_Setup
 149  000C              #pragma debug scope 3 1
 159  000C              #line 159 "D:\Wade\Project\Tennis_Ball_Machine\Firmware\DC_Motor_with_sensor_v1\DC_Motor_with_sensor_v1.c"
 159  0000              _UART_Setup .section 'code'
 159  0000              _UART_Setup proc
 160  0000              #line 160 "D:\Wade\Project\Tennis_Ball_Machine\Firmware\DC_Motor_with_sensor_v1\DC_Motor_with_sensor_v1.c"
"File: DC_Motor_with_sensor_v1.c  Assembler  Version HGASM0202      Page 3

 160  0000  0FF0        	mov a,240
 160  0001  80CE 0001   	lmov [334],a
 161  0003              #line 161 "D:\Wade\Project\Tennis_Ball_Machine\Firmware\DC_Motor_with_sensor_v1\DC_Motor_with_sensor_v1.c"
 161  0003  0F80        	mov a,128
 161  0004  8091 0001   	lmov [273],a
 162  0006              #line 162 "D:\Wade\Project\Tennis_Ball_Machine\Firmware\DC_Motor_with_sensor_v1\DC_Motor_with_sensor_v1.c"
 162  0006  0FC4        	mov a,196
 162  0007  8092 0001   	lmov [274],a
 163  0009              #line 163 "D:\Wade\Project\Tennis_Ball_Machine\Firmware\DC_Motor_with_sensor_v1\DC_Motor_with_sensor_v1.c"
 163  0009  0F0C        	mov a,12
 163  000A  8094 0001   	lmov [276],a
 164  000C              #line 164 "D:\Wade\Project\Tennis_Ball_Machine\Firmware\DC_Motor_with_sensor_v1\DC_Motor_with_sensor_v1.c"
 164  000C  3038        	set [56].0
 165  000D              #line 165 "D:\Wade\Project\Tennis_Ball_Machine\Firmware\DC_Motor_with_sensor_v1\DC_Motor_with_sensor_v1.c"
 165  000D  3638        	clr [56].4
 166  000E              #line 166 "D:\Wade\Project\Tennis_Ball_Machine\Firmware\DC_Motor_with_sensor_v1\DC_Motor_with_sensor_v1.c"
 166  000E  3193        	set [19].3
 167  000F              #line 167 "D:\Wade\Project\Tennis_Ball_Machine\Firmware\DC_Motor_with_sensor_v1\DC_Motor_with_sensor_v1.c"
 167  000F  3010        	set [16].0
 167  0010  0003        	ret
 167  0011              _UART_Setup endp
 167  0011              #line 167 "D:\Wade\Project\Tennis_Ball_Machine\Firmware\DC_Motor_with_sensor_v1\DC_Motor_with_sensor_v1.c"
 167  0011              #pragma debug scope 1 1
 167  0011              ___u0sr equ [272]
 167  0011              ___txr_rxr0 equ [275]
 167  0011              public _Read_Data
 167  0011              #pragma debug scope 4 1
 171  0011              #line 171 "D:\Wade\Project\Tennis_Ball_Machine\Firmware\DC_Motor_with_sensor_v1\DC_Motor_with_sensor_v1.c"
 171  0000              _Read_Data .section 'code'
 171  0000              _Read_Data proc
 171  0000              _L5:
 172  0000              #line 172 "D:\Wade\Project\Tennis_Ball_Machine\Firmware\DC_Motor_with_sensor_v1\DC_Motor_with_sensor_v1.c"
 172  0000  B990 0001   	lsnz [272].3
 172  0002  2800     R  	jmp _L5
 173  0003              #line 173 "D:\Wade\Project\Tennis_Ball_Machine\Firmware\DC_Motor_with_sensor_v1\DC_Motor_with_sensor_v1.c"
 173  0003  0700     R  	mov a,_kn[0]
 173  0004  0080     E  	mov rb,a
 173  0005  0700     R  	mov a,_kn[1]
 173  0006  0080     E  	mov rc,a
 173  0007  8713 0001   	lmov a,[275]
 173  0009  0080     E  	mov ra,a
 173  000A  0F00     R  	mov a,low offset _R_Data
 173  000B  0300     E  	add a,rb
 173  000C  0083        	mov mp,a
 173  000D  0F00     R  	mov a,high offset _R_Data
 173  000E  1300     E  	adc a,rc
 173  000F  0084        	mov sbp,a
 173  0010  0700     E  	mov a,ra
 173  0011  0082        	mov ir,a
 174  0012              #line 174 "D:\Wade\Project\Tennis_Ball_Machine\Firmware\DC_Motor_with_sensor_v1\DC_Motor_with_sensor_v1.c"
 174  0012  0700     E  	mov a,ra
 174  0013  0A2F        	sub a,47
 174  0014  3D0A        	sz z
 174  0015  2800     R  	jmp _L6
 174  0016  0F09        	mov a,9
 174  0017  0200     E  	sub a,rb
 174  0018  0F00        	mov a,0
 174  0019  1200     E  	sbc a,rc
 174  001A  3C0A        	sz c
 174  001B  2800     R  	jmp _L7
"File: DC_Motor_with_sensor_v1.c  Assembler  Version HGASM0202      Page 4

 174  001C              _L6:
 174  001C  1F00     R  	clr _kn[0]
 174  001D  1F00     R  	clr _kn[1]
 174  001E  2800     R  	jmp _L3
 174  001F              _L7:
 175  001F              #line 175 "D:\Wade\Project\Tennis_Ball_Machine\Firmware\DC_Motor_with_sensor_v1\DC_Motor_with_sensor_v1.c"
 175  001F  0F01        	mov a,1
 175  0020  0300     E  	add a,rb
 175  0021  0080     R  	mov _kn[0],a
 175  0022  0F00        	mov a,0
 175  0023  1300     E  	adc a,rc
 175  0024  0080     R  	mov _kn[1],a
 175  0025              _L3:
 175  0025  0003        	ret
 175  0026              _Read_Data endp
 175  0026              #line 175 "D:\Wade\Project\Tennis_Ball_Machine\Firmware\DC_Motor_with_sensor_v1\DC_Motor_with_sensor_v1.c"
 175  0026              #pragma debug scope 1 1
 175  0026              public _Uart_R
 175  0026              #pragma debug scope 5 1
 153  0026              #line 153 "D:\Wade\Project\Tennis_Ball_Machine\Firmware\DC_Motor_with_sensor_v1\DC_Motor_with_sensor_v1.c"
 153  0026              rombank 0 @Uart_R_code
 153  0000              @Uart_R_code .section at 60 'code'
 153  0000  0080     E  	mov r1,a
 153  0001  070B        	mov a,bp
 153  0002  1F0B        	clr bp
 153  0003  2800     R  	jmp _Uart_R
 153  0004              ROMBANK 0 _Uart_R
 153  0004              #pragma debug scope 1 1
 153  0004              @dummy60 endp
 153  0004              #pragma debug scope 6 1
 153  0000              _Uart_R .section 'code'
 153  0000              _Uart_R proc
 153  0000  0080     E  	mov r2,a
 153  0001  070A        	mov a, status
 153  0002  0080     E  	mov r3,a
 153  0003  0703        	mov a,mp
 153  0004  0080     E  	mov r4,a
 153  0005  0704        	mov a,sbp
 153  0006  0080     E  	mov r5,a
 153  0007  0707        	mov a,tblp
 153  0008  0080     E  	mov r6,a
 153  0009  0709        	mov a,tbhp
 153  000A  0080     E  	mov r7,a
 154  000B              #line 154 "D:\Wade\Project\Tennis_Ball_Machine\Firmware\DC_Motor_with_sensor_v1\DC_Motor_with_sensor_v1.c"
 154  000B              	fcall _Read_Data
 155  0012              #line 155 "D:\Wade\Project\Tennis_Ball_Machine\Firmware\DC_Motor_with_sensor_v1\DC_Motor_with_sensor_v1.c"
 155  0012  3638        	clr [56].4
 155  0013  0700     E  	mov a,r2
 155  0014  008B        	mov bp,a
 155  0015  0700     E  	mov a,r3
 155  0016  008A        	mov status,a
 155  0017  0700     E  	mov a,r4
 155  0018  0083        	mov mp,a
 155  0019  0700     E  	mov a,r5
 155  001A  0084        	mov sbp,a
 155  001B  0700     E  	mov a,r6
 155  001C  0087        	mov tblp,a
 155  001D  0700     E  	mov a,r7
 155  001E  0089        	mov tbhp,a
 155  001F  1D05        	tabrdc acc
"File: DC_Motor_with_sensor_v1.c  Assembler  Version HGASM0202      Page 5

 155  0020  0700     E  	mov a,r1
 155  0021  0004        	reti
 155  0022              _Uart_R endp
 155  0022              
 155  0022              #line 155 "D:\Wade\Project\Tennis_Ball_Machine\Firmware\DC_Motor_with_sensor_v1\DC_Motor_with_sensor_v1.c"
 155  0022              #pragma debug scope 1 1
 155  0022              public _delay
 155  0022              #pragma debug scope 7 1
 179  0022              #line 179 "D:\Wade\Project\Tennis_Ball_Machine\Firmware\DC_Motor_with_sensor_v1\DC_Motor_with_sensor_v1.c"
 179  0000              _delay .section 'code'
 179  0000              _delay proc
 179  0000              public _delay_2
 179  0000  0002[           local _delay_2 db 2 dup(?)	; 2,0
            00
            ]
 179  0002              #pragma debug variable 10 7 _delay_2+0 "dev"
 181  0002              #line 181 "D:\Wade\Project\Tennis_Ball_Machine\Firmware\DC_Motor_with_sensor_v1\DC_Motor_with_sensor_v1.c"
 181  0000  1F00     E  	clr rb
 181  0001  1F00     E  	clr rc
 181  0002              _L15:
 181  0002              #line 181 "D:\Wade\Project\Tennis_Ball_Machine\Firmware\DC_Motor_with_sensor_v1\DC_Motor_with_sensor_v1.c"
 181  0002  0700     E  	mov a,rb
 181  0003  0200     R  	sub a,_delay_2[0]
 181  0004  0700     E  	mov a,rc
 181  0005  1200     R  	sbc a,_delay_2[1]
 181  0006  3F0A        	sz cz
 181  0007  2800     R  	jmp _L14
 181  0008  1F00     E  	clr ra
 181  0009              _L18:
 183  0009              #line 183 "D:\Wade\Project\Tennis_Ball_Machine\Firmware\DC_Motor_with_sensor_v1\DC_Motor_with_sensor_v1.c"
 183  0009              ;# 183 "D:\Wade\Project\Tennis_Ball_Machine\Firmware\DC_Motor_with_sensor_v1\DC_Motor_with_sensor_v1.c" 1
 183  0009  0000        	nop
 183  000A  1480     E  	inc ra
 182  000B              #line 182 "D:\Wade\Project\Tennis_Ball_Machine\Firmware\DC_Motor_with_sensor_v1\DC_Motor_with_sensor_v1.c"
 182  000B  0700     E  	mov a,ra
 182  000C  0A19        	sub a,25
 182  000D  390A        	snz z
 182  000E  2800     R  	jmp _L18
 181  000F              #line 181 "D:\Wade\Project\Tennis_Ball_Machine\Firmware\DC_Motor_with_sensor_v1\DC_Motor_with_sensor_v1.c"
 181  000F  1480     E  	inc rb
 181  0010  3D0A        	sz z
 181  0011  1480     E  	inc rc
 181  0012  2800     R  	jmp _L15
 181  0013              _L14:
 181  0013  0003        	ret
 181  0014              _delay endp
 181  0014              #line 181 "D:\Wade\Project\Tennis_Ball_Machine\Firmware\DC_Motor_with_sensor_v1\DC_Motor_with_sensor_v1.c"
 181  0014              #pragma debug scope 1 1
 181  0014              ___wdtc equ [62]
 181  0014              ___pcc equ [28]
 181  0014              ___pc equ [27]
 181  0014              ___pf equ [36]
 181  0014              ___pfc equ [37]
 181  0014              ___pdc equ [31]
 181  0014              ___pdpu equ [32]
 181  0014              ___pd equ [30]
 181  0014              public _main
 181  0014              #pragma debug scope 8 1
  29  0014              #line 29 "D:\Wade\Project\Tennis_Ball_Machine\Firmware\DC_Motor_with_sensor_v1\DC_Motor_with_sensor_v1.c"
  29  0014              IFDEF WITH_DEFAULT_STARTUP
"File: DC_Motor_with_sensor_v1.c  Assembler  Version HGASM0202      Page 6

  29  0014              extern _main_initial0:near
  29  0014              extern _main_startup:near
  29  0014              ENDIF
  29  0014              
  29  0014              ROMBANK 0 @start
  29  0000              @start .section com_l 'code'
  29  0000              _main_startup1:
  29  0000              @start .section com_e 'code'
  29  0000  0F00     R  	mov a,bank _main
  29  0001  008B        	mov bp,a
  29  0002  2800     R  	jmp _main
  29  0003              
  29  0000              _main .section 'code'
  29  0000              _main proc
  30  0000              #line 30 "D:\Wade\Project\Tennis_Ball_Machine\Firmware\DC_Motor_with_sensor_v1\DC_Motor_with_sensor_v1.c"
  30  0000  0FAB        	mov a,171
  30  0001  00BE        	mov [62],a
  32  0002              #line 32 "D:\Wade\Project\Tennis_Ball_Machine\Firmware\DC_Motor_with_sensor_v1\DC_Motor_with_sensor_v1.c"
  32  0002              	fcall _UART_Setup
  34  0009              #line 34 "D:\Wade\Project\Tennis_Ball_Machine\Firmware\DC_Motor_with_sensor_v1\DC_Motor_with_sensor_v1.c"
  34  0009              	fcall _stm_setup
  35  0010              #line 35 "D:\Wade\Project\Tennis_Ball_Machine\Firmware\DC_Motor_with_sensor_v1\DC_Motor_with_sensor_v1.c"
  35  0010  31CE        	set [78].3
  37  0011              #line 37 "D:\Wade\Project\Tennis_Ball_Machine\Firmware\DC_Motor_with_sensor_v1\DC_Motor_with_sensor_v1.c"
  37  0011  341C        	clr [28].0
  38  0012              #line 38 "D:\Wade\Project\Tennis_Ball_Machine\Firmware\DC_Motor_with_sensor_v1\DC_Motor_with_sensor_v1.c"
  38  0012  349C        	clr [28].1
  39  0013              #line 39 "D:\Wade\Project\Tennis_Ball_Machine\Firmware\DC_Motor_with_sensor_v1\DC_Motor_with_sensor_v1.c"
  39  0013  341B        	clr [27].0
  40  0014              #line 40 "D:\Wade\Project\Tennis_Ball_Machine\Firmware\DC_Motor_with_sensor_v1\DC_Motor_with_sensor_v1.c"
  40  0014  349B        	clr [27].1
  42  0015              #line 42 "D:\Wade\Project\Tennis_Ball_Machine\Firmware\DC_Motor_with_sensor_v1\DC_Motor_with_sensor_v1.c"
  42  0015  351C        	clr [28].2
  43  0016              #line 43 "D:\Wade\Project\Tennis_Ball_Machine\Firmware\DC_Motor_with_sensor_v1\DC_Motor_with_sensor_v1.c"
  43  0016  359C        	clr [28].3
  44  0017              #line 44 "D:\Wade\Project\Tennis_Ball_Machine\Firmware\DC_Motor_with_sensor_v1\DC_Motor_with_sensor_v1.c"
  44  0017  351B        	clr [27].2
  45  0018              #line 45 "D:\Wade\Project\Tennis_Ball_Machine\Firmware\DC_Motor_with_sensor_v1\DC_Motor_with_sensor_v1.c"
  45  0018  359B        	clr [27].3
  47  0019              #line 47 "D:\Wade\Project\Tennis_Ball_Machine\Firmware\DC_Motor_with_sensor_v1\DC_Motor_with_sensor_v1.c"
  47  0019  3424        	clr [36].0
  48  001A              #line 48 "D:\Wade\Project\Tennis_Ball_Machine\Firmware\DC_Motor_with_sensor_v1\DC_Motor_with_sensor_v1.c"
  48  001A  3425        	clr [37].0
  50  001B              #line 50 "D:\Wade\Project\Tennis_Ball_Machine\Firmware\DC_Motor_with_sensor_v1\DC_Motor_with_sensor_v1.c"
  50  001B  301F        	set [31].0
  51  001C              #line 51 "D:\Wade\Project\Tennis_Ball_Machine\Firmware\DC_Motor_with_sensor_v1\DC_Motor_with_sensor_v1.c"
  51  001C  3020        	set [32].0
  55  001D              #line 55 "D:\Wade\Project\Tennis_Ball_Machine\Firmware\DC_Motor_with_sensor_v1\DC_Motor_with_sensor_v1.c"
  55  001D  0F90        	mov a,144
  55  001E  00D2        	mov [82],a
  55  001F  0F01        	mov a,1
  55  0020  00D3        	mov [83],a
  55  0021              _L24:
  60  0021              #line 60 "D:\Wade\Project\Tennis_Ball_Machine\Firmware\DC_Motor_with_sensor_v1\DC_Motor_with_sensor_v1.c"
  60  0021  0F90        	mov a,144
  60  0022  00D2        	mov [82],a
  60  0023  0F01        	mov a,1
  60  0024  00D3        	mov [83],a
  61  0025              #line 61 "D:\Wade\Project\Tennis_Ball_Machine\Firmware\DC_Motor_with_sensor_v1\DC_Motor_with_sensor_v1.c"
  61  0025  301B        	set [27].0
"File: DC_Motor_with_sensor_v1.c  Assembler  Version HGASM0202      Page 7

  62  0026              #line 62 "D:\Wade\Project\Tennis_Ball_Machine\Firmware\DC_Motor_with_sensor_v1\DC_Motor_with_sensor_v1.c"
  62  0026  349B        	clr [27].1
  63  0027              #line 63 "D:\Wade\Project\Tennis_Ball_Machine\Firmware\DC_Motor_with_sensor_v1\DC_Motor_with_sensor_v1.c"
  63  0027  0F10        	mov a,16
  63  0028  0080     R  	mov _delay_2[0],a
  63  0029  0F27        	mov a,39
  63  002A  0080     R  	mov _delay_2[1],a
  63  002B              	fcall _delay
  65  0032              #line 65 "D:\Wade\Project\Tennis_Ball_Machine\Firmware\DC_Motor_with_sensor_v1\DC_Motor_with_sensor_v1.c"
  65  0032  341B        	clr [27].0
  66  0033              #line 66 "D:\Wade\Project\Tennis_Ball_Machine\Firmware\DC_Motor_with_sensor_v1\DC_Motor_with_sensor_v1.c"
  66  0033  349B        	clr [27].1
  67  0034              #line 67 "D:\Wade\Project\Tennis_Ball_Machine\Firmware\DC_Motor_with_sensor_v1\DC_Motor_with_sensor_v1.c"
  67  0034  0F10        	mov a,16
  67  0035  0080     R  	mov _delay_2[0],a
  67  0036  0F27        	mov a,39
  67  0037  0080     R  	mov _delay_2[1],a
  67  0038              _L25:
  75  0038              #line 75 "D:\Wade\Project\Tennis_Ball_Machine\Firmware\DC_Motor_with_sensor_v1\DC_Motor_with_sensor_v1.c"
  75  0038              	fcall _delay
  69  003F              #line 69 "D:\Wade\Project\Tennis_Ball_Machine\Firmware\DC_Motor_with_sensor_v1\DC_Motor_with_sensor_v1.c"
  69  003F  3C1E        	sz [30].0
  69  0040  2800     R  	jmp _L27
  72  0041              #line 72 "D:\Wade\Project\Tennis_Ball_Machine\Firmware\DC_Motor_with_sensor_v1\DC_Motor_with_sensor_v1.c"
  72  0041  0F18        	mov a,24
  72  0042  00D2        	mov [82],a
  72  0043  0F01        	mov a,1
  72  0044  00D3        	mov [83],a
  73  0045              #line 73 "D:\Wade\Project\Tennis_Ball_Machine\Firmware\DC_Motor_with_sensor_v1\DC_Motor_with_sensor_v1.c"
  73  0045  341B        	clr [27].0
  74  0046              #line 74 "D:\Wade\Project\Tennis_Ball_Machine\Firmware\DC_Motor_with_sensor_v1\DC_Motor_with_sensor_v1.c"
  74  0046  309B        	set [27].1
  75  0047              #line 75 "D:\Wade\Project\Tennis_Ball_Machine\Firmware\DC_Motor_with_sensor_v1\DC_Motor_with_sensor_v1.c"
  75  0047  0F01        	mov a,1
  75  0048  0080     R  	mov _delay_2[0],a
  75  0049  1F00     R  	clr _delay_2[1]
  75  004A  2800     R  	jmp _L25
  75  004B              _L27:
  78  004B              #line 78 "D:\Wade\Project\Tennis_Ball_Machine\Firmware\DC_Motor_with_sensor_v1\DC_Motor_with_sensor_v1.c"
  78  004B  341B        	clr [27].0
  79  004C              #line 79 "D:\Wade\Project\Tennis_Ball_Machine\Firmware\DC_Motor_with_sensor_v1\DC_Motor_with_sensor_v1.c"
  79  004C  349B        	clr [27].1
  80  004D              #line 80 "D:\Wade\Project\Tennis_Ball_Machine\Firmware\DC_Motor_with_sensor_v1\DC_Motor_with_sensor_v1.c"
  80  004D  0F88        	mov a,-120
  80  004E  0080     R  	mov _delay_2[0],a
  80  004F  0F13        	mov a,19
  80  0050  0080     R  	mov _delay_2[1],a
  80  0051              _L26:
  88  0051              #line 88 "D:\Wade\Project\Tennis_Ball_Machine\Firmware\DC_Motor_with_sensor_v1\DC_Motor_with_sensor_v1.c"
  88  0051              	fcall _delay
  82  0058              #line 82 "D:\Wade\Project\Tennis_Ball_Machine\Firmware\DC_Motor_with_sensor_v1\DC_Motor_with_sensor_v1.c"
  82  0058  3C1E        	sz [30].0
  82  0059  2800     R  	jmp _L28
  85  005A              #line 85 "D:\Wade\Project\Tennis_Ball_Machine\Firmware\DC_Motor_with_sensor_v1\DC_Motor_with_sensor_v1.c"
  85  005A  0FD2        	mov a,210
  85  005B  00D2        	mov [82],a
  85  005C  1F53        	clr [83]
  86  005D              #line 86 "D:\Wade\Project\Tennis_Ball_Machine\Firmware\DC_Motor_with_sensor_v1\DC_Motor_with_sensor_v1.c"
  86  005D  301B        	set [27].0
  87  005E              #line 87 "D:\Wade\Project\Tennis_Ball_Machine\Firmware\DC_Motor_with_sensor_v1\DC_Motor_with_sensor_v1.c"
"File: DC_Motor_with_sensor_v1.c  Assembler  Version HGASM0202      Page 8

  87  005E  349B        	clr [27].1
  88  005F              #line 88 "D:\Wade\Project\Tennis_Ball_Machine\Firmware\DC_Motor_with_sensor_v1\DC_Motor_with_sensor_v1.c"
  88  005F  0F01        	mov a,1
  88  0060  0080     R  	mov _delay_2[0],a
  88  0061  1F00     R  	clr _delay_2[1]
  88  0062  2800     R  	jmp _L26
  88  0063              _L28:
  91  0063              #line 91 "D:\Wade\Project\Tennis_Ball_Machine\Firmware\DC_Motor_with_sensor_v1\DC_Motor_with_sensor_v1.c"
  91  0063  341B        	clr [27].0
  92  0064              #line 92 "D:\Wade\Project\Tennis_Ball_Machine\Firmware\DC_Motor_with_sensor_v1\DC_Motor_with_sensor_v1.c"
  92  0064  349B        	clr [27].1
  93  0065              #line 93 "D:\Wade\Project\Tennis_Ball_Machine\Firmware\DC_Motor_with_sensor_v1\DC_Motor_with_sensor_v1.c"
  93  0065  0F20        	mov a,32
  93  0066  0080     R  	mov _delay_2[0],a
  93  0067  0F4E        	mov a,78
  93  0068  0080     R  	mov _delay_2[1],a
  93  0069              	fcall _delay
 138  0070              #line 138 "D:\Wade\Project\Tennis_Ball_Machine\Firmware\DC_Motor_with_sensor_v1\DC_Motor_with_sensor_v1.c"
 138  0070  2800     R  	jmp _L24
 138  0071  2800     R  	jmp $
 138  0072              _main endp
 138  0072              
 138  0072              @dummy endp
 138  0072              
 138  0072              #line 138 "D:\Wade\Project\Tennis_Ball_Machine\Firmware\DC_Motor_with_sensor_v1\DC_Motor_with_sensor_v1.c"
 138  0072              #pragma debug scope 1 1
 138  0072              public _kn
 138  0000              @HCCINIT	.section 'data'
   7  0000              #line 7 "D:\Wade\Project\Tennis_Ball_Machine\Firmware\DC_Motor_with_sensor_v1\DC_Motor_with_sensor_v1.c"
   7  0000              @HCCINIT_kn .section 'data'
   7  0000              _kn label byte
   7  0000              #pragma debug variable 10 1 _kn "kn"
   7  0000              	db 0
   7  0000              @ROMDATA_BASE .section inpage 'code'
   7  0000              	db 0
   7  0001              @HCCINIT_kn .section 'data'
   7  0001              	db 0
   7  0001              @ROMDATA_BASE .section inpage 'code'
   7  0001              	db 0
   7  0002              @HCCINIT_kn .section 'data'
   6  0002              #line 6 "D:\Wade\Project\Tennis_Ball_Machine\Firmware\DC_Motor_with_sensor_v1\DC_Motor_with_sensor_v1.c"
   6  0002              public _Data
   6  0000              @HCCINIT0_Data .section 'data'
   6  0000  000A[       _Data	db 10 dup(0)
            00
            ]
   6  000A              #pragma debug array 42 8 10 1
   6  000A              #pragma debug array 42 8 10 1
   6  000A              #pragma debug variable 42 1 _Data "Data"
   6  000A              
   6  0000              @HCCINIT .section 'data'
   5  0000              #line 5 "D:\Wade\Project\Tennis_Ball_Machine\Firmware\DC_Motor_with_sensor_v1\DC_Motor_with_sensor_v1.c"
   5  0000              public _R_Data
   5  0000              @HCCINIT0_R_Data .section 'data'
   5  0000  000A[       _R_Data	db 10 dup(0)
            00
            ]
   5  000A              #pragma debug variable 42 1 _R_Data "R_Data"
   5  000A              
   5  0000              @HCCINIT .section 'data'
"File: DC_Motor_with_sensor_v1.c  Assembler  Version HGASM0202      Page 9

   5  0000              #pragma debug struct_end
   5  0000              #pragma debug struct_end
   5  0000              #pragma debug union_end
   5  0000              #pragma debug union_end
   5  0000              #pragma debug variable 44 1 ___intc0 "__intc0" 1
   5  0000              #pragma debug struct_end
   5  0000              #pragma debug struct_end
   5  0000              #pragma debug union_end
   5  0000              #pragma debug union_end
   5  0000              #pragma debug variable 46 1 ___intc3 "__intc3" 1
   5  0000              #pragma debug struct_end
   5  0000              #pragma debug struct_end
   5  0000              #pragma debug union_end
   5  0000              #pragma debug union_end
   5  0000              #pragma debug variable 48 1 ___pc "__pc" 1
   5  0000              #pragma debug struct_end
   5  0000              #pragma debug struct_end
   5  0000              #pragma debug union_end
   5  0000              #pragma debug union_end
   5  0000              #pragma debug variable 50 1 ___pcc "__pcc" 1
   5  0000              #pragma debug struct_end
   5  0000              #pragma debug struct_end
   5  0000              #pragma debug union_end
   5  0000              #pragma debug union_end
   5  0000              #pragma debug variable 52 1 ___pd "__pd" 1
   5  0000              #pragma debug struct_end
   5  0000              #pragma debug struct_end
   5  0000              #pragma debug union_end
   5  0000              #pragma debug union_end
   5  0000              #pragma debug variable 54 1 ___pdc "__pdc" 1
   5  0000              #pragma debug struct_end
   5  0000              #pragma debug struct_end
   5  0000              #pragma debug union_end
   5  0000              #pragma debug union_end
   5  0000              #pragma debug variable 56 1 ___pdpu "__pdpu" 1
   5  0000              #pragma debug struct_end
   5  0000              #pragma debug struct_end
   5  0000              #pragma debug union_end
   5  0000              #pragma debug union_end
   5  0000              #pragma debug variable 58 1 ___pf "__pf" 1
   5  0000              #pragma debug struct_end
   5  0000              #pragma debug struct_end
   5  0000              #pragma debug union_end
   5  0000              #pragma debug union_end
   5  0000              #pragma debug variable 60 1 ___pfc "__pfc" 1
   5  0000              #pragma debug struct_end
   5  0000              #pragma debug struct_end
   5  0000              #pragma debug union_end
   5  0000              #pragma debug union_end
   5  0000              #pragma debug variable 62 1 ___mfi5 "__mfi5" 1
   5  0000              #pragma debug struct_end
   5  0000              #pragma debug struct_end
   5  0000              #pragma debug union_end
   5  0000              #pragma debug union_end
   5  0000              #pragma debug variable 64 1 ___wdtc "__wdtc" 1
   5  0000              #pragma debug struct_end
   5  0000              #pragma debug struct_end
   5  0000              #pragma debug union_end
   5  0000              #pragma debug union_end
   5  0000              #pragma debug variable 66 1 ___stm0c0 "__stm0c0" 1
"File: DC_Motor_with_sensor_v1.c  Assembler  Version HGASM0202      Page 10

   5  0000              #pragma debug struct_end
   5  0000              #pragma debug struct_end
   5  0000              #pragma debug union_end
   5  0000              #pragma debug union_end
   5  0000              #pragma debug variable 68 1 ___stm0c1 "__stm0c1" 1
   5  0000              #pragma debug variable 8 1 ___stm0al "__stm0al" 1
   5  0000              #pragma debug variable 8 1 ___stm0ah "__stm0ah" 1
   5  0000              #pragma debug struct_end
   5  0000              #pragma debug struct_end
   5  0000              #pragma debug union_end
   5  0000              #pragma debug union_end
   5  0000              #pragma debug variable 70 1 ___stm0rp "__stm0rp" 1
   5  0000              #pragma debug struct_end
   5  0000              #pragma debug struct_end
   5  0000              #pragma debug union_end
   5  0000              #pragma debug union_end
   5  0000              #pragma debug variable 72 1 ___u0sr "__u0sr" 1
   5  0000              #pragma debug struct_end
   5  0000              #pragma debug struct_end
   5  0000              #pragma debug union_end
   5  0000              #pragma debug union_end
   5  0000              #pragma debug variable 74 1 ___u0cr1 "__u0cr1" 1
   5  0000              #pragma debug struct_end
   5  0000              #pragma debug struct_end
   5  0000              #pragma debug union_end
   5  0000              #pragma debug union_end
   5  0000              #pragma debug variable 76 1 ___u0cr2 "__u0cr2" 1
   5  0000              #pragma debug variable 8 1 ___txr_rxr0 "__txr_rxr0" 1
   5  0000              #pragma debug variable 8 1 ___brg0 "__brg0" 1
   5  0000              #pragma debug struct_end
   5  0000              #pragma debug struct_end
   5  0000              #pragma debug union_end
   5  0000              #pragma debug union_end
   5  0000              #pragma debug variable 78 1 ___pas1 "__pas1" 1
   5  0000              #pragma debug struct_end
   5  0000              #pragma debug struct_end
   5  0000              #pragma debug union_end
   5  0000              #pragma debug union_end
   5  0000              #pragma debug variable 80 1 ___pcs1 "__pcs1" 1
   5  0000              extern r1:byte
   5  0000              extern r2:byte
   5  0000              extern r3:byte
   5  0000              extern r4:byte
   5  0000              extern r5:byte
   5  0000              extern r6:byte
   5  0000              extern r7:byte
  29  0000              #line 29 "D:\Wade\Project\Tennis_Ball_Machine\Firmware\DC_Motor_with_sensor_v1\DC_Motor_with_sensor_v1.c"
  29  0000              @code .section at 0 'code'
  29  0000  1F0B        	clr bp
  29  0001  2800     R  	jmp _main_startup1
  29  0002              
  29  0002              
  29  0002              ; 
  29  0002              ; Generated by holtek-gcc v3.19, Tue Apr 12 19:16:37 2022
  29  0002              ; Rebuild 718
  29  0002              ; end of file


        0 Errors, 0