"File: Relay_v1.c    Assembler  Version HGASM0202      Page 1


   1  0000              ; Generated by holtek-gcc v3.19, Sun Sep 25 12:33:36 2022
   2  0000              ; 
   3  0000              ; Configuration:
   4  0000              ;       with long instruction
   5  0000              ;       Multi-ROM, Multi-RAM
   6  0000              ;       bits_per_rom_unit:16
   7  0000              ;       with mp1
   8  0000              ;       with tbhp, address(0x9)
   9  0000              ;          Use tabrd-const
  10  0000              ;       
  11  0000              ; SFR address of long-instruction arch:
  12  0000              ;    mp0 = -1,1,0
  13  0000              ;    mp1 = 4,3,2
  14  0000              ;    mp2 = 14,13,12
  15  0000              ;    tbp = 9,7,8
  16  0000              ;    acc = 5
  17  0000              ;    pcl = 6
  18  0000              ;    status = 10
  19  0000              ;    bp = 11
  20  0000              ;    intc = 16
  21  0000              ;       
  22  0000              ;       
  23  0000              ; use 'tabrdc' instead of 'tabrd'
  24  0000              ;       
  25  0000              
  26  0000              #pragma translator "holtek-gcc 4.6.4" "3.19" "build 20130711"
  27  0000              ; Rebuild 718
  28  0000              
  29  0000              ir equ [2]
  30  0000              mp equ [3]
  31  0000              sbp equ [4]
  32  0000              acc equ [5]
  33  0000              bp equ [11]
  34  0000              tblp equ [7]
  35  0000              tbhp equ [9]
  36  0000              status equ [10]
  37  0000              c equ [10].0
  38  0000              ac equ [10].1
  39  0000              z equ [10].2
  40  0000              ov equ [10].3
  41  0000              cz equ [10].6
  42  0000              sc equ [10].7
  43  0000              intc equ [16]
  44  0000              mduwr0 equ [59h]
  45  0000              mduwr1 equ [5ah]
  46  0000              mduwr2 equ [5bh]
  47  0000              mduwr3 equ [5ch]
  48  0000              mduwr4 equ [5dh]
  49  0000              mduwr5 equ [5eh]
  50  0000              mduwrctrl equ [5fh]
  51  0000              
  52  0000              extern ra:byte
  53  0000              extern rb:byte
  54  0000              extern rc:byte
  55  0000              extern rd:byte
  56  0000              extern re:byte
  57  0000              extern rf:byte
  58  0000              extern rg:byte
  59  0000              extern rh:byte
"File: Relay_v1.ASM  Assembler  Version HGASM0202      Page 2

  60  0000              extern _Crom2Prom:near
  61  0000              extern _Crom2PromNext:near
  62  0000              
  63  0000              RAMBANK 0 @BITDATASEC, @BITDATASEC1
  64  0000              @HCCINIT	.section 'data'
  65  0000              @HCCINIT0	.section 'data'
  66  0000              @BITDATASEC	 .section 'data'
  67  0000              @BITDATASEC1	 .section 'data'
  68  0000              
  69  0000              #pragma debug scope 1 1
  70  0000              	extern __DELAY3:near
  71  0000              	extern __DELAYX3:near
  72  0000              	extern __DELAYX6:near
  73  0000              	extern __DELAYY5:near
  74  0000              	extern __DELAYY3:near
  75  0000              	extern _builtin_holtek_delay_2:byte
  76  0000              public _delay
  77  0000              #pragma debug scope 2 1

  23  0000              #line 23 "D:\Wade\Project\Tennis_Ball_Machine\Firmware\Relay_v1\Relay_v1.c"
  23  0000              _delay .section 'code'
  23  0000              _delay proc
  23  0000              public _delay_2
  23  0000  0002[           local _delay_2 db 2 dup(?)	; 2,0
            00
            ]
  23  0002              #pragma debug variable 10 2 _delay_2+0 "dev"
  25  0002              #line 25 "D:\Wade\Project\Tennis_Ball_Machine\Firmware\Relay_v1\Relay_v1.c"
  25  0000  1F00     E  	clr rb
  25  0001  1F00     E  	clr rc
  25  0002              _L2:
  25  0002              #line 25 "D:\Wade\Project\Tennis_Ball_Machine\Firmware\Relay_v1\Relay_v1.c"
  25  0002  0700     E  	mov a,rb
  25  0003  0200     R  	sub a,_delay_2[0]
  25  0004  0700     E  	mov a,rc
  25  0005  1200     R  	sbc a,_delay_2[1]
  25  0006  3F0A        	sz cz
  25  0007  2800     R  	jmp _L1
  25  0008  1F00     E  	clr ra
  25  0009              _L5:
  27  0009              #line 27 "D:\Wade\Project\Tennis_Ball_Machine\Firmware\Relay_v1\Relay_v1.c"
  27  0009              ;# 27 "D:\Wade\Project\Tennis_Ball_Machine\Firmware\Relay_v1\Relay_v1.c" 1
  27  0009  0000        	nop
  27  000A  1480     E  	inc ra
  26  000B              #line 26 "D:\Wade\Project\Tennis_Ball_Machine\Firmware\Relay_v1\Relay_v1.c"
  26  000B  0700     E  	mov a,ra
  26  000C  0A19        	sub a,25
  26  000D  390A        	snz z
  26  000E  2800     R  	jmp _L5
  25  000F              #line 25 "D:\Wade\Project\Tennis_Ball_Machine\Firmware\Relay_v1\Relay_v1.c"
  25  000F  1480     E  	inc rb
  25  0010  3D0A        	sz z
  25  0011  1480     E  	inc rc
  25  0012  2800     R  	jmp _L2
  25  0013              _L1:
  25  0013  0003        	ret
  25  0014              _delay endp
  25  0014              #line 25 "D:\Wade\Project\Tennis_Ball_Machine\Firmware\Relay_v1\Relay_v1.c"
  25  0014              #pragma debug scope 1 1
  25  0014              ___wdtc equ [62]
"File: Relay_v1.c    Assembler  Version HGASM0202      Page 3

  25  0014              ___pac equ [21]
  25  0014              ___pa equ [20]
  25  0014              public _main
  25  0014              #pragma debug scope 3 1
   8  0014              #line 8 "D:\Wade\Project\Tennis_Ball_Machine\Firmware\Relay_v1\Relay_v1.c"
   8  0014              IFDEF WITH_DEFAULT_STARTUP
   8  0014              extern _main_initial0:near
   8  0014              extern _main_startup:near
   8  0014              ENDIF
   8  0014              
   8  0014              ROMBANK 0 @start
   8  0000              @start .section com_l 'code'
   8  0000              _main_startup1:
   8  0000              @start .section com_e 'code'
   8  0000  0F00     R  	mov a,bank _main
   8  0001  008B        	mov bp,a
   8  0002  2800     R  	jmp _main
   8  0003              
   8  0000              _main .section 'code'
   8  0000              _main proc
   9  0000              #line 9 "D:\Wade\Project\Tennis_Ball_Machine\Firmware\Relay_v1\Relay_v1.c"
   9  0000  0FAB        	mov a,171
   9  0001  00BE        	mov [62],a
  11  0002              #line 11 "D:\Wade\Project\Tennis_Ball_Machine\Firmware\Relay_v1\Relay_v1.c"
  11  0002  3595        	clr [21].3
  11  0003              _L8:
  15  0003              #line 15 "D:\Wade\Project\Tennis_Ball_Machine\Firmware\Relay_v1\Relay_v1.c"
  15  0003  3194        	set [20].3
  16  0004              #line 16 "D:\Wade\Project\Tennis_Ball_Machine\Firmware\Relay_v1\Relay_v1.c"
  16  0004  0FB8        	mov a,-72
  16  0005  0080     R  	mov _delay_2[0],a
  16  0006  0F0B        	mov a,11
  16  0007  0080     R  	mov _delay_2[1],a
  16  0008              	fcall _delay
  17  000F              #line 17 "D:\Wade\Project\Tennis_Ball_Machine\Firmware\Relay_v1\Relay_v1.c"
  17  000F  3594        	clr [20].3
  18  0010              #line 18 "D:\Wade\Project\Tennis_Ball_Machine\Firmware\Relay_v1\Relay_v1.c"
  18  0010  0FB8        	mov a,-72
  18  0011  0080     R  	mov _delay_2[0],a
  18  0012  0F0B        	mov a,11
  18  0013  0080     R  	mov _delay_2[1],a
  18  0014              	fcall _delay
  18  001B  2800     R  	jmp _L8
  18  001C  2800     R  	jmp $
  18  001D              _main endp
  18  001D              
  18  001D              @dummy endp
  18  001D              
  18  001D              #line 18 "D:\Wade\Project\Tennis_Ball_Machine\Firmware\Relay_v1\Relay_v1.c"
  18  001D              #pragma debug scope 1 1
  18  001D              #pragma debug struct_end
  18  001D              #pragma debug struct_end
  18  001D              #pragma debug union_end
  18  001D              #pragma debug union_end
  18  001D              #pragma debug variable 43 1 ___pa "__pa" 1
  18  001D              #pragma debug struct_end
  18  001D              #pragma debug struct_end
  18  001D              #pragma debug union_end
  18  001D              #pragma debug union_end
  18  001D              #pragma debug variable 45 1 ___pac "__pac" 1
"File: Relay_v1.c    Assembler  Version HGASM0202      Page 4

  18  001D              #pragma debug struct_end
  18  001D              #pragma debug struct_end
  18  001D              #pragma debug union_end
  18  001D              #pragma debug union_end
  18  001D              #pragma debug variable 47 1 ___wdtc "__wdtc" 1
   8  001D              #line 8 "D:\Wade\Project\Tennis_Ball_Machine\Firmware\Relay_v1\Relay_v1.c"
   8  0000              @code .section at 0 'code'
   8  0000  1F0B        	clr bp
   8  0001  2800     R  	jmp _main_startup1
   8  0002              
   8  0002              
   8  0002              ; 
   8  0002              ; Generated by holtek-gcc v3.19, Sun Sep 25 12:33:36 2022
   8  0002              ; Rebuild 718
   8  0002              ; end of file


        0 Errors, 0