"File: Car_v1.c      Assembler  Version HGASM0202      Page 1


   1  0000              ; Generated by holtek-gcc v3.19, Sat Apr 23 17:15:33 2022
   2  0000              ; 
   3  0000              ; Configuration:
   4  0000              ;       with long instruction
   5  0000              ;       Multi-ROM, Multi-RAM
   6  0000              ;       bits_per_rom_unit:16
   7  0000              ;       with mp1
   8  0000              ;       with tbhp, address(0x9)
   9  0000              ;          Use tabrd-const
  10  0000              ;       
  11  0000              ; SFR address of long-instruction arch:
  12  0000              ;    mp0 = -1,1,0
  13  0000              ;    mp1 = 4,3,2
  14  0000              ;    mp2 = 14,13,12
  15  0000              ;    tbp = 9,7,8
  16  0000              ;    acc = 5
  17  0000              ;    pcl = 6
  18  0000              ;    status = 10
  19  0000              ;    bp = 11
  20  0000              ;    intc = 16
  21  0000              ;       
  22  0000              ;       
  23  0000              ; use 'tabrdc' instead of 'tabrd'
  24  0000              ;       
  25  0000              
  26  0000              #pragma translator "holtek-gcc 4.6.4" "3.19" "build 20130711"
  27  0000              ; Rebuild 718
  28  0000              
  29  0000              ir equ [2]
  30  0000              mp equ [3]
  31  0000              sbp equ [4]
  32  0000              acc equ [5]
  33  0000              bp equ [11]
  34  0000              tblp equ [7]
  35  0000              tbhp equ [9]
  36  0000              status equ [10]
  37  0000              c equ [10].0
  38  0000              ac equ [10].1
  39  0000              z equ [10].2
  40  0000              ov equ [10].3
  41  0000              cz equ [10].6
  42  0000              sc equ [10].7
  43  0000              intc equ [16]
  44  0000              mduwr0 equ [59h]
  45  0000              mduwr1 equ [5ah]
  46  0000              mduwr2 equ [5bh]
  47  0000              mduwr3 equ [5ch]
  48  0000              mduwr4 equ [5dh]
  49  0000              mduwr5 equ [5eh]
  50  0000              mduwrctrl equ [5fh]
  51  0000              
  52  0000              extern ra:byte
  53  0000              extern rb:byte
  54  0000              extern rc:byte
  55  0000              extern rd:byte
  56  0000              extern re:byte
  57  0000              extern rf:byte
  58  0000              extern rg:byte
  59  0000              extern rh:byte
"File: Car_v1.ASM    Assembler  Version HGASM0202      Page 2

  60  0000              extern _Crom2Prom:near
  61  0000              extern _Crom2PromNext:near
  62  0000              
  63  0000              RAMBANK 0 @BITDATASEC, @BITDATASEC1
  64  0000              @HCCINIT	.section 'data'
  65  0000              @HCCINIT0	.section 'data'
  66  0000              @BITDATASEC	 .section 'data'
  67  0000              @BITDATASEC1	 .section 'data'
  68  0000              
  69  0000              #pragma debug scope 1 1
  70  0000              	extern __DELAY3:near
  71  0000              	extern __DELAYX3:near
  72  0000              	extern __DELAYX6:near
  73  0000              	extern __DELAYY5:near
  74  0000              	extern __DELAYY3:near
  75  0000              	extern _builtin_holtek_delay_2:byte
  76  0000              public _delay
  77  0000              #pragma debug scope 2 1

  46  0000              #line 46 "D:\Wade\Project\Tennis_Ball_Machine\Firmware\Car_v1\Car_v1.c"
  46  0000              _delay .section 'code'
  46  0000              _delay proc
  46  0000              public _delay_2
  46  0000  0002[           local _delay_2 db 2 dup(?)	; 2,0
            00
            ]
  46  0002              #pragma debug variable 10 2 _delay_2+0 "dev"
  48  0002              #line 48 "D:\Wade\Project\Tennis_Ball_Machine\Firmware\Car_v1\Car_v1.c"
  48  0000  1F00     E  	clr rb
  48  0001  1F00     E  	clr rc
  48  0002              _L2:
  48  0002              #line 48 "D:\Wade\Project\Tennis_Ball_Machine\Firmware\Car_v1\Car_v1.c"
  48  0002  0700     E  	mov a,rb
  48  0003  0200     R  	sub a,_delay_2[0]
  48  0004  0700     E  	mov a,rc
  48  0005  1200     R  	sbc a,_delay_2[1]
  48  0006  3F0A        	sz cz
  48  0007  2800     R  	jmp _L1
  48  0008  1F00     E  	clr ra
  48  0009              _L5:
  50  0009              #line 50 "D:\Wade\Project\Tennis_Ball_Machine\Firmware\Car_v1\Car_v1.c"
  50  0009              ;# 50 "D:\Wade\Project\Tennis_Ball_Machine\Firmware\Car_v1\Car_v1.c" 1
  50  0009  0000        	nop
  50  000A  1480     E  	inc ra
  49  000B              #line 49 "D:\Wade\Project\Tennis_Ball_Machine\Firmware\Car_v1\Car_v1.c"
  49  000B  0700     E  	mov a,ra
  49  000C  0A19        	sub a,25
  49  000D  390A        	snz z
  49  000E  2800     R  	jmp _L5
  48  000F              #line 48 "D:\Wade\Project\Tennis_Ball_Machine\Firmware\Car_v1\Car_v1.c"
  48  000F  1480     E  	inc rb
  48  0010  3D0A        	sz z
  48  0011  1480     E  	inc rc
  48  0012  2800     R  	jmp _L2
  48  0013              _L1:
  48  0013  0003        	ret
  48  0014              _delay endp
  48  0014              #line 48 "D:\Wade\Project\Tennis_Ball_Machine\Firmware\Car_v1\Car_v1.c"
  48  0014              #pragma debug scope 1 1
  48  0014              ___wdtc equ [62]
"File: Car_v1.c      Assembler  Version HGASM0202      Page 3

  48  0014              ___pcc equ [28]
  48  0014              ___pc equ [27]
  48  0014              public _main
  48  0014              #pragma debug scope 3 1
  16  0014              #line 16 "D:\Wade\Project\Tennis_Ball_Machine\Firmware\Car_v1\Car_v1.c"
  16  0014              IFDEF WITH_DEFAULT_STARTUP
  16  0014              extern _main_initial0:near
  16  0014              extern _main_startup:near
  16  0014              ENDIF
  16  0014              
  16  0014              ROMBANK 0 @start
  16  0000              @start .section com_l 'code'
  16  0000              _main_startup1:
  16  0000              @start .section com_e 'code'
  16  0000  0F00     R  	mov a,bank _main
  16  0001  008B        	mov bp,a
  16  0002  2800     R  	jmp _main
  16  0003              
  16  0000              _main .section 'code'
  16  0000              _main proc
  17  0000              #line 17 "D:\Wade\Project\Tennis_Ball_Machine\Firmware\Car_v1\Car_v1.c"
  17  0000  0FAB        	mov a,171
  17  0001  00BE        	mov [62],a
  19  0002              #line 19 "D:\Wade\Project\Tennis_Ball_Machine\Firmware\Car_v1\Car_v1.c"
  19  0002  341C        	clr [28].0
  20  0003              #line 20 "D:\Wade\Project\Tennis_Ball_Machine\Firmware\Car_v1\Car_v1.c"
  20  0003  349C        	clr [28].1
  21  0004              #line 21 "D:\Wade\Project\Tennis_Ball_Machine\Firmware\Car_v1\Car_v1.c"
  21  0004  351C        	clr [28].2
  22  0005              #line 22 "D:\Wade\Project\Tennis_Ball_Machine\Firmware\Car_v1\Car_v1.c"
  22  0005  359C        	clr [28].3
  24  0006              #line 24 "D:\Wade\Project\Tennis_Ball_Machine\Firmware\Car_v1\Car_v1.c"
  24  0006  341B        	clr [27].0
  25  0007              #line 25 "D:\Wade\Project\Tennis_Ball_Machine\Firmware\Car_v1\Car_v1.c"
  25  0007  349B        	clr [27].1
  26  0008              #line 26 "D:\Wade\Project\Tennis_Ball_Machine\Firmware\Car_v1\Car_v1.c"
  26  0008  351B        	clr [27].2
  27  0009              #line 27 "D:\Wade\Project\Tennis_Ball_Machine\Firmware\Car_v1\Car_v1.c"
  27  0009  359B        	clr [27].3
  27  000A              _L8:
  31  000A              #line 31 "D:\Wade\Project\Tennis_Ball_Machine\Firmware\Car_v1\Car_v1.c"
  31  000A  301B        	set [27].0
  32  000B              #line 32 "D:\Wade\Project\Tennis_Ball_Machine\Firmware\Car_v1\Car_v1.c"
  32  000B  349B        	clr [27].1
  33  000C              #line 33 "D:\Wade\Project\Tennis_Ball_Machine\Firmware\Car_v1\Car_v1.c"
  33  000C  311B        	set [27].2
  34  000D              #line 34 "D:\Wade\Project\Tennis_Ball_Machine\Firmware\Car_v1\Car_v1.c"
  34  000D  359B        	clr [27].3
  35  000E              #line 35 "D:\Wade\Project\Tennis_Ball_Machine\Firmware\Car_v1\Car_v1.c"
  35  000E  0F60        	mov a,96
  35  000F  0080     R  	mov _delay_2[0],a
  35  0010  0FEA        	mov a,-22
  35  0011  0080     R  	mov _delay_2[1],a
  35  0012              	fcall _delay
  37  0019              #line 37 "D:\Wade\Project\Tennis_Ball_Machine\Firmware\Car_v1\Car_v1.c"
  37  0019  341B        	clr [27].0
  38  001A              #line 38 "D:\Wade\Project\Tennis_Ball_Machine\Firmware\Car_v1\Car_v1.c"
  38  001A  349B        	clr [27].1
  39  001B              #line 39 "D:\Wade\Project\Tennis_Ball_Machine\Firmware\Car_v1\Car_v1.c"
  39  001B  351B        	clr [27].2
"File: Car_v1.c      Assembler  Version HGASM0202      Page 4

  40  001C              #line 40 "D:\Wade\Project\Tennis_Ball_Machine\Firmware\Car_v1\Car_v1.c"
  40  001C  359B        	clr [27].3
  41  001D              #line 41 "D:\Wade\Project\Tennis_Ball_Machine\Firmware\Car_v1\Car_v1.c"
  41  001D  0F20        	mov a,32
  41  001E  0080     R  	mov _delay_2[0],a
  41  001F  0F4E        	mov a,78
  41  0020  0080     R  	mov _delay_2[1],a
  41  0021              	fcall _delay
  41  0028  2800     R  	jmp _L8
  41  0029  2800     R  	jmp $
  41  002A              _main endp
  41  002A              
  41  002A              @dummy endp
  41  002A              
  41  002A              #line 41 "D:\Wade\Project\Tennis_Ball_Machine\Firmware\Car_v1\Car_v1.c"
  41  002A              #pragma debug scope 1 1
  41  002A              #pragma debug struct_end
  41  002A              #pragma debug struct_end
  41  002A              #pragma debug union_end
  41  002A              #pragma debug union_end
  41  002A              #pragma debug variable 43 1 ___pc "__pc" 1
  41  002A              #pragma debug struct_end
  41  002A              #pragma debug struct_end
  41  002A              #pragma debug union_end
  41  002A              #pragma debug union_end
  41  002A              #pragma debug variable 45 1 ___pcc "__pcc" 1
  41  002A              #pragma debug struct_end
  41  002A              #pragma debug struct_end
  41  002A              #pragma debug union_end
  41  002A              #pragma debug union_end
  41  002A              #pragma debug variable 47 1 ___wdtc "__wdtc" 1
  16  002A              #line 16 "D:\Wade\Project\Tennis_Ball_Machine\Firmware\Car_v1\Car_v1.c"
  16  0000              @code .section at 0 'code'
  16  0000  1F0B        	clr bp
  16  0001  2800     R  	jmp _main_startup1
  16  0002              
  16  0002              
  16  0002              ; 
  16  0002              ; Generated by holtek-gcc v3.19, Sat Apr 23 17:15:33 2022
  16  0002              ; Rebuild 718
  16  0002              ; end of file


        0 Errors, 0