Removed Pin From Net: NetName=NetJ1_1 Pin=J1-1
Removed Pin From Net: NetName=NetJ1_2 Pin=J1-2
Removed Pin From Net: NetName=NetJ1_3 Pin=J1-3
Removed Pin From Net: NetName=NetJ1_4 Pin=J1-4
Removed Pin From Net: NetName=NetJ1_5 Pin=J1-5
Removed Pin From Net: NetName=NetJ1_6 Pin=J1-6
Removed Pin From Net: NetName=NetJ2_1 Pin=J2-1
Removed Pin From Net: NetName=NetJ2_2 Pin=J2-2
Removed Pin From Net: NetName=NetJ2_3 Pin=J2-3
Removed Pin From Net: NetName=NetJ2_4 Pin=J2-4
Removed Pin From Net: NetName=NetJ2_5 Pin=J2-5
Removed Pin From Net: NetName=VCC Pin=MCU1-5
Removed Pin From Net: NetName=GND Pin=MCU1-6
Removed Pin From Net: NetName=NetJ2_2 Pin=MCU1-10
Removed Pin From Net: NetName=NetJ2_3 Pin=MCU1-11
Removed Pin From Net: NetName=NetJ2_4 Pin=MCU1-12
Removed Pin From Net: NetName=NetJ2_5 Pin=MCU1-13
Removed Pin From Net: NetName=NetJ1_5 Pin=MCU1-35
Removed Pin From Net: NetName=NetJ1_4 Pin=MCU1-36
Removed Pin From Net: NetName=NetJ1_3 Pin=MCU1-37
Removed Pin From Net: NetName=NetJ1_2 Pin=MCU1-38
Removed Pin From Net: NetName=NetJ1_1 Pin=MCU1-49
Removed Pin From Net: NetName=NetJ1_6 Pin=MCU1-51
Removed Pin From Net: NetName=NetJ2_1 Pin=MCU1-63
Removed Member From Class: ClassName=Layout_v1 Member=MCU1
Change Component DesignItemId : Designator=J1 Old DesignItemId=L298N_Pin-6P New DesignItemId=Servo
Change Component DesignItemId : Designator=J2 Old DesignItemId=L298N_Pin-6P New DesignItemId=UART
Change Component Footprint: Designator=J1 Old Footprint=L298n-6P New Footprint=Servo_3P
Change Component Footprint: Designator=J2 Old Footprint=L298n-6P New Footprint=UART_4P
Change Component Comment : Designator=J1 Old Comment=L298N_Pin-6P New Comment=Servo
Change Component Comment : Designator=J2 Old Comment=L298N_Pin-6P New Comment=UART
Added Component: Designator=J3(ICP_4P)
Added Component: Designator=J4(L298n-6P)
Added Component: Designator=J5(L298n-6P)
Added Component: Designator=J6(Switch_3P)
Added Pin To Net: NetName=NetJ2_4 Pin=J1-1
Added Pin To Net: NetName=VCC Pin=J1-2
Added Pin To Net: NetName=GND Pin=J1-3
Added Pin To Net: NetName=VCC Pin=J2-1
Added Pin To Net: NetName=GND Pin=J2-3
Added Pin To Net: NetName=GND Pin=J3-3
Added Pin To Net: NetName=NetJ2_3 Pin=J4-2
Added Pin To Net: NetName=NetJ2_2 Pin=J4-3
Added Pin To Net: NetName=NetJ2_1 Pin=J4-4
Added Pin To Net: NetName=NetJ1_6 Pin=J4-5
Added Pin To Net: NetName=NetJ2_5 Pin=J5-1
Added Pin To Net: NetName=NetJ1_5 Pin=J5-2
Added Pin To Net: NetName=NetJ1_4 Pin=J5-3
Added Pin To Net: NetName=NetJ1_3 Pin=J5-4
Added Pin To Net: NetName=NetJ1_2 Pin=J5-5
Added Pin To Net: NetName=VCC Pin=J6-1
Added Pin To Net: NetName=VCC Pin=J6-1
Added Pin To Net: NetName=GND Pin=J6-2
Added Pin To Net: NetName=GND Pin=J6-2
Change Net Name : Old Net Name=NetJ1_1 New Net Name=VCC_2
Change Net Name : Old Net Name=NetJ1_2 New Net Name=PG7
Change Net Name : Old Net Name=NetJ1_3 New Net Name=PG6
Change Net Name : Old Net Name=NetJ1_4 New Net Name=PG5
Change Net Name : Old Net Name=NetJ1_5 New Net Name=PG4
Change Net Name : Old Net Name=NetJ1_6 New Net Name=PG3
Change Net Name : Old Net Name=NetJ2_1 New Net Name=PG2
Change Net Name : Old Net Name=NetJ2_2 New Net Name=PG1
Change Net Name : Old Net Name=NetJ2_3 New Net Name=PG0
Change Net Name : Old Net Name=NetJ2_4 New Net Name=PF7
Change Net Name : Old Net Name=NetJ2_5 New Net Name=PD0
Added Pin To Net: NetName=PA0 Pin=J3-4
Added Net: Name=PA0
Added Pin To Net: NetName=PA2 Pin=J3-2
Added Net: Name=PA2
Added Pin To Net: NetName=PA6 Pin=J2-2
Added Net: Name=PA6
Added Pin To Net: NetName=PA7 Pin=J2-4
Added Net: Name=PA7
Added Pin To Net: NetName=PC6 Pin=J4-1
Added Pin To Net: NetName=PC6 Pin=J4-6
Added Net: Name=PC6
Added Member To Class: ClassName=Layout_v1 Member=Component J3 ICP
Added Member To Class: ClassName=Layout_v1 Member=Component J4 L298N
Added Member To Class: ClassName=Layout_v1 Member=Component J5 L298N
Added Member To Class: ClassName=Layout_v1 Member=Component J6 Switch
Added Room: Name=Layout_v1
