"File: Ball_Machine_Main_v4.c  Assembler  Version HGASM0202      Page 1


   1  0000              ; Generated by holtek-gcc v3.19, Sat Sep 10 12:35:38 2022
   2  0000              ; 
   3  0000              ; Configuration:
   4  0000              ;       with long instruction
   5  0000              ;       Multi-ROM, Multi-RAM
   6  0000              ;       bits_per_rom_unit:16
   7  0000              ;       with mp1
   8  0000              ;       with tbhp, address(0x9)
   9  0000              ;          Use tabrd-const
  10  0000              ;       
  11  0000              ; SFR address of long-instruction arch:
  12  0000              ;    mp0 = -1,1,0
  13  0000              ;    mp1 = 4,3,2
  14  0000              ;    mp2 = 14,13,12
  15  0000              ;    tbp = 9,7,8
  16  0000              ;    acc = 5
  17  0000              ;    pcl = 6
  18  0000              ;    status = 10
  19  0000              ;    bp = 11
  20  0000              ;    intc = 16
  21  0000              ;       
  22  0000              ;       
  23  0000              ; use 'tabrdc' instead of 'tabrd'
  24  0000              ;       
  25  0000              
  26  0000              #pragma translator "holtek-gcc 4.6.4" "3.19" "build 20130711"
  27  0000              ; Rebuild 718
  28  0000              
  29  0000              ir equ [2]
  30  0000              mp equ [3]
  31  0000              sbp equ [4]
  32  0000              acc equ [5]
  33  0000              bp equ [11]
  34  0000              tblp equ [7]
  35  0000              tbhp equ [9]
  36  0000              status equ [10]
  37  0000              c equ [10].0
  38  0000              ac equ [10].1
  39  0000              z equ [10].2
  40  0000              ov equ [10].3
  41  0000              cz equ [10].6
  42  0000              sc equ [10].7
  43  0000              intc equ [16]
  44  0000              mduwr0 equ [59h]
  45  0000              mduwr1 equ [5ah]
  46  0000              mduwr2 equ [5bh]
  47  0000              mduwr3 equ [5ch]
  48  0000              mduwr4 equ [5dh]
  49  0000              mduwr5 equ [5eh]
  50  0000              mduwrctrl equ [5fh]
  51  0000              
  52  0000              extern ra:byte
  53  0000              extern rb:byte
  54  0000              extern rc:byte
  55  0000              extern rd:byte
  56  0000              extern re:byte
  57  0000              extern rf:byte
  58  0000              extern rg:byte
  59  0000              extern rh:byte
"File: Ball_Machine_Main_v4.ASM  Assembler  Version HGASM0202      Page 2

  60  0000              extern _Crom2Prom:near
  61  0000              extern _Crom2PromNext:near
  62  0000              
  63  0000              RAMBANK 0 @BITDATASEC, @BITDATASEC1
  64  0000              @HCCINIT	.section 'data'
  65  0000              @HCCINIT0	.section 'data'
  66  0000              @BITDATASEC	 .section 'data'
  67  0000              @BITDATASEC1	 .section 'data'
  68  0000              
  69  0000              #pragma debug scope 1 1
  70  0000              	extern __DELAY3:near
  71  0000              	extern __DELAYX3:near
  72  0000              	extern __DELAYX6:near
  73  0000              	extern __DELAYY5:near
  74  0000              	extern __DELAYY3:near
  75  0000              	extern _builtin_holtek_delay_2:byte
  76  0000              ___stm0c0 equ [78]
  77  0000              ___stm0c1 equ [79]
  78  0000              ___stm0rp equ [84]
  79  0000              ___stm0al equ [82]
  80  0000              ___stm0ah equ [83]
  81  0000              ___stm1c0 equ [306]
  82  0000              ___stm1c1 equ [307]
  83  0000              ___stm1rp equ [312]
  84  0000              ___stm1al equ [310]
  85  0000              ___stm1ah equ [311]
  86  0000              ___stm2c0 equ [313]
  87  0000              ___stm2c1 equ [314]
  88  0000              ___stm2rp equ [319]
  89  0000              ___stm2al equ [317]
  90  0000              ___stm2ah equ [318]
  91  0000              ___pcs1 equ [338]
  92  0000              ___pds0 equ [339]
  93  0000              ___pfs1 equ [344]
  94  0000              public _Timer_setup
  95  0000              #pragma debug scope 2 1

 103  0000              #line 103 "D:\Wade\Project\Tennis_Ball_Machine\Firmware\Ball_Machine_Main_v4\Ball_Machine_Main_v4.c"
 103  0000              _Timer_setup .section 'code'
 103  0000              _Timer_setup proc
 105  0000              #line 105 "D:\Wade\Project\Tennis_Ball_Machine\Firmware\Ball_Machine_Main_v4\Ball_Machine_Main_v4.c"
 105  0000  0F20        	mov a,32
 105  0001  00CE        	mov [78],a
 106  0002              #line 106 "D:\Wade\Project\Tennis_Ball_Machine\Firmware\Ball_Machine_Main_v4\Ball_Machine_Main_v4.c"
 106  0002  0FA8        	mov a,168
 106  0003  00CF        	mov [79],a
 107  0004              #line 107 "D:\Wade\Project\Tennis_Ball_Machine\Firmware\Ball_Machine_Main_v4\Ball_Machine_Main_v4.c"
 107  0004  0F02        	mov a,2
 107  0005  00D4        	mov [84],a
 108  0006              #line 108 "D:\Wade\Project\Tennis_Ball_Machine\Firmware\Ball_Machine_Main_v4\Ball_Machine_Main_v4.c"
 108  0006  1F52        	clr [82]
 108  0007  1F53        	clr [83]
 111  0008              #line 111 "D:\Wade\Project\Tennis_Ball_Machine\Firmware\Ball_Machine_Main_v4\Ball_Machine_Main_v4.c"
 111  0008  0F20        	mov a,32
 111  0009  80B2 0001   	lmov [306],a
 112  000B              #line 112 "D:\Wade\Project\Tennis_Ball_Machine\Firmware\Ball_Machine_Main_v4\Ball_Machine_Main_v4.c"
 112  000B  0FA8        	mov a,168
 112  000C  80B3 0001   	lmov [307],a
 113  000E              #line 113 "D:\Wade\Project\Tennis_Ball_Machine\Firmware\Ball_Machine_Main_v4\Ball_Machine_Main_v4.c"
 113  000E  0F02        	mov a,2
"File: Ball_Machine_Main_v4.c  Assembler  Version HGASM0202      Page 3

 113  000F  80B8 0001   	lmov [312],a
 114  0011              #line 114 "D:\Wade\Project\Tennis_Ball_Machine\Firmware\Ball_Machine_Main_v4\Ball_Machine_Main_v4.c"
 114  0011  9F36 0001   	lclr [310]
 114  0013  9F37 0001   	lclr [311]
 117  0015              #line 117 "D:\Wade\Project\Tennis_Ball_Machine\Firmware\Ball_Machine_Main_v4\Ball_Machine_Main_v4.c"
 117  0015  0F30        	mov a,48
 117  0016  80B9 0001   	lmov [313],a
 118  0018              #line 118 "D:\Wade\Project\Tennis_Ball_Machine\Firmware\Ball_Machine_Main_v4\Ball_Machine_Main_v4.c"
 118  0018  0FA8        	mov a,168
 118  0019  80BA 0001   	lmov [314],a
 119  001B              #line 119 "D:\Wade\Project\Tennis_Ball_Machine\Firmware\Ball_Machine_Main_v4\Ball_Machine_Main_v4.c"
 119  001B  0F0A        	mov a,10
 119  001C  80BF 0001   	lmov [319],a
 120  001E              #line 120 "D:\Wade\Project\Tennis_Ball_Machine\Firmware\Ball_Machine_Main_v4\Ball_Machine_Main_v4.c"
 120  001E  9F3D 0001   	lclr [317]
 120  0020  9F3E 0001   	lclr [318]
 122  0022              #line 122 "D:\Wade\Project\Tennis_Ball_Machine\Firmware\Ball_Machine_Main_v4\Ball_Machine_Main_v4.c"
 122  0022  0F20        	mov a,32
 122  0023  80D2 0001   	lmov [338],a
 123  0025              #line 123 "D:\Wade\Project\Tennis_Ball_Machine\Firmware\Ball_Machine_Main_v4\Ball_Machine_Main_v4.c"
 123  0025  0F02        	mov a,2
 123  0026  80D3 0001   	lmov [339],a
 124  0028              #line 124 "D:\Wade\Project\Tennis_Ball_Machine\Firmware\Ball_Machine_Main_v4\Ball_Machine_Main_v4.c"
 124  0028  0F80        	mov a,128
 124  0029  80D8 0001   	lmov [344],a
 124  002B  0003        	ret
 124  002C              _Timer_setup endp
 124  002C              #line 124 "D:\Wade\Project\Tennis_Ball_Machine\Firmware\Ball_Machine_Main_v4\Ball_Machine_Main_v4.c"
 124  002C              #pragma debug scope 1 1
 124  002C              ___pas1 equ [334]
 124  002C              ___u0cr1 equ [273]
 124  002C              ___u0cr2 equ [274]
 124  002C              ___brg0 equ [276]
 124  002C              ___mfi5 equ [56]
 124  002C              ___intc3 equ [19]
 124  002C              ___intc0 equ [16]
 124  002C              public _UART_Setup
 124  002C              #pragma debug scope 3 1
 134  002C              #line 134 "D:\Wade\Project\Tennis_Ball_Machine\Firmware\Ball_Machine_Main_v4\Ball_Machine_Main_v4.c"
 134  0000              _UART_Setup .section 'code'
 134  0000              _UART_Setup proc
 135  0000              #line 135 "D:\Wade\Project\Tennis_Ball_Machine\Firmware\Ball_Machine_Main_v4\Ball_Machine_Main_v4.c"
 135  0000  0FF0        	mov a,240
 135  0001  80CE 0001   	lmov [334],a
 136  0003              #line 136 "D:\Wade\Project\Tennis_Ball_Machine\Firmware\Ball_Machine_Main_v4\Ball_Machine_Main_v4.c"
 136  0003  0F80        	mov a,128
 136  0004  8091 0001   	lmov [273],a
 137  0006              #line 137 "D:\Wade\Project\Tennis_Ball_Machine\Firmware\Ball_Machine_Main_v4\Ball_Machine_Main_v4.c"
 137  0006  0FC4        	mov a,196
 137  0007  8092 0001   	lmov [274],a
 138  0009              #line 138 "D:\Wade\Project\Tennis_Ball_Machine\Firmware\Ball_Machine_Main_v4\Ball_Machine_Main_v4.c"
 138  0009  0F0C        	mov a,12
 138  000A  8094 0001   	lmov [276],a
 139  000C              #line 139 "D:\Wade\Project\Tennis_Ball_Machine\Firmware\Ball_Machine_Main_v4\Ball_Machine_Main_v4.c"
 139  000C  3038        	set [56].0
 140  000D              #line 140 "D:\Wade\Project\Tennis_Ball_Machine\Firmware\Ball_Machine_Main_v4\Ball_Machine_Main_v4.c"
 140  000D  3638        	clr [56].4
 141  000E              #line 141 "D:\Wade\Project\Tennis_Ball_Machine\Firmware\Ball_Machine_Main_v4\Ball_Machine_Main_v4.c"
 141  000E  3193        	set [19].3
 142  000F              #line 142 "D:\Wade\Project\Tennis_Ball_Machine\Firmware\Ball_Machine_Main_v4\Ball_Machine_Main_v4.c"
"File: Ball_Machine_Main_v4.c  Assembler  Version HGASM0202      Page 4

 142  000F  3010        	set [16].0
 142  0010  0003        	ret
 142  0011              _UART_Setup endp
 142  0011              #line 142 "D:\Wade\Project\Tennis_Ball_Machine\Firmware\Ball_Machine_Main_v4\Ball_Machine_Main_v4.c"
 142  0011              #pragma debug scope 1 1
 142  0011              ___u0sr equ [272]
 142  0011              ___txr_rxr0 equ [275]
 142  0011              public _Read_Data
 142  0011              #pragma debug scope 4 1
 146  0011              #line 146 "D:\Wade\Project\Tennis_Ball_Machine\Firmware\Ball_Machine_Main_v4\Ball_Machine_Main_v4.c"
 146  0000              _Read_Data .section 'code'
 146  0000              _Read_Data proc
 146  0000              _L5:
 147  0000              #line 147 "D:\Wade\Project\Tennis_Ball_Machine\Firmware\Ball_Machine_Main_v4\Ball_Machine_Main_v4.c"
 147  0000  B990 0001   	lsnz [272].3
 147  0002  2800     R  	jmp _L5
 148  0003              #line 148 "D:\Wade\Project\Tennis_Ball_Machine\Firmware\Ball_Machine_Main_v4\Ball_Machine_Main_v4.c"
 148  0003  0700     R  	mov a,_kn[0]
 148  0004  0080     E  	mov rb,a
 148  0005  0700     R  	mov a,_kn[1]
 148  0006  0080     E  	mov rc,a
 148  0007  8713 0001   	lmov a,[275]
 148  0009  0080     E  	mov ra,a
 148  000A  0F00     R  	mov a,low offset _R_Data
 148  000B  0300     E  	add a,rb
 148  000C  0083        	mov mp,a
 148  000D  0F00     R  	mov a,high offset _R_Data
 148  000E  1300     E  	adc a,rc
 148  000F  0084        	mov sbp,a
 148  0010  0700     E  	mov a,ra
 148  0011  0082        	mov ir,a
 149  0012              #line 149 "D:\Wade\Project\Tennis_Ball_Machine\Firmware\Ball_Machine_Main_v4\Ball_Machine_Main_v4.c"
 149  0012  0700     E  	mov a,ra
 149  0013  0A2F        	sub a,47
 149  0014  3D0A        	sz z
 149  0015  2800     R  	jmp _L6
 149  0016  0F09        	mov a,9
 149  0017  0200     E  	sub a,rb
 149  0018  0F00        	mov a,0
 149  0019  1200     E  	sbc a,rc
 149  001A  3C0A        	sz c
 149  001B  2800     R  	jmp _L7
 149  001C              _L6:
 149  001C  1F00     R  	clr _kn[0]
 149  001D  1F00     R  	clr _kn[1]
 149  001E  2800     R  	jmp _L3
 149  001F              _L7:
 150  001F              #line 150 "D:\Wade\Project\Tennis_Ball_Machine\Firmware\Ball_Machine_Main_v4\Ball_Machine_Main_v4.c"
 150  001F  0F01        	mov a,1
 150  0020  0300     E  	add a,rb
 150  0021  0080     R  	mov _kn[0],a
 150  0022  0F00        	mov a,0
 150  0023  1300     E  	adc a,rc
 150  0024  0080     R  	mov _kn[1],a
 150  0025              _L3:
 150  0025  0003        	ret
 150  0026              _Read_Data endp
 150  0026              #line 150 "D:\Wade\Project\Tennis_Ball_Machine\Firmware\Ball_Machine_Main_v4\Ball_Machine_Main_v4.c"
 150  0026              #pragma debug scope 1 1
 150  0026              public _Uart_R
"File: Ball_Machine_Main_v4.c  Assembler  Version HGASM0202      Page 5

 150  0026              #pragma debug scope 5 1
 128  0026              #line 128 "D:\Wade\Project\Tennis_Ball_Machine\Firmware\Ball_Machine_Main_v4\Ball_Machine_Main_v4.c"
 128  0026              rombank 0 @Uart_R_code
 128  0000              @Uart_R_code .section at 60 'code'
 128  0000  0080     E  	mov r1,a
 128  0001  070B        	mov a,bp
 128  0002  1F0B        	clr bp
 128  0003  2800     R  	jmp _Uart_R
 128  0004              ROMBANK 0 _Uart_R
 128  0004              #pragma debug scope 1 1
 128  0004              @dummy60 endp
 128  0004              #pragma debug scope 6 1
 128  0000              _Uart_R .section 'code'
 128  0000              _Uart_R proc
 128  0000  0080     E  	mov r2,a
 128  0001  070A        	mov a, status
 128  0002  0080     E  	mov r3,a
 128  0003  0703        	mov a,mp
 128  0004  0080     E  	mov r4,a
 128  0005  0704        	mov a,sbp
 128  0006  0080     E  	mov r5,a
 128  0007  0707        	mov a,tblp
 128  0008  0080     E  	mov r6,a
 128  0009  0709        	mov a,tbhp
 128  000A  0080     E  	mov r7,a
 129  000B              #line 129 "D:\Wade\Project\Tennis_Ball_Machine\Firmware\Ball_Machine_Main_v4\Ball_Machine_Main_v4.c"
 129  000B              	fcall _Read_Data
 130  0012              #line 130 "D:\Wade\Project\Tennis_Ball_Machine\Firmware\Ball_Machine_Main_v4\Ball_Machine_Main_v4.c"
 130  0012  3638        	clr [56].4
 130  0013  0700     E  	mov a,r2
 130  0014  008B        	mov bp,a
 130  0015  0700     E  	mov a,r3
 130  0016  008A        	mov status,a
 130  0017  0700     E  	mov a,r4
 130  0018  0083        	mov mp,a
 130  0019  0700     E  	mov a,r5
 130  001A  0084        	mov sbp,a
 130  001B  0700     E  	mov a,r6
 130  001C  0087        	mov tblp,a
 130  001D  0700     E  	mov a,r7
 130  001E  0089        	mov tbhp,a
 130  001F  1D05        	tabrdc acc
 130  0020  0700     E  	mov a,r1
 130  0021  0004        	reti
 130  0022              _Uart_R endp
 130  0022              
 130  0022              #line 130 "D:\Wade\Project\Tennis_Ball_Machine\Firmware\Ball_Machine_Main_v4\Ball_Machine_Main_v4.c"
 130  0022              #pragma debug scope 1 1
 130  0022              public _delay
 130  0022              #pragma debug scope 7 1
 154  0022              #line 154 "D:\Wade\Project\Tennis_Ball_Machine\Firmware\Ball_Machine_Main_v4\Ball_Machine_Main_v4.c"
 154  0000              _delay .section 'code'
 154  0000              _delay proc
 154  0000              public _delay_2
 154  0000  0002[           local _delay_2 db 2 dup(?)	; 2,0
            00
            ]
 154  0002              #pragma debug variable 10 7 _delay_2+0 "dev"
 156  0002              #line 156 "D:\Wade\Project\Tennis_Ball_Machine\Firmware\Ball_Machine_Main_v4\Ball_Machine_Main_v4.c"
 156  0000  1F00     E  	clr rb
"File: Ball_Machine_Main_v4.c  Assembler  Version HGASM0202      Page 6

 156  0001  1F00     E  	clr rc
 156  0002              _L15:
 156  0002              #line 156 "D:\Wade\Project\Tennis_Ball_Machine\Firmware\Ball_Machine_Main_v4\Ball_Machine_Main_v4.c"
 156  0002  0700     E  	mov a,rb
 156  0003  0200     R  	sub a,_delay_2[0]
 156  0004  0700     E  	mov a,rc
 156  0005  1200     R  	sbc a,_delay_2[1]
 156  0006  3F0A        	sz cz
 156  0007  2800     R  	jmp _L14
 156  0008  1F00     E  	clr ra
 156  0009              _L18:
 158  0009              #line 158 "D:\Wade\Project\Tennis_Ball_Machine\Firmware\Ball_Machine_Main_v4\Ball_Machine_Main_v4.c"
 158  0009              ;# 158 "D:\Wade\Project\Tennis_Ball_Machine\Firmware\Ball_Machine_Main_v4\Ball_Machine_Main_v4.c" 1
 158  0009  0000        	nop
 158  000A  1480     E  	inc ra
 157  000B              #line 157 "D:\Wade\Project\Tennis_Ball_Machine\Firmware\Ball_Machine_Main_v4\Ball_Machine_Main_v4.c"
 157  000B  0700     E  	mov a,ra
 157  000C  0A19        	sub a,25
 157  000D  390A        	snz z
 157  000E  2800     R  	jmp _L18
 156  000F              #line 156 "D:\Wade\Project\Tennis_Ball_Machine\Firmware\Ball_Machine_Main_v4\Ball_Machine_Main_v4.c"
 156  000F  1480     E  	inc rb
 156  0010  3D0A        	sz z
 156  0011  1480     E  	inc rc
 156  0012  2800     R  	jmp _L15
 156  0013              _L14:
 156  0013  0003        	ret
 156  0014              _delay endp
 156  0014              #line 156 "D:\Wade\Project\Tennis_Ball_Machine\Firmware\Ball_Machine_Main_v4\Ball_Machine_Main_v4.c"
 156  0014              #pragma debug scope 1 1
 156  0014              ___wdtc equ [62]
 156  0014              ___scc equ [58]
 156  0014              ___hircc equ [59]
 156  0014              ___pgc equ [40]
 156  0014              ___pg equ [39]
 156  0014              ___pac equ [21]
 156  0014              ___papu equ [22]
 156  0014              public _main
 156  0014              #pragma debug scope 8 1
  22  0014              #line 22 "D:\Wade\Project\Tennis_Ball_Machine\Firmware\Ball_Machine_Main_v4\Ball_Machine_Main_v4.c"
  22  0014              IFDEF WITH_DEFAULT_STARTUP
  22  0014              extern _main_initial0:near
  22  0014              extern _main_startup:near
  22  0014              ENDIF
  22  0014              
  22  0014              ROMBANK 0 @start
  22  0000              @start .section com_l 'code'
  22  0000              _main_startup1:
  22  0000              @start .section com_e 'code'
  22  0000  0F00     R  	mov a,bank _main
  22  0001  008B        	mov bp,a
  22  0002  2800     R  	jmp _main
  22  0003              
  22  0000              _main .section 'code'
  22  0000              _main proc
  22  0000  00              local _main_2 db 1 dup(?)
  23  0001              #line 23 "D:\Wade\Project\Tennis_Ball_Machine\Firmware\Ball_Machine_Main_v4\Ball_Machine_Main_v4.c"
  23  0000  0FAB        	mov a,171
  23  0001  00BE        	mov [62],a
  24  0002              #line 24 "D:\Wade\Project\Tennis_Ball_Machine\Firmware\Ball_Machine_Main_v4\Ball_Machine_Main_v4.c"
"File: Ball_Machine_Main_v4.c  Assembler  Version HGASM0202      Page 7

  24  0002  0F01        	mov a,1
  24  0003  00BA        	mov [58],a
  25  0004              #line 25 "D:\Wade\Project\Tennis_Ball_Machine\Firmware\Ball_Machine_Main_v4\Ball_Machine_Main_v4.c"
  25  0004  0F03        	mov a,3
  25  0005  00BB        	mov [59],a
  27  0006              #line 27 "D:\Wade\Project\Tennis_Ball_Machine\Firmware\Ball_Machine_Main_v4\Ball_Machine_Main_v4.c"
  27  0006              	fcall _UART_Setup
  29  000D              #line 29 "D:\Wade\Project\Tennis_Ball_Machine\Firmware\Ball_Machine_Main_v4\Ball_Machine_Main_v4.c"
  29  000D              	fcall _Timer_setup
  30  0014              #line 30 "D:\Wade\Project\Tennis_Ball_Machine\Firmware\Ball_Machine_Main_v4\Ball_Machine_Main_v4.c"
  30  0014  31CE        	set [78].3
  31  0015              #line 31 "D:\Wade\Project\Tennis_Ball_Machine\Firmware\Ball_Machine_Main_v4\Ball_Machine_Main_v4.c"
  31  0015  B1B2 0001   	lset [306].3
  32  0017              #line 32 "D:\Wade\Project\Tennis_Ball_Machine\Firmware\Ball_Machine_Main_v4\Ball_Machine_Main_v4.c"
  32  0017  B1B9 0001   	lset [313].3
  34  0019              #line 34 "D:\Wade\Project\Tennis_Ball_Machine\Firmware\Ball_Machine_Main_v4\Ball_Machine_Main_v4.c"
  34  0019  1F28        	clr [40]
  35  001A              #line 35 "D:\Wade\Project\Tennis_Ball_Machine\Firmware\Ball_Machine_Main_v4\Ball_Machine_Main_v4.c"
  35  001A  1F27        	clr [39]
  37  001B              #line 37 "D:\Wade\Project\Tennis_Ball_Machine\Firmware\Ball_Machine_Main_v4\Ball_Machine_Main_v4.c"
  37  001B  3095        	set [21].1
  38  001C              #line 38 "D:\Wade\Project\Tennis_Ball_Machine\Firmware\Ball_Machine_Main_v4\Ball_Machine_Main_v4.c"
  38  001C  3096        	set [22].1
  40  001D              #line 40 "D:\Wade\Project\Tennis_Ball_Machine\Firmware\Ball_Machine_Main_v4\Ball_Machine_Main_v4.c"
  40  001D  0FF4        	mov a,244
  40  001E  00D2        	mov [82],a
  40  001F  0F01        	mov a,1
  40  0020  00D3        	mov [83],a
  41  0021              #line 41 "D:\Wade\Project\Tennis_Ball_Machine\Firmware\Ball_Machine_Main_v4\Ball_Machine_Main_v4.c"
  41  0021  0FC8        	mov a,200
  41  0022  80B6 0001   	lmov [310],a
  41  0024  9F37 0001   	lclr [311]
  42  0026              #line 42 "D:\Wade\Project\Tennis_Ball_Machine\Firmware\Ball_Machine_Main_v4\Ball_Machine_Main_v4.c"
  42  0026  0FB4        	mov a,180
  42  0027  80BD 0001   	lmov [317],a
  42  0029  9F3E 0001   	lclr [318]
  42  002B              _L20:
  49  002B              #line 49 "D:\Wade\Project\Tennis_Ball_Machine\Firmware\Ball_Machine_Main_v4\Ball_Machine_Main_v4.c"
  49  002B  0700     R  	mov a,_R_Data[0]
  49  002C  0080     R  	mov _main_2[0],a
  49  002D  0700     R  	mov a,_main_2[0]
  49  002E  0A46        	sub a,70
  49  002F  390A        	snz z
  49  0030  2800     R  	jmp _L21
  51  0031              #line 51 "D:\Wade\Project\Tennis_Ball_Machine\Firmware\Ball_Machine_Main_v4\Ball_Machine_Main_v4.c"
  51  0031  0F30        	mov a,48
  51  0032  0300     R  	add a,_R_Data[3]
  51  0033  0080     E  	mov rf,a
  51  0034  0FEB        	mov a,235
  51  0035  1F00     E  	clr rg
  51  0036  1380     E  	adcm a,rg
  51  0037  1B10        	rrca intc
  51  0038  3410        	clr intc.0
  51  0039  0700     R  	mov a,_R_Data[1]
  51  003A  00D9        	mov mduwr0,a
  51  003B  0F64        	mov a,100
  51  003C  00DD        	mov mduwr4,a
  51  003D  1F5A        	clr mduwr1
  51  003E  0F00        	mov a,0
  51  003F  00DE        	mov mduwr5,a
"File: Ball_Machine_Main_v4.c  Assembler  Version HGASM0202      Page 8

  51  0040  0F06        	mov a,6
  51  0041              _LI1:
  51  0041  1785        	sdz acc
  51  0042  2800     R  	jmp _LI1
  51  0043  0759        	mov a,mduwr0
  51  0044  0080     E  	mov rb,a
  51  0045  075A        	mov a,mduwr1
  51  0046  0080     E  	mov rc,a
  51  0047  3C0A        	sz c
  51  0048  3010        	set intc.0
  51  0049  0700     E  	mov a,rb
  51  004A  0380     E  	addm a,rf
  51  004B  0700     E  	mov a,rc
  51  004C  1380     E  	adcm a,rg
  51  004D  0700     R  	mov a,_R_Data[2]
  51  004E  0080     E  	mov rd,a
  51  004F  1F00     E  	clr re
  51  0050  340A        	clr c
  51  0051  1A00     E  	rlca rd
  51  0052  0080     E  	mov rb,a
  51  0053  1A00     E  	rlca re
  51  0054  0080     E  	mov rc,a
  51  0055  340A        	clr c
  51  0056  1A80     E  	rlc rb
  51  0057  1A80     E  	rlc rc
  51  0058  0700     E  	mov a,rb
  51  0059  0380     E  	addm a,rd
  51  005A  0700     E  	mov a,rc
  51  005B  1380     E  	adcm a,re
  51  005C  340A        	clr c
  51  005D  1A80     E  	rlc rd
  51  005E  1A80     E  	rlc re
  51  005F  0700     E  	mov a,rd
  51  0060  0300     E  	add a,rf
  51  0061  0080     E  	mov rb,a
  51  0062  0700     E  	mov a,re
  51  0063  1300     E  	adc a,rg
  51  0064  0080     E  	mov rc,a
  52  0065              #line 52 "D:\Wade\Project\Tennis_Ball_Machine\Firmware\Ball_Machine_Main_v4\Ball_Machine_Main_v4.c"
  52  0065  0700     E  	mov a,rb
  52  0066  00D2        	mov [82],a
  52  0067  0700     E  	mov a,rc
  52  0068  00D3        	mov [83],a
  53  0069              #line 53 "D:\Wade\Project\Tennis_Ball_Machine\Firmware\Ball_Machine_Main_v4\Ball_Machine_Main_v4.c"
  53  0069  0F0A        	mov a,10
  53  006A  05A7        	orm a,[39]
  53  006B  2800     R  	jmp _L29
  53  006C              _L21:
  56  006C              #line 56 "D:\Wade\Project\Tennis_Ball_Machine\Firmware\Ball_Machine_Main_v4\Ball_Machine_Main_v4.c"
  56  006C  0700     R  	mov a,_main_2[0]
  56  006D  0A53        	sub a,83
  56  006E  390A        	snz z
  56  006F  2800     R  	jmp _L23
  58  0070              #line 58 "D:\Wade\Project\Tennis_Ball_Machine\Firmware\Ball_Machine_Main_v4\Ball_Machine_Main_v4.c"
  58  0070  0FF0        	mov a,240
  58  0071  06A7        	andm a,[39]
  58  0072  2800     R  	jmp _L29
  58  0073              _L23:
  63  0073              #line 63 "D:\Wade\Project\Tennis_Ball_Machine\Firmware\Ball_Machine_Main_v4\Ball_Machine_Main_v4.c"
  63  0073  0700     R  	mov a,_main_2[0]
"File: Ball_Machine_Main_v4.c  Assembler  Version HGASM0202      Page 9

  63  0074  0A52        	sub a,82
  63  0075  390A        	snz z
  63  0076  2800     R  	jmp _L24
  65  0077              #line 65 "D:\Wade\Project\Tennis_Ball_Machine\Firmware\Ball_Machine_Main_v4\Ball_Machine_Main_v4.c"
  65  0077  0F30        	mov a,48
  65  0078  0300     R  	add a,_R_Data[3]
  65  0079  0080     E  	mov rf,a
  65  007A  0FEB        	mov a,235
  65  007B  1F00     E  	clr rg
  65  007C  1380     E  	adcm a,rg
  65  007D  1B10        	rrca intc
  65  007E  3410        	clr intc.0
  65  007F  0700     R  	mov a,_R_Data[1]
  65  0080  00D9        	mov mduwr0,a
  65  0081  0F64        	mov a,100
  65  0082  00DD        	mov mduwr4,a
  65  0083  1F5A        	clr mduwr1
  65  0084  0F00        	mov a,0
  65  0085  00DE        	mov mduwr5,a
  65  0086  0F06        	mov a,6
  65  0087              _LI2:
  65  0087  1785        	sdz acc
  65  0088  2800     R  	jmp _LI2
  65  0089  0759        	mov a,mduwr0
  65  008A  0080     E  	mov rb,a
  65  008B  075A        	mov a,mduwr1
  65  008C  0080     E  	mov rc,a
  65  008D  3C0A        	sz c
  65  008E  3010        	set intc.0
  65  008F  0700     E  	mov a,rb
  65  0090  0380     E  	addm a,rf
  65  0091  0700     E  	mov a,rc
  65  0092  1380     E  	adcm a,rg
  65  0093  0700     R  	mov a,_R_Data[2]
  65  0094  0080     E  	mov rd,a
  65  0095  1F00     E  	clr re
  65  0096  340A        	clr c
  65  0097  1A00     E  	rlca rd
  65  0098  0080     E  	mov rb,a
  65  0099  1A00     E  	rlca re
  65  009A  0080     E  	mov rc,a
  65  009B  340A        	clr c
  65  009C  1A80     E  	rlc rb
  65  009D  1A80     E  	rlc rc
  65  009E  0700     E  	mov a,rb
  65  009F  0380     E  	addm a,rd
  65  00A0  0700     E  	mov a,rc
  65  00A1  1380     E  	adcm a,re
  65  00A2  340A        	clr c
  65  00A3  1A80     E  	rlc rd
  65  00A4  1A80     E  	rlc re
  65  00A5  0700     E  	mov a,rd
  65  00A6  0300     E  	add a,rf
  65  00A7  0080     E  	mov rb,a
  65  00A8  0700     E  	mov a,re
  65  00A9  1300     E  	adc a,rg
  65  00AA  0080     E  	mov rc,a
  66  00AB              #line 66 "D:\Wade\Project\Tennis_Ball_Machine\Firmware\Ball_Machine_Main_v4\Ball_Machine_Main_v4.c"
  66  00AB  0700     E  	mov a,rb
  66  00AC  80B6 0001   	lmov [310],a
"File: Ball_Machine_Main_v4.c  Assembler  Version HGASM0202      Page 10

  66  00AE  0700     E  	mov a,rc
  66  00AF  80B7 0001   	lmov [311],a
  68  00B1              #line 68 "D:\Wade\Project\Tennis_Ball_Machine\Firmware\Ball_Machine_Main_v4\Ball_Machine_Main_v4.c"
  68  00B1  32A7        	set [39].5
  68  00B2  2800     R  	jmp _L29
  68  00B3              _L24:
  71  00B3              #line 71 "D:\Wade\Project\Tennis_Ball_Machine\Firmware\Ball_Machine_Main_v4\Ball_Machine_Main_v4.c"
  71  00B3  0700     R  	mov a,_main_2[0]
  71  00B4  0A4C        	sub a,76
  71  00B5  390A        	snz z
  71  00B6  2800     R  	jmp _L25
  73  00B7              #line 73 "D:\Wade\Project\Tennis_Ball_Machine\Firmware\Ball_Machine_Main_v4\Ball_Machine_Main_v4.c"
  73  00B7  0F30        	mov a,48
  73  00B8  0300     R  	add a,_R_Data[3]
  73  00B9  0080     E  	mov rf,a
  73  00BA  0FEB        	mov a,235
  73  00BB  1F00     E  	clr rg
  73  00BC  1380     E  	adcm a,rg
  73  00BD  1B10        	rrca intc
  73  00BE  3410        	clr intc.0
  73  00BF  0700     R  	mov a,_R_Data[1]
  73  00C0  00D9        	mov mduwr0,a
  73  00C1  0F64        	mov a,100
  73  00C2  00DD        	mov mduwr4,a
  73  00C3  1F5A        	clr mduwr1
  73  00C4  0F00        	mov a,0
  73  00C5  00DE        	mov mduwr5,a
  73  00C6  0F06        	mov a,6
  73  00C7              _LI3:
  73  00C7  1785        	sdz acc
  73  00C8  2800     R  	jmp _LI3
  73  00C9  0759        	mov a,mduwr0
  73  00CA  0080     E  	mov rb,a
  73  00CB  075A        	mov a,mduwr1
  73  00CC  0080     E  	mov rc,a
  73  00CD  3C0A        	sz c
  73  00CE  3010        	set intc.0
  73  00CF  0700     E  	mov a,rb
  73  00D0  0380     E  	addm a,rf
  73  00D1  0700     E  	mov a,rc
  73  00D2  1380     E  	adcm a,rg
  73  00D3  0700     R  	mov a,_R_Data[2]
  73  00D4  0080     E  	mov rd,a
  73  00D5  1F00     E  	clr re
  73  00D6  340A        	clr c
  73  00D7  1A00     E  	rlca rd
  73  00D8  0080     E  	mov rb,a
  73  00D9  1A00     E  	rlca re
  73  00DA  0080     E  	mov rc,a
  73  00DB  340A        	clr c
  73  00DC  1A80     E  	rlc rb
  73  00DD  1A80     E  	rlc rc
  73  00DE  0700     E  	mov a,rb
  73  00DF  0380     E  	addm a,rd
  73  00E0  0700     E  	mov a,rc
  73  00E1  1380     E  	adcm a,re
  73  00E2  340A        	clr c
  73  00E3  1A80     E  	rlc rd
  73  00E4  1A80     E  	rlc re
  73  00E5  0700     E  	mov a,rd
"File: Ball_Machine_Main_v4.c  Assembler  Version HGASM0202      Page 11

  73  00E6  0300     E  	add a,rf
  73  00E7  0080     E  	mov rb,a
  73  00E8  0700     E  	mov a,re
  73  00E9  1300     E  	adc a,rg
  73  00EA  0080     E  	mov rc,a
  74  00EB              #line 74 "D:\Wade\Project\Tennis_Ball_Machine\Firmware\Ball_Machine_Main_v4\Ball_Machine_Main_v4.c"
  74  00EB  0700     E  	mov a,rb
  74  00EC  80B6 0001   	lmov [310],a
  74  00EE  0700     E  	mov a,rc
  74  00EF  80B7 0001   	lmov [311],a
  75  00F1              #line 75 "D:\Wade\Project\Tennis_Ball_Machine\Firmware\Ball_Machine_Main_v4\Ball_Machine_Main_v4.c"
  75  00F1  3227        	set [39].4
  75  00F2  2800     R  	jmp _L29
  75  00F3              _L25:
  78  00F3              #line 78 "D:\Wade\Project\Tennis_Ball_Machine\Firmware\Ball_Machine_Main_v4\Ball_Machine_Main_v4.c"
  78  00F3  0700     R  	mov a,_main_2[0]
  78  00F4  0A6D        	sub a,109
  78  00F5  390A        	snz z
  78  00F6  2800     R  	jmp _L26
  80  00F7              #line 80 "D:\Wade\Project\Tennis_Ball_Machine\Firmware\Ball_Machine_Main_v4\Ball_Machine_Main_v4.c"
  80  00F7  0FCF        	mov a,207
  80  00F8  06A7        	andm a,[39]
  80  00F9  2800     R  	jmp _L29
  80  00FA              _L26:
  84  00FA              #line 84 "D:\Wade\Project\Tennis_Ball_Machine\Firmware\Ball_Machine_Main_v4\Ball_Machine_Main_v4.c"
  84  00FA  0700     R  	mov a,_main_2[0]
  84  00FB  0A55        	sub a,85
  84  00FC  390A        	snz z
  84  00FD  2800     R  	jmp _L27
  86  00FE              #line 86 "D:\Wade\Project\Tennis_Ball_Machine\Firmware\Ball_Machine_Main_v4\Ball_Machine_Main_v4.c"
  86  00FE  3327        	set [39].6
  86  00FF  2800     R  	jmp _L29
  86  0100              _L27:
  89  0100              #line 89 "D:\Wade\Project\Tennis_Ball_Machine\Firmware\Ball_Machine_Main_v4\Ball_Machine_Main_v4.c"
  89  0100  0700     R  	mov a,_main_2[0]
  89  0101  0A44        	sub a,68
  89  0102  390A        	snz z
  89  0103  2800     R  	jmp _L28
  91  0104              #line 91 "D:\Wade\Project\Tennis_Ball_Machine\Firmware\Ball_Machine_Main_v4\Ball_Machine_Main_v4.c"
  91  0104  33A7        	set [39].7
  91  0105  2800     R  	jmp _L29
  91  0106              _L28:
  94  0106              #line 94 "D:\Wade\Project\Tennis_Ball_Machine\Firmware\Ball_Machine_Main_v4\Ball_Machine_Main_v4.c"
  94  0106  0700     R  	mov a,_main_2[0]
  94  0107  0A6B        	sub a,107
  94  0108  390A        	snz z
  94  0109  2800     R  	jmp _L20
  96  010A              #line 96 "D:\Wade\Project\Tennis_Ball_Machine\Firmware\Ball_Machine_Main_v4\Ball_Machine_Main_v4.c"
  96  010A  0F3F        	mov a,63
  96  010B  06A7        	andm a,[39]
  96  010C              _L29:
  97  010C              #line 97 "D:\Wade\Project\Tennis_Ball_Machine\Firmware\Ball_Machine_Main_v4\Ball_Machine_Main_v4.c"
  97  010C  0F01        	mov a,1
  97  010D  0080     R  	mov _delay_2[0],a
  97  010E  1F00     R  	clr _delay_2[1]
  97  010F              	fcall _delay
  97  0116  2800     R  	jmp _L20
  97  0117  2800     R  	jmp $
  97  0118              _main endp
  97  0118              
"File: Ball_Machine_Main_v4.c  Assembler  Version HGASM0202      Page 12

  97  0118              @dummy endp
  97  0118              
  97  0118              #line 97 "D:\Wade\Project\Tennis_Ball_Machine\Firmware\Ball_Machine_Main_v4\Ball_Machine_Main_v4.c"
  97  0118              #pragma debug scope 1 1
  97  0118              public _kn
  97  0000              @HCCINIT	.section 'data'
   7  0000              #line 7 "D:\Wade\Project\Tennis_Ball_Machine\Firmware\Ball_Machine_Main_v4\Ball_Machine_Main_v4.c"
   7  0000              @HCCINIT_kn .section 'data'
   7  0000              _kn label byte
   7  0000              #pragma debug variable 10 1 _kn "kn"
   7  0000              	db 0
   7  0000              @ROMDATA_BASE .section inpage 'code'
   7  0000              	db 0
   7  0001              @HCCINIT_kn .section 'data'
   7  0001              	db 0
   7  0001              @ROMDATA_BASE .section inpage 'code'
   7  0001              	db 0
   7  0002              @HCCINIT_kn .section 'data'
   6  0002              #line 6 "D:\Wade\Project\Tennis_Ball_Machine\Firmware\Ball_Machine_Main_v4\Ball_Machine_Main_v4.c"
   6  0002              public _Data
   6  0000              @HCCINIT0_Data .section 'data'
   6  0000  000A[       _Data	db 10 dup(0)
            00
            ]
   6  000A              #pragma debug array 42 8 10 1
   6  000A              #pragma debug array 42 8 10 1
   6  000A              #pragma debug variable 42 1 _Data "Data"
   6  000A              
   6  0000              @HCCINIT .section 'data'
   5  0000              #line 5 "D:\Wade\Project\Tennis_Ball_Machine\Firmware\Ball_Machine_Main_v4\Ball_Machine_Main_v4.c"
   5  0000              public _R_Data
   5  0000              @HCCINIT0_R_Data .section 'data'
   5  0000  000A[       _R_Data	db 10 dup(0)
            00
            ]
   5  000A              #pragma debug variable 42 1 _R_Data "R_Data"
   5  000A              
   5  0000              @HCCINIT .section 'data'
   5  0000              #pragma debug struct_end
   5  0000              #pragma debug struct_end
   5  0000              #pragma debug union_end
   5  0000              #pragma debug union_end
   5  0000              #pragma debug variable 44 1 ___intc0 "__intc0" 1
   5  0000              #pragma debug struct_end
   5  0000              #pragma debug struct_end
   5  0000              #pragma debug union_end
   5  0000              #pragma debug union_end
   5  0000              #pragma debug variable 46 1 ___intc3 "__intc3" 1
   5  0000              #pragma debug struct_end
   5  0000              #pragma debug struct_end
   5  0000              #pragma debug union_end
   5  0000              #pragma debug union_end
   5  0000              #pragma debug variable 48 1 ___pac "__pac" 1
   5  0000              #pragma debug struct_end
   5  0000              #pragma debug struct_end
   5  0000              #pragma debug union_end
   5  0000              #pragma debug union_end
   5  0000              #pragma debug variable 50 1 ___papu "__papu" 1
   5  0000              #pragma debug struct_end
   5  0000              #pragma debug struct_end
"File: Ball_Machine_Main_v4.c  Assembler  Version HGASM0202      Page 13

   5  0000              #pragma debug union_end
   5  0000              #pragma debug union_end
   5  0000              #pragma debug variable 52 1 ___pg "__pg" 1
   5  0000              #pragma debug struct_end
   5  0000              #pragma debug struct_end
   5  0000              #pragma debug union_end
   5  0000              #pragma debug union_end
   5  0000              #pragma debug variable 54 1 ___pgc "__pgc" 1
   5  0000              #pragma debug struct_end
   5  0000              #pragma debug struct_end
   5  0000              #pragma debug union_end
   5  0000              #pragma debug union_end
   5  0000              #pragma debug variable 56 1 ___mfi5 "__mfi5" 1
   5  0000              #pragma debug struct_end
   5  0000              #pragma debug struct_end
   5  0000              #pragma debug union_end
   5  0000              #pragma debug union_end
   5  0000              #pragma debug variable 58 1 ___scc "__scc" 1
   5  0000              #pragma debug struct_end
   5  0000              #pragma debug struct_end
   5  0000              #pragma debug union_end
   5  0000              #pragma debug union_end
   5  0000              #pragma debug variable 60 1 ___hircc "__hircc" 1
   5  0000              #pragma debug struct_end
   5  0000              #pragma debug struct_end
   5  0000              #pragma debug union_end
   5  0000              #pragma debug union_end
   5  0000              #pragma debug variable 62 1 ___wdtc "__wdtc" 1
   5  0000              #pragma debug struct_end
   5  0000              #pragma debug struct_end
   5  0000              #pragma debug union_end
   5  0000              #pragma debug union_end
   5  0000              #pragma debug variable 64 1 ___stm0c0 "__stm0c0" 1
   5  0000              #pragma debug struct_end
   5  0000              #pragma debug struct_end
   5  0000              #pragma debug union_end
   5  0000              #pragma debug union_end
   5  0000              #pragma debug variable 66 1 ___stm0c1 "__stm0c1" 1
   5  0000              #pragma debug variable 8 1 ___stm0al "__stm0al" 1
   5  0000              #pragma debug variable 8 1 ___stm0ah "__stm0ah" 1
   5  0000              #pragma debug struct_end
   5  0000              #pragma debug struct_end
   5  0000              #pragma debug union_end
   5  0000              #pragma debug union_end
   5  0000              #pragma debug variable 68 1 ___stm0rp "__stm0rp" 1
   5  0000              #pragma debug struct_end
   5  0000              #pragma debug struct_end
   5  0000              #pragma debug union_end
   5  0000              #pragma debug union_end
   5  0000              #pragma debug variable 70 1 ___u0sr "__u0sr" 1
   5  0000              #pragma debug struct_end
   5  0000              #pragma debug struct_end
   5  0000              #pragma debug union_end
   5  0000              #pragma debug union_end
   5  0000              #pragma debug variable 72 1 ___u0cr1 "__u0cr1" 1
   5  0000              #pragma debug struct_end
   5  0000              #pragma debug struct_end
   5  0000              #pragma debug union_end
   5  0000              #pragma debug union_end
   5  0000              #pragma debug variable 74 1 ___u0cr2 "__u0cr2" 1
"File: Ball_Machine_Main_v4.c  Assembler  Version HGASM0202      Page 14

   5  0000              #pragma debug variable 8 1 ___txr_rxr0 "__txr_rxr0" 1
   5  0000              #pragma debug variable 8 1 ___brg0 "__brg0" 1
   5  0000              #pragma debug struct_end
   5  0000              #pragma debug struct_end
   5  0000              #pragma debug union_end
   5  0000              #pragma debug union_end
   5  0000              #pragma debug variable 76 1 ___stm1c0 "__stm1c0" 1
   5  0000              #pragma debug struct_end
   5  0000              #pragma debug struct_end
   5  0000              #pragma debug union_end
   5  0000              #pragma debug union_end
   5  0000              #pragma debug variable 78 1 ___stm1c1 "__stm1c1" 1
   5  0000              #pragma debug variable 8 1 ___stm1al "__stm1al" 1
   5  0000              #pragma debug variable 8 1 ___stm1ah "__stm1ah" 1
   5  0000              #pragma debug struct_end
   5  0000              #pragma debug struct_end
   5  0000              #pragma debug union_end
   5  0000              #pragma debug union_end
   5  0000              #pragma debug variable 80 1 ___stm1rp "__stm1rp" 1
   5  0000              #pragma debug struct_end
   5  0000              #pragma debug struct_end
   5  0000              #pragma debug union_end
   5  0000              #pragma debug union_end
   5  0000              #pragma debug variable 82 1 ___stm2c0 "__stm2c0" 1
   5  0000              #pragma debug struct_end
   5  0000              #pragma debug struct_end
   5  0000              #pragma debug union_end
   5  0000              #pragma debug union_end
   5  0000              #pragma debug variable 84 1 ___stm2c1 "__stm2c1" 1
   5  0000              #pragma debug variable 8 1 ___stm2al "__stm2al" 1
   5  0000              #pragma debug variable 8 1 ___stm2ah "__stm2ah" 1
   5  0000              #pragma debug struct_end
   5  0000              #pragma debug struct_end
   5  0000              #pragma debug union_end
   5  0000              #pragma debug union_end
   5  0000              #pragma debug variable 86 1 ___stm2rp "__stm2rp" 1
   5  0000              #pragma debug struct_end
   5  0000              #pragma debug struct_end
   5  0000              #pragma debug union_end
   5  0000              #pragma debug union_end
   5  0000              #pragma debug variable 88 1 ___pas1 "__pas1" 1
   5  0000              #pragma debug struct_end
   5  0000              #pragma debug struct_end
   5  0000              #pragma debug union_end
   5  0000              #pragma debug union_end
   5  0000              #pragma debug variable 90 1 ___pcs1 "__pcs1" 1
   5  0000              #pragma debug struct_end
   5  0000              #pragma debug struct_end
   5  0000              #pragma debug union_end
   5  0000              #pragma debug union_end
   5  0000              #pragma debug variable 92 1 ___pds0 "__pds0" 1
   5  0000              #pragma debug struct_end
   5  0000              #pragma debug struct_end
   5  0000              #pragma debug union_end
   5  0000              #pragma debug union_end
   5  0000              #pragma debug variable 94 1 ___pfs1 "__pfs1" 1
   5  0000              extern r1:byte
   5  0000              extern r2:byte
   5  0000              extern r3:byte
   5  0000              extern r4:byte
"File: Ball_Machine_Main_v4.c  Assembler  Version HGASM0202      Page 15

   5  0000              extern r5:byte
   5  0000              extern r6:byte
   5  0000              extern r7:byte
  22  0000              #line 22 "D:\Wade\Project\Tennis_Ball_Machine\Firmware\Ball_Machine_Main_v4\Ball_Machine_Main_v4.c"
  22  0000              @code .section at 0 'code'
  22  0000  1F0B        	clr bp
  22  0001  2800     R  	jmp _main_startup1
  22  0002              
  22  0002              
  22  0002              ; 
  22  0002              ; Generated by holtek-gcc v3.19, Sat Sep 10 12:35:38 2022
  22  0002              ; Rebuild 718
  22  0002              ; end of file


        0 Errors, 0