"File: Rotate_Motor_v1.c  Assembler  Version HGASM0202      Page 1


   1  0000              ; Generated by holtek-gcc v3.19, Sat Sep 10 12:09:30 2022
   2  0000              ; 
   3  0000              ; Configuration:
   4  0000              ;       with long instruction
   5  0000              ;       Multi-ROM, Multi-RAM
   6  0000              ;       bits_per_rom_unit:16
   7  0000              ;       with mp1
   8  0000              ;       with tbhp, address(0x9)
   9  0000              ;          Use tabrd-const
  10  0000              ;       
  11  0000              ; SFR address of long-instruction arch:
  12  0000              ;    mp0 = -1,1,0
  13  0000              ;    mp1 = 4,3,2
  14  0000              ;    mp2 = 14,13,12
  15  0000              ;    tbp = 9,7,8
  16  0000              ;    acc = 5
  17  0000              ;    pcl = 6
  18  0000              ;    status = 10
  19  0000              ;    bp = 11
  20  0000              ;    intc = 16
  21  0000              ;       
  22  0000              ;       
  23  0000              ; use 'tabrdc' instead of 'tabrd'
  24  0000              ;       
  25  0000              
  26  0000              #pragma translator "holtek-gcc 4.6.4" "3.19" "build 20130711"
  27  0000              ; Rebuild 718
  28  0000              
  29  0000              ir equ [2]
  30  0000              mp equ [3]
  31  0000              sbp equ [4]
  32  0000              acc equ [5]
  33  0000              bp equ [11]
  34  0000              tblp equ [7]
  35  0000              tbhp equ [9]
  36  0000              status equ [10]
  37  0000              c equ [10].0
  38  0000              ac equ [10].1
  39  0000              z equ [10].2
  40  0000              ov equ [10].3
  41  0000              cz equ [10].6
  42  0000              sc equ [10].7
  43  0000              intc equ [16]
  44  0000              mduwr0 equ [59h]
  45  0000              mduwr1 equ [5ah]
  46  0000              mduwr2 equ [5bh]
  47  0000              mduwr3 equ [5ch]
  48  0000              mduwr4 equ [5dh]
  49  0000              mduwr5 equ [5eh]
  50  0000              mduwrctrl equ [5fh]
  51  0000              
  52  0000              extern ra:byte
  53  0000              extern rb:byte
  54  0000              extern rc:byte
  55  0000              extern rd:byte
  56  0000              extern re:byte
  57  0000              extern rf:byte
  58  0000              extern rg:byte
  59  0000              extern rh:byte
"File: Rotate_Motor_v1.ASM  Assembler  Version HGASM0202      Page 2

  60  0000              extern _Crom2Prom:near
  61  0000              extern _Crom2PromNext:near
  62  0000              
  63  0000              RAMBANK 0 @BITDATASEC, @BITDATASEC1
  64  0000              @HCCINIT	.section 'data'
  65  0000              @HCCINIT0	.section 'data'
  66  0000              @BITDATASEC	 .section 'data'
  67  0000              @BITDATASEC1	 .section 'data'
  68  0000              
  69  0000              #pragma debug scope 1 1
  70  0000              	extern __DELAY3:near
  71  0000              	extern __DELAYX3:near
  72  0000              	extern __DELAYX6:near
  73  0000              	extern __DELAYY5:near
  74  0000              	extern __DELAYY3:near
  75  0000              	extern _builtin_holtek_delay_2:byte
  76  0000              ___stm1c0 equ [306]
  77  0000              ___stm1c1 equ [307]
  78  0000              ___stm1rp equ [312]
  79  0000              ___pds0 equ [339]
  80  0000              ___stm1al equ [310]
  81  0000              ___stm1ah equ [311]
  82  0000              public _stm_setup
  83  0000              #pragma debug scope 2 1

  38  0000              #line 38 "D:\Wade\Project\Tennis_Ball_Machine\Firmware\Rotate_Motor_v1\Rotate_Motor_v1.c"
  38  0000              _stm_setup .section 'code'
  38  0000              _stm_setup proc
  40  0000              #line 40 "D:\Wade\Project\Tennis_Ball_Machine\Firmware\Rotate_Motor_v1\Rotate_Motor_v1.c"
  40  0000  0F30        	mov a,48
  40  0001  80B2 0001   	lmov [306],a
  41  0003              #line 41 "D:\Wade\Project\Tennis_Ball_Machine\Firmware\Rotate_Motor_v1\Rotate_Motor_v1.c"
  41  0003  0FA8        	mov a,168
  41  0004  80B3 0001   	lmov [307],a
  42  0006              #line 42 "D:\Wade\Project\Tennis_Ball_Machine\Firmware\Rotate_Motor_v1\Rotate_Motor_v1.c"
  42  0006  0F02        	mov a,2
  42  0007  80B8 0001   	lmov [312],a
  44  0009              #line 44 "D:\Wade\Project\Tennis_Ball_Machine\Firmware\Rotate_Motor_v1\Rotate_Motor_v1.c"
  44  0009  0F02        	mov a,2
  44  000A  80D3 0001   	lmov [339],a
  45  000C              #line 45 "D:\Wade\Project\Tennis_Ball_Machine\Firmware\Rotate_Motor_v1\Rotate_Motor_v1.c"
  45  000C  B1B2 0001   	lset [306].3
  45  000E  0FD2        	mov a,210
  45  000F  80B6 0001   	lmov [310],a
  45  0011  9F37 0001   	lclr [311]
  45  0013  0003        	ret
  45  0014              _stm_setup endp
  45  0014              #line 45 "D:\Wade\Project\Tennis_Ball_Machine\Firmware\Rotate_Motor_v1\Rotate_Motor_v1.c"
  45  0014              #pragma debug scope 1 1
  45  0014              public _delay
  45  0014              #pragma debug scope 3 1
  49  0014              #line 49 "D:\Wade\Project\Tennis_Ball_Machine\Firmware\Rotate_Motor_v1\Rotate_Motor_v1.c"
  49  0000              _delay .section 'code'
  49  0000              _delay proc
  49  0000              public _delay_2
  49  0000  0002[           local _delay_2 db 2 dup(?)	; 2,0
            00
            ]
  49  0002              #pragma debug variable 10 3 _delay_2+0 "dev"
  51  0002              #line 51 "D:\Wade\Project\Tennis_Ball_Machine\Firmware\Rotate_Motor_v1\Rotate_Motor_v1.c"
"File: Rotate_Motor_v1.c  Assembler  Version HGASM0202      Page 3

  51  0000  1F00     E  	clr rb
  51  0001  1F00     E  	clr rc
  51  0002              _L3:
  51  0002              #line 51 "D:\Wade\Project\Tennis_Ball_Machine\Firmware\Rotate_Motor_v1\Rotate_Motor_v1.c"
  51  0002  0700     E  	mov a,rb
  51  0003  0200     R  	sub a,_delay_2[0]
  51  0004  0700     E  	mov a,rc
  51  0005  1200     R  	sbc a,_delay_2[1]
  51  0006  3F0A        	sz cz
  51  0007  2800     R  	jmp _L2
  51  0008  1F00     E  	clr ra
  51  0009              _L6:
  53  0009              #line 53 "D:\Wade\Project\Tennis_Ball_Machine\Firmware\Rotate_Motor_v1\Rotate_Motor_v1.c"
  53  0009              ;# 53 "D:\Wade\Project\Tennis_Ball_Machine\Firmware\Rotate_Motor_v1\Rotate_Motor_v1.c" 1
  53  0009  0000        	nop
  53  000A  1480     E  	inc ra
  52  000B              #line 52 "D:\Wade\Project\Tennis_Ball_Machine\Firmware\Rotate_Motor_v1\Rotate_Motor_v1.c"
  52  000B  0700     E  	mov a,ra
  52  000C  0A19        	sub a,25
  52  000D  390A        	snz z
  52  000E  2800     R  	jmp _L6
  51  000F              #line 51 "D:\Wade\Project\Tennis_Ball_Machine\Firmware\Rotate_Motor_v1\Rotate_Motor_v1.c"
  51  000F  1480     E  	inc rb
  51  0010  3D0A        	sz z
  51  0011  1480     E  	inc rc
  51  0012  2800     R  	jmp _L3
  51  0013              _L2:
  51  0013  0003        	ret
  51  0014              _delay endp
  51  0014              #line 51 "D:\Wade\Project\Tennis_Ball_Machine\Firmware\Rotate_Motor_v1\Rotate_Motor_v1.c"
  51  0014              #pragma debug scope 1 1
  51  0014              ___wdtc equ [62]
  51  0014              ___scc equ [58]
  51  0014              ___hircc equ [59]
  51  0014              ___pgc equ [40]
  51  0014              ___pg equ [39]
  51  0014              public _main
  51  0014              #pragma debug scope 4 1
  10  0014              #line 10 "D:\Wade\Project\Tennis_Ball_Machine\Firmware\Rotate_Motor_v1\Rotate_Motor_v1.c"
  10  0014              IFDEF WITH_DEFAULT_STARTUP
  10  0014              extern _main_initial0:near
  10  0014              extern _main_startup:near
  10  0014              ENDIF
  10  0014              
  10  0014              ROMBANK 0 @start
  10  0000              @start .section com_l 'code'
  10  0000              _main_startup1:
  10  0000              @start .section com_e 'code'
  10  0000  0F00     R  	mov a,bank _main
  10  0001  008B        	mov bp,a
  10  0002  2800     R  	jmp _main
  10  0003              
  10  0000              _main .section 'code'
  10  0000              _main proc
  11  0000              #line 11 "D:\Wade\Project\Tennis_Ball_Machine\Firmware\Rotate_Motor_v1\Rotate_Motor_v1.c"
  11  0000  0FAB        	mov a,171
  11  0001  00BE        	mov [62],a
  12  0002              #line 12 "D:\Wade\Project\Tennis_Ball_Machine\Firmware\Rotate_Motor_v1\Rotate_Motor_v1.c"
  12  0002  0F01        	mov a,1
  12  0003  00BA        	mov [58],a
"File: Rotate_Motor_v1.c  Assembler  Version HGASM0202      Page 4

  13  0004              #line 13 "D:\Wade\Project\Tennis_Ball_Machine\Firmware\Rotate_Motor_v1\Rotate_Motor_v1.c"
  13  0004  0F03        	mov a,3
  13  0005  00BB        	mov [59],a
  15  0006              #line 15 "D:\Wade\Project\Tennis_Ball_Machine\Firmware\Rotate_Motor_v1\Rotate_Motor_v1.c"
  15  0006  1F28        	clr [40]
  16  0007              #line 16 "D:\Wade\Project\Tennis_Ball_Machine\Firmware\Rotate_Motor_v1\Rotate_Motor_v1.c"
  16  0007  1F27        	clr [39]
  18  0008              #line 18 "D:\Wade\Project\Tennis_Ball_Machine\Firmware\Rotate_Motor_v1\Rotate_Motor_v1.c"
  18  0008              	fcall _stm_setup
  18  000F              _L9:
  22  000F              #line 22 "D:\Wade\Project\Tennis_Ball_Machine\Firmware\Rotate_Motor_v1\Rotate_Motor_v1.c"
  22  000F  0F22        	mov a,34
  22  0010  80B6 0001   	lmov [310],a
  22  0012  0F01        	mov a,1
  22  0013  80B7 0001   	lmov [311],a
  23  0015              #line 23 "D:\Wade\Project\Tennis_Ball_Machine\Firmware\Rotate_Motor_v1\Rotate_Motor_v1.c"
  23  0015  0F10        	mov a,16
  23  0016  00A7        	mov [39],a
  24  0017              #line 24 "D:\Wade\Project\Tennis_Ball_Machine\Firmware\Rotate_Motor_v1\Rotate_Motor_v1.c"
  24  0017  0F10        	mov a,16
  24  0018  0080     R  	mov _delay_2[0],a
  24  0019  0F27        	mov a,39
  24  001A  0080     R  	mov _delay_2[1],a
  24  001B              	fcall _delay
  26  0022              #line 26 "D:\Wade\Project\Tennis_Ball_Machine\Firmware\Rotate_Motor_v1\Rotate_Motor_v1.c"
  26  0022  1F27        	clr [39]
  27  0023              #line 27 "D:\Wade\Project\Tennis_Ball_Machine\Firmware\Rotate_Motor_v1\Rotate_Motor_v1.c"
  27  0023  0F10        	mov a,16
  27  0024  0080     R  	mov _delay_2[0],a
  27  0025  0F27        	mov a,39
  27  0026  0080     R  	mov _delay_2[1],a
  27  0027              	fcall _delay
  29  002E              #line 29 "D:\Wade\Project\Tennis_Ball_Machine\Firmware\Rotate_Motor_v1\Rotate_Motor_v1.c"
  29  002E  0F20        	mov a,32
  29  002F  00A7        	mov [39],a
  30  0030              #line 30 "D:\Wade\Project\Tennis_Ball_Machine\Firmware\Rotate_Motor_v1\Rotate_Motor_v1.c"
  30  0030  0F10        	mov a,16
  30  0031  0080     R  	mov _delay_2[0],a
  30  0032  0F27        	mov a,39
  30  0033  0080     R  	mov _delay_2[1],a
  30  0034              	fcall _delay
  32  003B              #line 32 "D:\Wade\Project\Tennis_Ball_Machine\Firmware\Rotate_Motor_v1\Rotate_Motor_v1.c"
  32  003B  1F27        	clr [39]
  33  003C              #line 33 "D:\Wade\Project\Tennis_Ball_Machine\Firmware\Rotate_Motor_v1\Rotate_Motor_v1.c"
  33  003C  0F10        	mov a,16
  33  003D  0080     R  	mov _delay_2[0],a
  33  003E  0F27        	mov a,39
  33  003F  0080     R  	mov _delay_2[1],a
  33  0040              	fcall _delay
  33  0047  2800     R  	jmp _L9
  33  0048  2800     R  	jmp $
  33  0049              _main endp
  33  0049              
  33  0049              @dummy endp
  33  0049              
  33  0049              #line 33 "D:\Wade\Project\Tennis_Ball_Machine\Firmware\Rotate_Motor_v1\Rotate_Motor_v1.c"
  33  0049              #pragma debug scope 1 1
  33  0049              #pragma debug struct_end
  33  0049              #pragma debug struct_end
  33  0049              #pragma debug union_end
"File: Rotate_Motor_v1.c  Assembler  Version HGASM0202      Page 5

  33  0049              #pragma debug union_end
  33  0049              #pragma debug variable 43 1 ___pg "__pg" 1
  33  0049              #pragma debug struct_end
  33  0049              #pragma debug struct_end
  33  0049              #pragma debug union_end
  33  0049              #pragma debug union_end
  33  0049              #pragma debug variable 45 1 ___pgc "__pgc" 1
  33  0049              #pragma debug struct_end
  33  0049              #pragma debug struct_end
  33  0049              #pragma debug union_end
  33  0049              #pragma debug union_end
  33  0049              #pragma debug variable 47 1 ___scc "__scc" 1
  33  0049              #pragma debug struct_end
  33  0049              #pragma debug struct_end
  33  0049              #pragma debug union_end
  33  0049              #pragma debug union_end
  33  0049              #pragma debug variable 49 1 ___hircc "__hircc" 1
  33  0049              #pragma debug struct_end
  33  0049              #pragma debug struct_end
  33  0049              #pragma debug union_end
  33  0049              #pragma debug union_end
  33  0049              #pragma debug variable 51 1 ___wdtc "__wdtc" 1
  33  0049              #pragma debug struct_end
  33  0049              #pragma debug struct_end
  33  0049              #pragma debug union_end
  33  0049              #pragma debug union_end
  33  0049              #pragma debug variable 53 1 ___stm1c0 "__stm1c0" 1
  33  0049              #pragma debug struct_end
  33  0049              #pragma debug struct_end
  33  0049              #pragma debug union_end
  33  0049              #pragma debug union_end
  33  0049              #pragma debug variable 55 1 ___stm1c1 "__stm1c1" 1
  33  0049              #pragma debug variable 8 1 ___stm1al "__stm1al" 1
  33  0049              #pragma debug variable 8 1 ___stm1ah "__stm1ah" 1
  33  0049              #pragma debug struct_end
  33  0049              #pragma debug struct_end
  33  0049              #pragma debug union_end
  33  0049              #pragma debug union_end
  33  0049              #pragma debug variable 57 1 ___stm1rp "__stm1rp" 1
  33  0049              #pragma debug struct_end
  33  0049              #pragma debug struct_end
  33  0049              #pragma debug union_end
  33  0049              #pragma debug union_end
  33  0049              #pragma debug variable 59 1 ___pds0 "__pds0" 1
  10  0049              #line 10 "D:\Wade\Project\Tennis_Ball_Machine\Firmware\Rotate_Motor_v1\Rotate_Motor_v1.c"
  10  0000              @code .section at 0 'code'
  10  0000  1F0B        	clr bp
  10  0001  2800     R  	jmp _main_startup1
  10  0002              
  10  0002              
  10  0002              ; 
  10  0002              ; Generated by holtek-gcc v3.19, Sat Sep 10 12:09:30 2022
  10  0002              ; Rebuild 718
  10  0002              ; end of file


        0 Errors, 0