"File: Ball_Machine_Main_v3.c  Assembler  Version HGASM0202      Page 1


   1  0000              ; Generated by holtek-gcc v3.19, Sun Aug 14 21:33:33 2022
   2  0000              ; 
   3  0000              ; Configuration:
   4  0000              ;       with long instruction
   5  0000              ;       Multi-ROM, Multi-RAM
   6  0000              ;       bits_per_rom_unit:16
   7  0000              ;       with mp1
   8  0000              ;       with tbhp, address(0x9)
   9  0000              ;          Use tabrd-const
  10  0000              ;       
  11  0000              ; SFR address of long-instruction arch:
  12  0000              ;    mp0 = -1,1,0
  13  0000              ;    mp1 = 4,3,2
  14  0000              ;    mp2 = 14,13,12
  15  0000              ;    tbp = 9,7,8
  16  0000              ;    acc = 5
  17  0000              ;    pcl = 6
  18  0000              ;    status = 10
  19  0000              ;    bp = 11
  20  0000              ;    intc = 16
  21  0000              ;       
  22  0000              ;       
  23  0000              ; use 'tabrdc' instead of 'tabrd'
  24  0000              ;       
  25  0000              
  26  0000              #pragma translator "holtek-gcc 4.6.4" "3.19" "build 20130711"
  27  0000              ; Rebuild 718
  28  0000              
  29  0000              ir equ [2]
  30  0000              mp equ [3]
  31  0000              sbp equ [4]
  32  0000              acc equ [5]
  33  0000              bp equ [11]
  34  0000              tblp equ [7]
  35  0000              tbhp equ [9]
  36  0000              status equ [10]
  37  0000              c equ [10].0
  38  0000              ac equ [10].1
  39  0000              z equ [10].2
  40  0000              ov equ [10].3
  41  0000              cz equ [10].6
  42  0000              sc equ [10].7
  43  0000              intc equ [16]
  44  0000              mduwr0 equ [59h]
  45  0000              mduwr1 equ [5ah]
  46  0000              mduwr2 equ [5bh]
  47  0000              mduwr3 equ [5ch]
  48  0000              mduwr4 equ [5dh]
  49  0000              mduwr5 equ [5eh]
  50  0000              mduwrctrl equ [5fh]
  51  0000              
  52  0000              extern ra:byte
  53  0000              extern rb:byte
  54  0000              extern rc:byte
  55  0000              extern rd:byte
  56  0000              extern re:byte
  57  0000              extern rf:byte
  58  0000              extern rg:byte
  59  0000              extern rh:byte
"File: Ball_Machine_Main_v3.ASM  Assembler  Version HGASM0202      Page 2

  60  0000              extern _Crom2Prom:near
  61  0000              extern _Crom2PromNext:near
  62  0000              
  63  0000              RAMBANK 0 @BITDATASEC, @BITDATASEC1
  64  0000              @HCCINIT	.section 'data'
  65  0000              @HCCINIT0	.section 'data'
  66  0000              @BITDATASEC	 .section 'data'
  67  0000              @BITDATASEC1	 .section 'data'
  68  0000              
  69  0000              #pragma debug scope 1 1
  70  0000              	extern __DELAY3:near
  71  0000              	extern __DELAYX3:near
  72  0000              	extern __DELAYX6:near
  73  0000              	extern __DELAYY5:near
  74  0000              	extern __DELAYY3:near
  75  0000              	extern _builtin_holtek_delay_2:byte
  76  0000              ___stm0c0 equ [78]
  77  0000              ___stm0c1 equ [79]
  78  0000              ___stm0rp equ [84]
  79  0000              ___stm0al equ [82]
  80  0000              ___stm0ah equ [83]
  81  0000              ___stm1c0 equ [306]
  82  0000              ___stm1c1 equ [307]
  83  0000              ___stm1rp equ [312]
  84  0000              ___stm1al equ [310]
  85  0000              ___stm1ah equ [311]
  86  0000              ___stm2c0 equ [313]
  87  0000              ___stm2c1 equ [314]
  88  0000              ___stm2rp equ [319]
  89  0000              ___stm2al equ [317]
  90  0000              ___stm2ah equ [318]
  91  0000              ___pcs1 equ [338]
  92  0000              ___pds0 equ [339]
  93  0000              ___pfs1 equ [344]
  94  0000              public _stm_setup
  95  0000              #pragma debug scope 2 1

 143  0000              #line 143 "D:\Wade\Project\Tennis_Ball_Machine\Firmware\Ball_Machine_Main_v3\Ball_Machine_Main_v3.c"
 143  0000              _stm_setup .section 'code'
 143  0000              _stm_setup proc
 145  0000              #line 145 "D:\Wade\Project\Tennis_Ball_Machine\Firmware\Ball_Machine_Main_v3\Ball_Machine_Main_v3.c"
 145  0000  0F20        	mov a,32
 145  0001  00CE        	mov [78],a
 146  0002              #line 146 "D:\Wade\Project\Tennis_Ball_Machine\Firmware\Ball_Machine_Main_v3\Ball_Machine_Main_v3.c"
 146  0002  0FA8        	mov a,168
 146  0003  00CF        	mov [79],a
 147  0004              #line 147 "D:\Wade\Project\Tennis_Ball_Machine\Firmware\Ball_Machine_Main_v3\Ball_Machine_Main_v3.c"
 147  0004  0F02        	mov a,2
 147  0005  00D4        	mov [84],a
 148  0006              #line 148 "D:\Wade\Project\Tennis_Ball_Machine\Firmware\Ball_Machine_Main_v3\Ball_Machine_Main_v3.c"
 148  0006  1F52        	clr [82]
 148  0007  1F53        	clr [83]
 151  0008              #line 151 "D:\Wade\Project\Tennis_Ball_Machine\Firmware\Ball_Machine_Main_v3\Ball_Machine_Main_v3.c"
 151  0008  0F20        	mov a,32
 151  0009  80B2 0001   	lmov [306],a
 152  000B              #line 152 "D:\Wade\Project\Tennis_Ball_Machine\Firmware\Ball_Machine_Main_v3\Ball_Machine_Main_v3.c"
 152  000B  0FA8        	mov a,168
 152  000C  80B3 0001   	lmov [307],a
 153  000E              #line 153 "D:\Wade\Project\Tennis_Ball_Machine\Firmware\Ball_Machine_Main_v3\Ball_Machine_Main_v3.c"
 153  000E  0F02        	mov a,2
"File: Ball_Machine_Main_v3.c  Assembler  Version HGASM0202      Page 3

 153  000F  80B8 0001   	lmov [312],a
 154  0011              #line 154 "D:\Wade\Project\Tennis_Ball_Machine\Firmware\Ball_Machine_Main_v3\Ball_Machine_Main_v3.c"
 154  0011  9F36 0001   	lclr [310]
 154  0013  9F37 0001   	lclr [311]
 157  0015              #line 157 "D:\Wade\Project\Tennis_Ball_Machine\Firmware\Ball_Machine_Main_v3\Ball_Machine_Main_v3.c"
 157  0015  0F20        	mov a,32
 157  0016  80B9 0001   	lmov [313],a
 158  0018              #line 158 "D:\Wade\Project\Tennis_Ball_Machine\Firmware\Ball_Machine_Main_v3\Ball_Machine_Main_v3.c"
 158  0018  0FA8        	mov a,168
 158  0019  80BA 0001   	lmov [314],a
 159  001B              #line 159 "D:\Wade\Project\Tennis_Ball_Machine\Firmware\Ball_Machine_Main_v3\Ball_Machine_Main_v3.c"
 159  001B  0F02        	mov a,2
 159  001C  80BF 0001   	lmov [319],a
 160  001E              #line 160 "D:\Wade\Project\Tennis_Ball_Machine\Firmware\Ball_Machine_Main_v3\Ball_Machine_Main_v3.c"
 160  001E  9F3D 0001   	lclr [317]
 160  0020  9F3E 0001   	lclr [318]
 162  0022              #line 162 "D:\Wade\Project\Tennis_Ball_Machine\Firmware\Ball_Machine_Main_v3\Ball_Machine_Main_v3.c"
 162  0022  0F20        	mov a,32
 162  0023  80D2 0001   	lmov [338],a
 163  0025              #line 163 "D:\Wade\Project\Tennis_Ball_Machine\Firmware\Ball_Machine_Main_v3\Ball_Machine_Main_v3.c"
 163  0025  0F02        	mov a,2
 163  0026  80D3 0001   	lmov [339],a
 164  0028              #line 164 "D:\Wade\Project\Tennis_Ball_Machine\Firmware\Ball_Machine_Main_v3\Ball_Machine_Main_v3.c"
 164  0028  0F80        	mov a,128
 164  0029  80D8 0001   	lmov [344],a
 164  002B  0003        	ret
 164  002C              _stm_setup endp
 164  002C              #line 164 "D:\Wade\Project\Tennis_Ball_Machine\Firmware\Ball_Machine_Main_v3\Ball_Machine_Main_v3.c"
 164  002C              #pragma debug scope 1 1
 164  002C              ___pas1 equ [334]
 164  002C              ___u0cr1 equ [273]
 164  002C              ___u0cr2 equ [274]
 164  002C              ___brg0 equ [276]
 164  002C              ___mfi5 equ [56]
 164  002C              ___intc3 equ [19]
 164  002C              ___intc0 equ [16]
 164  002C              public _UART_Setup
 164  002C              #pragma debug scope 3 1
 174  002C              #line 174 "D:\Wade\Project\Tennis_Ball_Machine\Firmware\Ball_Machine_Main_v3\Ball_Machine_Main_v3.c"
 174  0000              _UART_Setup .section 'code'
 174  0000              _UART_Setup proc
 175  0000              #line 175 "D:\Wade\Project\Tennis_Ball_Machine\Firmware\Ball_Machine_Main_v3\Ball_Machine_Main_v3.c"
 175  0000  0FF0        	mov a,240
 175  0001  80CE 0001   	lmov [334],a
 176  0003              #line 176 "D:\Wade\Project\Tennis_Ball_Machine\Firmware\Ball_Machine_Main_v3\Ball_Machine_Main_v3.c"
 176  0003  0F80        	mov a,128
 176  0004  8091 0001   	lmov [273],a
 177  0006              #line 177 "D:\Wade\Project\Tennis_Ball_Machine\Firmware\Ball_Machine_Main_v3\Ball_Machine_Main_v3.c"
 177  0006  0FC4        	mov a,196
 177  0007  8092 0001   	lmov [274],a
 178  0009              #line 178 "D:\Wade\Project\Tennis_Ball_Machine\Firmware\Ball_Machine_Main_v3\Ball_Machine_Main_v3.c"
 178  0009  0F0C        	mov a,12
 178  000A  8094 0001   	lmov [276],a
 179  000C              #line 179 "D:\Wade\Project\Tennis_Ball_Machine\Firmware\Ball_Machine_Main_v3\Ball_Machine_Main_v3.c"
 179  000C  3038        	set [56].0
 180  000D              #line 180 "D:\Wade\Project\Tennis_Ball_Machine\Firmware\Ball_Machine_Main_v3\Ball_Machine_Main_v3.c"
 180  000D  3638        	clr [56].4
 181  000E              #line 181 "D:\Wade\Project\Tennis_Ball_Machine\Firmware\Ball_Machine_Main_v3\Ball_Machine_Main_v3.c"
 181  000E  3193        	set [19].3
 182  000F              #line 182 "D:\Wade\Project\Tennis_Ball_Machine\Firmware\Ball_Machine_Main_v3\Ball_Machine_Main_v3.c"
"File: Ball_Machine_Main_v3.c  Assembler  Version HGASM0202      Page 4

 182  000F  3010        	set [16].0
 182  0010  0003        	ret
 182  0011              _UART_Setup endp
 182  0011              #line 182 "D:\Wade\Project\Tennis_Ball_Machine\Firmware\Ball_Machine_Main_v3\Ball_Machine_Main_v3.c"
 182  0011              #pragma debug scope 1 1
 182  0011              ___u0sr equ [272]
 182  0011              ___txr_rxr0 equ [275]
 182  0011              public _Read_Data
 182  0011              #pragma debug scope 4 1
 186  0011              #line 186 "D:\Wade\Project\Tennis_Ball_Machine\Firmware\Ball_Machine_Main_v3\Ball_Machine_Main_v3.c"
 186  0000              _Read_Data .section 'code'
 186  0000              _Read_Data proc
 186  0000              _L5:
 187  0000              #line 187 "D:\Wade\Project\Tennis_Ball_Machine\Firmware\Ball_Machine_Main_v3\Ball_Machine_Main_v3.c"
 187  0000  B990 0001   	lsnz [272].3
 187  0002  2800     R  	jmp _L5
 188  0003              #line 188 "D:\Wade\Project\Tennis_Ball_Machine\Firmware\Ball_Machine_Main_v3\Ball_Machine_Main_v3.c"
 188  0003  0700     R  	mov a,_kn[0]
 188  0004  0080     E  	mov rb,a
 188  0005  0700     R  	mov a,_kn[1]
 188  0006  0080     E  	mov rc,a
 188  0007  8713 0001   	lmov a,[275]
 188  0009  0080     E  	mov ra,a
 188  000A  0F00     R  	mov a,low offset _R_Data
 188  000B  0300     E  	add a,rb
 188  000C  0083        	mov mp,a
 188  000D  0F00     R  	mov a,high offset _R_Data
 188  000E  1300     E  	adc a,rc
 188  000F  0084        	mov sbp,a
 188  0010  0700     E  	mov a,ra
 188  0011  0082        	mov ir,a
 189  0012              #line 189 "D:\Wade\Project\Tennis_Ball_Machine\Firmware\Ball_Machine_Main_v3\Ball_Machine_Main_v3.c"
 189  0012  0700     E  	mov a,ra
 189  0013  0A2F        	sub a,47
 189  0014  3D0A        	sz z
 189  0015  2800     R  	jmp _L6
 189  0016  0F09        	mov a,9
 189  0017  0200     E  	sub a,rb
 189  0018  0F00        	mov a,0
 189  0019  1200     E  	sbc a,rc
 189  001A  3C0A        	sz c
 189  001B  2800     R  	jmp _L7
 189  001C              _L6:
 189  001C  1F00     R  	clr _kn[0]
 189  001D  1F00     R  	clr _kn[1]
 189  001E  2800     R  	jmp _L3
 189  001F              _L7:
 190  001F              #line 190 "D:\Wade\Project\Tennis_Ball_Machine\Firmware\Ball_Machine_Main_v3\Ball_Machine_Main_v3.c"
 190  001F  0F01        	mov a,1
 190  0020  0300     E  	add a,rb
 190  0021  0080     R  	mov _kn[0],a
 190  0022  0F00        	mov a,0
 190  0023  1300     E  	adc a,rc
 190  0024  0080     R  	mov _kn[1],a
 190  0025              _L3:
 190  0025  0003        	ret
 190  0026              _Read_Data endp
 190  0026              #line 190 "D:\Wade\Project\Tennis_Ball_Machine\Firmware\Ball_Machine_Main_v3\Ball_Machine_Main_v3.c"
 190  0026              #pragma debug scope 1 1
 190  0026              public _Uart_R
"File: Ball_Machine_Main_v3.c  Assembler  Version HGASM0202      Page 5

 190  0026              #pragma debug scope 5 1
 168  0026              #line 168 "D:\Wade\Project\Tennis_Ball_Machine\Firmware\Ball_Machine_Main_v3\Ball_Machine_Main_v3.c"
 168  0026              rombank 0 @Uart_R_code
 168  0000              @Uart_R_code .section at 60 'code'
 168  0000  0080     E  	mov r1,a
 168  0001  070B        	mov a,bp
 168  0002  1F0B        	clr bp
 168  0003  2800     R  	jmp _Uart_R
 168  0004              ROMBANK 0 _Uart_R
 168  0004              #pragma debug scope 1 1
 168  0004              @dummy60 endp
 168  0004              #pragma debug scope 6 1
 168  0000              _Uart_R .section 'code'
 168  0000              _Uart_R proc
 168  0000  0080     E  	mov r2,a
 168  0001  070A        	mov a, status
 168  0002  0080     E  	mov r3,a
 168  0003  0703        	mov a,mp
 168  0004  0080     E  	mov r4,a
 168  0005  0704        	mov a,sbp
 168  0006  0080     E  	mov r5,a
 168  0007  0707        	mov a,tblp
 168  0008  0080     E  	mov r6,a
 168  0009  0709        	mov a,tbhp
 168  000A  0080     E  	mov r7,a
 169  000B              #line 169 "D:\Wade\Project\Tennis_Ball_Machine\Firmware\Ball_Machine_Main_v3\Ball_Machine_Main_v3.c"
 169  000B              	fcall _Read_Data
 170  0012              #line 170 "D:\Wade\Project\Tennis_Ball_Machine\Firmware\Ball_Machine_Main_v3\Ball_Machine_Main_v3.c"
 170  0012  3638        	clr [56].4
 170  0013  0700     E  	mov a,r2
 170  0014  008B        	mov bp,a
 170  0015  0700     E  	mov a,r3
 170  0016  008A        	mov status,a
 170  0017  0700     E  	mov a,r4
 170  0018  0083        	mov mp,a
 170  0019  0700     E  	mov a,r5
 170  001A  0084        	mov sbp,a
 170  001B  0700     E  	mov a,r6
 170  001C  0087        	mov tblp,a
 170  001D  0700     E  	mov a,r7
 170  001E  0089        	mov tbhp,a
 170  001F  1D05        	tabrdc acc
 170  0020  0700     E  	mov a,r1
 170  0021  0004        	reti
 170  0022              _Uart_R endp
 170  0022              
 170  0022              #line 170 "D:\Wade\Project\Tennis_Ball_Machine\Firmware\Ball_Machine_Main_v3\Ball_Machine_Main_v3.c"
 170  0022              #pragma debug scope 1 1
 170  0022              public _delay
 170  0022              #pragma debug scope 7 1
 194  0022              #line 194 "D:\Wade\Project\Tennis_Ball_Machine\Firmware\Ball_Machine_Main_v3\Ball_Machine_Main_v3.c"
 194  0000              _delay .section 'code'
 194  0000              _delay proc
 194  0000              public _delay_2
 194  0000  0002[           local _delay_2 db 2 dup(?)	; 2,0
            00
            ]
 194  0002              #pragma debug variable 10 7 _delay_2+0 "dev"
 196  0002              #line 196 "D:\Wade\Project\Tennis_Ball_Machine\Firmware\Ball_Machine_Main_v3\Ball_Machine_Main_v3.c"
 196  0000  1F00     E  	clr rb
"File: Ball_Machine_Main_v3.c  Assembler  Version HGASM0202      Page 6

 196  0001  1F00     E  	clr rc
 196  0002              _L15:
 196  0002              #line 196 "D:\Wade\Project\Tennis_Ball_Machine\Firmware\Ball_Machine_Main_v3\Ball_Machine_Main_v3.c"
 196  0002  0700     E  	mov a,rb
 196  0003  0200     R  	sub a,_delay_2[0]
 196  0004  0700     E  	mov a,rc
 196  0005  1200     R  	sbc a,_delay_2[1]
 196  0006  3F0A        	sz cz
 196  0007  2800     R  	jmp _L14
 196  0008  1F00     E  	clr ra
 196  0009              _L18:
 198  0009              #line 198 "D:\Wade\Project\Tennis_Ball_Machine\Firmware\Ball_Machine_Main_v3\Ball_Machine_Main_v3.c"
 198  0009              ;# 198 "D:\Wade\Project\Tennis_Ball_Machine\Firmware\Ball_Machine_Main_v3\Ball_Machine_Main_v3.c" 1
 198  0009  0000        	nop
 198  000A  1480     E  	inc ra
 197  000B              #line 197 "D:\Wade\Project\Tennis_Ball_Machine\Firmware\Ball_Machine_Main_v3\Ball_Machine_Main_v3.c"
 197  000B  0700     E  	mov a,ra
 197  000C  0A19        	sub a,25
 197  000D  390A        	snz z
 197  000E  2800     R  	jmp _L18
 196  000F              #line 196 "D:\Wade\Project\Tennis_Ball_Machine\Firmware\Ball_Machine_Main_v3\Ball_Machine_Main_v3.c"
 196  000F  1480     E  	inc rb
 196  0010  3D0A        	sz z
 196  0011  1480     E  	inc rc
 196  0012  2800     R  	jmp _L15
 196  0013              _L14:
 196  0013  0003        	ret
 196  0014              _delay endp
 196  0014              #line 196 "D:\Wade\Project\Tennis_Ball_Machine\Firmware\Ball_Machine_Main_v3\Ball_Machine_Main_v3.c"
 196  0014              #pragma debug scope 1 1
 196  0014              ___wdtc equ [62]
 196  0014              ___scc equ [58]
 196  0014              ___hircc equ [59]
 196  0014              ___pgc equ [40]
 196  0014              ___pg equ [39]
 196  0014              ___phc equ [43]
 196  0014              ___phpu equ [44]
 196  0014              ___ph equ [42]
 196  0014              public _main
 196  0014              #pragma debug scope 8 1
  22  0014              #line 22 "D:\Wade\Project\Tennis_Ball_Machine\Firmware\Ball_Machine_Main_v3\Ball_Machine_Main_v3.c"
  22  0014              IFDEF WITH_DEFAULT_STARTUP
  22  0014              extern _main_initial0:near
  22  0014              extern _main_startup:near
  22  0014              ENDIF
  22  0014              
  22  0014              ROMBANK 0 @start
  22  0000              @start .section com_l 'code'
  22  0000              _main_startup1:
  22  0000              @start .section com_e 'code'
  22  0000  0F00     R  	mov a,bank _main
  22  0001  008B        	mov bp,a
  22  0002  2800     R  	jmp _main
  22  0003              
  22  0000              _main .section 'code'
  22  0000              _main proc
  22  0000  00              local _main_2 db 1 dup(?)
  23  0001              #line 23 "D:\Wade\Project\Tennis_Ball_Machine\Firmware\Ball_Machine_Main_v3\Ball_Machine_Main_v3.c"
  23  0000  0FAB        	mov a,171
  23  0001  00BE        	mov [62],a
"File: Ball_Machine_Main_v3.c  Assembler  Version HGASM0202      Page 7

  24  0002              #line 24 "D:\Wade\Project\Tennis_Ball_Machine\Firmware\Ball_Machine_Main_v3\Ball_Machine_Main_v3.c"
  24  0002  0F01        	mov a,1
  24  0003  00BA        	mov [58],a
  25  0004              #line 25 "D:\Wade\Project\Tennis_Ball_Machine\Firmware\Ball_Machine_Main_v3\Ball_Machine_Main_v3.c"
  25  0004  0F03        	mov a,3
  25  0005  00BB        	mov [59],a
  27  0006              #line 27 "D:\Wade\Project\Tennis_Ball_Machine\Firmware\Ball_Machine_Main_v3\Ball_Machine_Main_v3.c"
  27  0006              	fcall _UART_Setup
  29  000D              #line 29 "D:\Wade\Project\Tennis_Ball_Machine\Firmware\Ball_Machine_Main_v3\Ball_Machine_Main_v3.c"
  29  000D              	fcall _stm_setup
  30  0014              #line 30 "D:\Wade\Project\Tennis_Ball_Machine\Firmware\Ball_Machine_Main_v3\Ball_Machine_Main_v3.c"
  30  0014  31CE        	set [78].3
  31  0015              #line 31 "D:\Wade\Project\Tennis_Ball_Machine\Firmware\Ball_Machine_Main_v3\Ball_Machine_Main_v3.c"
  31  0015  B1B2 0001   	lset [306].3
  32  0017              #line 32 "D:\Wade\Project\Tennis_Ball_Machine\Firmware\Ball_Machine_Main_v3\Ball_Machine_Main_v3.c"
  32  0017  B1B9 0001   	lset [313].3
  34  0019              #line 34 "D:\Wade\Project\Tennis_Ball_Machine\Firmware\Ball_Machine_Main_v3\Ball_Machine_Main_v3.c"
  34  0019  1F28        	clr [40]
  35  001A              #line 35 "D:\Wade\Project\Tennis_Ball_Machine\Firmware\Ball_Machine_Main_v3\Ball_Machine_Main_v3.c"
  35  001A  1F27        	clr [39]
  37  001B              #line 37 "D:\Wade\Project\Tennis_Ball_Machine\Firmware\Ball_Machine_Main_v3\Ball_Machine_Main_v3.c"
  37  001B  302B        	set [43].0
  38  001C              #line 38 "D:\Wade\Project\Tennis_Ball_Machine\Firmware\Ball_Machine_Main_v3\Ball_Machine_Main_v3.c"
  38  001C  302C        	set [44].0
  40  001D              #line 40 "D:\Wade\Project\Tennis_Ball_Machine\Firmware\Ball_Machine_Main_v3\Ball_Machine_Main_v3.c"
  40  001D  0FF4        	mov a,244
  40  001E  00D2        	mov [82],a
  40  001F  0F01        	mov a,1
  40  0020  00D3        	mov [83],a
  41  0021              #line 41 "D:\Wade\Project\Tennis_Ball_Machine\Firmware\Ball_Machine_Main_v3\Ball_Machine_Main_v3.c"
  41  0021  0FF4        	mov a,244
  41  0022  80B6 0001   	lmov [310],a
  41  0024  0F01        	mov a,1
  41  0025  80B7 0001   	lmov [311],a
  42  0027              #line 42 "D:\Wade\Project\Tennis_Ball_Machine\Firmware\Ball_Machine_Main_v3\Ball_Machine_Main_v3.c"
  42  0027  0FC8        	mov a,200
  42  0028  80BD 0001   	lmov [317],a
  42  002A  9F3E 0001   	lclr [318]
  42  002C              _L20:
  48  002C              #line 48 "D:\Wade\Project\Tennis_Ball_Machine\Firmware\Ball_Machine_Main_v3\Ball_Machine_Main_v3.c"
  48  002C  0700     R  	mov a,_R_Data[0]
  48  002D  0080     R  	mov _main_2[0],a
  48  002E  0700     R  	mov a,_main_2[0]
  48  002F  0A46        	sub a,70
  48  0030  390A        	snz z
  48  0031  2800     R  	jmp _L21
  50  0032              #line 50 "D:\Wade\Project\Tennis_Ball_Machine\Firmware\Ball_Machine_Main_v3\Ball_Machine_Main_v3.c"
  50  0032  0F30        	mov a,48
  50  0033  0300     R  	add a,_R_Data[3]
  50  0034  0080     E  	mov rf,a
  50  0035  0FEB        	mov a,235
  50  0036  1F00     E  	clr rg
  50  0037  1380     E  	adcm a,rg
  50  0038  1B10        	rrca intc
  50  0039  3410        	clr intc.0
  50  003A  0700     R  	mov a,_R_Data[1]
  50  003B  00D9        	mov mduwr0,a
  50  003C  0F64        	mov a,100
  50  003D  00DD        	mov mduwr4,a
  50  003E  1F5A        	clr mduwr1
"File: Ball_Machine_Main_v3.c  Assembler  Version HGASM0202      Page 8

  50  003F  0F00        	mov a,0
  50  0040  00DE        	mov mduwr5,a
  50  0041  0F06        	mov a,6
  50  0042              _LI1:
  50  0042  1785        	sdz acc
  50  0043  2800     R  	jmp _LI1
  50  0044  0759        	mov a,mduwr0
  50  0045  0080     E  	mov rb,a
  50  0046  075A        	mov a,mduwr1
  50  0047  0080     E  	mov rc,a
  50  0048  3C0A        	sz c
  50  0049  3010        	set intc.0
  50  004A  0700     E  	mov a,rb
  50  004B  0380     E  	addm a,rf
  50  004C  0700     E  	mov a,rc
  50  004D  1380     E  	adcm a,rg
  50  004E  0700     R  	mov a,_R_Data[2]
  50  004F  0080     E  	mov rd,a
  50  0050  1F00     E  	clr re
  50  0051  340A        	clr c
  50  0052  1A00     E  	rlca rd
  50  0053  0080     E  	mov rb,a
  50  0054  1A00     E  	rlca re
  50  0055  0080     E  	mov rc,a
  50  0056  340A        	clr c
  50  0057  1A80     E  	rlc rb
  50  0058  1A80     E  	rlc rc
  50  0059  0700     E  	mov a,rb
  50  005A  0380     E  	addm a,rd
  50  005B  0700     E  	mov a,rc
  50  005C  1380     E  	adcm a,re
  50  005D  340A        	clr c
  50  005E  1A80     E  	rlc rd
  50  005F  1A80     E  	rlc re
  50  0060  0700     E  	mov a,rd
  50  0061  0300     E  	add a,rf
  50  0062  0080     E  	mov rb,a
  50  0063  0700     E  	mov a,re
  50  0064  1300     E  	adc a,rg
  50  0065  0080     E  	mov rc,a
  51  0066              #line 51 "D:\Wade\Project\Tennis_Ball_Machine\Firmware\Ball_Machine_Main_v3\Ball_Machine_Main_v3.c"
  51  0066  0700     E  	mov a,rb
  51  0067  00D2        	mov [82],a
  51  0068  0700     E  	mov a,rc
  51  0069  00D3        	mov [83],a
  52  006A              #line 52 "D:\Wade\Project\Tennis_Ball_Machine\Firmware\Ball_Machine_Main_v3\Ball_Machine_Main_v3.c"
  52  006A  0700     E  	mov a,rb
  52  006B  80B6 0001   	lmov [310],a
  52  006D  0700     E  	mov a,rc
  52  006E  80B7 0001   	lmov [311],a
  54  0070              #line 54 "D:\Wade\Project\Tennis_Ball_Machine\Firmware\Ball_Machine_Main_v3\Ball_Machine_Main_v3.c"
  54  0070  0F06        	mov a,6
  54  0071  05A7        	orm a,[39]
  54  0072  2800     R  	jmp _L35
  54  0073              _L21:
  58  0073              #line 58 "D:\Wade\Project\Tennis_Ball_Machine\Firmware\Ball_Machine_Main_v3\Ball_Machine_Main_v3.c"
  58  0073  0700     R  	mov a,_main_2[0]
  58  0074  0A53        	sub a,83
  58  0075  390A        	snz z
  58  0076  2800     R  	jmp _L23
"File: Ball_Machine_Main_v3.c  Assembler  Version HGASM0202      Page 9

  60  0077              #line 60 "D:\Wade\Project\Tennis_Ball_Machine\Firmware\Ball_Machine_Main_v3\Ball_Machine_Main_v3.c"
  60  0077  0FF0        	mov a,240
  60  0078  06A7        	andm a,[39]
  60  0079  2800     R  	jmp _L35
  60  007A              _L23:
  64  007A              #line 64 "D:\Wade\Project\Tennis_Ball_Machine\Firmware\Ball_Machine_Main_v3\Ball_Machine_Main_v3.c"
  64  007A  0700     R  	mov a,_main_2[0]
  64  007B  0A52        	sub a,82
  64  007C  390A        	snz z
  64  007D  2800     R  	jmp _L24
  66  007E              #line 66 "D:\Wade\Project\Tennis_Ball_Machine\Firmware\Ball_Machine_Main_v3\Ball_Machine_Main_v3.c"
  66  007E  0F30        	mov a,48
  66  007F  0300     R  	add a,_R_Data[3]
  66  0080  0080     E  	mov rf,a
  66  0081  0FEB        	mov a,235
  66  0082  1F00     E  	clr rg
  66  0083  1380     E  	adcm a,rg
  66  0084  1B10        	rrca intc
  66  0085  3410        	clr intc.0
  66  0086  0700     R  	mov a,_R_Data[1]
  66  0087  00D9        	mov mduwr0,a
  66  0088  0F64        	mov a,100
  66  0089  00DD        	mov mduwr4,a
  66  008A  1F5A        	clr mduwr1
  66  008B  0F00        	mov a,0
  66  008C  00DE        	mov mduwr5,a
  66  008D  0F06        	mov a,6
  66  008E              _LI2:
  66  008E  1785        	sdz acc
  66  008F  2800     R  	jmp _LI2
  66  0090  0759        	mov a,mduwr0
  66  0091  0080     E  	mov rb,a
  66  0092  075A        	mov a,mduwr1
  66  0093  0080     E  	mov rc,a
  66  0094  3C0A        	sz c
  66  0095  3010        	set intc.0
  66  0096  0700     E  	mov a,rb
  66  0097  0380     E  	addm a,rf
  66  0098  0700     E  	mov a,rc
  66  0099  1380     E  	adcm a,rg
  66  009A  0700     R  	mov a,_R_Data[2]
  66  009B  0080     E  	mov rd,a
  66  009C  1F00     E  	clr re
  66  009D  340A        	clr c
  66  009E  1A00     E  	rlca rd
  66  009F  0080     E  	mov rb,a
  66  00A0  1A00     E  	rlca re
  66  00A1  0080     E  	mov rc,a
  66  00A2  340A        	clr c
  66  00A3  1A80     E  	rlc rb
  66  00A4  1A80     E  	rlc rc
  66  00A5  0700     E  	mov a,rb
  66  00A6  0380     E  	addm a,rd
  66  00A7  0700     E  	mov a,rc
  66  00A8  1380     E  	adcm a,re
  66  00A9  340A        	clr c
  66  00AA  1A80     E  	rlc rd
  66  00AB  1A80     E  	rlc re
  66  00AC  0700     E  	mov a,rd
  66  00AD  0300     E  	add a,rf
"File: Ball_Machine_Main_v3.c  Assembler  Version HGASM0202      Page 10

  66  00AE  0080     E  	mov rb,a
  66  00AF  0700     E  	mov a,re
  66  00B0  1300     E  	adc a,rg
  66  00B1  0080     E  	mov rc,a
  67  00B2              #line 67 "D:\Wade\Project\Tennis_Ball_Machine\Firmware\Ball_Machine_Main_v3\Ball_Machine_Main_v3.c"
  67  00B2  0700     E  	mov a,rb
  67  00B3  80BD 0001   	lmov [317],a
  67  00B5  0700     E  	mov a,rc
  67  00B6  80BE 0001   	lmov [318],a
  69  00B8              #line 69 "D:\Wade\Project\Tennis_Ball_Machine\Firmware\Ball_Machine_Main_v3\Ball_Machine_Main_v3.c"
  69  00B8  33A7        	set [39].7
  69  00B9  2800     R  	jmp _L35
  69  00BA              _L24:
  72  00BA              #line 72 "D:\Wade\Project\Tennis_Ball_Machine\Firmware\Ball_Machine_Main_v3\Ball_Machine_Main_v3.c"
  72  00BA  0700     R  	mov a,_main_2[0]
  72  00BB  0A4C        	sub a,76
  72  00BC  390A        	snz z
  72  00BD  2800     R  	jmp _L25
  74  00BE              #line 74 "D:\Wade\Project\Tennis_Ball_Machine\Firmware\Ball_Machine_Main_v3\Ball_Machine_Main_v3.c"
  74  00BE  0F30        	mov a,48
  74  00BF  0300     R  	add a,_R_Data[3]
  74  00C0  0080     E  	mov rf,a
  74  00C1  0FEB        	mov a,235
  74  00C2  1F00     E  	clr rg
  74  00C3  1380     E  	adcm a,rg
  74  00C4  1B10        	rrca intc
  74  00C5  3410        	clr intc.0
  74  00C6  0700     R  	mov a,_R_Data[1]
  74  00C7  00D9        	mov mduwr0,a
  74  00C8  0F64        	mov a,100
  74  00C9  00DD        	mov mduwr4,a
  74  00CA  1F5A        	clr mduwr1
  74  00CB  0F00        	mov a,0
  74  00CC  00DE        	mov mduwr5,a
  74  00CD  0F06        	mov a,6
  74  00CE              _LI3:
  74  00CE  1785        	sdz acc
  74  00CF  2800     R  	jmp _LI3
  74  00D0  0759        	mov a,mduwr0
  74  00D1  0080     E  	mov rb,a
  74  00D2  075A        	mov a,mduwr1
  74  00D3  0080     E  	mov rc,a
  74  00D4  3C0A        	sz c
  74  00D5  3010        	set intc.0
  74  00D6  0700     E  	mov a,rb
  74  00D7  0380     E  	addm a,rf
  74  00D8  0700     E  	mov a,rc
  74  00D9  1380     E  	adcm a,rg
  74  00DA  0700     R  	mov a,_R_Data[2]
  74  00DB  0080     E  	mov rd,a
  74  00DC  1F00     E  	clr re
  74  00DD  340A        	clr c
  74  00DE  1A00     E  	rlca rd
  74  00DF  0080     E  	mov rb,a
  74  00E0  1A00     E  	rlca re
  74  00E1  0080     E  	mov rc,a
  74  00E2  340A        	clr c
  74  00E3  1A80     E  	rlc rb
  74  00E4  1A80     E  	rlc rc
  74  00E5  0700     E  	mov a,rb
"File: Ball_Machine_Main_v3.c  Assembler  Version HGASM0202      Page 11

  74  00E6  0380     E  	addm a,rd
  74  00E7  0700     E  	mov a,rc
  74  00E8  1380     E  	adcm a,re
  74  00E9  340A        	clr c
  74  00EA  1A80     E  	rlc rd
  74  00EB  1A80     E  	rlc re
  74  00EC  0700     E  	mov a,rd
  74  00ED  0300     E  	add a,rf
  74  00EE  0080     E  	mov rb,a
  74  00EF  0700     E  	mov a,re
  74  00F0  1300     E  	adc a,rg
  74  00F1  0080     E  	mov rc,a
  75  00F2              #line 75 "D:\Wade\Project\Tennis_Ball_Machine\Firmware\Ball_Machine_Main_v3\Ball_Machine_Main_v3.c"
  75  00F2  0700     E  	mov a,rb
  75  00F3  80BD 0001   	lmov [317],a
  75  00F5  0700     E  	mov a,rc
  75  00F6  80BE 0001   	lmov [318],a
  76  00F8              #line 76 "D:\Wade\Project\Tennis_Ball_Machine\Firmware\Ball_Machine_Main_v3\Ball_Machine_Main_v3.c"
  76  00F8  3327        	set [39].6
  76  00F9  2800     R  	jmp _L35
  76  00FA              _L25:
  79  00FA              #line 79 "D:\Wade\Project\Tennis_Ball_Machine\Firmware\Ball_Machine_Main_v3\Ball_Machine_Main_v3.c"
  79  00FA  0700     R  	mov a,_main_2[0]
  79  00FB  0A72        	sub a,114
  79  00FC  390A        	snz z
  79  00FD  2800     R  	jmp _L26
  81  00FE              #line 81 "D:\Wade\Project\Tennis_Ball_Machine\Firmware\Ball_Machine_Main_v3\Ball_Machine_Main_v3.c"
  81  00FE  0F3F        	mov a,63
  81  00FF  06A7        	andm a,[39]
  82  0100              #line 82 "D:\Wade\Project\Tennis_Ball_Machine\Firmware\Ball_Machine_Main_v3\Ball_Machine_Main_v3.c"
  82  0100  0FE8        	mov a,-24
  82  0101  0080     R  	mov _delay_2[0],a
  82  0102  0F03        	mov a,3
  82  0103  0080     R  	mov _delay_2[1],a
  82  0104              	fcall _delay
  84  010B              #line 84 "D:\Wade\Project\Tennis_Ball_Machine\Firmware\Ball_Machine_Main_v3\Ball_Machine_Main_v3.c"
  84  010B  3327        	set [39].6
  84  010C              _L27:
  86  010C              #line 86 "D:\Wade\Project\Tennis_Ball_Machine\Firmware\Ball_Machine_Main_v3\Ball_Machine_Main_v3.c"
  86  010C  3C2A        	sz [42].0
  86  010D  2800     R  	jmp _L37
  88  010E              #line 88 "D:\Wade\Project\Tennis_Ball_Machine\Firmware\Ball_Machine_Main_v3\Ball_Machine_Main_v3.c"
  88  010E  0FDC        	mov a,220
  88  010F  80BD 0001   	lmov [317],a
  88  0111  9F3E 0001   	lclr [318]
  88  0113  2800     R  	jmp _L27
  88  0114              _L37:
  91  0114              #line 91 "D:\Wade\Project\Tennis_Ball_Machine\Firmware\Ball_Machine_Main_v3\Ball_Machine_Main_v3.c"
  91  0114  0F3F        	mov a,63
  91  0115  06A7        	andm a,[39]
  92  0116              #line 92 "D:\Wade\Project\Tennis_Ball_Machine\Firmware\Ball_Machine_Main_v3\Ball_Machine_Main_v3.c"
  92  0116  0FD0        	mov a,-48
  92  0117  0080     R  	mov _delay_2[0],a
  92  0118  0F07        	mov a,7
  92  0119  0080     R  	mov _delay_2[1],a
  92  011A              	fcall _delay
  94  0121              #line 94 "D:\Wade\Project\Tennis_Ball_Machine\Firmware\Ball_Machine_Main_v3\Ball_Machine_Main_v3.c"
  94  0121  0FD2        	mov a,210
  94  0122  80BD 0001   	lmov [317],a
  94  0124  9F3E 0001   	lclr [318]
"File: Ball_Machine_Main_v3.c  Assembler  Version HGASM0202      Page 12

  95  0126              #line 95 "D:\Wade\Project\Tennis_Ball_Machine\Firmware\Ball_Machine_Main_v3\Ball_Machine_Main_v3.c"
  95  0126  33A7        	set [39].7
  95  0127  2800     R  	jmp _L36
  95  0128              _L26:
  99  0128              #line 99 "D:\Wade\Project\Tennis_Ball_Machine\Firmware\Ball_Machine_Main_v3\Ball_Machine_Main_v3.c"
  99  0128  0700     R  	mov a,_main_2[0]
  99  0129  0A6C        	sub a,108
  99  012A  390A        	snz z
  99  012B  2800     R  	jmp _L29
 101  012C              #line 101 "D:\Wade\Project\Tennis_Ball_Machine\Firmware\Ball_Machine_Main_v3\Ball_Machine_Main_v3.c"
 101  012C  0F3F        	mov a,63
 101  012D  06A7        	andm a,[39]
 102  012E              #line 102 "D:\Wade\Project\Tennis_Ball_Machine\Firmware\Ball_Machine_Main_v3\Ball_Machine_Main_v3.c"
 102  012E  0FE8        	mov a,-24
 102  012F  0080     R  	mov _delay_2[0],a
 102  0130  0F03        	mov a,3
 102  0131  0080     R  	mov _delay_2[1],a
 102  0132              	fcall _delay
 104  0139              #line 104 "D:\Wade\Project\Tennis_Ball_Machine\Firmware\Ball_Machine_Main_v3\Ball_Machine_Main_v3.c"
 104  0139  33A7        	set [39].7
 104  013A              _L30:
 106  013A              #line 106 "D:\Wade\Project\Tennis_Ball_Machine\Firmware\Ball_Machine_Main_v3\Ball_Machine_Main_v3.c"
 106  013A  3C2A        	sz [42].0
 106  013B  2800     R  	jmp _L38
 108  013C              #line 108 "D:\Wade\Project\Tennis_Ball_Machine\Firmware\Ball_Machine_Main_v3\Ball_Machine_Main_v3.c"
 108  013C  0FDC        	mov a,220
 108  013D  80BD 0001   	lmov [317],a
 108  013F  9F3E 0001   	lclr [318]
 108  0141  2800     R  	jmp _L30
 108  0142              _L38:
 111  0142              #line 111 "D:\Wade\Project\Tennis_Ball_Machine\Firmware\Ball_Machine_Main_v3\Ball_Machine_Main_v3.c"
 111  0142  0F3F        	mov a,63
 111  0143  06A7        	andm a,[39]
 112  0144              #line 112 "D:\Wade\Project\Tennis_Ball_Machine\Firmware\Ball_Machine_Main_v3\Ball_Machine_Main_v3.c"
 112  0144  0FD0        	mov a,-48
 112  0145  0080     R  	mov _delay_2[0],a
 112  0146  0F07        	mov a,7
 112  0147  0080     R  	mov _delay_2[1],a
 112  0148              	fcall _delay
 114  014F              #line 114 "D:\Wade\Project\Tennis_Ball_Machine\Firmware\Ball_Machine_Main_v3\Ball_Machine_Main_v3.c"
 114  014F  0FD2        	mov a,210
 114  0150  80BD 0001   	lmov [317],a
 114  0152  9F3E 0001   	lclr [318]
 115  0154              #line 115 "D:\Wade\Project\Tennis_Ball_Machine\Firmware\Ball_Machine_Main_v3\Ball_Machine_Main_v3.c"
 115  0154  3327        	set [39].6
 115  0155              _L36:
 116  0155              #line 116 "D:\Wade\Project\Tennis_Ball_Machine\Firmware\Ball_Machine_Main_v3\Ball_Machine_Main_v3.c"
 116  0155  0FB8        	mov a,-72
 116  0156  0080     R  	mov _delay_2[0],a
 116  0157  0F0B        	mov a,11
 116  0158  0080     R  	mov _delay_2[1],a
 116  0159              	fcall _delay
 117  0160              #line 117 "D:\Wade\Project\Tennis_Ball_Machine\Firmware\Ball_Machine_Main_v3\Ball_Machine_Main_v3.c"
 117  0160  0F3F        	mov a,63
 117  0161  06A7        	andm a,[39]
 117  0162  2800     R  	jmp _L20
 117  0163              _L29:
 119  0163              #line 119 "D:\Wade\Project\Tennis_Ball_Machine\Firmware\Ball_Machine_Main_v3\Ball_Machine_Main_v3.c"
 119  0163  0700     R  	mov a,_main_2[0]
 119  0164  0A6D        	sub a,109
"File: Ball_Machine_Main_v3.c  Assembler  Version HGASM0202      Page 13

 119  0165  390A        	snz z
 119  0166  2800     R  	jmp _L32
 121  0167              #line 121 "D:\Wade\Project\Tennis_Ball_Machine\Firmware\Ball_Machine_Main_v3\Ball_Machine_Main_v3.c"
 121  0167  0F3F        	mov a,63
 121  0168  06A7        	andm a,[39]
 121  0169  2800     R  	jmp _L35
 121  016A              _L32:
 124  016A              #line 124 "D:\Wade\Project\Tennis_Ball_Machine\Firmware\Ball_Machine_Main_v3\Ball_Machine_Main_v3.c"
 124  016A  0700     R  	mov a,_main_2[0]
 124  016B  0A55        	sub a,85
 124  016C  390A        	snz z
 124  016D  2800     R  	jmp _L33
 126  016E              #line 126 "D:\Wade\Project\Tennis_Ball_Machine\Firmware\Ball_Machine_Main_v3\Ball_Machine_Main_v3.c"
 126  016E  32A7        	set [39].5
 126  016F  2800     R  	jmp _L35
 126  0170              _L33:
 129  0170              #line 129 "D:\Wade\Project\Tennis_Ball_Machine\Firmware\Ball_Machine_Main_v3\Ball_Machine_Main_v3.c"
 129  0170  0700     R  	mov a,_main_2[0]
 129  0171  0A44        	sub a,68
 129  0172  390A        	snz z
 129  0173  2800     R  	jmp _L34
 131  0174              #line 131 "D:\Wade\Project\Tennis_Ball_Machine\Firmware\Ball_Machine_Main_v3\Ball_Machine_Main_v3.c"
 131  0174  3227        	set [39].4
 131  0175  2800     R  	jmp _L35
 131  0176              _L34:
 134  0176              #line 134 "D:\Wade\Project\Tennis_Ball_Machine\Firmware\Ball_Machine_Main_v3\Ball_Machine_Main_v3.c"
 134  0176  0700     R  	mov a,_main_2[0]
 134  0177  0A6B        	sub a,107
 134  0178  390A        	snz z
 134  0179  2800     R  	jmp _L20
 136  017A              #line 136 "D:\Wade\Project\Tennis_Ball_Machine\Firmware\Ball_Machine_Main_v3\Ball_Machine_Main_v3.c"
 136  017A  0FCF        	mov a,207
 136  017B  06A7        	andm a,[39]
 136  017C              _L35:
 137  017C              #line 137 "D:\Wade\Project\Tennis_Ball_Machine\Firmware\Ball_Machine_Main_v3\Ball_Machine_Main_v3.c"
 137  017C  0F01        	mov a,1
 137  017D  0080     R  	mov _delay_2[0],a
 137  017E  1F00     R  	clr _delay_2[1]
 137  017F              	fcall _delay
 137  0186  2800     R  	jmp _L20
 137  0187  2800     R  	jmp $
 137  0188              _main endp
 137  0188              
 137  0188              @dummy endp
 137  0188              
 137  0188              #line 137 "D:\Wade\Project\Tennis_Ball_Machine\Firmware\Ball_Machine_Main_v3\Ball_Machine_Main_v3.c"
 137  0188              #pragma debug scope 1 1
 137  0188              public _kn
 137  0000              @HCCINIT	.section 'data'
   7  0000              #line 7 "D:\Wade\Project\Tennis_Ball_Machine\Firmware\Ball_Machine_Main_v3\Ball_Machine_Main_v3.c"
   7  0000              @HCCINIT_kn .section 'data'
   7  0000              _kn label byte
   7  0000              #pragma debug variable 10 1 _kn "kn"
   7  0000              	db 0
   7  0000              @ROMDATA_BASE .section inpage 'code'
   7  0000              	db 0
   7  0001              @HCCINIT_kn .section 'data'
   7  0001              	db 0
   7  0001              @ROMDATA_BASE .section inpage 'code'
   7  0001              	db 0
"File: Ball_Machine_Main_v3.c  Assembler  Version HGASM0202      Page 14

   7  0002              @HCCINIT_kn .section 'data'
   6  0002              #line 6 "D:\Wade\Project\Tennis_Ball_Machine\Firmware\Ball_Machine_Main_v3\Ball_Machine_Main_v3.c"
   6  0002              public _Data
   6  0000              @HCCINIT0_Data .section 'data'
   6  0000  000A[       _Data	db 10 dup(0)
            00
            ]
   6  000A              #pragma debug array 42 8 10 1
   6  000A              #pragma debug array 42 8 10 1
   6  000A              #pragma debug variable 42 1 _Data "Data"
   6  000A              
   6  0000              @HCCINIT .section 'data'
   5  0000              #line 5 "D:\Wade\Project\Tennis_Ball_Machine\Firmware\Ball_Machine_Main_v3\Ball_Machine_Main_v3.c"
   5  0000              public _R_Data
   5  0000              @HCCINIT0_R_Data .section 'data'
   5  0000  000A[       _R_Data	db 10 dup(0)
            00
            ]
   5  000A              #pragma debug variable 42 1 _R_Data "R_Data"
   5  000A              
   5  0000              @HCCINIT .section 'data'
   5  0000              #pragma debug struct_end
   5  0000              #pragma debug struct_end
   5  0000              #pragma debug union_end
   5  0000              #pragma debug union_end
   5  0000              #pragma debug variable 44 1 ___intc0 "__intc0" 1
   5  0000              #pragma debug struct_end
   5  0000              #pragma debug struct_end
   5  0000              #pragma debug union_end
   5  0000              #pragma debug union_end
   5  0000              #pragma debug variable 46 1 ___intc3 "__intc3" 1
   5  0000              #pragma debug struct_end
   5  0000              #pragma debug struct_end
   5  0000              #pragma debug union_end
   5  0000              #pragma debug union_end
   5  0000              #pragma debug variable 48 1 ___pg "__pg" 1
   5  0000              #pragma debug struct_end
   5  0000              #pragma debug struct_end
   5  0000              #pragma debug union_end
   5  0000              #pragma debug union_end
   5  0000              #pragma debug variable 50 1 ___pgc "__pgc" 1
   5  0000              #pragma debug struct_end
   5  0000              #pragma debug struct_end
   5  0000              #pragma debug union_end
   5  0000              #pragma debug union_end
   5  0000              #pragma debug variable 52 1 ___ph "__ph" 1
   5  0000              #pragma debug struct_end
   5  0000              #pragma debug struct_end
   5  0000              #pragma debug union_end
   5  0000              #pragma debug union_end
   5  0000              #pragma debug variable 54 1 ___phc "__phc" 1
   5  0000              #pragma debug struct_end
   5  0000              #pragma debug struct_end
   5  0000              #pragma debug union_end
   5  0000              #pragma debug union_end
   5  0000              #pragma debug variable 56 1 ___phpu "__phpu" 1
   5  0000              #pragma debug struct_end
   5  0000              #pragma debug struct_end
   5  0000              #pragma debug union_end
   5  0000              #pragma debug union_end
"File: Ball_Machine_Main_v3.c  Assembler  Version HGASM0202      Page 15

   5  0000              #pragma debug variable 58 1 ___mfi5 "__mfi5" 1
   5  0000              #pragma debug struct_end
   5  0000              #pragma debug struct_end
   5  0000              #pragma debug union_end
   5  0000              #pragma debug union_end
   5  0000              #pragma debug variable 60 1 ___scc "__scc" 1
   5  0000              #pragma debug struct_end
   5  0000              #pragma debug struct_end
   5  0000              #pragma debug union_end
   5  0000              #pragma debug union_end
   5  0000              #pragma debug variable 62 1 ___hircc "__hircc" 1
   5  0000              #pragma debug struct_end
   5  0000              #pragma debug struct_end
   5  0000              #pragma debug union_end
   5  0000              #pragma debug union_end
   5  0000              #pragma debug variable 64 1 ___wdtc "__wdtc" 1
   5  0000              #pragma debug struct_end
   5  0000              #pragma debug struct_end
   5  0000              #pragma debug union_end
   5  0000              #pragma debug union_end
   5  0000              #pragma debug variable 66 1 ___stm0c0 "__stm0c0" 1
   5  0000              #pragma debug struct_end
   5  0000              #pragma debug struct_end
   5  0000              #pragma debug union_end
   5  0000              #pragma debug union_end
   5  0000              #pragma debug variable 68 1 ___stm0c1 "__stm0c1" 1
   5  0000              #pragma debug variable 8 1 ___stm0al "__stm0al" 1
   5  0000              #pragma debug variable 8 1 ___stm0ah "__stm0ah" 1
   5  0000              #pragma debug struct_end
   5  0000              #pragma debug struct_end
   5  0000              #pragma debug union_end
   5  0000              #pragma debug union_end
   5  0000              #pragma debug variable 70 1 ___stm0rp "__stm0rp" 1
   5  0000              #pragma debug struct_end
   5  0000              #pragma debug struct_end
   5  0000              #pragma debug union_end
   5  0000              #pragma debug union_end
   5  0000              #pragma debug variable 72 1 ___u0sr "__u0sr" 1
   5  0000              #pragma debug struct_end
   5  0000              #pragma debug struct_end
   5  0000              #pragma debug union_end
   5  0000              #pragma debug union_end
   5  0000              #pragma debug variable 74 1 ___u0cr1 "__u0cr1" 1
   5  0000              #pragma debug struct_end
   5  0000              #pragma debug struct_end
   5  0000              #pragma debug union_end
   5  0000              #pragma debug union_end
   5  0000              #pragma debug variable 76 1 ___u0cr2 "__u0cr2" 1
   5  0000              #pragma debug variable 8 1 ___txr_rxr0 "__txr_rxr0" 1
   5  0000              #pragma debug variable 8 1 ___brg0 "__brg0" 1
   5  0000              #pragma debug struct_end
   5  0000              #pragma debug struct_end
   5  0000              #pragma debug union_end
   5  0000              #pragma debug union_end
   5  0000              #pragma debug variable 78 1 ___stm1c0 "__stm1c0" 1
   5  0000              #pragma debug struct_end
   5  0000              #pragma debug struct_end
   5  0000              #pragma debug union_end
   5  0000              #pragma debug union_end
   5  0000              #pragma debug variable 80 1 ___stm1c1 "__stm1c1" 1
"File: Ball_Machine_Main_v3.c  Assembler  Version HGASM0202      Page 16

   5  0000              #pragma debug variable 8 1 ___stm1al "__stm1al" 1
   5  0000              #pragma debug variable 8 1 ___stm1ah "__stm1ah" 1
   5  0000              #pragma debug struct_end
   5  0000              #pragma debug struct_end
   5  0000              #pragma debug union_end
   5  0000              #pragma debug union_end
   5  0000              #pragma debug variable 82 1 ___stm1rp "__stm1rp" 1
   5  0000              #pragma debug struct_end
   5  0000              #pragma debug struct_end
   5  0000              #pragma debug union_end
   5  0000              #pragma debug union_end
   5  0000              #pragma debug variable 84 1 ___stm2c0 "__stm2c0" 1
   5  0000              #pragma debug struct_end
   5  0000              #pragma debug struct_end
   5  0000              #pragma debug union_end
   5  0000              #pragma debug union_end
   5  0000              #pragma debug variable 86 1 ___stm2c1 "__stm2c1" 1
   5  0000              #pragma debug variable 8 1 ___stm2al "__stm2al" 1
   5  0000              #pragma debug variable 8 1 ___stm2ah "__stm2ah" 1
   5  0000              #pragma debug struct_end
   5  0000              #pragma debug struct_end
   5  0000              #pragma debug union_end
   5  0000              #pragma debug union_end
   5  0000              #pragma debug variable 88 1 ___stm2rp "__stm2rp" 1
   5  0000              #pragma debug struct_end
   5  0000              #pragma debug struct_end
   5  0000              #pragma debug union_end
   5  0000              #pragma debug union_end
   5  0000              #pragma debug variable 90 1 ___pas1 "__pas1" 1
   5  0000              #pragma debug struct_end
   5  0000              #pragma debug struct_end
   5  0000              #pragma debug union_end
   5  0000              #pragma debug union_end
   5  0000              #pragma debug variable 92 1 ___pcs1 "__pcs1" 1
   5  0000              #pragma debug struct_end
   5  0000              #pragma debug struct_end
   5  0000              #pragma debug union_end
   5  0000              #pragma debug union_end
   5  0000              #pragma debug variable 94 1 ___pds0 "__pds0" 1
   5  0000              #pragma debug struct_end
   5  0000              #pragma debug struct_end
   5  0000              #pragma debug union_end
   5  0000              #pragma debug union_end
   5  0000              #pragma debug variable 96 1 ___pfs1 "__pfs1" 1
   5  0000              extern r1:byte
   5  0000              extern r2:byte
   5  0000              extern r3:byte
   5  0000              extern r4:byte
   5  0000              extern r5:byte
   5  0000              extern r6:byte
   5  0000              extern r7:byte
  22  0000              #line 22 "D:\Wade\Project\Tennis_Ball_Machine\Firmware\Ball_Machine_Main_v3\Ball_Machine_Main_v3.c"
  22  0000              @code .section at 0 'code'
  22  0000  1F0B        	clr bp
  22  0001  2800     R  	jmp _main_startup1
  22  0002              
  22  0002              
  22  0002              ; 
  22  0002              ; Generated by holtek-gcc v3.19, Sun Aug 14 21:33:33 2022
  22  0002              ; Rebuild 718
"File: Ball_Machine_Main_v3.c  Assembler  Version HGASM0202      Page 17

  22  0002              ; end of file


        0 Errors, 0